
  EPA STORM WATER MANAGEMENT MODEL - VERSION 5.1 (Build 5.3.0.dev0)
  --------------------------------------------------------------

  WARNING 04: minimum elevation drop used for Conduit WS02004404WS02004405
  WARNING 03: negative offset ignored for Link YS02001904YS02001907
  
  *********************************************************
  NOTE: The summary statistics displayed in this report are
  based on results found at every computational time step,  
  not just on results from each reporting time step.
  *********************************************************
  
  ****************
  Analysis Options
  ****************
  Flow Units ............... LPS
  Process Models:
    Rainfall/Runoff ........ YES
    RDII ................... NO
    Snowmelt ............... NO
    Groundwater ............ NO
    Flow Routing ........... YES
    Ponding Allowed ........ NO
    Water Quality .......... YES
  Infiltration Method ...... HORTON
  Flow Routing Method ...... DYNWAVE
  Surcharge Method ......... EXTRAN
  Starting Date ............ 08/28/2015 08:00:00
  Ending Date .............. 08/28/2015 16:00:00
  Antecedent Dry Days ...... 8.0
  Report Time Step ......... 00:01:00
  Wet Time Step ............ 00:01:00
  Dry Time Step ............ 00:01:00
  Routing Time Step ........ 5.00 sec
  Variable Time Step ....... YES
  Maximum Trials ........... 8
  Number of Threads ........ 4
  Head Tolerance ........... 0.001500 m
  
  
  **************************        Volume         Depth
  Runoff Quantity Continuity     hectare-m            mm
  **************************     ---------       -------
  Total Precipitation ......         6.807        14.903
  Evaporation Loss .........         0.000         0.000
  Infiltration Loss ........         1.119         2.450
  Surface Runoff ...........         4.789        10.485
  Final Storage ............         0.900         1.970
  Continuity Error (%) .....        -0.016
  
  
  **************************           COD            SS            TN            TP         NH4-N
  Runoff Quality Continuity             kg            kg            kg            kg            kg
  **************************    ----------    ----------    ----------    ----------    ----------
  Initial Buildup ..........     41378.656     70582.865      1804.177       168.684      1032.807
  Surface Buildup ..........        28.178        57.078         2.435         0.220         1.400
  Wet Deposition ...........         0.000         0.000         0.000         0.000         0.000
  Sweeping Removal .........         0.000         0.000         0.000         0.000         0.000
  Infiltration Loss ........       113.297       216.848         2.161         0.153         1.032
  BMP Removal ..............         0.000         0.000         0.000         0.000         0.000
  Surface Runoff ...........      4563.682      8626.863        88.076         6.045        41.925
  Remaining Buildup ........     36728.222     61793.113      1716.342       162.704       991.235
  Continuity Error (%) .....         0.004         0.004         0.002         0.001         0.001
  
  
  **************************        Volume        Volume
  Flow Routing Continuity        hectare-m      10^6 ltr
  **************************     ---------     ---------
  Dry Weather Inflow .......         0.630         6.296
  Wet Weather Inflow .......         4.788        47.878
  Groundwater Inflow .......         0.000         0.000
  RDII Inflow ..............         0.000         0.000
  External Inflow ..........         0.105         1.045
  External Outflow .........         1.969        19.686
  Flooding Loss ............         3.035        30.350
  Evaporation Loss .........         0.000         0.000
  Exfiltration Loss ........         0.000         0.000
  Initial Stored Volume ....         0.076         0.761
  Final Stored Volume ......         0.597         5.970
  Continuity Error (%) .....        -0.044
  
  
  **************************           COD            SS            TN            TP         NH4-N
  Quality Routing Continuity            kg            kg            kg            kg            kg
  **************************    ----------    ----------    ----------    ----------    ----------
  Dry Weather Inflow .......      1573.993      2518.389       151.103        18.888        94.440
  Wet Weather Inflow .......      4562.910      8625.540        88.059         6.044        41.917
  Groundwater Inflow .......         0.000         0.000         0.000         0.000         0.000
  RDII Inflow ..............         0.000         0.000         0.000         0.000         0.000
  External Inflow ..........       187.321       299.713        17.983         2.248        11.239
  External Outflow .........      2148.000      3863.799       104.804        11.676        61.702
  Flooding Loss ............      3403.884      6250.486       121.330        12.319        68.234
  Exfiltration Loss ........         0.000         0.000         0.000         0.000         0.000
  Mass Reacted .............         0.000         0.000         0.000         0.000         0.000
  Initial Stored Mass ......         0.000         0.000         0.000         0.000         0.000
  Final Stored Mass ........       533.640       931.633        23.593         2.515        13.661
  Continuity Error (%) .....         3.774         3.476         2.885         2.460         2.709
  
  
  *************************
  Highest Continuity Errors
  *************************
  Node HS02004842 (12.18%)
  Node YS02001884 (9.29%)
  Node WS02003059 (6.62%)
  Node HS02004817 (2.32%)
  Node YSB1171 (2.22%)
  
  
  ***************************
  Time-Step Critical Elements
  ***************************
  Link WS02006252WS02006251 (95.49%)
  Link WS02006280WS02006229 (1.25%)
  
  
  ********************************
  Highest Flow Instability Indexes
  ********************************
  Link YS02163301YS02001633 (40)
  Link YS02163601YS02164001 (39)
  Link YS02001629YS02163301 (39)
  Link YS02001619YS02001622 (38)
  Link YS02164001YS02001641 (36)
  
  
  *************************
  Routing Time Step Summary
  *************************
  Minimum Time Step           :     0.50 sec
  Average Time Step           :     0.82 sec
  Maximum Time Step           :     5.00 sec
  Percent in Steady State     :    -0.00
  Average Iterations per Step :     4.29
  Percent Not Converging      :    15.92
  
  
  ***************************
  Subcatchment Runoff Summary
  ***************************
  
  ------------------------------------------------------------------------------------------------------------------------------
                            Total      Total      Total      Total     Imperv       Perv      Total       Total     Peak  Runoff
                           Precip      Runon       Evap      Infil     Runoff     Runoff     Runoff      Runoff   Runoff   Coeff
  Subcatchment                 mm         mm         mm         mm         mm         mm         mm    10^6 ltr      LPS
  ------------------------------------------------------------------------------------------------------------------------------
  sub0                      14.90       0.00       0.00       0.68      13.82       0.36      14.18        0.01     3.07   0.951
  sub1                      14.90       0.00       0.00       1.14      13.18       0.50      13.68        0.09    21.19   0.918
  sub2                      14.90       0.00       0.00       4.57       9.31       0.94      10.25        0.10    20.29   0.688
  sub3                      14.90       0.00       0.00       4.74       9.27       0.78      10.05        0.23    44.96   0.674
  sub4                      14.90       0.00       0.00       1.24      13.03       0.40      13.43        0.28    53.12   0.901
  sub5                      14.90       0.00       0.00       0.71      13.77       0.34      14.11        0.16    37.33   0.947
  sub7                      14.90       0.00       0.00       0.90      13.50       0.44      13.95        0.05    11.78   0.936
  sub8                      14.90       0.00       0.00       0.91      13.49       0.44      13.93        0.09    21.75   0.935
  sub9                      14.90       0.00       0.00       0.91      13.49       0.43      13.92        0.07    16.28   0.934
  sub10                     14.90       0.00       0.00       0.81      13.63       0.38      14.01        0.15    36.60   0.940
  sub11                     14.90       0.00       0.00       0.80      13.64       0.39      14.04        0.16    40.20   0.942
  sub12                     14.90       0.00       0.00       1.30      12.92       0.64      13.56        0.12    30.90   0.910
  sub14                     14.90       0.00       0.00       0.91      13.49       0.43      13.92        0.13    32.05   0.934
  sub15                     14.90       0.00       0.00       3.42      10.37       1.05      11.42        0.20    45.30   0.767
  sub16                     14.90       0.00       0.00       3.60       9.95       1.32      11.26        0.12    28.95   0.756
  sub17                     14.90       0.00       0.00       3.51      10.09       1.26      11.35        0.10    23.75   0.762
  sub22                     14.90       0.00       0.00       5.07       8.45       1.34       9.79        0.62   142.18   0.657
  sub23                     14.90       0.00       0.00       4.22       9.35       1.29      10.64        0.51   119.36   0.714
  sub60                     14.90       0.00       0.00       1.62      11.27       0.17      11.44        3.47   367.87   0.768
  sub61                     14.90       0.00       0.00       2.29      11.27       0.24      11.51        3.55   432.75   0.772
  sub62                     14.90       0.00       0.00       1.01      12.31       0.18      12.49        3.84   448.33   0.838
  sub63                     14.90       0.00       0.00       4.04       9.80       0.28      10.08        3.05   394.14   0.676
  sub64                     14.90       0.00       0.00       2.06      10.83       0.17      11.01        3.35   351.63   0.739
  sub65                     14.90       0.00       0.00       1.77      11.03       0.17      11.20        3.44   358.24   0.751
  sub66                     14.90       0.00       0.00       4.14       9.24       0.19       9.43        2.89   316.84   0.633
  sub67                     14.90       0.00       0.00       0.97      12.82       0.22      13.04        4.02   539.35   0.875
  sub68                     14.90       0.00       0.00       1.84      11.81       0.25      12.06        3.71   469.45   0.809
  sub69                     14.90       0.00       0.00       1.90      12.09       0.34      12.43        2.90   431.58   0.834
  sub70                     14.90      12.69       0.00       7.93      16.74       1.45      18.18        4.16   466.45   0.659
  sub71                     14.90       0.00       0.00       1.02      12.06       0.17      12.22        2.89   320.55   0.820
  sub72                     14.90       0.00       0.00       0.95      10.07       0.09      10.16        2.07   179.11   0.682
  1                         14.90      17.71       0.00       1.40      19.41       5.98      25.39        5.97   519.67   0.779
  2                         14.90       0.00       0.00       3.09       3.59       2.60       6.19        2.48   265.52   0.415
  
  
  ****************************
  Subcatchment Washoff Summary
  ****************************
  
  ------------------------------------------------------------------------------------------
                                 COD            SS            TN            TP         NH4-N
  Subcatchment                    kg            kg            kg            kg            kg
  ------------------------------------------------------------------------------------------
  sub0                         3.044         5.931         0.053         0.004         0.026
  sub1                        13.114        26.308         0.246         0.017         0.119
  sub2                         8.368        16.390         0.175         0.012         0.081
  sub3                        20.563        39.958         0.422         0.029         0.195
  sub4                        30.338        61.600         0.599         0.037         0.288
  sub5                        29.995        59.276         0.539         0.041         0.262
  sub7                         6.630        13.476         0.125         0.008         0.061
  sub8                         9.909        20.618         0.197         0.012         0.095
  sub9                         8.507        17.452         0.165         0.011         0.079
  sub10                       24.629        49.306         0.454         0.033         0.220
  sub11                       23.862        48.293         0.448         0.031         0.217
  sub12                       20.375        40.440         0.371         0.028         0.179
  sub14                       18.226        37.031         0.346         0.023         0.167
  sub15                       24.223        47.370         0.466         0.034         0.219
  sub16                       15.603        30.437         0.297         0.022         0.140
  sub17                       14.338        27.720         0.266         0.021         0.126
  sub22                       76.535       146.971         1.451         0.110         0.680
  sub23                       44.105        87.620         0.930         0.062         0.428
  sub60                      292.646       554.294         5.802         0.359         2.784
  sub61                      362.480       683.512         6.749         0.466         3.253
  sub62                      373.931       716.786         7.282         0.466         3.501
  sub63                      268.976       499.870         5.358         0.379         2.494
  sub64                      369.891       675.998         6.806         0.498         3.255
  sub65                      378.298       694.130         7.004         0.504         3.355
  sub66                      212.720       392.139         4.335         0.285         2.030
  sub67                      554.350      1051.982         9.982         0.739         4.832
  sub68                      396.803       755.428         7.579         0.516         3.628
  sub69                      355.691       683.967         6.671         0.472         3.196
  sub70                      617.662      1191.433        12.342         0.865         5.807
  sub71                      246.621       477.095         5.042         0.295         2.415
  sub72                      202.372       364.226         3.775         0.260         1.818
  1                          459.001       890.299         9.322         0.654         4.344
  2                           53.230        94.905         1.491         0.090         0.637
  ------------------------------------------------------------------------------------------
  System                    5537.036     10502.263       107.089         7.383        50.928
  
  
  ******************
  Node Depth Summary
  ******************
  
  ---------------------------------------------------------------------------------
                                 Average  Maximum  Maximum  Time of Max    Reported
                                   Depth    Depth      HGL   Occurrence   Max Depth
  Node                 Type       Meters   Meters   Meters  days hr:min      Meters
  ---------------------------------------------------------------------------------
  WS02001211           JUNCTION     0.24     0.32     5.16     0  02:09        0.32
  WS02001212           JUNCTION     0.03     0.15     5.21     0  02:08        0.15
  WS02001213           JUNCTION     0.34     0.50     5.26     0  02:07        0.50
  WS02003069           JUNCTION     0.19     0.37     4.95     0  02:08        0.37
  WS02003072           JUNCTION     0.25     0.44     4.81     0  02:09        0.44
  WS02003073           JUNCTION     0.14     0.26     4.32     0  02:09        0.26
  WS02003060           JUNCTION     0.17     0.33     5.26     0  02:07        0.33
  WS02003066           JUNCTION     0.16     0.28     5.83     0  02:06        0.28
  WS02003059           JUNCTION     0.42     0.58     5.26     0  02:06        0.58
  WS02003067           JUNCTION     0.43     0.67     5.99     0  02:06        0.67
  WS02004401           JUNCTION     0.49     0.82     6.82     0  02:02        0.82
  WS02004402           JUNCTION     0.53     0.84     6.80     0  02:03        0.84
  WS02004403           JUNCTION     0.55     0.86     6.79     0  02:03        0.86
  WS02004404           JUNCTION     0.63     0.95     6.80     0  02:03        0.94
  WS02004406           JUNCTION     0.64     0.92     6.75     0  02:02        0.92
  WS02004409           JUNCTION     0.29     0.62     6.39     0  02:04        0.62
  WS02004410           JUNCTION     0.32     0.63     6.35     0  02:05        0.63
  WS02004411           JUNCTION     0.34     0.65     6.33     0  02:05        0.65
  WS02004412           JUNCTION     0.37     0.66     6.30     0  02:05        0.66
  WS02004413           JUNCTION     0.53     0.82     6.29     0  02:06        0.82
  WS02004405           JUNCTION     0.62     0.92     6.77     0  02:02        0.91
  WS02006109           JUNCTION     0.52     0.87     7.49     0  01:59        0.87
  WS02006110           JUNCTION     0.54     0.85     7.44     0  01:59        0.85
  WS02006111           JUNCTION     0.13     0.26     6.97     0  01:59        0.26
  WS02006112           JUNCTION     0.63     1.00     6.88     0  02:02        1.00
  WS02006113           JUNCTION     0.19     0.41     7.30     0  01:59        0.41
  WS02006115           JUNCTION     0.37     0.71     6.85     0  02:02        0.71
  WS02006116           JUNCTION     0.46     0.79     6.83     0  02:03        0.79
  WS02006230           JUNCTION     0.41     0.82     7.56     0  01:59        0.82
  WS02006231           JUNCTION     0.19     0.42     7.54     0  01:59        0.42
  WS02006232           JUNCTION     0.28     0.50     7.54     0  01:59        0.50
  WS02006234           JUNCTION     0.16     0.34     7.50     0  01:59        0.34
  WS02006235           JUNCTION     0.17     0.27     7.44     0  02:00        0.27
  WS02006238           JUNCTION     0.20     0.30     7.44     0  02:00        0.30
  WS02006240           JUNCTION     0.14     0.20     7.49     0  02:02        0.20
  WS02006242           JUNCTION     0.21     0.26     7.53     0  02:02        0.26
  WS02006243           JUNCTION     0.12     0.16     7.58     0  02:00        0.16
  WS02006245           JUNCTION     0.14     0.18     7.67     0  02:00        0.18
  WS02006247           JUNCTION     0.16     0.21     7.71     0  01:59        0.21
  WS02006248           JUNCTION     0.12     0.16     7.75     0  01:59        0.16
  WS02006249           JUNCTION     0.17     0.21     7.81     0  01:58        0.21
  WS02006239           JUNCTION     0.16     0.25     7.45     0  02:01        0.25
  WS02006251           JUNCTION     0.14     0.19     7.86     0  01:57        0.19
  WS02006252           JUNCTION     0.34     0.35     8.59     0  01:36        0.35
  WS02006253           JUNCTION     0.19     0.33     7.98     0  01:57        0.33
  WS02006256           JUNCTION     1.83     2.35     9.28     0  00:00        2.35
  WS02004138           JUNCTION     0.14     0.14     7.39     0  00:00        0.14
  WS02004139           JUNCTION     0.16     0.18     5.09     0  02:10        0.18
  WS02004407           JUNCTION     0.13     0.28     6.59     0  02:03        0.28
  WS02006228           JUNCTION     0.50     0.89     7.54     0  01:59        0.89
  WS02006229           JUNCTION     0.46     0.88     7.57     0  01:59        0.88
  WS02006280           JUNCTION     0.08     0.24     8.51     0  01:58        0.24
  WS02006284           JUNCTION     0.39     0.62     9.01     0  01:58        0.62
  WS02006287           JUNCTION     0.12     0.36     9.31     0  01:57        0.36
  WSF200               JUNCTION     0.12     0.27     5.50     0  02:06        0.27
  HS02004901           JUNCTION     0.14     0.34    10.17     0  01:56        0.34
  HS02004881           JUNCTION     0.01     0.05     9.08     0  01:57        0.05
  HS02004876           JUNCTION     0.05     0.15     9.18     0  01:57        0.15
  HS02004870           JUNCTION     0.02     0.08     9.37     0  01:57        0.08
  HS02004862           JUNCTION     0.03     0.10     9.48     0  01:58        0.10
  HS02004856           JUNCTION     0.09     0.14     9.57     0  01:58        0.14
  HS02004852           JUNCTION     0.01     0.07     9.58     0  01:58        0.07
  HS02004848           JUNCTION     0.01     0.06     9.66     0  01:58        0.06
  HS02004842           JUNCTION     0.34     0.39     9.66     0  01:58        0.39
  HS02004837           JUNCTION     0.03     0.08     9.66     0  01:58        0.08
  HS02004830           JUNCTION     0.05     0.10     9.57     0  01:58        0.10
  HS02004824           JUNCTION     0.03     0.10     9.50     0  01:58        0.10
  HS02004817           JUNCTION     0.46     0.66     9.51     0  01:58        0.66
  HS02004807           JUNCTION     0.14     0.33     9.50     0  01:58        0.33
  HS02004802           JUNCTION     0.18     0.37     9.49     0  01:58        0.37
  HS02004799           JUNCTION     0.14     0.42     9.63     0  01:56        0.42
  HS02004792           JUNCTION     0.05     0.19     9.71     0  01:56        0.19
  HS02004788           JUNCTION     0.03     0.14    10.04     0  01:57        0.14
  HS02004785           JUNCTION     0.06     0.22    10.12     0  01:56        0.22
  HS02004777           JUNCTION     0.17     0.36    10.16     0  01:56        0.36
  HS02004770           JUNCTION     0.14     0.33    10.16     0  01:56        0.33
  HS02004480           JUNCTION     0.10     0.34     9.58     0  01:56        0.34
  HS02004479           JUNCTION     0.14     0.38     9.58     0  01:56        0.38
  HS02004478           JUNCTION     0.08     0.25     9.48     0  01:57        0.25
  YS02001745           JUNCTION     0.78     0.93     8.44     0  02:50        0.93
  YS02001748           JUNCTION     1.19     1.71     8.79     0  01:54        1.36
  YS02001751           JUNCTION     1.38     1.59     8.47     0  01:54        1.55
  YS02001754           JUNCTION     1.64     1.83     8.44     0  02:40        1.82
  YS02001762           JUNCTION     1.85     2.04     8.44     0  02:37        2.03
  YS02001765           JUNCTION     1.80     1.99     8.44     0  02:36        1.98
  YS02001767           JUNCTION     1.76     1.94     8.43     0  02:37        1.93
  YS02001770           JUNCTION     1.76     1.93     8.42     0  02:39        1.92
  YS02001774           JUNCTION     1.82     1.99     8.41     0  02:34        1.97
  YS02001779           JUNCTION     1.56     1.68     8.37     0  01:53        1.68
  YS02001882           JUNCTION     0.68     1.63     8.35     0  02:02        1.62
  YS02001884           JUNCTION     0.77     1.73     8.35     0  02:16        1.72
  YS02001759           JUNCTION     1.88     2.08     8.44     0  02:40        2.06
  YS02001887           JUNCTION     0.85     1.81     8.34     0  02:25        1.80
  YS02001890           JUNCTION     0.88     1.81     8.32     0  02:02        1.81
  YS02001898           JUNCTION     0.65     1.56     8.30     0  02:21        1.56
  YS02001901           JUNCTION     0.77     1.68     8.29     0  02:27        1.67
  YS02001904           JUNCTION     0.74     1.64     8.27     0  02:16        1.63
  YS02001907           JUNCTION     1.08     1.96     8.25     0  02:02        1.96
  YS02001910           JUNCTION     0.86     1.78     8.29     0  02:03        1.77
  YS02001915           JUNCTION     0.66     1.60     8.32     0  02:03        1.58
  YS02001918           JUNCTION     0.40     1.29     8.35     0  02:03        1.25
  YS02001619           JUNCTION     1.34     1.61     8.54     0  01:50        1.47
  YS02001629           JUNCTION     1.71     1.85     8.40     0  01:50        1.84
  YS02001641           JUNCTION     1.81     1.96     8.40     0  01:53        1.93
  YS02001644           JUNCTION     1.81     1.92     8.35     0  01:53        1.92
  YS02001652           JUNCTION     1.65     2.16     8.76     0  02:14        1.90
  YS02001655           JUNCTION     1.41     2.20     9.05     0  02:14        1.69
  YS02001920           JUNCTION     0.50     1.37     8.38     0  02:03        1.31
  YS02001923           JUNCTION     0.33     1.13     8.39     0  02:03        1.07
  YS02001926           JUNCTION     0.36     0.94     8.38     0  02:03        0.92
  YS02001929           JUNCTION     0.22     0.71     8.40     0  02:03        0.69
  YS02001658           JUNCTION     1.13     2.30     9.44     0  02:14        1.44
  YS02001661           JUNCTION     0.89     2.46     9.86     0  02:14        1.18
  YS02001664           JUNCTION     0.40     0.57     8.49     0  03:59        0.56
  YS02001622           JUNCTION     1.37     1.62     8.52     0  01:50        1.50
  YS02001633           JUNCTION     1.80     1.98     8.44     0  01:53        1.94
  YS02001649           JUNCTION     1.85     2.05     8.44     0  02:07        2.05
  YS02001757           JUNCTION     1.98     2.18     8.44     0  02:38        2.16
  YS02001895           JUNCTION     0.64     1.57     8.31     0  02:32        1.56
  YS02001625           JUNCTION     1.66     1.78     8.38     0  01:50        1.78
  YS02163301           JUNCTION     1.74     1.90     8.42     0  01:53        1.88
  YS02163601           JUNCTION     1.85     2.03     8.43     0  01:53        1.98
  YS02164001           JUNCTION     1.79     1.96     8.42     0  01:53        1.91
  YS02001647           JUNCTION     1.64     1.84     8.45     0  01:53        1.79
  YSB1154              JUNCTION     0.28     0.53     9.59     0  01:56        0.53
  YSB6556              JUNCTION     0.17     0.42     9.59     0  01:57        0.42
  YSB1174              JUNCTION     0.23     0.48     9.59     0  01:56        0.48
  YSB1171              JUNCTION     0.43     0.68     9.59     0  01:56        0.68
  YS02006553           JUNCTION     1.08     2.11     8.40     0  02:09        1.96
  YS02006561           JUNCTION     0.40     1.58     8.24     0  02:09        1.08
  YS02006556           JUNCTION     1.04     2.25     8.57     0  02:09        1.93
  YS02006558           JUNCTION     1.08     2.34     8.61     0  02:09        1.96
  YS02001783           JUNCTION     0.63     2.07     8.21     0  02:09        1.47
  YS02001784           JUNCTION     0.63     2.10     8.17     0  02:09        1.41
  YS02001786           JUNCTION     0.56     2.02     8.05     0  02:09        1.26
  YS02001788           JUNCTION     0.46     2.28     8.26     0  02:09        1.13
  YS02001790           JUNCTION     0.55     1.96     7.60     0  02:08        1.29
  YS02001791           JUNCTION     0.49     1.80     7.27     0  02:08        1.27
  YS02001793           JUNCTION     0.61     1.85     6.69     0  02:08        1.80
  WSC                  OUTFALL      0.14     0.26     0.93     0  02:10        0.26
  3                    OUTFALL      0.00     0.00     7.16     0  00:00        0.00
  4                    OUTFALL      0.00     0.00     7.67     0  00:00        0.00
  5                    OUTFALL      0.00     0.00     4.91     0  00:00        0.00
  JK-storage           STORAGE      1.97     5.80     6.60     0  02:10        5.80
  CC-storage           STORAGE      1.19     1.41     8.41     0  02:53        1.41
  XR-storage           STORAGE      7.60     7.72     5.72     0  01:47        7.72
  
  
  *******************
  Node Inflow Summary
  *******************
  
  -------------------------------------------------------------------------------------------------
                                  Maximum  Maximum                  Lateral       Total        Flow
                                  Lateral    Total  Time of Max      Inflow      Inflow     Balance
                                   Inflow   Inflow   Occurrence      Volume      Volume       Error
  Node                 Type           LPS      LPS  days hr:min    10^6 ltr    10^6 ltr     Percent
  -------------------------------------------------------------------------------------------------
  WS02001211           JUNCTION      7.35    68.25     0  02:08       0.212       0.433       1.401
  WS02001212           JUNCTION      0.00    61.05     0  02:07           0       0.217       0.025
  WS02001213           JUNCTION      0.00    61.49     0  02:04           0       0.228       3.799
  WS02003069           JUNCTION      0.32   423.31     0  02:07     0.00922        3.35       0.150
  WS02003072           JUNCTION      0.00   423.20     0  02:08           0        3.34       0.247
  WS02003073           JUNCTION      1.82   424.97     0  02:09      0.0524        3.39       0.207
  WS02003060           JUNCTION     16.53   484.27     0  02:06       0.476         3.6       0.131
  WS02003066           JUNCTION      0.00   467.74     0  02:06           0        3.11       0.051
  WS02003059           JUNCTION      0.00    97.97     0  01:45           0       0.253       7.091
  WS02003067           JUNCTION      0.00   467.72     0  02:06           0        3.12       0.145
  WS02004401           JUNCTION      0.00   471.68     0  02:00           0        3.23       0.345
  WS02004402           JUNCTION      0.00   471.20     0  02:00           0        3.22       0.348
  WS02004403           JUNCTION      0.00   471.28     0  02:01           0        3.21       0.337
  WS02004404           JUNCTION      0.16   481.21     0  02:03     0.00467         3.2       0.340
  WS02004406           JUNCTION      0.00   473.43     0  02:02           0        3.18       0.678
  WS02004409           JUNCTION      0.00   469.99     0  02:03           0        3.16       0.113
  WS02004410           JUNCTION      0.00   469.07     0  02:03           0        3.15       0.171
  WS02004411           JUNCTION      0.00   468.39     0  02:05           0        3.15       0.208
  WS02004412           JUNCTION      0.00   468.04     0  02:05           0        3.14       0.269
  WS02004413           JUNCTION      0.00   467.83     0  02:05           0        3.13       0.474
  WS02004405           JUNCTION      0.04   523.40     0  02:01      0.0011        3.19       0.340
  WS02006109           JUNCTION      1.23   451.24     0  01:59      0.0354        3.19       0.351
  WS02006110           JUNCTION      0.00   451.25     0  01:59           0        3.18       0.309
  WS02006111           JUNCTION      0.00   464.04     0  01:59           0        3.16       0.030
  WS02006112           JUNCTION     23.75   476.85     0  01:59      0.0974        3.26       0.473
  WS02006113           JUNCTION      0.00   451.65     0  02:00           0        3.17       0.069
  WS02006115           JUNCTION      0.00   474.16     0  02:00           0        3.24       0.291
  WS02006116           JUNCTION      0.00   472.48     0  02:00           0        3.24       0.200
  WS02006230           JUNCTION     10.28   140.16     0  01:58       0.296       0.975       0.470
  WS02006231           JUNCTION      0.00   139.85     0  01:58           0        0.72       0.036
  WS02006232           JUNCTION      0.00   139.61     0  01:59           0       0.715       0.583
  WS02006234           JUNCTION      0.00   139.50     0  01:59           0        0.71      -0.003
  WS02006235           JUNCTION      0.00   479.48     0  02:00           0        6.46       0.030
  WS02006238           JUNCTION      0.00    53.47     0  02:04           0       0.773       0.188
  WS02006240           JUNCTION      0.00    53.12     0  02:02           0       0.766       0.309
  WS02006242           JUNCTION      0.00    53.20     0  02:00           0       0.769       0.465
  WS02006243           JUNCTION      0.00    53.21     0  02:00           0        0.77       0.155
  WS02006245           JUNCTION      0.00    53.22     0  01:59           0       0.772       0.329
  WS02006247           JUNCTION      0.00    53.24     0  01:59           0       0.775       0.285
  WS02006248           JUNCTION      0.00    53.25     0  01:58           0       0.775       0.088
  WS02006249           JUNCTION      0.00    53.27     0  01:57           0       0.779       0.426
  WS02006239           JUNCTION      0.00    53.17     0  02:03           0       0.768       0.286
  WS02006251           JUNCTION      0.08   323.49     0  01:57     0.00222        5.16       0.024
  WS02006252           JUNCTION      0.00   200.00     0  01:36           0        4.62       0.009
  WS02006253           JUNCTION      3.07   123.42     0  01:57      0.0115       0.537       0.435
  WS02006256           JUNCTION      0.00   683.00     0  00:00           0        9.72      -0.016
  WS02004138           JUNCTION      0.00   190.00     0  00:00           0        5.47       0.071
  WS02004139           JUNCTION      0.32   258.35     0  02:10     0.00924         5.9       0.076
  WS02004407           JUNCTION      0.00   470.17     0  02:03           0        3.16       0.053
  WS02006228           JUNCTION      0.00   450.02     0  01:59           0        3.16       0.219
  WS02006229           JUNCTION      0.00   579.87     0  01:58           0        3.42       0.218
  WS02006280           JUNCTION      0.00   579.86     0  01:58           0        2.74       0.002
  WS02006284           JUNCTION      0.10   579.79     0  01:58     0.00275        2.74       0.017
  WS02006287           JUNCTION      0.00   579.61     0  01:58           0        2.74       0.026
  WSF200               JUNCTION      0.00   467.73     0  02:06           0        3.11       0.024
  HS02004901           JUNCTION     28.95    28.95     0  01:54       0.118       0.118       1.510
  HS02004881           JUNCTION     11.78   120.65     0  01:57       0.047       0.525       0.012
  HS02004876           JUNCTION     21.19   109.34     0  01:57      0.0909       0.479       0.111
  HS02004870           JUNCTION     21.75    88.39     0  01:57       0.089       0.388       0.028
  HS02004862           JUNCTION     20.49    67.34     0  01:58       0.101       0.299       0.057
  HS02004856           JUNCTION     16.28    46.90     0  01:57       0.067       0.199       0.726
  HS02004852           JUNCTION      0.00    31.11     0  01:58           0       0.132       0.040
  HS02004848           JUNCTION     44.96    44.96     0  02:00       0.226       0.226       0.020
  HS02004842           JUNCTION      0.00    14.92     0  02:09           0       0.107      13.875
  HS02004837           JUNCTION     42.95    55.95     0  01:57       0.337       0.431       0.189
  HS02004830           JUNCTION      0.15    56.09     0  01:58     0.00432       0.422       0.293
  HS02004824           JUNCTION     53.17   109.00     0  02:00       0.281       0.702       0.077
  HS02004817           JUNCTION      0.60   110.36     0  02:01      0.0173       0.719       2.375
  HS02004807           JUNCTION     40.20   148.00     0  01:59       0.163       0.866       0.503
  HS02004802           JUNCTION      0.00   148.56     0  02:00           0       0.865       0.463
  HS02004799           JUNCTION     32.05   367.23     0  01:56       0.132        1.62       0.177
  HS02004792           JUNCTION    142.46   335.58     0  01:56       0.627        1.49       0.027
  HS02004788           JUNCTION     46.97   194.07     0  01:56       0.245       0.865       0.045
  HS02004785           JUNCTION      0.15   147.31     0  01:56     0.00432       0.622       0.078
  HS02004777           JUNCTION      0.03   147.39     0  01:55    0.000864       0.622       0.841
  HS02004770           JUNCTION    119.36   147.88     0  01:55       0.507       0.624       0.496
  HS02004480           JUNCTION      0.00   433.56     0  01:57           0         1.9       0.054
  HS02004479           JUNCTION      0.00    66.50     0  01:56           0       0.287       0.256
  HS02004478           JUNCTION      0.00   579.57     0  01:57           0        2.75       0.011
  YS02001745           JUNCTION    367.87   367.87     0  02:37        3.47        3.47       0.326
  YS02001748           JUNCTION      0.04   377.03     0  01:54      0.0013        3.46       0.672
  YS02001751           JUNCTION      0.01   373.69     0  02:32    0.000317        3.44       0.696
  YS02001754           JUNCTION      0.26   373.87     0  02:37     0.00749        3.42       0.724
  YS02001762           JUNCTION      0.00   407.52     0  02:07           0        2.21       0.962
  YS02001765           JUNCTION      0.00   407.54     0  02:07           0        2.21       1.102
  YS02001767           JUNCTION      0.54   407.89     0  02:07      0.0154        2.23       1.614
  YS02001770           JUNCTION    448.49   625.97     0  02:52        3.84        4.42       0.715
  YS02001774           JUNCTION      0.00   626.03     0  02:52           0        2.74       0.922
  YS02001779           JUNCTION      0.01   626.06     0  02:52    0.000144        2.71       0.569
  YS02001882           JUNCTION      0.00    33.18     0  01:56           0      0.0292       8.251
  YS02001884           JUNCTION      0.00    43.12     0  01:54           0      0.0647      10.242
  YS02001759           JUNCTION    432.79   807.99     0  02:07        3.55        5.15       0.445
  YS02001887           JUNCTION    539.80   540.15     0  02:17        4.04        4.07       0.207
  YS02001890           JUNCTION      0.00   540.27     0  02:17           0        4.02       0.229
  YS02001898           JUNCTION      0.00   517.37     0  02:11           0        3.98       0.074
  YS02001901           JUNCTION      0.00   517.41     0  02:11           0        3.98       0.176
  YS02001904           JUNCTION      0.00   517.44     0  02:12           0        3.97       0.163
  YS02001907           JUNCTION      0.00  1025.58     0  02:04           0        8.99       0.270
  YS02001910           JUNCTION      0.00   517.98     0  02:04           0        5.03       0.228
  YS02001915           JUNCTION    320.57   517.78     0  02:04        2.89        5.05       0.124
  YS02001918           JUNCTION      0.00   245.65     0  02:04           0        2.18       0.080
  YS02001619           JUNCTION    316.84   316.84     0  02:35        2.89        2.89       0.425
  YS02001629           JUNCTION      0.00   222.62     0  01:57           0        1.56       1.884
  YS02001641           JUNCTION      0.00   468.24     0  01:57           0        4.89       0.428
  YS02001644           JUNCTION    351.67  1425.81     0  02:51        3.35        12.1       0.215
  YS02001652           JUNCTION      0.00   438.58     0  02:22           0           3       0.760
  YS02001655           JUNCTION      0.15   438.34     0  02:18     0.00443        3.03       0.840
  YS02001920           JUNCTION      2.87   245.59     0  02:04      0.0827        2.16       0.140
  YS02001923           JUNCTION      0.04   231.88     0  02:04     0.00109        2.08       0.046
  YS02001926           JUNCTION      0.05   194.88     0  02:04      0.0015        2.07       0.155
  YS02001929           JUNCTION    179.11   179.11     0  03:01        2.07        2.07       0.029
  YS02001658           JUNCTION      0.00   494.65     0  01:53           0        3.05       0.778
  YS02001661           JUNCTION      0.00   749.48     0  02:07           0        3.77      -0.060
  YS02001664           JUNCTION    394.14   394.14     0  02:21        3.05        3.78       0.189
  YS02001622           JUNCTION      0.00   317.13     0  02:35           0        2.88       1.115
  YS02001633           JUNCTION    358.44   467.74     0  01:57        3.45        4.96       0.647
  YS02001649           JUNCTION      0.00  1055.91     0  02:00           0         6.4       0.578
  YS02001757           JUNCTION      0.00  2095.40     0  02:04           0        10.4       0.894
  YS02001895           JUNCTION      0.00   517.41     0  02:12           0        3.98       0.132
  YS02001625           JUNCTION      0.00   316.94     0  02:34           0        2.85       1.383
  YS02163301           JUNCTION      0.00   222.60     0  01:57           0        1.55       1.566
  YS02163601           JUNCTION      0.11   467.62     0  01:57     0.00317        4.91       0.612
  YS02164001           JUNCTION      0.00   467.58     0  01:57           0        4.89       0.408
  YS02001647           JUNCTION      0.00   711.70     0  01:57           0        5.41       0.523
  YSB1154              JUNCTION     37.33    37.33     0  01:55        0.16        0.16       0.908
  YSB6556              JUNCTION      0.00    37.15     0  01:56           0       0.161       0.783
  YSB1174              JUNCTION     30.90    30.90     0  01:53       0.118       0.119       1.090
  YSB1171              JUNCTION      0.00    66.69     0  01:56           0       0.286       2.268
  YS02006553           JUNCTION      0.00   720.70     0  02:02           0         7.3       0.212
  YS02006561           JUNCTION      0.00  1143.07     0  02:08           0          11       0.007
  YS02006556           JUNCTION      0.00   720.52     0  02:02           0        7.31       0.155
  YS02006558           JUNCTION    470.33  1143.44     0  02:08        3.73          11       0.048
  YS02001783           JUNCTION      0.00  1142.94     0  02:08           0          11       0.021
  YS02001784           JUNCTION      1.06  1144.03     0  02:08      0.0305          11       0.034
  YS02001786           JUNCTION      0.06  1144.02     0  02:08     0.00162          11       0.033
  YS02001788           JUNCTION      0.07  1143.96     0  02:08     0.00204          11       0.018
  YS02001790           JUNCTION      0.15  1156.90     0  02:04     0.00446          11       0.026
  YS02001791           JUNCTION      0.00  1260.61     0  02:04           0          11       0.007
  YS02001793           JUNCTION      0.00  1202.36     0  02:04           0          11       0.002
  WSC                  OUTFALL       0.00   424.86     0  02:10           0        3.38       0.000
  3                    OUTFALL       0.00   479.48     0  02:00           0        6.03       0.000
  4                    OUTFALL       0.00   270.22     0  01:57           0        4.38       0.000
  5                    OUTFALL       0.00   258.34     0  02:10           0         5.9       0.000
  JK-storage           STORAGE       0.00  1182.10     0  02:04           0        11.2      -0.255
  CC-storage           STORAGE       0.00  2095.42     0  02:04           0         8.4       0.772
  XR-storage           STORAGE     937.70   937.70     0  03:01        14.2        14.8      -0.001
  
  
  **********************
  Node Surcharge Summary
  **********************
  
  Surcharging occurs when water rises above the top of the highest conduit.
  ---------------------------------------------------------------------
                                               Max. Height   Min. Depth
                                   Hours       Above Crown    Below Rim
  Node                 Type      Surcharged         Meters       Meters
  ---------------------------------------------------------------------
  WS02006109           JUNCTION        0.40          0.055        1.765
  WS02006256           JUNCTION        6.62          2.050        0.000
  WS02006228           JUNCTION        0.39          0.062        2.138
  YS02001748           JUNCTION        6.08          0.634        0.556
  YS02001751           JUNCTION        6.15          0.586        0.614
  YS02001754           JUNCTION        6.21          0.785        0.365
  YS02001762           JUNCTION        6.29          1.039        0.111
  YS02001765           JUNCTION        6.27          0.992        0.108
  YS02001767           JUNCTION        6.26          0.945        0.085
  YS02001770           JUNCTION        6.25          0.898        0.022
  YS02001774           JUNCTION        6.29          0.986        0.064
  YS02001779           JUNCTION        6.21          0.680        0.000
  YS02001882           JUNCTION        1.68          0.632        0.198
  YS02001884           JUNCTION        1.71          0.669        0.201
  YS02001759           JUNCTION        6.30          1.079        0.131
  YS02001887           JUNCTION        1.80          0.756        0.194
  YS02001890           JUNCTION        1.83          0.760        0.000
  YS02001898           JUNCTION        1.63          0.533        0.207
  YS02001901           JUNCTION        1.76          0.677        0.193
  YS02001904           JUNCTION        1.74          0.638        0.212
  YS02001907           JUNCTION        2.21          0.950        0.000
  YS02001910           JUNCTION        1.87          0.783        0.317
  YS02001915           JUNCTION        1.67          0.600        0.400
  YS02001918           JUNCTION        1.42          0.286        0.524
  YS02001619           JUNCTION        6.16          0.610        0.000
  YS02001629           JUNCTION        6.15          0.470        0.000
  YS02001641           JUNCTION        6.27          0.959        0.141
  YS02001644           JUNCTION        6.27          0.920        0.000
  YS02001652           JUNCTION        6.22          1.130        0.000
  YS02001655           JUNCTION        6.16          1.200        0.000
  YS02001920           JUNCTION        1.46          0.369        0.771
  YS02001658           JUNCTION        6.10          1.300        0.000
  YS02001661           JUNCTION        0.24          1.390        0.000
  YS02001622           JUNCTION        6.16          0.620        0.000
  YS02001633           JUNCTION        6.27          0.962        0.098
  YS02001649           JUNCTION        6.29          1.050        0.000
  YS02001757           JUNCTION        6.33          1.183        0.027
  YS02001895           JUNCTION        1.65          0.567        0.183
  YS02001625           JUNCTION        6.24          0.780        0.000
  YS02163301           JUNCTION        6.26          0.904        0.126
  YS02163601           JUNCTION        6.29          1.031        0.049
  YS02164001           JUNCTION        6.27          0.961        0.139
  YS02001647           JUNCTION        6.23          0.837        0.063
  YS02006553           JUNCTION        2.27          1.111        0.079
  YS02006561           JUNCTION        1.49          0.779        0.371
  YS02006556           JUNCTION        2.05          1.215        0.135
  YS02006558           JUNCTION        2.02          1.245        0.155
  YS02001783           JUNCTION        2.04          1.265        0.335
  YS02001784           JUNCTION        2.04          1.302        0.188
  YS02001786           JUNCTION        1.94          1.222        0.208
  YS02001788           JUNCTION        1.80          1.480        0.000
  YS02001790           JUNCTION        1.88          1.157        0.000
  YS02001791           JUNCTION        1.91          1.000        0.920
  YS02001793           JUNCTION        2.00          0.854        1.746
  
  
  *********************
  Node Flooding Summary
  *********************
  
  Flooding refers to all water that overflows a node, whether it ponds or not.
  --------------------------------------------------------------------------
                                                             Total   Maximum
                                 Maximum   Time of Max       Flood    Ponded
                        Hours       Rate    Occurrence      Volume     Depth
  Node                 Flooded       LPS   days hr:min    10^6 ltr    Meters
  --------------------------------------------------------------------------
  WS02006256              3.72    678.53      0  00:00       4.315     0.000
  YS02001779              3.25    626.06      0  02:52       2.697     0.000
  YS02001890              0.53     24.37      0  02:18       0.026     0.000
  YS02001907              1.28    504.79      0  02:29       1.675     0.000
  YS02001619              0.01     25.72      0  01:50       0.000     0.000
  YS02001629              0.01     29.45      0  01:50       0.000     0.000
  YS02001644              5.72   1425.80      0  02:51      10.508     0.000
  YS02001652              0.01     17.64      0  02:14       0.000     0.000
  YS02001655              0.01     21.85      0  02:14       0.000     0.000
  YS02001658              0.01     10.75      0  02:14       0.000     0.000
  YS02001661              0.01    164.80      0  02:14       0.000     0.000
  YS02001622              0.01     10.14      0  01:50       0.000     0.000
  YS02001649              0.07     44.68      0  02:14       0.003     0.000
  YS02001625              1.88    295.53      0  02:36       1.268     0.000
  YS02001788              0.01     70.47      0  02:09       0.000     0.000
  YS02001790              0.01     73.07      0  02:08       0.000     0.000
  JK-storage              1.76    313.38      0  02:10       1.457     0.000
  XR-storage              6.21    747.70      0  03:01       8.401     0.000
  
  
  **********************
  Storage Volume Summary
  **********************
  
  --------------------------------------------------------------------------------------------------
                         Average     Avg  Evap Exfil       Maximum     Max    Time of Max    Maximum
                          Volume    Pcnt  Pcnt  Pcnt        Volume    Pcnt     Occurrence    Outflow
  Storage Unit           1000 m3    Full  Loss  Loss       1000 m3    Full    days hr:min        LPS
  --------------------------------------------------------------------------------------------------
  JK-storage               0.099      34     0     0         0.291     100       0  02:10     683.00
  CC-storage               3.326      21     0     0         3.941      25       0  02:53     200.00
  XR-storage               0.912      98     0     0         0.926     100       0  01:47     190.00
  
  
  ***********************
  Outfall Loading Summary
  ***********************
  
  ---------------------------------------------------------------------------------------------------------------------------------
                         Flow       Avg       Max       Total         Total         Total         Total         Total         Total
                         Freq      Flow      Flow      Volume           COD            SS            TN            TP         NH4-N
  Outfall Node           Pcnt       LPS       LPS    10^6 ltr            kg            kg            kg            kg            kg
  ---------------------------------------------------------------------------------------------------------------------------------
  WSC                   99.99    137.89    424.86       3.382       461.063       841.734        22.027         2.454        12.929
  3                     99.99    246.87    479.48       6.030       414.440       793.567         8.238         0.601         4.039
  4                     99.99    180.64    270.22       4.378       434.834       825.500         8.497         0.588         4.101
  5                    100.00    206.54    258.34       5.895       837.777      1403.181        66.052         8.035        40.638
  ---------------------------------------------------------------------------------------------------------------------------------
  System                99.99    771.94   1404.31      19.686      2148.113      3863.982       104.814        11.678        61.708
  
  
  ********************
  Link Flow Summary
  ********************
  
  -----------------------------------------------------------------------------
                                 Maximum  Time of Max   Maximum    Max/    Max/
                                  |Flow|   Occurrence   |Veloc|    Full    Full
  Link                 Type          LPS  days hr:min     m/sec    Flow   Depth
  -----------------------------------------------------------------------------
  WS02003066WSF200     CONDUIT    467.73     0  02:06      2.78    0.08    0.21
  WS02006287WS02006284 CONDUIT    579.69     0  01:58      2.27    0.27    0.36
  WS02006284WS02006280 CONDUIT    579.86     0  01:58      2.51    0.24    0.34
  WS02006280WS02006229 CONDUIT    579.87     0  01:58      4.06    0.12    0.24
  WS02006229WS02006228 CONDUIT    450.02     0  01:59      0.90    1.49    1.00
  WS02006256WS02006235 CONDUIT    289.81     0  02:18      4.46    3.07    0.96
  WS02006253WS02006251 CONDUIT    123.41     0  01:57      0.89    0.37    0.39
  WS02006252WS02006251 CONDUIT    200.71     0  01:36      1.97    0.74    0.76
  WS02006251WS02006249 CONDUIT     53.27     0  01:57      0.61    0.15    0.28
  WS02006249WS02006248 CONDUIT     53.25     0  01:58      0.70    0.29    0.25
  WS02006248WS02006247 CONDUIT     53.24     0  01:59      0.68    0.12    0.26
  WS02006247WS02006245 CONDUIT     53.22     0  01:59      0.62    0.42    0.27
  WS02006245WS02006243 CONDUIT     53.21     0  02:00      0.76    0.16    0.24
  WS02006243WS02006242 CONDUIT     53.20     0  02:00      0.65    0.11    0.28
  WS02006242WS02006240 CONDUIT     53.12     0  02:02      0.50    0.21    0.32
  WS02006240WS02006239 CONDUIT     53.17     0  02:03      0.65    0.17    0.29
  WS02006239WS02006238 CONDUIT     53.47     0  02:04      0.54    0.17    0.37
  WS02006238WS02006235 CONDUIT     53.73     0  02:04      1.18    0.12    0.41
  WS02006235WS02006234 CONDUIT    139.44     0  02:00      0.91    1.47    0.42
  WS02006234WS02006232 CONDUIT    139.50     0  01:59      0.82    0.28    0.60
  WS02006232WS02006231 CONDUIT    139.61     0  01:59      0.53    0.29    0.65
  WS02006231WS02006230 CONDUIT    139.85     0  01:58      0.56    2.12    0.61
  WS02006230WS02006229 CONDUIT    129.88     0  01:58      0.44    2.89    1.00
  WS02006228WS02006109 CONDUIT    450.01     0  01:59      0.90    1.97    1.00
  WS02006116WS02004401 CONDUIT    471.68     0  02:00      0.71    0.65    0.80
  WS02006115WS02006116 CONDUIT    472.48     0  02:00      0.95    0.61    0.72
  WS02006113WS02006111 CONDUIT    464.04     0  01:59      2.31    0.56    0.42
  WS02006112WS02006115 CONDUIT    474.16     0  02:00      0.67    0.28    0.85
  WS02006111WS02006112 CONDUIT    454.48     0  01:59      1.30    0.22    0.66
  WS02006110WS02006113 CONDUIT    451.65     0  02:00      1.11    0.41    0.76
  WS02006109WS02006110 CONDUIT    451.25     0  01:59      0.91    0.87    0.97
  WS02004411WS02004412 CONDUIT    468.04     0  02:05      0.97    0.66    0.65
  WS02004401WS02004402 CONDUIT    471.20     0  02:00      0.68    0.57    0.83
  WS02004413WS02003067 CONDUIT    467.72     0  02:06      1.03    0.20    0.56
  WS02004412WS02004413 CONDUIT    467.83     0  02:05      0.92    0.31    0.74
  WS02004410WS02004411 CONDUIT    468.39     0  02:05      0.88    0.64    0.64
  WS02004409WS02004410 CONDUIT    469.07     0  02:03      0.91    0.61    0.63
  WS02004407WS02004409 CONDUIT    469.99     0  02:03      1.39    0.17    0.45
  WS02004406WS02004407 CONDUIT    470.17     0  02:03      0.96    0.21    0.60
  WS02004405WS02004406 CONDUIT    473.43     0  02:02      0.63    0.93    0.92
  WS02004404WS02004405 CONDUIT    523.36     0  02:01      0.69    5.13    0.93
  WS02004403WS02004404 CONDUIT    481.05     0  02:03      0.65    0.35    0.90
  WS02004402WS02004403 CONDUIT    471.28     0  02:01      0.66    0.68    0.85
  WS02004139WS02001211 CONDUIT     68.03     0  02:10      0.55    0.09    0.17
  WS02004138WS02004139 CONDUIT    191.48     0  00:00      2.95    0.04    0.14
  WS02003067WS02003066 CONDUIT    467.74     0  02:06      1.12    0.15    0.40
  WS02001213WS02003059 CONDUIT     61.49     0  02:04      0.22    0.10    0.53
  WS02001212WS02001213 CONDUIT     61.05     0  02:07      0.73    0.09    0.16
  WS02001211WS02001212 CONDUIT     60.90     0  02:08      0.44    0.05    0.23
  WS02003072WS02003073 CONDUIT    423.15     0  02:09      1.31    0.91    0.33
  WS02003069WS02003072 CONDUIT    423.20     0  02:08      1.26    0.20    0.34
  WS02003060WS02003069 CONDUIT    422.99     0  02:07      1.54    0.17    0.29
  WS02003059WS02003060 CONDUIT     97.97     0  01:45      0.56    0.06    0.45
  HS02004901HS02004770 CONDUIT     28.58     0  01:55      0.08    0.11    0.48
  HS02004876HS02004881 CONDUIT    109.35     0  01:57      1.12    1.16    0.14
  HS02004870HS02004876 CONDUIT     88.36     0  01:57      0.77    0.06    0.16
  HS02004842HS02004848 CONDUIT     14.92     0  02:09      0.07    0.01    0.32
  HS02004837HS02004842 CONDUIT     15.29     0  02:10      0.42    0.01    0.34
  HS02004830HS02004837 CONDUIT     55.94     0  01:58      0.63    0.06    0.13
  HS02004824HS02004830 CONDUIT     56.05     0  01:58      0.62    0.07    0.14
  HS02004817HS02004824 CONDUIT    109.76     0  02:01      0.29    0.05    0.54
  HS02004770HS02004777 CONDUIT    147.36     0  01:55      0.43    0.27    0.49
  HS02004799HS02004480 CONDUIT    367.11     0  01:56      0.97    0.46    0.54
  HS02004792HS02004799 CONDUIT    335.50     0  01:56      1.10    0.21    0.44
  HS02004788HS02004792 CONDUIT    194.01     0  01:57      1.19    0.13    0.23
  HS02004785HS02004788 CONDUIT    147.28     0  01:57      0.82    1.11    0.26
  HS02004777HS02004785 CONDUIT    147.16     0  01:56      0.51    0.18    0.41
  HS02004480HS02004478 CONDUIT    433.60     0  01:57      1.45    1.83    0.43
  HS02004479HS02004480 CONDUIT     66.55     0  01:57      0.34    0.06    0.52
  HS02004862HS02004870 CONDUIT     67.33     0  01:58      0.75    0.07    0.13
  HS02004848HS02004852 CONDUIT     31.11     0  01:58      0.50    0.04    0.09
  HS02004856HS02004862 CONDUIT     46.86     0  01:58      0.56    0.05    0.12
  HS02004852HS02004856 CONDUIT     31.15     0  01:59      0.30    0.04    0.15
  HS02004802HS02004478 CONDUIT    149.17     0  02:01      0.49    0.13    0.44
  HS02004478WS02006287 CONDUIT    579.61     0  01:58      1.99    0.16    0.32
  HS02004817HS02004807 CONDUIT    111.27     0  02:02      0.23    0.07    0.71
  HS02004807HS02004802 CONDUIT    148.56     0  02:00      0.43    0.28    0.49
  YS02001759YS02001757 CONDUIT    808.30     0  02:07      1.03    0.57    1.00
  YS02001762YS02001759 CONDUIT    407.81     0  02:07      0.52    0.47    1.00
  YS02001765YS02001762 CONDUIT    407.52     0  02:07      0.52    0.38    1.00
  YS02001770YS02001767 CONDUIT    407.36     0  02:07      0.52    1.61    1.00
  YS02001774YS02001770 CONDUIT    626.03     0  02:52      0.80    0.40    1.00
  YS02001779YS02001774 CONDUIT    626.06     0  02:52      0.80    0.32    1.00
  YS02001649YS02001757 CONDUIT   1055.74     0  02:00      1.34    0.64    1.00
  YS02001767YS02001765 CONDUIT    407.54     0  02:07      0.52    0.51    1.00
  YS02006561YS02001783 CONDUIT   1142.94     0  02:08      2.27    0.59    1.00
  YS02001783YS02001784 CONDUIT   1142.97     0  02:08      2.27    1.58    1.00
  YS02001784YS02001785 CONDUIT   1143.97     0  02:08      2.28    2.66    1.00
  YS02001788YS02001790 CONDUIT   1156.74     0  02:04      2.69    0.85    1.00
  YS02001790YS02001791 CONDUIT   1260.61     0  02:04      3.40    1.37    1.00
  YS02001791YS02001793 CONDUIT   1202.36     0  02:04      6.60    0.52    1.00
  YS02001910YS02001907 CONDUIT    517.98     0  02:04      0.66    0.29    1.00
  YS02001786YS02001788 CONDUIT   1143.89     0  02:08      2.45    2.20    1.00
  YS02001915YS02001910 CONDUIT    517.98     0  02:04      0.66    0.26    1.00
  YS02001918YS02001915 CONDUIT    246.20     0  02:04      0.46    0.14    1.00
  YS02001923YS02001920 CONDUIT    242.72     0  02:04      0.77    0.11    1.00
  YS02001926YS02001923 CONDUIT    231.84     0  02:04      0.86    0.33    0.93
  YS02001929YS02001926 CONDUIT    194.83     0  02:04      0.93    0.09    0.82
  YS02001920YS02001918 CONDUIT    245.65     0  02:04      0.75    0.24    1.00
  YS02001629YS02163301 CONDUIT    222.60     0  01:57      0.28    0.27    1.00
  YS02001619YS02001622 CONDUIT    317.13     0  02:35      0.70    0.47    1.00
  YS02001622YS02001625 CONDUIT    316.94     0  02:34      0.40    0.17    1.00
  YS02001625YS02001629 CONDUIT    222.62     0  01:57      0.28    0.11    1.00
  YS02163301YS02001633 CONDUIT    222.35     0  01:57      0.28    0.21    1.00
  YS02163601YS02164001 CONDUIT    467.58     0  01:57      0.60    0.41    1.00
  YS02164001YS02001641 CONDUIT    468.24     0  01:57      0.60    0.64    1.00
  YS02001641YS02001644 CONDUIT    468.52     0  01:57      0.60    1.51    1.00
  YS02001647YS02001649 CONDUIT    711.12     0  01:57      0.91    0.38    1.00
  YS02006553YS02006556 CONDUIT    720.52     0  02:02      0.92    0.62    1.00
  YS02006556YS02006558 CONDUIT    720.68     0  02:02      0.92    0.57    1.00
  YSB6556YSB1171       CONDUIT     37.19     0  01:57      0.11    0.04    0.79
  YS02001907YS02006553 CONDUIT    720.70     0  02:02      0.80    0.85    1.00
  YS02006558YS02006561 CONDUIT   1143.07     0  02:08      4.04    2.53    1.00
  YS02001633YS02163601 CONDUIT    467.51     0  01:57      0.60    0.49    1.00
  YS02001644YS02001647 CONDUIT    711.70     0  01:57      0.91    0.42    1.00
  YS02001745YS02001748 CONDUIT    376.98     0  01:54      1.62    0.15    0.96
  YS02001748YS02001751 CONDUIT    373.68     0  02:32      1.17    0.19    1.00
  YS02001751YS02001754 CONDUIT    373.61     0  02:37      0.98    0.18    1.00
  YS02001754YS02001757 CONDUIT    373.82     0  02:37      0.48    0.15    1.00
  YS02001882YS02001884 CONDUIT     33.18     0  01:56      0.15    0.04    1.00
  YS02001884YS02001887 CONDUIT     43.12     0  01:54      0.11    0.06    1.00
  YS02001890YS02001895 CONDUIT    517.41     0  02:12      0.66    0.24    1.00
  YS02001895YS02001898 CONDUIT    517.37     0  02:11      0.66    0.90    1.00
  YS02001898YS02001901 CONDUIT    517.41     0  02:11      0.66    0.33    1.00
  YS02001901YS02001904 CONDUIT    517.44     0  02:12      0.66    0.80    1.00
  YS02001904YS02001907 CONDUIT    517.47     0  02:12      0.66    0.18    1.00
  YS02001887YS02001890 CONDUIT    540.27     0  02:17      0.69    0.92    1.00
  YS02001652YS02001649 CONDUIT    439.02     0  02:18      0.67    0.22    1.00
  YS02001655YS02001652 CONDUIT    438.58     0  02:22      1.06    0.21    1.00
  YS02001658YS02001655 CONDUIT    438.18     0  02:18      1.35    0.19    1.00
  YS02001661YS02001658 CONDUIT    494.65     0  01:53      1.72    0.19    1.00
  YS02001664YS02001661 CONDUIT    749.48     0  02:07      1.66    0.24    0.76
  YSB1154YSB6556       CONDUIT     37.15     0  01:56      0.14    0.07    0.68
  YSB1174YSB1171       CONDUIT     30.20     0  01:54      0.09    0.05    0.79
  YSB1171HS02004479    CONDUIT     66.50     0  01:56      0.54    0.04    0.63
  HS02004881HS02006253 CONDUIT    120.65     0  01:57      2.57    0.02    0.07
  YS02001793JiankangQianchi CONDUIT   1182.10     0  02:04     17.39    0.09    1.00
  YS02001757CaochengTiaoxuchi CONDUIT   2095.42     0  02:04      3.45    0.92    1.00
  WSF200WS02003060     CONDUIT    467.74     0  02:06      2.12    0.10    0.25
  1                    CONDUIT    424.86     0  02:10      2.62    0.15    0.26
  CC-Pump-1            PUMP         0.00     0  00:00              0.00
  CC-Pump-2            PUMP       200.00     0  01:36              1.00
  JK-Pump-1            PUMP         0.00     0  00:00              0.00
  JK-Pump-2            PUMP       683.00     0  00:00              1.00
  XR-Pump-1            PUMP        95.00     0  00:00              1.00
  XR-Pump-2            PUMP         0.00     0  00:00              0.00
  XR-Pump-3            PUMP        95.00     0  00:00              1.00
  XR-Pump-4            PUMP         0.00     0  00:00              0.00
  3                    WEIR       270.22     0  01:57                      0.19
  5                    WEIR       479.48     0  02:00                      0.27
  6                    WEIR       258.34     0  02:10                      0.18
  
  
  ***************************
  Flow Classification Summary
  ***************************
  
  -------------------------------------------------------------------------------------
                      Adjusted    ---------- Fraction of Time in Flow Class ---------- 
                       /Actual         Up    Down  Sub   Sup   Up    Down  Norm  Inlet 
  Conduit               Length    Dry  Dry   Dry   Crit  Crit  Crit  Crit  Ltd   Ctrl  
  -------------------------------------------------------------------------------------
  WS02003066WSF200        1.00   0.06  0.00  0.00  0.00  0.94  0.00  0.00  0.78  0.00
  WS02006287WS02006284    1.00   0.02  0.01  0.00  0.61  0.36  0.00  0.00  0.63  0.00
  WS02006284WS02006280    1.00   0.02  0.00  0.00  0.00  0.00  0.00  0.98  0.00  0.00
  WS02006280WS02006229    1.00   0.02  0.00  0.00  0.00  0.00  0.00  0.98  0.00  0.00
  WS02006229WS02006228    1.00   0.00  0.00  0.00  1.00  0.00  0.00  0.00  0.00  0.00
  WS02006256WS02006235    1.00   0.00  0.00  0.00  0.03  0.97  0.00  0.00  0.02  0.00
  WS02006253WS02006251    1.00   0.01  0.01  0.00  0.81  0.00  0.17  0.00  0.00  0.00
  WS02006252WS02006251    1.00   0.04  0.00  0.00  0.00  0.00  0.96  0.00  0.00  0.00
  WS02006251WS02006249    1.00   0.00  0.00  0.00  1.00  0.00  0.00  0.00  0.77  0.00
  WS02006249WS02006248    1.00   0.00  0.02  0.00  0.16  0.00  0.81  0.00  0.00  0.00
  WS02006248WS02006247    1.00   0.03  0.00  0.00  0.97  0.00  0.00  0.01  0.73  0.00
  WS02006247WS02006245    1.00   0.03  0.00  0.00  0.96  0.00  0.00  0.02  0.00  0.00
  WS02006245WS02006243    1.00   0.03  0.00  0.00  0.95  0.00  0.00  0.02  0.00  0.00
  WS02006243WS02006242    1.00   0.01  0.02  0.00  0.96  0.00  0.00  0.01  0.81  0.00
  WS02006242WS02006240    1.00   0.00  0.03  0.00  0.97  0.00  0.01  0.00  0.18  0.00
  WS02006240WS02006239    1.00   0.00  0.00  0.00  0.97  0.00  0.00  0.03  0.01  0.00
  WS02006239WS02006238    1.00   0.00  0.00  0.00  1.00  0.00  0.00  0.00  0.14  0.00
  WS02006238WS02006235    1.00   0.00  0.00  0.00  1.00  0.00  0.00  0.00  0.00  0.00
  WS02006235WS02006234    1.00   0.03  0.00  0.00  0.96  0.00  0.01  0.00  0.00  0.00
  WS02006234WS02006232    1.00   0.00  0.00  0.00  1.00  0.00  0.00  0.00  0.12  0.00
  WS02006232WS02006231    1.00   0.00  0.00  0.00  1.00  0.00  0.00  0.00  0.01  0.00
  WS02006231WS02006230    1.00   0.00  0.00  0.00  0.27  0.00  0.73  0.00  0.00  0.00
  WS02006230WS02006229    1.00   0.00  0.00  0.00  0.99  0.00  0.00  0.01  0.01  0.00
  WS02006228WS02006109    1.00   0.00  0.00  0.00  1.00  0.00  0.00  0.00  0.00  0.00
  WS02006116WS02004401    1.00   0.02  0.00  0.00  0.98  0.00  0.00  0.00  0.00  0.00
  WS02006115WS02006116    1.00   0.02  0.00  0.00  0.97  0.00  0.00  0.02  0.00  0.00
  WS02006113WS02006111    1.00   0.01  0.00  0.00  0.00  0.99  0.00  0.00  0.04  0.00
  WS02006112WS02006115    1.00   0.01  0.01  0.00  0.98  0.00  0.00  0.00  0.00  0.00
  WS02006111WS02006112    1.00   0.01  0.00  0.00  0.99  0.00  0.00  0.00  0.93  0.00
  WS02006110WS02006113    1.00   0.00  0.01  0.00  0.99  0.00  0.00  0.00  0.00  0.00
  WS02006109WS02006110    1.00   0.00  0.00  0.00  1.00  0.00  0.00  0.00  0.00  0.00
  WS02004411WS02004412    1.00   0.04  0.00  0.00  0.96  0.00  0.00  0.00  0.00  0.00
  WS02004401WS02004402    1.00   0.02  0.00  0.00  0.98  0.00  0.00  0.00  0.04  0.00
  WS02004413WS02003067    1.00   0.04  0.01  0.00  0.00  0.00  0.95  0.00  0.00  0.00
  WS02004412WS02004413    1.00   0.04  0.00  0.00  0.96  0.00  0.00  0.00  0.00  0.00
  WS02004410WS02004411    1.00   0.04  0.00  0.00  0.96  0.00  0.00  0.00  0.00  0.00
  WS02004409WS02004410    1.00   0.04  0.00  0.00  0.96  0.00  0.00  0.00  0.00  0.00
  WS02004407WS02004409    1.00   0.04  0.00  0.00  0.96  0.01  0.00  0.00  0.81  0.00
  WS02004406WS02004407    1.00   0.00  0.04  0.00  0.96  0.00  0.00  0.00  0.00  0.00
  WS02004405WS02004406    1.00   0.00  0.00  0.00  1.00  0.00  0.00  0.00  0.04  0.00
  WS02004404WS02004405    1.00   0.00  0.00  0.00  1.00  0.00  0.00  0.00  0.01  0.00
  WS02004403WS02004404    1.00   0.00  0.02  0.00  0.98  0.00  0.00  0.00  0.04  0.00
  WS02004402WS02004403    1.00   0.02  0.00  0.00  0.98  0.00  0.00  0.00  0.00  0.00
  WS02004139WS02001211    1.00   0.00  0.00  0.00  1.00  0.00  0.00  0.00  0.00  0.00
  WS02004138WS02004139    1.00   0.00  0.00  0.00  0.00  0.00  0.00  1.00  0.00  0.00
  WS02003067WS02003066    1.00   0.05  0.00  0.00  0.94  0.00  0.00  0.00  0.00  0.00
  WS02001213WS02003059    1.00   0.00  0.00  0.00  1.00  0.00  0.00  0.00  0.00  0.00
  WS02001212WS02001213    1.00   0.00  0.58  0.00  0.42  0.00  0.00  0.00  0.48  0.00
  WS02001211WS02001212    1.00   0.00  0.00  0.00  1.00  0.00  0.00  0.00  0.51  0.00
  WS02003072WS02003073    1.00   0.00  0.00  0.00  0.00  0.00  0.00  1.00  0.00  0.00
  WS02003069WS02003072    1.00   0.00  0.00  0.00  1.00  0.00  0.00  0.00  0.92  0.00
  WS02003060WS02003069    1.00   0.00  0.00  0.00  0.98  0.02  0.00  0.00  0.82  0.00
  WS02003059WS02003060    1.00   0.00  0.00  0.00  1.00  0.00  0.00  0.00  0.08  0.00
  HS02004901HS02004770    1.00   0.02  0.00  0.00  0.98  0.00  0.00  0.00  0.00  0.00
  HS02004876HS02004881    1.00   0.00  0.00  0.00  0.84  0.16  0.00  0.00  0.00  0.00
  HS02004870HS02004876    1.00   0.00  0.00  0.00  1.00  0.00  0.00  0.00  0.95  0.00
  HS02004842HS02004848    1.00   0.00  0.02  0.00  0.98  0.00  0.00  0.00  0.57  0.00
  HS02004837HS02004842    1.00   0.00  0.00  0.00  1.00  0.00  0.00  0.00  0.11  0.00
  HS02004830HS02004837    1.00   0.00  0.00  0.00  1.00  0.00  0.00  0.00  0.99  0.00
  HS02004824HS02004830    1.00   0.00  0.00  0.00  1.00  0.00  0.00  0.00  0.01  0.00
  HS02004817HS02004824    1.00   0.00  0.00  0.00  1.00  0.00  0.00  0.00  0.95  0.00
  HS02004770HS02004777    1.00   0.00  0.02  0.00  0.98  0.00  0.00  0.00  0.02  0.00
  HS02004799HS02004480    1.00   0.00  0.01  0.00  0.97  0.00  0.02  0.00  0.00  0.00
  HS02004792HS02004799    1.00   0.00  0.00  0.00  1.00  0.00  0.00  0.00  0.98  0.00
  HS02004788HS02004792    1.00   0.00  0.00  0.00  1.00  0.00  0.00  0.00  0.98  0.00
  HS02004785HS02004788    1.00   0.00  0.00  0.00  1.00  0.00  0.00  0.00  0.00  0.00
  HS02004777HS02004785    1.00   0.00  0.00  0.00  1.00  0.00  0.00  0.00  0.11  0.00
  HS02004480HS02004478    1.00   0.02  0.00  0.00  0.67  0.00  0.00  0.31  0.00  0.00
  HS02004479HS02004480    1.00   0.01  0.00  0.00  0.99  0.00  0.00  0.00  0.11  0.00
  HS02004862HS02004870    1.00   0.00  0.00  0.00  1.00  0.00  0.00  0.00  0.03  0.00
  HS02004848HS02004852    1.00   0.02  0.00  0.00  0.98  0.00  0.00  0.00  0.78  0.00
  HS02004856HS02004862    1.00   0.00  0.03  0.00  0.97  0.00  0.00  0.00  0.84  0.00
  HS02004852HS02004856    1.00   0.02  0.00  0.00  0.98  0.00  0.00  0.00  0.79  0.00
  HS02004802HS02004478    1.00   0.02  0.00  0.00  0.98  0.00  0.00  0.00  0.02  0.00
  HS02004478WS02006287    1.00   0.03  0.00  0.00  0.72  0.25  0.00  0.00  0.64  0.00
  HS02004817HS02004807    1.00   0.00  0.02  0.00  0.98  0.00  0.00  0.00  0.01  0.00
  HS02004807HS02004802    1.00   0.02  0.00  0.00  0.98  0.00  0.00  0.00  0.00  0.00
  YS02001759YS02001757    1.00   0.00  0.00  0.00  1.00  0.00  0.00  0.00  0.15  0.00
  YS02001762YS02001759    1.00   0.00  0.00  0.00  1.00  0.00  0.00  0.00  0.02  0.00
  YS02001765YS02001762    1.00   0.00  0.00  0.00  1.00  0.00  0.00  0.00  0.13  0.00
  YS02001770YS02001767    1.00   0.00  0.00  0.00  1.00  0.00  0.00  0.00  0.00  0.00
  YS02001774YS02001770    1.00   0.00  0.02  0.00  0.98  0.00  0.00  0.00  0.02  0.00
  YS02001779YS02001774    1.00   0.00  0.00  0.00  1.00  0.00  0.00  0.00  0.17  0.00
  YS02001649YS02001757    1.00   0.00  0.00  0.00  1.00  0.00  0.00  0.00  0.15  0.00
  YS02001767YS02001765    1.00   0.00  0.00  0.00  1.00  0.00  0.00  0.00  0.00  0.00
  YS02006561YS02001783    1.00   0.03  0.00  0.00  0.33  0.64  0.00  0.00  0.45  0.00
  YS02001783YS02001784    1.00   0.00  0.03  0.00  0.97  0.00  0.00  0.00  0.00  0.00
  YS02001784YS02001785    1.00   0.00  0.00  0.00  1.00  0.00  0.00  0.00  0.16  0.00
  YS02001788YS02001790    1.00   0.00  0.00  0.00  0.33  0.67  0.00  0.00  0.44  0.00
  YS02001790YS02001791    1.00   0.00  0.00  0.00  0.30  0.70  0.00  0.00  0.53  0.00
  YS02001791YS02001793    1.00   0.00  0.00  0.00  0.31  0.69  0.00  0.00  0.01  0.00
  YS02001910YS02001907    1.00   0.00  0.00  0.00  0.99  0.00  0.00  0.01  0.12  0.00
  YS02001786YS02001788    1.00   0.00  0.00  0.00  0.35  0.65  0.00  0.00  0.00  0.00
  YS02001915YS02001910    1.00   0.00  0.00  0.00  0.99  0.01  0.00  0.00  0.13  0.00
  YS02001918YS02001915    1.00   0.00  0.00  0.00  1.00  0.00  0.00  0.00  0.54  0.00
  YS02001923YS02001920    1.00   0.00  0.00  0.00  1.00  0.00  0.00  0.00  0.75  0.00
  YS02001926YS02001923    1.00   0.00  0.01  0.00  0.26  0.00  0.73  0.00  0.00  0.00
  YS02001929YS02001926    1.00   0.00  0.02  0.00  0.98  0.00  0.00  0.00  0.68  0.00
  YS02001920YS02001918    1.00   0.00  0.00  0.00  1.00  0.00  0.00  0.00  0.00  0.00
  YS02001629YS02163301    1.00   0.02  0.00  0.00  0.97  0.00  0.00  0.00  0.00  0.00
  YS02001619YS02001622    1.00   0.02  0.00  0.00  0.98  0.00  0.00  0.00  0.00  0.00
  YS02001622YS02001625    1.00   0.02  0.00  0.00  0.98  0.00  0.00  0.00  0.03  0.00
  YS02001625YS02001629    1.00   0.02  0.01  0.00  0.96  0.00  0.01  0.00  0.00  0.00
  YS02163301YS02001633    1.00   0.00  0.02  0.00  0.98  0.00  0.00  0.00  0.00  0.00
  YS02163601YS02164001    1.00   0.00  0.01  0.00  0.99  0.00  0.00  0.00  0.00  0.00
  YS02164001YS02001641    1.00   0.00  0.01  0.00  0.99  0.00  0.00  0.00  0.05  0.00
  YS02001641YS02001644    1.00   0.00  0.00  0.00  1.00  0.00  0.00  0.00  0.00  0.00
  YS02001647YS02001649    1.00   0.00  0.03  0.00  0.97  0.00  0.00  0.00  0.01  0.00
  YS02006553YS02006556    1.00   0.00  0.00  0.00  1.00  0.00  0.00  0.00  0.03  0.00
  YS02006556YS02006558    1.00   0.00  0.00  0.00  1.00  0.00  0.00  0.00  0.00  0.00
  YSB6556YSB1171          1.00   0.01  0.01  0.00  0.98  0.00  0.00  0.00  0.00  0.00
  YS02001907YS02006553    1.00   0.00  0.00  0.00  0.99  0.00  0.00  0.00  0.00  0.00
  YS02006558YS02006561    1.00   0.03  0.00  0.00  0.27  0.70  0.00  0.00  0.45  0.00
  YS02001633YS02163601    1.00   0.00  0.00  0.00  1.00  0.00  0.00  0.00  0.14  0.00
  YS02001644YS02001647    1.00   0.00  0.03  0.00  0.97  0.00  0.00  0.00  0.00  0.00
  YS02001745YS02001748    1.00   0.00  0.00  0.00  0.94  0.00  0.00  0.06  0.01  0.00
  YS02001748YS02001751    1.00   0.00  0.00  0.00  0.98  0.02  0.00  0.00  0.14  0.00
  YS02001751YS02001754    1.00   0.00  0.00  0.00  0.97  0.00  0.00  0.03  0.02  0.00
  YS02001754YS02001757    1.00   0.00  0.00  0.00  1.00  0.00  0.00  0.00  0.17  0.00
  YS02001882YS02001884    1.00   0.02  0.00  0.00  0.97  0.00  0.00  0.00  0.00  0.00
  YS02001884YS02001887    1.00   0.01  0.01  0.00  0.98  0.00  0.00  0.00  0.00  0.00
  YS02001890YS02001895    1.00   0.00  0.03  0.00  0.97  0.00  0.00  0.00  0.00  0.00
  YS02001895YS02001898    1.00   0.03  0.00  0.00  0.97  0.00  0.01  0.00  0.00  0.00
  YS02001898YS02001901    1.00   0.03  0.00  0.00  0.97  0.00  0.00  0.00  0.01  0.00
  YS02001901YS02001904    1.00   0.03  0.00  0.00  0.97  0.00  0.00  0.00  0.00  0.00
  YS02001904YS02001907    1.00   0.00  0.03  0.00  0.97  0.00  0.00  0.00  0.00  0.00
  YS02001887YS02001890    1.00   0.00  0.00  0.00  0.99  0.00  0.01  0.00  0.00  0.00
  YS02001652YS02001649    1.00   0.00  0.00  0.00  1.00  0.00  0.00  0.00  0.15  0.00
  YS02001655YS02001652    1.00   0.00  0.00  0.00  0.97  0.00  0.00  0.03  0.02  0.00
  YS02001658YS02001655    1.00   0.00  0.02  0.00  0.96  0.02  0.00  0.00  0.02  0.00
  YS02001661YS02001658    1.00   0.02  0.00  0.00  0.94  0.04  0.00  0.00  0.01  0.00
  YS02001664YS02001661    1.00   0.02  0.00  0.00  0.94  0.04  0.00  0.00  0.11  0.00
  YSB1154YSB6556          1.00   0.02  0.00  0.00  0.98  0.00  0.00  0.00  0.01  0.00
  YSB1174YSB1171          1.00   0.01  0.01  0.00  0.98  0.00  0.00  0.00  0.00  0.00
  YSB1171HS02004479       1.00   0.01  0.00  0.00  0.99  0.00  0.00  0.00  0.10  0.00
  HS02004881HS02006253    1.00   0.01  0.00  0.00  0.00  0.00  0.00  0.99  0.00  0.00
  YS02001793JiankangQianchi    1.00   0.00  0.00  0.00  0.37  0.62  0.00  0.00  0.07  0.00
  YS02001757CaochengTiaoxuchi    1.00   0.00  0.04  0.00  0.91  0.05  0.00  0.00  0.00  0.00
  WSF200WS02003060        1.00   0.00  0.06  0.00  0.03  0.91  0.00  0.00  0.59  0.00
  1                       1.00   0.00  0.00  0.00  0.00  1.00  0.00  0.00  0.24  0.00
  
  
  *************************
  Conduit Surcharge Summary
  *************************
  
  ----------------------------------------------------------------------------
                                                           Hours        Hours 
                         --------- Hours Full --------   Above Full   Capacity
  Conduit                Both Ends  Upstream  Dnstream   Normal Flow   Limited
  ----------------------------------------------------------------------------
  WS02006229WS02006228        0.39      0.42      0.39      1.04         0.39
  WS02006256WS02006235        0.01      0.01      6.61      6.57         0.01
  WS02006235WS02006234        0.01      0.01      0.01      0.37         0.01
  WS02006231WS02006230        0.01      0.01      0.01      0.55         0.01
  WS02006230WS02006229        0.63      0.63      0.64      1.50         0.01
  WS02006228WS02006109        0.40      0.52      0.40      1.58         0.40
  WS02006111WS02006112        0.01      0.01      1.41      0.01         0.01
  WS02006110WS02006113        0.01      0.01      0.47      0.01         0.01
  WS02006109WS02006110        0.01      0.01      0.53      0.01         0.01
  WS02004404WS02004405        0.01      0.01      0.01      2.17         0.01
  HS02004876HS02004881        0.01      0.01      0.01      0.34         0.01
  HS02004785HS02004788        0.01      0.01      0.01      0.25         0.01
  HS02004480HS02004478        0.01      0.01      0.01      0.93         0.01
  YS02001759YS02001757        6.30      6.30      6.33      0.01         0.01
  YS02001762YS02001759        6.29      6.29      6.30      0.01         0.01
  YS02001765YS02001762        6.27      6.27      6.29      0.01         0.01
  YS02001770YS02001767        6.26      6.26      6.26      0.42         0.76
  YS02001774YS02001770        6.25      6.25      6.29      0.01         0.01
  YS02001779YS02001774        6.21      6.21      6.29      0.01         0.01
  YS02001649YS02001757        6.29      6.29      6.33      0.01         0.01
  YS02001767YS02001765        6.26      6.26      6.27      0.01         0.01
  YS02006561YS02001783        1.49      1.49      2.04      0.01         0.01
  YS02001783YS02001784        2.03      2.04      2.04      1.97         1.84
  YS02001784YS02001785        1.94      2.04      1.94      2.71         1.94
  YS02001788YS02001790        1.80      1.80      1.88      0.01         0.01
  YS02001790YS02001791        1.88      1.88      1.91      1.46         1.26
  YS02001791YS02001793        1.91      1.91      2.03      0.01         0.01
  YS02001910YS02001907        1.87      1.87      2.21      0.01         0.01
  YS02001786YS02001788        1.80      1.94      1.80      2.38         1.80
  YS02001915YS02001910        1.67      1.67      1.87      0.01         0.01
  YS02001918YS02001915        1.42      1.42      1.67      0.01         0.01
  YS02001923YS02001920        1.24      1.24      1.46      0.01         0.01
  YS02001920YS02001918        1.42      1.42      1.46      0.01         0.01
  YS02001629YS02163301        6.25      6.25      6.26      0.01         0.01
  YS02001619YS02001622        6.16      6.16      6.16      0.01         0.01
  YS02001622YS02001625        6.16      6.16      6.24      0.01         0.01
  YS02001625YS02001629        6.15      6.15      6.24      0.01         0.01
  YS02163301YS02001633        6.26      6.26      6.27      0.01         0.01
  YS02163601YS02164001        6.27      6.27      6.29      0.01         0.01
  YS02164001YS02001641        6.27      6.27      6.27      0.01         0.01
  YS02001641YS02001644        6.27      6.27      6.27      2.14         2.09
  YS02001647YS02001649        6.23      6.23      6.29      0.01         0.01
  YS02006553YS02006556        2.05      2.05      2.27      0.01         0.01
  YS02006556YS02006558        2.13      2.13      2.33      0.01         0.01
  YS02001907YS02006553        2.73      2.73      2.93      0.01         0.01
  YS02006558YS02006561        1.70      2.02      1.70      2.60         1.70
  YS02001633YS02163601        6.27      6.27      6.29      0.01         0.01
  YS02001644YS02001647        6.23      6.23      6.27      0.01         0.01
  YS02001745YS02001748        0.01      0.01      6.08      0.01         0.01
  YS02001748YS02001751        6.11      6.11      6.15      0.01         0.01
  YS02001751YS02001754        6.15      6.15      6.21      0.01         0.01
  YS02001754YS02001757        6.22      6.22      6.33      0.01         0.01
  YS02001882YS02001884        1.68      1.68      1.71      0.01         0.01
  YS02001884YS02001887        1.77      1.77      1.80      0.01         0.01
  YS02001890YS02001895        1.65      1.65      1.89      0.01         0.01
  YS02001895YS02001898        1.63      1.63      1.65      0.01         0.01
  YS02001898YS02001901        1.66      1.66      1.76      0.01         0.01
  YS02001901YS02001904        1.74      1.74      1.76      0.01         0.01
  YS02001904YS02001907        1.74      1.74      2.30      0.01         0.01
  YS02001887YS02001890        1.83      1.83      1.85      0.01         0.01
  YS02001652YS02001649        6.23      6.23      6.29      0.01         0.01
  YS02001655YS02001652        6.16      6.16      6.22      0.01         0.01
  YS02001658YS02001655        6.10      6.10      6.16      0.01         0.01
  YS02001661YS02001658        0.23      0.23      6.10      0.01         0.01
  YS02001664YS02001661        0.01      0.01      1.85      0.01         0.01
  YS02001793JiankangQianchi        2.00      2.00      2.53      0.01         0.01
  YS02001757CaochengTiaoxuchi        5.75      5.75      6.33      0.01         0.01
  
  
  ***************
  Pumping Summary
  ***************
  
  ---------------------------------------------------------------------------------------------------------
                                                  Min       Avg       Max     Total     Power    % Time Off
                        Percent   Number of      Flow      Flow      Flow    Volume     Usage    Pump Curve
  Pump                 Utilized   Start-Ups       LPS       LPS       LPS  10^6 ltr     Kw-hr    Low   High
  ---------------------------------------------------------------------------------------------------------
  CC-Pump-1                0.00           0      0.00      0.00      0.00     0.000      0.00    0.0    0.0
  CC-Pump-2               80.68           1      0.00    199.43    200.00     4.622      4.36    0.0    6.0
  JK-Pump-1                0.00           0      0.00      0.00      0.00     0.000      0.00    0.0    0.0
  JK-Pump-2              100.00           1      0.00    396.29    683.00     9.721    131.22    0.0   98.3
  XR-Pump-1              100.00           1      0.00     95.00     95.00     2.736     16.11    0.0    0.0
  XR-Pump-2                0.00           0      0.00      0.00      0.00     0.000      0.00    0.0    0.0
  XR-Pump-3              100.00           1      0.00     95.00     95.00     2.736     16.11    0.0    0.0
  XR-Pump-4                0.00           0      0.00      0.00      0.00     0.000      0.00    0.0    0.0
  
  
  ***************************
  Link Pollutant Load Summary
  ***************************
  
  ------------------------------------------------------------------------------------------
                                 COD            SS            TN            TP         NH4-N
  Link                            kg            kg            kg            kg            kg
  ------------------------------------------------------------------------------------------
  WS02003066WSF200           365.867       699.672        10.879         1.034         5.887
  WS02006287WS02006284       370.365       711.056        11.375         1.097         6.200
  WS02006284WS02006280       370.882       711.882        11.424         1.104         6.230
  WS02006280WS02006229       370.856       711.836        11.422         1.103         6.229
  WS02006229WS02006228       356.130       679.255        11.022         1.064         6.015
  WS02006256WS02006235       324.609       618.047         6.410         0.465         3.144
  WS02006253WS02006251        63.118       126.271         1.323         0.095         0.645
  WS02006252WS02006251       448.699       845.621         8.633         0.590         4.152
  WS02006251WS02006249        77.394       147.021         1.510         0.104         0.728
  WS02006249WS02006248        77.167       146.599         1.504         0.104         0.725
  WS02006248WS02006247        77.084       146.450         1.503         0.104         0.724
  WS02006247WS02006245        76.912       146.132         1.499         0.103         0.723
  WS02006245WS02006243        76.707       145.751         1.494         0.103         0.721
  WS02006243WS02006242        76.562       145.490         1.492         0.103         0.719
  WS02006242WS02006240        76.283       144.977         1.486         0.103         0.716
  WS02006240WS02006239        76.041       144.524         1.481         0.102         0.714
  WS02006239WS02006238        75.768       144.015         1.475         0.102         0.711
  WS02006238WS02006235        75.820       144.120         1.476         0.102         0.712
  WS02006235WS02006234        56.533       110.604         1.218         0.096         0.610
  WS02006234WS02006232        57.133       111.785         1.232         0.098         0.617
  WS02006232WS02006231        57.997       113.485         1.252         0.099         0.627
  WS02006231WS02006230        58.460       114.395         1.263         0.100         0.633
  WS02006230WS02006229        60.458       118.324         1.310         0.104         0.656
  WS02006228WS02006109       355.357       678.011        10.949         1.055         5.970
  WS02006116WS02004401       373.814       712.385        11.603         1.124         6.338
  WS02006115WS02006116       374.501       713.460        11.677         1.133         6.385
  WS02006113WS02006111       362.288       689.098        11.620         1.139         6.390
  WS02006112WS02006115       375.149       714.511        11.734         1.140         6.420
  WS02006111WS02006112       362.010       688.678        11.588         1.134         6.369
  WS02006110WS02006113       362.433       689.327        11.634         1.140         6.398
  WS02006109WS02006110       363.201       690.551        11.706         1.149         6.443
  WS02004411WS02004412       367.723       702.557        11.056         1.056         5.998
  WS02004401WS02004402       372.893       710.890        11.523         1.114         6.289
  WS02004413WS02003067       366.406       700.577        10.921         1.039         5.913
  WS02004412WS02004413       367.011       701.426        10.988         1.048         5.955
  WS02004410WS02004411       368.192       703.308        11.102         1.062         6.026
  WS02004409WS02004410       368.524       703.819        11.137         1.067         6.048
  WS02004407WS02004409       368.820       704.302        11.165         1.070         6.066
  WS02004406WS02004407       368.949       704.525        11.176         1.071         6.073
  WS02004405WS02004406       370.660       707.258        11.332         1.091         6.170
  WS02004404WS02004405       371.402       708.413        11.413         1.101         6.221
  WS02004403WS02004404       371.102       707.998        11.364         1.095         6.190
  WS02004402WS02004403       371.945       709.359        11.437         1.104         6.235
  WS02004139WS02001211        81.585       139.094         6.148         0.747         3.781
  WS02004138WS02004139       754.220      1260.922        59.716         7.265        36.740
  WS02003067WS02003066       365.853       699.628        10.881         1.035         5.889
  WS02001213WS02003059        33.857        62.811         1.545         0.171         0.903
  WS02001212WS02001213        30.973        58.333         1.246         0.134         0.716
  WS02001211WS02001212        30.381        57.102         1.243         0.134         0.716
  WS02003072WS02003073       449.117       822.959        20.827         2.303        12.177
  WS02003069WS02003072       450.232       824.597        20.957         2.320        12.259
  WS02003060WS02003069       448.508       821.832        20.793         2.299        12.156
  WS02003059WS02003060        38.031        70.873         1.663         0.182         0.966
  HS02004901HS02004770        15.670        30.623         0.297         0.022         0.140
  HS02004876HS02004881        53.708       107.313         1.163         0.085         0.570
  HS02004870HS02004876        40.719        81.225         0.926         0.068         0.457
  HS02004842HS02004848         7.748        14.977         0.160         0.011         0.074
  HS02004837HS02004842        12.377        22.331         0.630         0.070         0.369
  HS02004830HS02004837        75.991       134.014         4.827         0.571         2.928
  HS02004824HS02004830        76.776       135.279         4.901         0.580         2.975
  HS02004817HS02004824       107.390       197.340         5.522         0.619         3.276
  HS02004770HS02004777        59.669       118.067         1.224         0.084         0.567
  HS02004799HS02004480       193.028       372.413         4.884         0.426         2.508
  HS02004792HS02004799       175.545       336.592         4.603         0.411         2.381
  HS02004788HS02004792        97.093       186.543         2.972         0.278         1.588
  HS02004785HS02004788        61.119       120.380         1.375         0.103         0.662
  HS02004777HS02004785        60.427       119.269         1.312         0.095         0.622
  HS02004480HS02004478       242.387       470.680         5.718         0.486         2.903
  HS02004479HS02004480        52.962       104.063         1.146         0.099         0.588
  HS02004862HS02004870        30.806        60.588         0.730         0.057         0.363
  HS02004848HS02004852        12.610        24.655         0.257         0.018         0.119
  HS02004856HS02004862        21.032        41.954         0.419         0.028         0.197
  HS02004852HS02004856        12.620        24.672         0.257         0.018         0.119
  HS02004802HS02004478       128.898       241.878         5.722         0.619         3.337
  HS02004478WS02006287       370.547       711.351        11.392         1.100         6.210
  HS02004817HS02004807       106.085       195.268         5.390         0.603         3.193
  HS02004807HS02004802       129.104       242.200         5.755         0.623         3.358
  YS02001759YS02001757       430.876       806.291         8.469         0.589         4.129
  YS02001762YS02001759       204.498       382.644         4.236         0.297         2.087
  YS02001765YS02001762       205.335       385.047         4.270         0.300         2.107
  YS02001770YS02001767       207.032       390.714         4.125         0.276         2.004
  YS02001774YS02001770       305.637       594.457         5.905         0.393         2.855
  YS02001779YS02001774       304.640       592.536         5.959         0.402         2.894
  YS02001649YS02001757       390.017       721.803         7.656         0.533         3.673
  YS02001767YS02001765       206.755       388.543         4.312         0.304         2.129
  YS02006561YS02001783      1178.400      2207.217        24.390         1.810        12.096
  YS02001783YS02001784      1178.275      2207.018        24.385         1.809        12.094
  YS02001784YS02001785      1185.789      2219.085        25.113         1.900        12.549
  YS02001788YS02001790      1186.403      2220.099        25.185         1.910        12.595
  YS02001790YS02001791      1187.491      2221.948        25.286         1.922        12.658
  YS02001791YS02001793      1187.401      2221.790        25.281         1.922        12.655
  YS02001910YS02001907       469.494       874.143        10.925         0.820         5.555
  YS02001786YS02001788      1186.035      2219.532        25.141         1.904        12.567
  YS02001915YS02001910       469.553       874.233        10.882         0.814         5.527
  YS02001918YS02001915       227.018       404.864         5.927         0.525         3.154
  YS02001923YS02001920       204.074       367.053         3.899         0.275         1.894
  YS02001926YS02001923       202.701       364.755         3.812         0.265         1.841
  YS02001929YS02001926       202.205       363.912         3.772         0.260         1.816
  YS02001920YS02001918       224.646       400.078         5.854         0.519         3.115
  YS02001629YS02163301        95.617       169.976         2.020         0.131         0.944
  YS02001619YS02001622       212.670       392.221         4.330         0.285         2.028
  YS02001622YS02001625       211.560       390.474         4.303         0.283         2.015
  YS02001625YS02001629        95.694       170.095         2.024         0.131         0.945
  YS02163301YS02001633        96.774       172.051         2.038         0.133         0.953
  YS02163601YS02164001       471.658       860.654         9.122         0.653         4.375
  YS02164001YS02001641       471.472       860.337         9.108         0.652         4.367
  YS02001641YS02001644       472.259       861.642         9.116         0.652         4.370
  YS02001647YS02001649       468.857       870.515         9.204         0.642         4.395
  YS02006553YS02006556       779.824      1448.810        16.520         1.255         8.281
  YS02006556YS02006558       779.901      1448.946        16.485         1.250         8.258
  YSB6556YSB1171              30.686        60.482         0.607         0.050         0.305
  YS02001907YS02006553       779.863      1448.896        16.543         1.258         8.296
  YS02006558YS02006561      1178.412      2207.231        24.390         1.810        12.097
  YS02001633YS02163601       472.255       861.573         9.099         0.649         4.357
  YS02001644YS02001647       476.139       884.243         9.330         0.652         4.455
  YS02001745YS02001748       292.737       554.700         5.802         0.360         2.784
  YS02001748YS02001751       292.047       553.533         5.810         0.362         2.793
  YS02001751YS02001754       291.129       552.036         5.794         0.362         2.786
  YS02001754YS02001757       291.979       553.328         5.962         0.384         2.894
  YS02001882YS02001884         3.898         6.884         0.075         0.006         0.037
  YS02001884YS02001887         6.998        12.586         0.134         0.010         0.066
  YS02001890YS02001895       551.032      1044.975        10.133         0.764         4.942
  YS02001895YS02001898       550.888      1044.803        10.127         0.763         4.938
  YS02001898YS02001901       550.680      1044.400        10.123         0.763         4.936
  YS02001901YS02001904       550.475      1044.116        10.128         0.764         4.940
  YS02001904YS02001907       550.730      1044.473        10.183         0.771         4.976
  YS02001887YS02001890       556.438      1055.277        10.268         0.776         5.014
  YS02001652YS02001649       241.803       454.858         4.816         0.348         2.262
  YS02001655YS02001652       242.178       455.489         4.827         0.349         2.267
  YS02001658YS02001655       241.534       454.506         4.735         0.337         2.208
  YS02001661YS02001658       241.921       455.192         4.743         0.337         2.212
  YS02001664YS02001661       265.690       493.996         5.290         0.374         2.462
  YSB1154YSB6556              30.267        59.813         0.560         0.044         0.275
  YSB1174YSB1171              20.761        41.152         0.408         0.033         0.202
  YSB1171HS02004479           52.894       103.943         1.150         0.099         0.591
  HS02004881HS02006253        60.307       120.727         1.287         0.093         0.630
  YS02001793JiankangQianchi      1187.481      2221.953        25.281         1.922        12.654
  YS02001757CaochengTiaoxuchi       746.759      1391.781        14.695         1.005         7.093
  WSF200WS02003060           365.716       699.392        10.870         1.033         5.882
  1                          461.063       841.734        22.027         2.454        12.929
  CC-Pump-1                    0.000         0.000         0.000         0.000         0.000
  CC-Pump-2                  448.734       845.685         8.634         0.590         4.152
  JK-Pump-1                    0.000         0.000         0.000         0.000         0.000
  JK-Pump-2                  791.952      1506.869        15.657         1.137         7.681
  XR-Pump-1                  377.534       631.159        29.894         3.637        18.392
  XR-Pump-2                    0.000         0.000         0.000         0.000         0.000
  XR-Pump-3                  377.534       631.159        29.894         3.637        18.392
  XR-Pump-4                    0.000         0.000         0.000         0.000         0.000
  3                          434.834       825.500         8.497         0.588         4.101
  5                          414.440       793.567         8.238         0.601         4.039
  6                          837.777      1403.181        66.052         8.035        40.638
  

  Analysis begun on:  Thu Jul  8 15:21:57 2021
  Analysis ended on:  Thu Jul  8 15:22:02 2021
  Total elapsed time: 00:00:05