
  EPA STORM WATER MANAGEMENT MODEL - VERSION 5.1 (Build 5.3.0.dev0)
  --------------------------------------------------------------

  WARNING 04: minimum elevation drop used for Conduit WS02004404WS02004405
  WARNING 03: negative offset ignored for Link YS02001904YS02001907
  
  *********************************************************
  NOTE: The summary statistics displayed in this report are
  based on results found at every computational time step,  
  not just on results from each reporting time step.
  *********************************************************
  
  ****************
  Analysis Options
  ****************
  Flow Units ............... LPS
  Process Models:
    Rainfall/Runoff ........ YES
    RDII ................... NO
    Snowmelt ............... NO
    Groundwater ............ NO
    Flow Routing ........... YES
    Ponding Allowed ........ NO
    Water Quality .......... YES
  Infiltration Method ...... HORTON
  Flow Routing Method ...... DYNWAVE
  Surcharge Method ......... EXTRAN
  Starting Date ............ 08/28/2015 08:00:00
  Ending Date .............. 08/28/2015 16:00:00
  Antecedent Dry Days ...... 8.0
  Report Time Step ......... 00:01:00
  Wet Time Step ............ 00:01:00
  Dry Time Step ............ 00:01:00
  Routing Time Step ........ 5.00 sec
  Variable Time Step ....... YES
  Maximum Trials ........... 8
  Number of Threads ........ 4
  Head Tolerance ........... 0.001500 m
  
  
  **************************        Volume         Depth
  Runoff Quantity Continuity     hectare-m            mm
  **************************     ---------       -------
  Total Precipitation ......         8.152        17.848
  Evaporation Loss .........         0.000         0.000
  Infiltration Loss ........         1.241         2.717
  Surface Runoff ...........         5.883        12.881
  Final Storage ............         1.029         2.253
  Continuity Error (%) .....        -0.016
  
  
  **************************           COD            SS            TN            TP         NH4-N
  Runoff Quality Continuity             kg            kg            kg            kg            kg
  **************************    ----------    ----------    ----------    ----------    ----------
  Initial Buildup ..........     41378.656     70582.865      1804.177       168.684      1032.807
  Surface Buildup ..........        33.820        71.828         2.541         0.228         1.448
  Wet Deposition ...........         0.000         0.000         0.000         0.000         0.000
  Sweeping Removal .........         0.000         0.000         0.000         0.000         0.000
  Infiltration Loss ........       137.453       267.385         2.641         0.189         1.266
  BMP Removal ..............         0.000         0.000         0.000         0.000         0.000
  Surface Runoff ...........      6204.908     11994.745       119.633         8.324        57.127
  Remaining Buildup ........     35067.569     58387.548      1684.393       160.395       975.838
  Continuity Error (%) .....         0.006         0.007         0.003         0.002         0.002
  
  
  **************************        Volume        Volume
  Flow Routing Continuity        hectare-m      10^6 ltr
  **************************     ---------     ---------
  Dry Weather Inflow .......         0.630         6.296
  Wet Weather Inflow .......         5.882        58.822
  Groundwater Inflow .......         0.000         0.000
  RDII Inflow ..............         0.000         0.000
  External Inflow ..........         0.105         1.045
  External Outflow .........         2.593        25.928
  Flooding Loss ............         3.938        39.376
  Evaporation Loss .........         0.000         0.000
  Exfiltration Loss ........         0.000         0.000
  Initial Stored Volume ....         0.076         0.761
  Final Stored Volume ......         0.527         5.269
  Continuity Error (%) .....        -5.453
  
  
  **************************           COD            SS            TN            TP         NH4-N
  Quality Routing Continuity            kg            kg            kg            kg            kg
  **************************    ----------    ----------    ----------    ----------    ----------
  Dry Weather Inflow .......      1573.993      2518.389       151.103        18.888        94.440
  Wet Weather Inflow .......      6204.643     11994.447       119.625         8.324        57.124
  Groundwater Inflow .......         0.000         0.000         0.000         0.000         0.000
  RDII Inflow ..............         0.000         0.000         0.000         0.000         0.000
  External Inflow ..........       187.321       299.713        17.983         2.248        11.239
  External Outflow .........      2653.042      4888.313       112.417        12.049        64.953
  Flooding Loss ............      4484.079      8496.086       145.264        14.312        80.394
  Exfiltration Loss ........         0.000         0.000         0.000         0.000         0.000
  Mass Reacted .............         0.000         0.000         0.000         0.000         0.000
  Initial Stored Mass ......         0.000         0.000         0.000         0.000         0.000
  Final Stored Mass ........       443.956       765.628        20.534         2.205        11.924
  Continuity Error (%) .....         4.832         4.473         3.635         3.031         3.398
  
  
  *************************
  Highest Continuity Errors
  *************************
  Node JK-storage (-29.05%)
  Node HS02004842 (10.39%)
  Node YS02001884 (7.91%)
  Node WS02003059 (5.57%)
  Node HS02004817 (2.01%)
  
  
  ***************************
  Time-Step Critical Elements
  ***************************
  Link YS02001793JiankangQianchi (52.24%)
  Link WS02006280WS02006229 (22.26%)
  Link YS02006556YS02006558 (4.33%)
  Link WS02006256WS02006235 (2.06%)
  Link WS02006252WS02006251 (2.06%)
  
  
  ********************************
  Highest Flow Instability Indexes
  ********************************
  Link WS02006252WS02006251 (39)
  Link YS02163601YS02164001 (38)
  Link YS02001629YS02163301 (35)
  Link YS02164001YS02001641 (35)
  Link YS02001619YS02001622 (35)
  
  
  *************************
  Routing Time Step Summary
  *************************
  Minimum Time Step           :     0.50 sec
  Average Time Step           :     2.01 sec
  Maximum Time Step           :     5.00 sec
  Percent in Steady State     :    -0.00
  Average Iterations per Step :     4.22
  Percent Not Converging      :    19.64
  
  
  ***************************
  Subcatchment Runoff Summary
  ***************************
  
  ------------------------------------------------------------------------------------------------------------------------------
                            Total      Total      Total      Total     Imperv       Perv      Total       Total     Peak  Runoff
                           Precip      Runon       Evap      Infil     Runoff     Runoff     Runoff      Runoff   Runoff   Coeff
  Subcatchment                 mm         mm         mm         mm         mm         mm         mm    10^6 ltr      LPS
  ------------------------------------------------------------------------------------------------------------------------------
  sub0                      17.85       0.00       0.00       0.67      16.55       0.58      17.13        0.01     3.81   0.960
  sub1                      17.85       0.00       0.00       1.18      15.79       0.79      16.58        0.11    27.37   0.929
  sub2                      17.85       0.00       0.00       5.01      11.16       1.59      12.75        0.12    27.59   0.715
  sub3                      17.85       0.00       0.00       5.26      11.12       1.35      12.47        0.28    61.86   0.699
  sub4                      17.85       0.00       0.00       1.31      15.63       0.65      16.28        0.34    72.98   0.912
  sub5                      17.85       0.00       0.00       0.72      16.50       0.53      17.04        0.19    47.67   0.955
  sub7                      17.85       0.00       0.00       0.91      16.18       0.70      16.88        0.06    14.88   0.946
  sub8                      17.85       0.00       0.00       0.92      16.17       0.69      16.86        0.11    27.61   0.945
  sub9                      17.85       0.00       0.00       0.92      16.17       0.69      16.85        0.08    20.69   0.944
  sub10                     17.85       0.00       0.00       0.82      16.33       0.61      16.94        0.19    46.71   0.949
  sub11                     17.85       0.00       0.00       0.81      16.35       0.62      16.97        0.20    50.80   0.951
  sub12                     17.85       0.00       0.00       1.31      15.48       1.01      16.49        0.14    39.23   0.924
  sub14                     17.85       0.00       0.00       0.92      16.17       0.68      16.85        0.16    40.81   0.944
  sub15                     17.85       0.00       0.00       3.65      12.43       1.71      14.14        0.24    60.75   0.792
  sub16                     17.85       0.00       0.00       3.79      11.92       2.10      14.02        0.15    39.10   0.785
  sub17                     17.85       0.00       0.00       3.70      12.09       2.02      14.11        0.12    31.99   0.791
  sub22                     17.85       0.00       0.00       5.47      10.13       2.20      12.34        0.78   194.91   0.691
  sub23                     17.85       0.00       0.00       4.51      11.20       2.10      13.30        0.63   162.21   0.745
  sub60                     17.85       0.00       0.00       1.83      13.68       0.31      13.99        4.24   569.59   0.784
  sub61                     17.85       0.00       0.00       2.59      13.61       0.44      14.05        4.33   659.40   0.787
  sub62                     17.85       0.00       0.00       1.12      14.89       0.31      15.20        4.67   684.34   0.852
  sub63                     17.85       0.00       0.00       4.65      11.83       0.52      12.35        3.74   596.69   0.692
  sub64                     17.85       0.00       0.00       2.36      13.15       0.32      13.47        4.10   545.52   0.755
  sub65                     17.85       0.00       0.00       2.01      13.39       0.31      13.70        4.21   555.85   0.768
  sub66                     17.85       0.00       0.00       4.81      11.20       0.36      11.56        3.55   490.57   0.648
  sub67                     17.85       0.00       0.00       1.06      15.45       0.37      15.82        4.88   805.18   0.887
  sub68                     17.85       0.00       0.00       2.05      14.25       0.44      14.69        4.52   710.45   0.823
  sub69                     17.85       0.00       0.00       2.10      14.55       0.58      15.13        3.54   634.05   0.848
  sub70                     17.85      15.45       0.00       8.88      20.37       2.44      22.81        5.22   722.50   0.685
  sub71                     17.85       0.00       0.00       1.14      14.61       0.29      14.90        3.52   492.54   0.835
  sub72                     17.85       0.00       0.00       1.08      12.35       0.17      12.52        2.55   269.79   0.701
  1                         17.85      22.21       0.00       1.40      24.09       7.83      31.92        7.50   745.49   0.797
  2                         17.85       0.00       0.00       3.09       4.32       3.45       7.76        3.11   393.62   0.435
  
  
  ****************************
  Subcatchment Washoff Summary
  ****************************
  
  ------------------------------------------------------------------------------------------
                                 COD            SS            TN            TP         NH4-N
  Subcatchment                    kg            kg            kg            kg            kg
  ------------------------------------------------------------------------------------------
  sub0                         3.926         7.712         0.070         0.006         0.034
  sub1                        17.076        34.688         0.324         0.023         0.156
  sub2                        11.385        22.732         0.237         0.016         0.109
  sub3                        27.996        55.509         0.571         0.039         0.266
  sub4                        39.740        82.076         0.785         0.049         0.378
  sub5                        38.865        77.656         0.710         0.055         0.346
  sub7                         8.556        17.584         0.164         0.011         0.079
  sub8                        12.750        26.861         0.255         0.015         0.123
  sub9                        10.975        22.785         0.214         0.014         0.103
  sub10                       31.883        64.555         0.596         0.043         0.289
  sub11                       30.776        62.970         0.585         0.041         0.283
  sub12                       26.574        53.312         0.492         0.038         0.239
  sub14                       23.557        48.425         0.451         0.031         0.219
  sub15                       32.754        65.148         0.633         0.047         0.300
  sub16                       21.302        42.277         0.408         0.031         0.193
  sub17                       19.567        38.477         0.367         0.029         0.174
  sub22                      106.682       209.084         2.029         0.155         0.956
  sub23                       60.157       121.776         1.261         0.085         0.584
  sub60                      395.412       767.368         7.784         0.491         3.742
  sub61                      492.038       950.291         9.165         0.642         4.427
  sub62                      501.521       983.644         9.738         0.633         4.691
  sub63                      367.776       700.637         7.268         0.520         3.400
  sub64                      506.410       949.063         9.322         0.690         4.471
  sub65                      516.823       972.216         9.569         0.696         4.596
  sub66                      290.926       550.335         5.856         0.391         2.753
  sub67                      744.359      1443.175        13.521         1.012         6.561
  sub68                      535.415      1043.042        10.218         0.705         4.905
  sub69                      477.969       938.754         8.998         0.645         4.325
  sub70                      849.097      1668.802        17.053         1.212         8.069
  sub71                      329.845       653.213         6.686         0.398         3.209
  sub72                      278.362       513.895         5.174         0.361         2.495
  1                          648.654      1281.437        13.202         0.938         6.192
  2                           72.845       132.802         1.979         0.121         0.851
  ------------------------------------------------------------------------------------------
  System                    7531.974     14602.301       145.683        10.181        69.521
  
  
  ******************
  Node Depth Summary
  ******************
  
  ---------------------------------------------------------------------------------
                                 Average  Maximum  Maximum  Time of Max    Reported
                                   Depth    Depth      HGL   Occurrence   Max Depth
  Node                 Type       Meters   Meters   Meters  days hr:min      Meters
  ---------------------------------------------------------------------------------
  WS02001211           JUNCTION     0.25     0.35     5.19     0  02:42        0.35
  WS02001212           JUNCTION     0.04     0.18     5.24     0  02:41        0.18
  WS02001213           JUNCTION     0.36     0.53     5.30     0  02:41        0.53
  WS02003069           JUNCTION     0.21     0.41     4.99     0  02:40        0.41
  WS02003072           JUNCTION     0.27     0.48     4.85     0  02:41        0.48
  WS02003073           JUNCTION     0.15     0.28     4.35     0  02:42        0.28
  WS02003060           JUNCTION     0.19     0.37     5.30     0  02:39        0.37
  WS02003066           JUNCTION     0.16     0.31     5.86     0  02:39        0.31
  WS02003059           JUNCTION     0.43     0.61     5.30     0  02:40        0.61
  WS02003067           JUNCTION     0.43     0.72     6.04     0  02:38        0.72
  WS02004401           JUNCTION     0.51     0.92     6.92     0  02:35        0.91
  WS02004402           JUNCTION     0.55     0.96     6.92     0  02:36        0.95
  WS02004403           JUNCTION     0.57     0.99     6.92     0  02:35        0.97
  WS02004404           JUNCTION     0.64     1.26     7.11     0  02:35        1.05
  WS02004406           JUNCTION     0.65     0.99     6.82     0  02:37        0.98
  WS02004409           JUNCTION     0.32     0.70     6.47     0  02:38        0.70
  WS02004410           JUNCTION     0.34     0.71     6.43     0  02:38        0.71
  WS02004411           JUNCTION     0.36     0.72     6.40     0  02:38        0.71
  WS02004412           JUNCTION     0.38     0.72     6.36     0  02:38        0.72
  WS02004413           JUNCTION     0.53     0.88     6.35     0  02:39        0.88
  WS02004405           JUNCTION     0.64     1.05     6.90     0  02:36        1.02
  WS02006109           JUNCTION     0.57     0.99     7.60     0  02:34        0.98
  WS02006110           JUNCTION     0.58     0.93     7.51     0  02:34        0.93
  WS02006111           JUNCTION     0.15     0.29     7.00     0  02:34        0.29
  WS02006112           JUNCTION     0.66     1.14     7.02     0  02:36        1.10
  WS02006113           JUNCTION     0.22     0.46     7.35     0  02:33        0.46
  WS02006115           JUNCTION     0.40     0.82     6.96     0  02:36        0.81
  WS02006116           JUNCTION     0.48     0.90     6.94     0  02:36        0.89
  WS02006230           JUNCTION     0.47     0.94     7.69     0  02:34        0.94
  WS02006231           JUNCTION     0.23     0.53     7.65     0  02:34        0.53
  WS02006232           JUNCTION     0.32     0.60     7.64     0  02:34        0.60
  WS02006234           JUNCTION     0.20     0.42     7.57     0  02:34        0.42
  WS02006235           JUNCTION     0.20     0.32     7.49     0  02:35        0.32
  WS02006238           JUNCTION     0.24     0.35     7.49     0  02:35        0.35
  WS02006240           JUNCTION     0.20     0.27     7.56     0  02:36        0.27
  WS02006242           JUNCTION     0.27     0.35     7.62     0  02:36        0.35
  WS02006243           JUNCTION     0.17     0.23     7.65     0  02:36        0.23
  WS02006245           JUNCTION     0.19     0.25     7.74     0  02:35        0.25
  WS02006247           JUNCTION     0.22     0.29     7.79     0  02:34        0.29
  WS02006248           JUNCTION     0.18     0.24     7.82     0  02:33        0.24
  WS02006249           JUNCTION     0.22     0.28     7.88     0  02:33        0.28
  WS02006239           JUNCTION     0.21     0.31     7.52     0  02:36        0.31
  WS02006251           JUNCTION     0.20     0.27     7.94     0  02:33        0.27
  WS02006252           JUNCTION     0.52     0.59     8.84     0  05:48        0.59
  WS02006253           JUNCTION     0.25     0.38     8.02     0  02:32        0.38
  WS02006256           JUNCTION     2.14     2.35     9.28     0  00:00        2.35
  WS02004138           JUNCTION     0.14     0.14     7.39     0  00:00        0.14
  WS02004139           JUNCTION     0.16     0.19     5.10     0  02:43        0.19
  WS02004407           JUNCTION     0.15     0.31     6.62     0  02:37        0.31
  WS02006228           JUNCTION     0.55     1.03     7.68     0  02:35        1.02
  WS02006229           JUNCTION     0.52     1.02     7.71     0  02:33        1.02
  WS02006280           JUNCTION     0.10     0.27     8.55     0  02:33        0.27
  WS02006284           JUNCTION     0.41     0.67     9.07     0  02:33        0.67
  WS02006287           JUNCTION     0.14     0.42     9.37     0  02:33        0.42
  WSF200               JUNCTION     0.14     0.30     5.53     0  02:38        0.30
  HS02004901           JUNCTION     0.16     0.39    10.22     0  02:31        0.39
  HS02004881           JUNCTION     0.02     0.06     9.08     0  02:32        0.06
  HS02004876           JUNCTION     0.06     0.17     9.20     0  02:32        0.17
  HS02004870           JUNCTION     0.03     0.10     9.39     0  02:33        0.10
  HS02004862           JUNCTION     0.03     0.12     9.50     0  02:33        0.12
  HS02004856           JUNCTION     0.09     0.16     9.58     0  02:33        0.16
  HS02004852           JUNCTION     0.02     0.08     9.59     0  02:33        0.08
  HS02004848           JUNCTION     0.02     0.07     9.67     0  02:33        0.07
  HS02004842           JUNCTION     0.34     0.41     9.68     0  02:33        0.41
  HS02004837           JUNCTION     0.04     0.09     9.67     0  02:33        0.09
  HS02004830           JUNCTION     0.05     0.12     9.59     0  02:34        0.12
  HS02004824           JUNCTION     0.04     0.16     9.56     0  02:33        0.16
  HS02004817           JUNCTION     0.47     0.72     9.57     0  02:33        0.72
  HS02004807           JUNCTION     0.16     0.39     9.56     0  02:33        0.39
  HS02004802           JUNCTION     0.20     0.42     9.55     0  02:33        0.42
  HS02004799           JUNCTION     0.18     0.49     9.71     0  02:32        0.49
  HS02004792           JUNCTION     0.06     0.23     9.76     0  02:32        0.23
  HS02004788           JUNCTION     0.05     0.17    10.07     0  02:32        0.17
  HS02004785           JUNCTION     0.08     0.26    10.16     0  02:32        0.26
  HS02004777           JUNCTION     0.18     0.41    10.20     0  02:32        0.41
  HS02004770           JUNCTION     0.16     0.38    10.22     0  02:32        0.38
  HS02004480           JUNCTION     0.13     0.41     9.65     0  02:32        0.40
  HS02004479           JUNCTION     0.16     0.44     9.65     0  02:32        0.44
  HS02004478           JUNCTION     0.10     0.30     9.53     0  02:33        0.30
  YS02001745           JUNCTION     0.68     1.00     8.52     0  03:01        1.00
  YS02001748           JUNCTION     1.05     1.43     8.50     0  02:55        1.42
  YS02001751           JUNCTION     1.22     1.61     8.48     0  02:54        1.60
  YS02001754           JUNCTION     1.46     1.86     8.47     0  02:54        1.86
  YS02001762           JUNCTION     1.66     2.06     8.46     0  02:54        2.05
  YS02001765           JUNCTION     1.61     2.01     8.46     0  02:54        2.00
  YS02001767           JUNCTION     1.58     1.96     8.45     0  02:55        1.96
  YS02001770           JUNCTION     1.57     1.95     8.44     0  02:54        1.95
  YS02001774           JUNCTION     1.64     2.00     8.42     0  02:54        1.99
  YS02001779           JUNCTION     1.38     1.68     8.37     0  02:21        1.68
  YS02001882           JUNCTION     0.71     1.64     8.36     0  02:41        1.64
  YS02001884           JUNCTION     0.81     1.75     8.37     0  02:40        1.74
  YS02001759           JUNCTION     1.69     2.10     8.46     0  02:55        2.09
  YS02001887           JUNCTION     0.88     1.82     8.36     0  02:43        1.82
  YS02001890           JUNCTION     0.91     1.81     8.32     0  02:22        1.81
  YS02001898           JUNCTION     0.68     1.56     8.30     0  02:32        1.56
  YS02001901           JUNCTION     0.79     1.68     8.29     0  02:32        1.67
  YS02001904           JUNCTION     0.77     1.64     8.27     0  02:35        1.63
  YS02001907           JUNCTION     1.09     1.96     8.25     0  02:21        1.96
  YS02001910           JUNCTION     0.89     1.80     8.30     0  02:23        1.78
  YS02001915           JUNCTION     0.69     1.63     8.35     0  02:23        1.62
  YS02001918           JUNCTION     0.43     1.32     8.39     0  02:23        1.32
  YS02001619           JUNCTION     1.19     1.51     8.44     0  02:14        1.49
  YS02001629           JUNCTION     1.52     1.85     8.40     0  02:14        1.84
  YS02001641           JUNCTION     1.62     1.94     8.38     0  04:15        1.93
  YS02001644           JUNCTION     1.62     1.92     8.35     0  02:18        1.92
  YS02001652           JUNCTION     1.48     2.14     8.74     0  02:29        1.87
  YS02001655           JUNCTION     1.25     2.06     8.91     0  02:29        1.65
  YS02001920           JUNCTION     0.53     1.41     8.42     0  02:23        1.40
  YS02001923           JUNCTION     0.35     1.18     8.44     0  02:23        1.18
  YS02001926           JUNCTION     0.37     1.05     8.50     0  02:23        0.99
  YS02001929           JUNCTION     0.23     0.79     8.49     0  02:22        0.79
  YS02001658           JUNCTION     0.99     2.09     9.24     0  02:29        1.40
  YS02001661           JUNCTION     0.78     2.15     9.55     0  02:29        1.24
  YS02001664           JUNCTION     0.35     0.57     8.50     0  02:24        0.57
  YS02001622           JUNCTION     1.21     1.52     8.42     0  02:14        1.50
  YS02001633           JUNCTION     1.61     1.95     8.40     0  02:18        1.94
  YS02001649           JUNCTION     1.66     2.05     8.44     0  02:25        2.05
  YS02001757           JUNCTION     1.79     2.19     8.45     0  03:00        2.19
  YS02001895           JUNCTION     0.67     1.57     8.31     0  02:37        1.56
  YS02001625           JUNCTION     1.48     1.78     8.38     0  02:14        1.78
  YS02163301           JUNCTION     1.55     1.88     8.40     0  02:14        1.88
  YS02163601           JUNCTION     1.66     1.99     8.39     0  02:36        1.98
  YS02164001           JUNCTION     1.60     1.92     8.38     0  04:18        1.91
  YS02001647           JUNCTION     1.46     1.80     8.41     0  02:27        1.79
  YSB1154              JUNCTION     0.30     0.59     9.65     0  02:32        0.59
  YSB6556              JUNCTION     0.20     0.48     9.65     0  02:32        0.48
  YSB1174              JUNCTION     0.25     0.54     9.65     0  02:32        0.54
  YSB1171              JUNCTION     0.45     0.75     9.65     0  02:32        0.75
  YS02006553           JUNCTION     1.09     1.98     8.27     0  02:54        1.97
  YS02006561           JUNCTION     0.40     1.07     7.73     0  03:04        1.07
  YS02006556           JUNCTION     1.06     1.97     8.28     0  02:54        1.94
  YS02006558           JUNCTION     1.10     2.02     8.29     0  02:54        1.98
  YS02001783           JUNCTION     0.61     1.45     7.59     0  03:04        1.45
  YS02001784           JUNCTION     0.61     1.39     7.46     0  03:06        1.39
  YS02001786           JUNCTION     0.51     1.23     7.26     0  03:07        1.23
  YS02001788           JUNCTION     0.40     1.09     7.07     0  03:08        1.09
  YS02001790           JUNCTION     0.47     1.25     6.89     0  03:08        1.25
  YS02001791           JUNCTION     0.36     1.22     6.69     0  03:08        1.22
  YS02001793           JUNCTION     0.38     1.75     6.58     0  03:08        1.75
  WSC                  OUTFALL      0.15     0.28     0.95     0  02:43        0.28
  3                    OUTFALL      0.00     0.00     7.16     0  00:00        0.00
  4                    OUTFALL      0.00     0.00     7.67     0  00:00        0.00
  5                    OUTFALL      0.00     0.00     4.91     0  00:00        0.00
  JK-storage           STORAGE      1.32     5.76     6.56     0  03:08        5.76
  CC-storage           STORAGE      0.99     1.42     8.42     0  03:11        1.42
  XR-storage           STORAGE      7.43     7.72     5.72     0  01:57        7.72
  
  
  *******************
  Node Inflow Summary
  *******************
  
  -------------------------------------------------------------------------------------------------
                                  Maximum  Maximum                  Lateral       Total        Flow
                                  Lateral    Total  Time of Max      Inflow      Inflow     Balance
                                   Inflow   Inflow   Occurrence      Volume      Volume       Error
  Node                 Type           LPS      LPS  days hr:min    10^6 ltr    10^6 ltr     Percent
  -------------------------------------------------------------------------------------------------
  WS02001211           JUNCTION      7.35    96.90     0  02:41       0.212       0.513       1.179
  WS02001212           JUNCTION      0.00    91.50     0  02:41           0       0.298       0.015
  WS02001213           JUNCTION      0.00    94.09     0  02:40           0       0.308       3.132
  WS02003069           JUNCTION      0.32   508.67     0  02:39     0.00922        3.87       0.173
  WS02003072           JUNCTION      0.00   506.72     0  02:40           0        3.86       0.271
  WS02003073           JUNCTION      1.82   507.32     0  02:41      0.0524         3.9       0.242
  WS02003060           JUNCTION     16.53   598.74     0  02:39       0.476         4.2       0.152
  WS02003066           JUNCTION      0.00   581.25     0  02:39           0        3.72       0.054
  WS02003059           JUNCTION      0.00    95.42     0  02:39           0       0.331       5.893
  WS02003067           JUNCTION      0.00   580.84     0  02:39           0        3.72       0.137
  WS02004401           JUNCTION      0.00   604.76     0  02:36           0        3.85       0.320
  WS02004402           JUNCTION      0.00   616.43     0  02:37           0        3.83       0.319
  WS02004403           JUNCTION      0.00   615.39     0  02:37           0        3.82       0.306
  WS02004404           JUNCTION      0.16   625.97     0  02:36     0.00467        3.82       0.225
  WS02004406           JUNCTION      0.00   614.90     0  02:36           0         3.8       0.609
  WS02004409           JUNCTION      0.00   590.76     0  02:37           0        3.77       0.136
  WS02004410           JUNCTION      0.00   586.17     0  02:38           0        3.76       0.185
  WS02004411           JUNCTION      0.00   585.59     0  02:38           0        3.76       0.214
  WS02004412           JUNCTION      0.00   583.73     0  02:38           0        3.75       0.265
  WS02004413           JUNCTION      0.00   581.72     0  02:39           0        3.74       0.451
  WS02004405           JUNCTION      0.04   621.72     0  02:36      0.0011        3.81       0.346
  WS02006109           JUNCTION      1.23   545.17     0  02:34      0.0354        3.79       0.333
  WS02006110           JUNCTION      0.00   544.79     0  02:34           0        3.78       0.303
  WS02006111           JUNCTION      0.00   568.25     0  02:34           0        3.76       0.034
  WS02006112           JUNCTION     31.99   580.56     0  02:34       0.121        3.88       0.428
  WS02006113           JUNCTION      0.00   545.40     0  02:34           0        3.77       0.086
  WS02006115           JUNCTION      0.00   583.78     0  02:34           0        3.87       0.278
  WS02006116           JUNCTION      0.00   605.20     0  02:37           0        3.86       0.206
  WS02006230           JUNCTION     10.28   241.56     0  02:33       0.296        1.46       0.424
  WS02006231           JUNCTION      0.00   241.21     0  02:33           0        1.21       0.204
  WS02006232           JUNCTION      0.00   240.89     0  02:33           0        1.21       0.489
  WS02006234           JUNCTION      0.00   240.94     0  02:34           0        1.21       0.112
  WS02006235           JUNCTION      0.00   607.91     0  02:35           0        8.68       0.041
  WS02006238           JUNCTION      0.00   103.13     0  02:38           0        1.68       0.160
  WS02006240           JUNCTION      0.00   102.89     0  02:36           0        1.68       0.231
  WS02006242           JUNCTION      0.00   102.97     0  02:35           0        1.68       0.346
  WS02006243           JUNCTION      0.00   103.05     0  02:34           0        1.68       0.136
  WS02006245           JUNCTION      0.00   103.09     0  02:34           0        1.69       0.247
  WS02006247           JUNCTION      0.00   103.13     0  02:33           0        1.69       0.204
  WS02006248           JUNCTION      0.00   103.15     0  02:33           0        1.69       0.085
  WS02006249           JUNCTION      0.00   103.22     0  02:32           0         1.7       0.315
  WS02006239           JUNCTION      0.00   102.97     0  02:37           0        1.68       0.204
  WS02006251           JUNCTION      0.08   563.34     0  02:32     0.00222        9.77       0.033
  WS02006252           JUNCTION      0.00   400.00     0  01:42           0        9.11       0.006
  WS02006253           JUNCTION      3.81   162.64     0  02:32      0.0139       0.661       0.412
  WS02006256           JUNCTION      0.00   983.00     0  00:00           0        15.7      -0.008
  WS02004138           JUNCTION      0.00   190.00     0  00:00           0        5.47       0.071
  WS02004139           JUNCTION      0.32   285.54     0  02:42     0.00924        5.98       0.075
  WS02004407           JUNCTION      0.00   595.40     0  02:37           0        3.77       0.065
  WS02006228           JUNCTION      0.00   543.86     0  02:34           0        3.76       0.219
  WS02006229           JUNCTION      0.00   774.07     0  02:33           0        4.26       0.223
  WS02006280           JUNCTION      0.00   774.07     0  02:33           0        3.34       0.002
  WS02006284           JUNCTION      0.10   774.05     0  02:33     0.00275        3.34       0.023
  WS02006287           JUNCTION      0.00   773.93     0  02:33           0        3.34       0.023
  WSF200               JUNCTION      0.00   581.36     0  02:39           0        3.72       0.030
  HS02004901           JUNCTION     39.10    39.10     0  02:30       0.147       0.147       1.214
  HS02004881           JUNCTION     14.88   159.14     0  02:32      0.0569       0.647       0.010
  HS02004876           JUNCTION     27.37   144.77     0  02:32        0.11        0.59       0.091
  HS02004870           JUNCTION     27.61   117.69     0  02:32       0.108        0.48       0.024
  HS02004862           JUNCTION     27.79    90.85     0  02:33       0.125       0.373       0.046
  HS02004856           JUNCTION     20.69    63.11     0  02:32      0.0811        0.25       0.584
  HS02004852           JUNCTION      0.00    42.96     0  02:33           0       0.169       0.033
  HS02004848           JUNCTION     61.86    61.86     0  02:34       0.281       0.281       0.020
  HS02004842           JUNCTION      0.00    20.15     0  02:44           0       0.125      11.596
  HS02004837           JUNCTION     53.06    71.05     0  02:32        0.37       0.482       0.171
  HS02004830           JUNCTION      0.15    71.17     0  02:33     0.00432       0.472       0.262
  HS02004824           JUNCTION     73.03   144.25     0  02:34       0.341       0.812       0.068
  HS02004817           JUNCTION      0.60   146.33     0  02:36      0.0173       0.829       2.047
  HS02004807           JUNCTION     50.80   194.09     0  02:33       0.197        1.01       0.434
  HS02004802           JUNCTION      0.00   193.98     0  02:35           0        1.01       0.395
  HS02004799           JUNCTION     40.81   496.97     0  02:32        0.16        2.01       0.138
  HS02004792           JUNCTION    195.19   456.82     0  02:32       0.787        1.85       0.023
  HS02004788           JUNCTION     62.42   262.42     0  02:32       0.291        1.07       0.037
  HS02004785           JUNCTION      0.15   200.26     0  02:32     0.00432       0.778       0.064
  HS02004777           JUNCTION      0.03   200.34     0  02:31    0.000864       0.778       0.672
  HS02004770           JUNCTION    162.21   200.84     0  02:31       0.634       0.779       0.400
  HS02004480           JUNCTION      0.00   581.54     0  02:32           0        2.35       0.046
  HS02004479           JUNCTION      0.00    84.70     0  02:32           0       0.345       0.213
  HS02004478           JUNCTION      0.00   773.91     0  02:33           0        3.34       0.008
  YS02001745           JUNCTION    569.59   569.59     0  03:01        4.24        4.24       0.182
  YS02001748           JUNCTION      0.04   569.63     0  03:00      0.0013        4.23       0.498
  YS02001751           JUNCTION      0.01   569.64     0  03:00    0.000317        4.21       0.553
  YS02001754           JUNCTION      0.26   569.90     0  03:00     0.00749         4.2       0.579
  YS02001762           JUNCTION      0.00   431.07     0  02:23           0         2.4       0.873
  YS02001765           JUNCTION      0.00   431.51     0  02:23           0        2.41       1.002
  YS02001767           JUNCTION      0.54   431.87     0  02:23      0.0154        2.43       1.482
  YS02001770           JUNCTION    684.49   878.57     0  03:01        4.68        5.24       0.581
  YS02001774           JUNCTION      0.00   851.16     0  03:02           0        3.35       0.755
  YS02001779           JUNCTION      0.01   851.17     0  03:02    0.000144        3.32       0.444
  YS02001882           JUNCTION      0.00    20.94     0  02:16           0      0.0317       6.770
  YS02001884           JUNCTION      0.00    27.33     0  02:15           0      0.0695       8.592
  YS02001759           JUNCTION    659.44   873.04     0  02:25        4.33        6.15       0.367
  YS02001887           JUNCTION    805.63   806.30     0  02:46         4.9        4.93       0.158
  YS02001890           JUNCTION      0.00   806.34     0  02:45           0        4.88       0.181
  YS02001898           JUNCTION      0.00   522.43     0  02:22           0        4.23       0.043
  YS02001901           JUNCTION      0.00   522.40     0  02:21           0        4.23       0.167
  YS02001904           JUNCTION      0.00   521.94     0  02:21           0        4.22       0.131
  YS02001907           JUNCTION      0.00  1280.08     0  03:01           0        10.4       0.214
  YS02001910           JUNCTION      0.00   763.68     0  03:01           0        6.14       0.173
  YS02001915           JUNCTION    492.56   763.68     0  03:01        3.52        6.17       0.101
  YS02001918           JUNCTION      0.00   308.70     0  02:23           0        2.67       0.049
  YS02001619           JUNCTION    490.57   490.57     0  02:59        3.55        3.55       0.336
  YS02001629           JUNCTION      0.00   232.51     0  02:17           0        1.77       1.623
  YS02001641           JUNCTION      0.00   489.00     0  02:18           0        5.23       0.398
  YS02001644           JUNCTION    545.56  1795.84     0  03:01         4.1        12.9       0.194
  YS02001652           JUNCTION      0.00   598.13     0  02:47           0         3.7       0.616
  YS02001655           JUNCTION      0.15   598.17     0  02:47     0.00443        3.73       0.657
  YS02001920           JUNCTION      2.87   308.41     0  02:23      0.0827        2.65       0.103
  YS02001923           JUNCTION      0.04   271.67     0  02:23     0.00109        2.56       0.052
  YS02001926           JUNCTION      0.05   270.11     0  03:01      0.0015        2.55       0.122
  YS02001929           JUNCTION    269.79   269.79     0  03:01        2.55        2.55       0.030
  YS02001658           JUNCTION      0.00   597.92     0  02:47           0        3.74       0.590
  YS02001661           JUNCTION      0.00   785.80     0  02:24           0        3.95      -0.160
  YS02001664           JUNCTION    596.69   596.69     0  02:49        3.74        3.96       0.063
  YS02001622           JUNCTION      0.00   490.57     0  02:59           0        3.53       0.897
  YS02001633           JUNCTION    556.05   556.05     0  03:01        4.22        5.61       0.569
  YS02001649           JUNCTION      0.00  1050.83     0  02:19           0        7.43       0.490
  YS02001757           JUNCTION      0.00  2136.43     0  02:24           0        13.5       0.682
  YS02001895           JUNCTION      0.00   522.57     0  02:21           0        4.23       0.123
  YS02001625           JUNCTION      0.00   642.88     0  03:01           0        3.83       1.010
  YS02163301           JUNCTION      0.00   232.62     0  02:18           0        1.75       1.360
  YS02163601           JUNCTION      0.11   488.68     0  02:18     0.00317        5.25       0.571
  YS02164001           JUNCTION      0.00   489.10     0  02:18           0        5.23       0.372
  YS02001647           JUNCTION      0.00   846.70     0  03:07           0        6.09       0.458
  YSB1154              JUNCTION     47.67    47.67     0  02:30       0.193       0.194       0.754
  YSB6556              JUNCTION      0.00    47.40     0  02:31           0       0.195       0.647
  YSB1174              JUNCTION     39.23    39.23     0  02:28       0.144       0.145       0.898
  YSB1171              JUNCTION      0.00    85.02     0  02:31           0       0.344       1.874
  YS02006553           JUNCTION      0.00   719.99     0  03:57           0        7.53       0.196
  YS02006561           JUNCTION      0.00  1154.37     0  02:51           0          12       0.006
  YS02006556           JUNCTION      0.00   720.74     0  03:57           0        7.53       0.127
  YS02006558           JUNCTION    711.33  1154.42     0  02:51        4.54          12       0.036
  YS02001783           JUNCTION      0.00  1154.31     0  02:51           0          12       0.017
  YS02001784           JUNCTION      1.06  1155.31     0  02:51      0.0305          12       0.029
  YS02001786           JUNCTION      0.06  1155.33     0  02:51     0.00162          12       0.030
  YS02001788           JUNCTION      0.07  1155.38     0  02:52     0.00204          12       0.018
  YS02001790           JUNCTION      0.15  1169.11     0  02:39     0.00446          12       0.025
  YS02001791           JUNCTION      0.00  1280.74     0  02:36           0          12       0.000
  YS02001793           JUNCTION      0.00  1248.03     0  02:41           0          12      -0.002
  WSC                  OUTFALL       0.00   506.67     0  02:43           0        3.89       0.000
  3                    OUTFALL       0.00   607.91     0  02:35           0        7.99       0.000
  4                    OUTFALL       0.00   459.59     0  02:33           0        8.07       0.000
  5                    OUTFALL       0.00   285.38     0  02:43           0        5.98       0.000
  JK-storage           STORAGE       0.00  1273.14     0  02:41           0        12.2     -22.511
  CC-storage           STORAGE       0.00  2137.56     0  02:24           0          12      -0.099
  XR-storage           STORAGE    1319.18  1319.18     0  03:01        16.4          17      -0.001
  
  
  **********************
  Node Surcharge Summary
  **********************
  
  Surcharging occurs when water rises above the top of the highest conduit.
  ---------------------------------------------------------------------
                                               Max. Height   Min. Depth
                                   Hours       Above Crown    Below Rim
  Node                 Type      Surcharged         Meters       Meters
  ---------------------------------------------------------------------
  WS02004404           JUNCTION        0.09          0.258        2.522
  WS02004405           JUNCTION        0.01          0.054        2.746
  WS02006109           JUNCTION        0.78          0.165        1.655
  WS02006110           JUNCTION        0.20          0.019        1.831
  WS02006112           JUNCTION        0.52          0.141        1.539
  WS02006252           JUNCTION        6.32          0.193        0.907
  WS02006256           JUNCTION        6.55          2.050        0.000
  WS02006228           JUNCTION        0.76          0.198        2.002
  HS02004817           JUNCTION        0.25          0.022        1.718
  YS02001748           JUNCTION        5.33          0.345        0.845
  YS02001751           JUNCTION        5.81          0.605        0.595
  YS02001754           JUNCTION        5.90          0.809        0.341
  YS02001762           JUNCTION        6.12          1.064        0.086
  YS02001765           JUNCTION        6.09          1.010        0.090
  YS02001767           JUNCTION        6.08          0.965        0.065
  YS02001770           JUNCTION        6.03          0.920        0.000
  YS02001774           JUNCTION        6.11          1.001        0.049
  YS02001779           JUNCTION        5.90          0.680        0.000
  YS02001882           JUNCTION        1.69          0.644        0.186
  YS02001884           JUNCTION        1.71          0.688        0.182
  YS02001759           JUNCTION        6.14          1.097        0.113
  YS02001887           JUNCTION        1.78          0.774        0.176
  YS02001890           JUNCTION        1.80          0.760        0.000
  YS02001898           JUNCTION        1.65          0.531        0.209
  YS02001901           JUNCTION        1.75          0.677        0.193
  YS02001904           JUNCTION        1.73          0.638        0.212
  YS02001907           JUNCTION        2.40          0.950        0.000
  YS02001910           JUNCTION        1.84          0.797        0.303
  YS02001915           JUNCTION        1.68          0.628        0.372
  YS02001918           JUNCTION        1.51          0.324        0.486
  YS02001619           JUNCTION        5.83          0.508        0.102
  YS02001629           JUNCTION        5.83          0.470        0.000
  YS02001641           JUNCTION        6.11          0.938        0.162
  YS02001644           JUNCTION        6.11          0.920        0.000
  YS02001652           JUNCTION        5.93          1.114        0.016
  YS02001655           JUNCTION        5.83          1.059        0.141
  YS02001920           JUNCTION        1.54          0.410        0.730
  YS02001926           JUNCTION        0.01          0.055        0.845
  YS02001658           JUNCTION        5.42          1.094        0.206
  YS02001661           JUNCTION        0.47          1.080        0.310
  YS02001622           JUNCTION        5.83          0.519        0.101
  YS02001633           JUNCTION        6.09          0.928        0.132
  YS02001649           JUNCTION        6.12          1.050        0.000
  YS02001757           JUNCTION        6.20          1.186        0.024
  YS02001895           JUNCTION        1.66          0.567        0.183
  YS02001625           JUNCTION        5.96          0.780        0.000
  YS02163301           JUNCTION        6.07          0.884        0.146
  YS02163601           JUNCTION        6.12          0.990        0.090
  YS02164001           JUNCTION        6.09          0.918        0.182
  YS02001647           JUNCTION        5.94          0.801        0.099
  YS02006553           JUNCTION        2.50          0.981        0.209
  YS02006561           JUNCTION        1.53          0.267        0.883
  YS02006556           JUNCTION        2.05          0.933        0.417
  YS02006558           JUNCTION        2.01          0.924        0.476
  YS02001783           JUNCTION        1.80          0.651        0.949
  YS02001784           JUNCTION        1.76          0.590        0.900
  YS02001786           JUNCTION        1.63          0.429        1.001
  YS02001788           JUNCTION        1.01          0.292        1.188
  YS02001790           JUNCTION        1.11          0.449        0.708
  YS02001791           JUNCTION        1.11          0.424        1.496
  YS02001793           JUNCTION        1.23          0.748        1.852
  
  
  *********************
  Node Flooding Summary
  *********************
  
  Flooding refers to all water that overflows a node, whether it ponds or not.
  --------------------------------------------------------------------------
                                                             Total   Maximum
                                 Maximum   Time of Max       Flood    Ponded
                        Hours       Rate    Occurrence      Volume     Depth
  Node                 Flooded       LPS   days hr:min    10^6 ltr    Meters
  --------------------------------------------------------------------------
  WS02006256              5.80    978.40      0  00:00       9.252     0.000
  YS02001770              0.12     27.38      0  03:01       0.006     0.000
  YS02001779              2.93    851.17      0  03:02       3.300     0.000
  YS02001890              0.90    289.81      0  02:45       0.640     0.000
  YS02001907              1.36    975.82      0  03:01       2.813     0.000
  YS02001629              0.01      1.73      0  02:14       0.000     0.000
  YS02001644              3.94   1795.84      0  03:01      10.417     0.000
  YS02001649              0.18     76.47      0  03:01       0.025     0.000
  YS02001625              2.02    642.88      0  03:01       2.355     0.000
  XR-storage              6.05   1129.17      0  03:01      10.564     0.000
  
  
  **********************
  Storage Volume Summary
  **********************
  
  --------------------------------------------------------------------------------------------------
                         Average     Avg  Evap Exfil       Maximum     Max    Time of Max    Maximum
                          Volume    Pcnt  Pcnt  Pcnt        Volume    Pcnt     Occurrence    Outflow
  Storage Unit           1000 m3    Full  Loss  Loss       1000 m3    Full    days hr:min        LPS
  --------------------------------------------------------------------------------------------------
  JK-storage               0.067      23     0     0         0.289      99       0  03:08     983.00
  CC-storage               2.757      18     0     0         3.958      25       0  03:11     400.00
  XR-storage               0.891      96     0     0         0.926     100       0  01:57     190.00
  
  
  ***********************
  Outfall Loading Summary
  ***********************
  
  ---------------------------------------------------------------------------------------------------------------------------------
                         Flow       Avg       Max       Total         Total         Total         Total         Total         Total
                         Freq      Flow      Flow      Volume           COD            SS            TN            TP         NH4-N
  Outfall Node           Pcnt       LPS       LPS    10^6 ltr            kg            kg            kg            kg            kg
  ---------------------------------------------------------------------------------------------------------------------------------
  WSC                   99.97    168.54    506.67       3.894       530.458       986.013        23.709         2.599        13.796
  3                     99.98    323.93    607.91       7.989       489.774       959.476         9.636         0.696         4.696
  4                     99.97    320.31    459.59       8.068       786.591      1504.095        15.415         1.062         7.443
  5                     99.99    212.36    285.38       5.976       846.309      1438.853        63.668         7.693        39.024
  ---------------------------------------------------------------------------------------------------------------------------------
  System                99.98   1025.14   1825.75      25.927      2653.132      4888.437       112.427        12.051        64.959
  
  
  ********************
  Link Flow Summary
  ********************
  
  -----------------------------------------------------------------------------
                                 Maximum  Time of Max   Maximum    Max/    Max/
                                  |Flow|   Occurrence   |Veloc|    Full    Full
  Link                 Type          LPS  days hr:min     m/sec    Flow   Depth
  -----------------------------------------------------------------------------
  WS02003066WSF200     CONDUIT    581.36     0  02:39      2.95    0.10    0.23
  WS02006287WS02006284 CONDUIT    773.95     0  02:33      2.48    0.36    0.42
  WS02006284WS02006280 CONDUIT    774.07     0  02:33      2.71    0.32    0.39
  WS02006280WS02006229 CONDUIT    774.07     0  02:33      4.41    0.17    0.27
  WS02006229WS02006228 CONDUIT    543.86     0  02:34      1.08    1.80    1.00
  WS02006256WS02006235 CONDUIT    289.81     0  02:12      4.46    3.07    1.00
  WS02006253WS02006251 CONDUIT    162.68     0  02:32      0.96    0.49    0.45
  WS02006252WS02006251 CONDUIT    400.89     0  06:18      3.19    1.47    1.00
  WS02006251WS02006249 CONDUIT    103.22     0  02:32      0.73    0.30    0.39
  WS02006249WS02006248 CONDUIT    103.15     0  02:33      0.84    0.57    0.36
  WS02006248WS02006247 CONDUIT    103.13     0  02:33      0.81    0.22    0.37
  WS02006247WS02006245 CONDUIT    103.09     0  02:34      0.77    0.82    0.38
  WS02006245WS02006243 CONDUIT    103.05     0  02:34      0.90    0.30    0.34
  WS02006243WS02006242 CONDUIT    102.97     0  02:35      0.78    0.22    0.39
  WS02006242WS02006240 CONDUIT    102.89     0  02:36      0.64    0.41    0.44
  WS02006240WS02006239 CONDUIT    102.97     0  02:37      0.80    0.32    0.39
  WS02006239WS02006238 CONDUIT    103.13     0  02:38      0.68    0.33    0.46
  WS02006238WS02006235 CONDUIT    103.46     0  02:39      1.17    0.23    0.48
  WS02006235WS02006234 CONDUIT    240.92     0  02:34      1.23    2.54    0.51
  WS02006234WS02006232 CONDUIT    240.94     0  02:34      0.82    0.49    0.72
  WS02006232WS02006231 CONDUIT    240.89     0  02:33      0.73    0.50    0.80
  WS02006231WS02006230 CONDUIT    241.21     0  02:33      0.75    3.66    0.78
  WS02006230WS02006229 CONDUIT    231.29     0  02:33      0.60    5.15    1.00
  WS02006228WS02006109 CONDUIT    543.94     0  02:34      1.08    2.38    1.00
  WS02006116WS02004401 CONDUIT    604.76     0  02:36      0.82    0.83    0.91
  WS02006115WS02006116 CONDUIT    605.20     0  02:37      0.89    0.78    0.83
  WS02006113WS02006111 CONDUIT    568.25     0  02:34      2.48    0.68    0.47
  WS02006112WS02006115 CONDUIT    583.78     0  02:34      0.79    0.34    0.91
  WS02006111WS02006112 CONDUIT    550.03     0  02:34      1.53    0.26    0.67
  WS02006110WS02006113 CONDUIT    545.40     0  02:34      1.29    0.50    0.79
  WS02006109WS02006110 CONDUIT    544.79     0  02:34      1.08    1.05    1.00
  WS02004411WS02004412 CONDUIT    583.73     0  02:38      0.97    0.83    0.72
  WS02004401WS02004402 CONDUIT    616.43     0  02:37      0.82    0.74    0.93
  WS02004413WS02003067 CONDUIT    580.84     0  02:39      1.16    0.25    0.61
  WS02004412WS02004413 CONDUIT    581.72     0  02:39      0.88    0.39    0.80
  WS02004410WS02004411 CONDUIT    585.59     0  02:38      0.98    0.80    0.71
  WS02004409WS02004410 CONDUIT    586.17     0  02:38      1.00    0.76    0.70
  WS02004407WS02004409 CONDUIT    590.76     0  02:37      1.50    0.21    0.50
  WS02004406WS02004407 CONDUIT    595.40     0  02:37      1.10    0.27    0.65
  WS02004405WS02004406 CONDUIT    614.90     0  02:36      0.79    1.21    0.99
  WS02004404WS02004405 CONDUIT    621.68     0  02:36      0.79    6.09    1.00
  WS02004403WS02004404 CONDUIT    625.81     0  02:36      0.81    0.45    0.99
  WS02004402WS02004403 CONDUIT    615.39     0  02:37      0.81    0.88    0.96
  WS02004139WS02001211 CONDUIT     95.22     0  02:42      0.66    0.12    0.19
  WS02004138WS02004139 CONDUIT    191.49     0  00:01      2.95    0.04    0.14
  WS02003067WS02003066 CONDUIT    581.25     0  02:39      1.26    0.19    0.43
  WS02001213WS02003059 CONDUIT     94.09     0  02:40      0.21    0.16    0.56
  WS02001212WS02001213 CONDUIT     91.50     0  02:41      0.85    0.14    0.20
  WS02001211WS02001212 CONDUIT     89.55     0  02:41      0.54    0.07    0.26
  WS02003072WS02003073 CONDUIT    505.50     0  02:41      1.39    1.09    0.36
  WS02003069WS02003072 CONDUIT    506.72     0  02:40      1.33    0.24    0.37
  WS02003060WS02003069 CONDUIT    508.35     0  02:39      1.61    0.20    0.32
  WS02003059WS02003060 CONDUIT     95.42     0  02:39      0.56    0.06    0.49
  HS02004901HS02004770 CONDUIT     38.70     0  02:31      0.10    0.15    0.56
  HS02004876HS02004881 CONDUIT    144.79     0  02:33      1.28    1.54    0.16
  HS02004870HS02004876 CONDUIT    117.66     0  02:33      0.87    0.08    0.19
  HS02004842HS02004848 CONDUIT     20.15     0  02:44      0.09    0.01    0.34
  HS02004837HS02004842 CONDUIT     20.59     0  02:44      0.42    0.01    0.36
  HS02004830HS02004837 CONDUIT     71.02     0  02:33      0.69    0.07    0.15
  HS02004824HS02004830 CONDUIT     71.23     0  02:34      0.62    0.09    0.20
  HS02004817HS02004824 CONDUIT    145.73     0  02:36      0.34    0.07    0.61
  HS02004770HS02004777 CONDUIT    200.31     0  02:31      0.51    0.37    0.56
  HS02004799HS02004480 CONDUIT    496.90     0  02:32      1.12    0.63    0.64
  HS02004792HS02004799 CONDUIT    456.71     0  02:32      1.26    0.28    0.52
  HS02004788HS02004792 CONDUIT    262.34     0  02:32      1.31    0.17    0.29
  HS02004785HS02004788 CONDUIT    200.24     0  02:32      0.94    1.51    0.31
  HS02004777HS02004785 CONDUIT    200.11     0  02:32      0.60    0.25    0.47
  HS02004480HS02004478 CONDUIT    581.56     0  02:32      1.61    2.45    0.51
  HS02004479HS02004480 CONDUIT     84.64     0  02:32      0.32    0.08    0.61
  HS02004862HS02004870 CONDUIT     90.85     0  02:33      0.84    0.10    0.15
  HS02004848HS02004852 CONDUIT     42.96     0  02:33      0.55    0.05    0.11
  HS02004856HS02004862 CONDUIT     63.07     0  02:33      0.62    0.06    0.15
  HS02004852HS02004856 CONDUIT     43.00     0  02:34      0.36    0.05    0.17
  HS02004802HS02004478 CONDUIT    194.62     0  02:35      0.54    0.17    0.52
  HS02004478WS02006287 CONDUIT    773.93     0  02:33      2.22    0.22    0.39
  HS02004817HS02004807 CONDUIT    146.60     0  02:36      0.27    0.09    0.78
  HS02004807HS02004802 CONDUIT    193.98     0  02:35      0.48    0.37    0.57
  YS02001759YS02001757 CONDUIT    872.88     0  02:25      1.11    0.62    1.00
  YS02001762YS02001759 CONDUIT    430.36     0  02:23      0.55    0.50    1.00
  YS02001765YS02001762 CONDUIT    431.07     0  02:23      0.55    0.40    1.00
  YS02001770YS02001767 CONDUIT    431.34     0  02:23      0.55    1.71    1.00
  YS02001774YS02001770 CONDUIT    851.16     0  03:02      1.08    0.54    1.00
  YS02001779YS02001774 CONDUIT    851.16     0  03:02      1.08    0.43    1.00
  YS02001649YS02001757 CONDUIT   1051.09     0  02:19      1.34    0.64    1.00
  YS02001767YS02001765 CONDUIT    431.51     0  02:23      0.55    0.54    1.00
  YS02006561YS02001783 CONDUIT   1154.31     0  02:51      2.30    0.60    1.00
  YS02001783YS02001784 CONDUIT   1154.25     0  02:51      2.30    1.59    1.00
  YS02001784YS02001785 CONDUIT   1155.27     0  02:51      2.30    2.69    1.00
  YS02001788YS02001790 CONDUIT   1168.96     0  02:39      2.74    0.86    1.00
  YS02001790YS02001791 CONDUIT   1280.74     0  02:36      3.44    1.39    1.00
  YS02001791YS02001793 CONDUIT   1248.03     0  02:41      6.78    0.54    1.00
  YS02001910YS02001907 CONDUIT    763.69     0  03:01      0.97    0.43    1.00
  YS02001786YS02001788 CONDUIT   1155.31     0  02:52      2.48    2.23    1.00
  YS02001915YS02001910 CONDUIT    763.68     0  03:01      0.97    0.38    1.00
  YS02001918YS02001915 CONDUIT    309.07     0  02:23      0.49    0.17    1.00
  YS02001923YS02001920 CONDUIT    305.54     0  02:23      0.84    0.14    1.00
  YS02001926YS02001923 CONDUIT    271.63     0  02:23      0.94    0.39    0.98
  YS02001929YS02001926 CONDUIT    270.05     0  03:01      1.00    0.13    0.89
  YS02001920YS02001918 CONDUIT    308.70     0  02:23      0.79    0.30    1.00
  YS02001629YS02163301 CONDUIT    232.62     0  02:18      0.30    0.29    1.00
  YS02001619YS02001622 CONDUIT    490.57     0  02:59      0.64    0.72    1.00
  YS02001622YS02001625 CONDUIT    490.57     0  02:59      0.62    0.26    1.00
  YS02001625YS02001629 CONDUIT    232.51     0  02:17      0.30    0.11    1.00
  YS02163301YS02001633 CONDUIT    232.42     0  02:18      0.30    0.22    1.00
  YS02163601YS02164001 CONDUIT    489.10     0  02:18      0.62    0.43    1.00
  YS02164001YS02001641 CONDUIT    489.00     0  02:18      0.62    0.67    1.00
  YS02001641YS02001644 CONDUIT    488.83     0  02:18      0.62    1.58    1.00
  YS02001647YS02001649 CONDUIT    846.70     0  03:07      1.08    0.45    1.00
  YS02006553YS02006556 CONDUIT    720.74     0  03:57      0.92    0.62    1.00
  YS02006556YS02006558 CONDUIT    721.77     0  03:57      0.92    0.57    1.00
  YSB6556YSB1171       CONDUIT     47.31     0  02:32      0.14    0.05    0.84
  YS02001907YS02006553 CONDUIT    719.99     0  03:57      0.80    0.85    1.00
  YS02006558YS02006561 CONDUIT   1154.37     0  02:51      4.08    2.55    1.00
  YS02001633YS02163601 CONDUIT    488.57     0  02:18      0.62    0.51    1.00
  YS02001644YS02001647 CONDUIT    846.70     0  03:07      1.08    0.50    1.00
  YS02001745YS02001748 CONDUIT    569.59     0  03:00      1.51    0.22    1.00
  YS02001748YS02001751 CONDUIT    569.63     0  03:00      1.09    0.29    1.00
  YS02001751YS02001754 CONDUIT    569.64     0  03:00      0.93    0.27    1.00
  YS02001754YS02001757 CONDUIT    569.90     0  03:00      0.73    0.23    1.00
  YS02001882YS02001884 CONDUIT     20.94     0  02:16      0.13    0.02    1.00
  YS02001884YS02001887 CONDUIT     27.33     0  02:15      0.09    0.04    1.00
  YS02001890YS02001895 CONDUIT    522.57     0  02:21      0.67    0.24    1.00
  YS02001895YS02001898 CONDUIT    522.43     0  02:22      0.67    0.91    1.00
  YS02001898YS02001901 CONDUIT    522.40     0  02:21      0.67    0.34    1.00
  YS02001901YS02001904 CONDUIT    521.94     0  02:21      0.66    0.81    1.00
  YS02001904YS02001907 CONDUIT    521.95     0  02:22      0.66    0.18    1.00
  YS02001887YS02001890 CONDUIT    806.34     0  02:45      1.03    1.38    1.00
  YS02001652YS02001649 CONDUIT    597.98     0  02:47      0.76    0.30    1.00
  YS02001655YS02001652 CONDUIT    598.13     0  02:47      1.00    0.29    1.00
  YS02001658YS02001655 CONDUIT    598.01     0  02:47      1.26    0.25    1.00
  YS02001661YS02001658 CONDUIT    597.92     0  02:47      1.60    0.23    1.00
  YS02001664YS02001661 CONDUIT    785.80     0  02:24      1.67    0.25    0.78
  YSB1154YSB6556       CONDUIT     47.40     0  02:31      0.15    0.09    0.77
  YSB1174YSB1171       CONDUIT     38.54     0  02:29      0.11    0.06    0.88
  YSB1171HS02004479    CONDUIT     84.70     0  02:32      0.54    0.06    0.71
  HS02004881HS02006253 CONDUIT    159.14     0  02:32      2.85    0.03    0.08
  YS02001793JiankangQianchi CONDUIT   1273.14     0  02:41     20.78    0.10    1.00
  YS02001757CaochengTiaoxuchi CONDUIT   2137.56     0  02:24      3.31    0.94    1.00
  WSF200WS02003060     CONDUIT    582.21     0  02:39      2.28    0.13    0.28
  1                    CONDUIT    506.67     0  02:43      2.75    0.18    0.28
  CC-Pump-1            PUMP       200.00     0  01:42              1.00
  CC-Pump-2            PUMP       200.00     0  01:42              1.00
  JK-Pump-1            PUMP       300.00     0  00:00              1.00
  JK-Pump-2            PUMP       683.00     0  00:00              1.00
  XR-Pump-1            PUMP        95.00     0  00:00              1.00
  XR-Pump-2            PUMP        95.00     0  00:00              1.00
  XR-Pump-3            PUMP         0.00     0  00:00              0.00
  XR-Pump-4            PUMP         0.00     0  00:00              0.00
  3                    WEIR       459.59     0  02:33                      0.27
  5                    WEIR       607.91     0  02:35                      0.32
  6                    WEIR       285.38     0  02:43                      0.19
  
  
  ***************************
  Flow Classification Summary
  ***************************
  
  -------------------------------------------------------------------------------------
                      Adjusted    ---------- Fraction of Time in Flow Class ---------- 
                       /Actual         Up    Down  Sub   Sup   Up    Down  Norm  Inlet 
  Conduit               Length    Dry  Dry   Dry   Crit  Crit  Crit  Crit  Ltd   Ctrl  
  -------------------------------------------------------------------------------------
  WS02003066WSF200        1.00   0.13  0.00  0.00  0.00  0.87  0.00  0.00  0.74  0.00
  WS02006287WS02006284    1.00   0.04  0.02  0.00  0.50  0.43  0.00  0.00  0.63  0.00
  WS02006284WS02006280    1.00   0.06  0.00  0.00  0.00  0.00  0.00  0.94  0.00  0.00
  WS02006280WS02006229    1.00   0.06  0.00  0.00  0.00  0.00  0.00  0.94  0.00  0.00
  WS02006229WS02006228    1.00   0.00  0.00  0.00  0.99  0.00  0.00  0.01  0.00  0.00
  WS02006256WS02006235    1.00   0.00  0.00  0.00  0.17  0.83  0.00  0.00  0.01  0.00
  WS02006253WS02006251    1.00   0.02  0.03  0.00  0.89  0.00  0.06  0.00  0.00  0.00
  WS02006252WS02006251    1.00   0.10  0.00  0.00  0.00  0.00  0.90  0.00  0.00  0.00
  WS02006251WS02006249    1.00   0.00  0.00  0.00  1.00  0.00  0.00  0.00  0.18  0.00
  WS02006249WS02006248    1.00   0.00  0.06  0.00  0.87  0.00  0.06  0.00  0.00  0.00
  WS02006248WS02006247    1.00   0.06  0.00  0.00  0.92  0.00  0.00  0.02  0.02  0.00
  WS02006247WS02006245    1.00   0.06  0.00  0.00  0.90  0.00  0.00  0.04  0.00  0.00
  WS02006245WS02006243    1.00   0.07  0.00  0.00  0.87  0.00  0.00  0.06  0.00  0.00
  WS02006243WS02006242    1.00   0.07  0.00  0.00  0.90  0.00  0.00  0.03  0.65  0.00
  WS02006242WS02006240    1.00   0.00  0.07  0.00  0.92  0.00  0.00  0.00  0.19  0.00
  WS02006240WS02006239    1.00   0.00  0.00  0.00  0.91  0.00  0.00  0.08  0.00  0.00
  WS02006239WS02006238    1.00   0.00  0.01  0.00  0.99  0.00  0.00  0.00  0.18  0.00
  WS02006238WS02006235    1.00   0.00  0.00  0.00  1.00  0.00  0.00  0.00  0.00  0.00
  WS02006235WS02006234    1.00   0.07  0.00  0.00  0.90  0.00  0.02  0.01  0.00  0.00
  WS02006234WS02006232    1.00   0.00  0.00  0.00  1.00  0.00  0.00  0.00  0.15  0.00
  WS02006232WS02006231    1.00   0.00  0.00  0.00  0.99  0.00  0.00  0.00  0.01  0.00
  WS02006231WS02006230    1.00   0.00  0.00  0.00  0.36  0.00  0.64  0.00  0.00  0.00
  WS02006230WS02006229    1.00   0.00  0.00  0.00  0.99  0.00  0.00  0.01  0.02  0.00
  WS02006228WS02006109    1.00   0.00  0.00  0.00  1.00  0.00  0.00  0.00  0.00  0.00
  WS02006116WS02004401    1.00   0.04  0.00  0.00  0.96  0.00  0.00  0.00  0.00  0.00
  WS02006115WS02006116    1.00   0.04  0.00  0.00  0.92  0.00  0.00  0.04  0.00  0.00
  WS02006113WS02006111    1.00   0.03  0.00  0.00  0.01  0.96  0.00  0.00  0.09  0.00
  WS02006112WS02006115    1.00   0.03  0.02  0.00  0.95  0.00  0.00  0.00  0.00  0.00
  WS02006111WS02006112    1.00   0.03  0.00  0.00  0.97  0.00  0.00  0.00  0.93  0.00
  WS02006110WS02006113    1.00   0.01  0.02  0.00  0.97  0.00  0.00  0.00  0.00  0.00
  WS02006109WS02006110    1.00   0.00  0.01  0.00  0.99  0.00  0.00  0.00  0.00  0.00
  WS02004411WS02004412    1.00   0.10  0.00  0.00  0.90  0.00  0.00  0.00  0.00  0.00
  WS02004401WS02004402    1.00   0.04  0.00  0.00  0.96  0.00  0.00  0.00  0.04  0.00
  WS02004413WS02003067    1.00   0.10  0.03  0.00  0.00  0.00  0.88  0.00  0.00  0.00
  WS02004412WS02004413    1.00   0.10  0.00  0.00  0.89  0.01  0.00  0.00  0.00  0.00
  WS02004410WS02004411    1.00   0.09  0.00  0.00  0.91  0.00  0.00  0.00  0.00  0.00
  WS02004409WS02004410    1.00   0.09  0.00  0.00  0.91  0.00  0.00  0.00  0.00  0.00
  WS02004407WS02004409    1.00   0.09  0.00  0.00  0.90  0.01  0.00  0.00  0.80  0.00
  WS02004406WS02004407    1.00   0.00  0.09  0.00  0.91  0.00  0.00  0.00  0.00  0.00
  WS02004405WS02004406    1.00   0.00  0.00  0.00  1.00  0.00  0.00  0.00  0.04  0.00
  WS02004404WS02004405    1.00   0.00  0.00  0.00  1.00  0.00  0.00  0.00  0.02  0.00
  WS02004403WS02004404    1.00   0.00  0.05  0.00  0.95  0.00  0.00  0.00  0.04  0.00
  WS02004402WS02004403    1.00   0.04  0.00  0.00  0.96  0.00  0.00  0.00  0.00  0.00
  WS02004139WS02001211    1.00   0.00  0.00  0.00  1.00  0.00  0.00  0.00  0.00  0.00
  WS02004138WS02004139    1.00   0.00  0.00  0.00  0.00  0.07  0.00  0.93  0.05  0.00
  WS02003067WS02003066    1.00   0.13  0.00  0.00  0.87  0.00  0.00  0.00  0.00  0.00
  WS02001213WS02003059    1.00   0.00  0.00  0.00  0.99  0.00  0.00  0.00  0.00  0.00
  WS02001212WS02001213    1.00   0.01  0.47  0.00  0.52  0.00  0.00  0.00  0.42  0.00
  WS02001211WS02001212    1.00   0.00  0.01  0.00  0.99  0.00  0.00  0.00  0.56  0.00
  WS02003072WS02003073    1.00   0.00  0.00  0.00  0.00  0.00  0.00  1.00  0.00  0.00
  WS02003069WS02003072    1.00   0.00  0.00  0.00  1.00  0.00  0.00  0.00  0.88  0.00
  WS02003060WS02003069    1.00   0.00  0.00  0.00  0.98  0.02  0.00  0.00  0.80  0.00
  WS02003059WS02003060    1.00   0.00  0.00  0.00  1.00  0.00  0.00  0.00  0.08  0.00
  HS02004901HS02004770    1.00   0.05  0.00  0.00  0.95  0.00  0.00  0.00  0.00  0.00
  HS02004876HS02004881    1.00   0.01  0.00  0.00  0.76  0.23  0.00  0.00  0.00  0.00
  HS02004870HS02004876    1.00   0.00  0.00  0.00  0.99  0.00  0.00  0.00  0.95  0.00
  HS02004842HS02004848    1.00   0.00  0.05  0.00  0.95  0.00  0.00  0.00  0.56  0.00
  HS02004837HS02004842    1.00   0.00  0.00  0.00  1.00  0.00  0.00  0.00  0.11  0.00
  HS02004830HS02004837    1.00   0.00  0.00  0.00  1.00  0.00  0.00  0.00  0.99  0.00
  HS02004824HS02004830    1.00   0.00  0.00  0.00  1.00  0.00  0.00  0.00  0.03  0.00
  HS02004817HS02004824    1.00   0.00  0.00  0.00  1.00  0.00  0.00  0.00  0.91  0.00
  HS02004770HS02004777    1.00   0.00  0.05  0.00  0.95  0.00  0.00  0.00  0.02  0.00
  HS02004799HS02004480    1.00   0.00  0.01  0.00  0.94  0.00  0.05  0.00  0.00  0.00
  HS02004792HS02004799    1.00   0.00  0.00  0.00  0.99  0.01  0.00  0.00  0.98  0.00
  HS02004788HS02004792    1.00   0.00  0.00  0.00  0.99  0.01  0.00  0.00  0.98  0.00
  HS02004785HS02004788    1.00   0.00  0.00  0.00  1.00  0.00  0.00  0.00  0.00  0.00
  HS02004777HS02004785    1.00   0.00  0.00  0.00  1.00  0.00  0.00  0.00  0.11  0.00
  HS02004480HS02004478    1.00   0.05  0.00  0.00  0.54  0.00  0.00  0.40  0.00  0.00
  HS02004479HS02004480    1.00   0.02  0.00  0.00  0.98  0.00  0.00  0.00  0.11  0.00
  HS02004862HS02004870    1.00   0.00  0.00  0.00  1.00  0.00  0.00  0.00  0.03  0.00
  HS02004848HS02004852    1.00   0.05  0.00  0.00  0.95  0.00  0.00  0.00  0.72  0.00
  HS02004856HS02004862    1.00   0.00  0.07  0.00  0.93  0.00  0.00  0.00  0.84  0.00
  HS02004852HS02004856    1.00   0.05  0.00  0.00  0.94  0.00  0.00  0.00  0.75  0.00
  HS02004802HS02004478    1.00   0.05  0.00  0.00  0.94  0.00  0.00  0.00  0.02  0.00
  HS02004478WS02006287    1.00   0.06  0.00  0.00  0.60  0.34  0.00  0.00  0.63  0.00
  HS02004817HS02004807    1.00   0.00  0.05  0.00  0.95  0.00  0.00  0.00  0.01  0.00
  HS02004807HS02004802    1.00   0.05  0.00  0.00  0.94  0.00  0.00  0.01  0.00  0.00
  YS02001759YS02001757    1.00   0.00  0.00  0.00  1.00  0.00  0.00  0.00  0.15  0.00
  YS02001762YS02001759    1.00   0.00  0.00  0.00  1.00  0.00  0.00  0.00  0.03  0.00
  YS02001765YS02001762    1.00   0.00  0.00  0.00  1.00  0.00  0.00  0.00  0.13  0.00
  YS02001770YS02001767    1.00   0.00  0.00  0.00  1.00  0.00  0.00  0.00  0.00  0.00
  YS02001774YS02001770    1.00   0.00  0.05  0.00  0.94  0.00  0.00  0.00  0.02  0.00
  YS02001779YS02001774    1.00   0.00  0.00  0.00  1.00  0.00  0.00  0.00  0.17  0.00
  YS02001649YS02001757    1.00   0.00  0.00  0.00  1.00  0.00  0.00  0.00  0.15  0.00
  YS02001767YS02001765    1.00   0.00  0.00  0.00  1.00  0.00  0.00  0.00  0.00  0.00
  YS02006561YS02001783    1.00   0.08  0.00  0.00  0.34  0.59  0.00  0.00  0.41  0.00
  YS02001783YS02001784    1.00   0.00  0.08  0.00  0.92  0.00  0.00  0.00  0.00  0.00
  YS02001784YS02001785    1.00   0.00  0.00  0.00  1.00  0.00  0.00  0.00  0.16  0.00
  YS02001788YS02001790    1.00   0.00  0.00  0.00  0.29  0.71  0.00  0.00  0.38  0.00
  YS02001790YS02001791    1.00   0.00  0.00  0.00  0.16  0.84  0.00  0.00  0.55  0.00
  YS02001791YS02001793    1.00   0.00  0.00  0.00  0.17  0.83  0.00  0.00  0.01  0.00
  YS02001910YS02001907    1.00   0.00  0.00  0.00  0.99  0.00  0.00  0.01  0.12  0.00
  YS02001786YS02001788    1.00   0.00  0.00  0.00  0.37  0.63  0.00  0.00  0.00  0.00
  YS02001915YS02001910    1.00   0.00  0.00  0.00  0.99  0.01  0.00  0.00  0.14  0.00
  YS02001918YS02001915    1.00   0.00  0.00  0.00  0.99  0.01  0.00  0.00  0.51  0.00
  YS02001923YS02001920    1.00   0.00  0.00  0.00  1.00  0.00  0.00  0.00  0.76  0.00
  YS02001926YS02001923    1.00   0.00  0.03  0.00  0.27  0.00  0.70  0.00  0.00  0.00
  YS02001929YS02001926    1.00   0.00  0.05  0.00  0.95  0.00  0.00  0.00  0.68  0.00
  YS02001920YS02001918    1.00   0.00  0.00  0.00  1.00  0.00  0.00  0.00  0.00  0.00
  YS02001629YS02163301    1.00   0.06  0.00  0.00  0.93  0.00  0.00  0.00  0.00  0.00
  YS02001619YS02001622    1.00   0.05  0.00  0.00  0.95  0.00  0.00  0.00  0.00  0.00
  YS02001622YS02001625    1.00   0.05  0.00  0.00  0.95  0.00  0.00  0.00  0.04  0.00
  YS02001625YS02001629    1.00   0.05  0.02  0.00  0.90  0.00  0.03  0.00  0.00  0.00
  YS02163301YS02001633    1.00   0.00  0.06  0.00  0.94  0.00  0.00  0.00  0.00  0.00
  YS02163601YS02164001    1.00   0.00  0.03  0.00  0.97  0.00  0.00  0.00  0.00  0.00
  YS02164001YS02001641    1.00   0.01  0.03  0.00  0.96  0.00  0.00  0.00  0.05  0.00
  YS02001641YS02001644    1.00   0.00  0.00  0.00  1.00  0.00  0.00  0.00  0.00  0.00
  YS02001647YS02001649    1.00   0.00  0.07  0.00  0.93  0.00  0.00  0.00  0.01  0.00
  YS02006553YS02006556    1.00   0.01  0.00  0.00  0.99  0.00  0.00  0.00  0.03  0.00
  YS02006556YS02006558    1.00   0.00  0.00  0.00  1.00  0.00  0.00  0.00  0.00  0.00
  YSB6556YSB1171          1.00   0.02  0.03  0.00  0.95  0.00  0.00  0.00  0.00  0.00
  YS02001907YS02006553    1.00   0.00  0.01  0.00  0.99  0.00  0.00  0.00  0.00  0.00
  YS02006558YS02006561    1.00   0.08  0.00  0.00  0.25  0.67  0.00  0.00  0.44  0.00
  YS02001633YS02163601    1.00   0.00  0.00  0.00  1.00  0.00  0.00  0.00  0.14  0.00
  YS02001644YS02001647    1.00   0.00  0.07  0.00  0.93  0.00  0.00  0.00  0.00  0.00
  YS02001745YS02001748    1.00   0.00  0.00  0.00  0.85  0.01  0.00  0.14  0.04  0.00
  YS02001748YS02001751    1.00   0.00  0.00  0.00  0.95  0.05  0.00  0.00  0.14  0.00
  YS02001751YS02001754    1.00   0.00  0.00  0.00  0.91  0.00  0.00  0.08  0.02  0.00
  YS02001754YS02001757    1.00   0.00  0.00  0.00  1.00  0.00  0.00  0.00  0.17  0.00
  YS02001882YS02001884    1.00   0.06  0.00  0.00  0.94  0.00  0.00  0.00  0.00  0.00
  YS02001884YS02001887    1.00   0.03  0.02  0.00  0.95  0.00  0.00  0.00  0.00  0.00
  YS02001890YS02001895    1.00   0.00  0.06  0.00  0.94  0.00  0.00  0.00  0.00  0.00
  YS02001895YS02001898    1.00   0.06  0.00  0.00  0.92  0.00  0.02  0.00  0.00  0.00
  YS02001898YS02001901    1.00   0.07  0.00  0.00  0.93  0.00  0.00  0.00  0.01  0.00
  YS02001901YS02001904    1.00   0.07  0.00  0.00  0.93  0.00  0.00  0.00  0.00  0.00
  YS02001904YS02001907    1.00   0.00  0.06  0.00  0.93  0.00  0.00  0.00  0.00  0.00
  YS02001887YS02001890    1.00   0.00  0.00  0.00  0.99  0.00  0.01  0.00  0.00  0.00
  YS02001652YS02001649    1.00   0.00  0.00  0.00  1.00  0.00  0.00  0.00  0.15  0.00
  YS02001655YS02001652    1.00   0.00  0.00  0.00  0.92  0.00  0.00  0.08  0.02  0.00
  YS02001658YS02001655    1.00   0.00  0.06  0.00  0.90  0.04  0.00  0.00  0.07  0.00
  YS02001661YS02001658    1.00   0.06  0.00  0.00  0.85  0.09  0.00  0.00  0.03  0.00
  YS02001664YS02001661    1.00   0.05  0.00  0.00  0.85  0.10  0.00  0.00  0.16  0.00
  YSB1154YSB6556          1.00   0.05  0.00  0.00  0.95  0.00  0.00  0.00  0.01  0.00
  YSB1174YSB1171          1.00   0.02  0.02  0.00  0.96  0.00  0.00  0.00  0.00  0.00
  YSB1171HS02004479       1.00   0.02  0.00  0.00  0.98  0.00  0.00  0.01  0.10  0.00
  HS02004881HS02006253    1.00   0.02  0.00  0.00  0.00  0.00  0.00  0.98  0.00  0.00
  YS02001793JiankangQianchi    1.00   0.00  0.00  0.00  0.24  0.75  0.00  0.00  0.07  0.00
  YS02001757CaochengTiaoxuchi    1.00   0.00  0.10  0.00  0.81  0.09  0.00  0.00  0.00  0.00
  WSF200WS02003060        1.00   0.00  0.13  0.00  0.00  0.87  0.00  0.00  0.57  0.00
  1                       1.00   0.00  0.00  0.00  0.00  1.00  0.00  0.00  0.27  0.00
  
  
  *************************
  Conduit Surcharge Summary
  *************************
  
  ----------------------------------------------------------------------------
                                                           Hours        Hours 
                         --------- Hours Full --------   Above Full   Capacity
  Conduit                Both Ends  Upstream  Dnstream   Normal Flow   Limited
  ----------------------------------------------------------------------------
  WS02006229WS02006228        0.76      0.79      0.76      1.26         0.76
  WS02006256WS02006235        0.33      0.33      6.54      6.52         0.01
  WS02006252WS02006251        6.30      6.30      6.32      6.31         0.01
  WS02006235WS02006234        0.01      0.01      0.01      0.74         0.01
  WS02006231WS02006230        0.01      0.01      0.01      0.85         0.01
  WS02006230WS02006229        0.93      0.93      0.94      4.25         0.04
  WS02006228WS02006109        0.78      0.86      0.78      1.64         0.78
  WS02006112WS02006115        0.01      0.01      0.52      0.01         0.01
  WS02006111WS02006112        0.01      0.01      1.42      0.01         0.01
  WS02006110WS02006113        0.01      0.01      0.82      0.01         0.01
  WS02006109WS02006110        0.20      0.20      0.86      0.20         0.01
  WS02004405WS02004406        0.01      0.01      0.01      0.38         0.01
  WS02004404WS02004405        0.01      0.09      0.01      2.34         0.01
  WS02004403WS02004404        0.01      0.01      0.09      0.01         0.01
  WS02003072WS02003073        0.01      0.01      0.01      0.32         0.01
  HS02004876HS02004881        0.01      0.01      0.01      0.70         0.01
  HS02004817HS02004824        0.01      0.01      0.25      0.01         0.01
  HS02004785HS02004788        0.01      0.01      0.01      0.64         0.01
  HS02004480HS02004478        0.01      0.01      0.01      1.10         0.01
  HS02004817HS02004807        0.01      0.01      0.25      0.01         0.01
  YS02001759YS02001757        6.14      6.14      6.20      0.01         0.01
  YS02001762YS02001759        6.12      6.12      6.14      0.01         0.01
  YS02001765YS02001762        6.09      6.09      6.12      0.01         0.01
  YS02001770YS02001767        6.08      6.09      6.08      0.35         0.72
  YS02001774YS02001770        6.03      6.03      6.11      0.01         0.01
  YS02001779YS02001774        5.90      5.90      6.11      0.01         0.01
  YS02001649YS02001757        6.12      6.12      6.20      0.01         0.01
  YS02001767YS02001765        6.08      6.08      6.09      0.01         0.01
  YS02006561YS02001783        1.53      1.53      1.80      0.01         0.01
  YS02001783YS02001784        1.76      1.80      1.76      2.12         1.76
  YS02001784YS02001785        1.63      1.76      1.63      2.98         1.63
  YS02001788YS02001790        1.01      1.01      1.11      0.01         0.01
  YS02001790YS02001791        1.11      1.11      1.11      1.74         1.11
  YS02001791YS02001793        1.11      1.11      1.27      0.01         0.01
  YS02001910YS02001907        1.84      1.84      2.40      0.01         0.01
  YS02001786YS02001788        1.01      1.63      1.01      2.56         1.01
  YS02001915YS02001910        1.68      1.68      1.84      0.01         0.01
  YS02001918YS02001915        1.51      1.51      1.68      0.01         0.01
  YS02001923YS02001920        1.37      1.37      1.54      0.01         0.01
  YS02001926YS02001923        0.01      0.01      0.01      0.01         0.01
  YS02001929YS02001926        0.01      0.01      0.01      0.01         0.01
  YS02001920YS02001918        1.51      1.51      1.54      0.01         0.01
  YS02001629YS02163301        6.06      6.06      6.07      0.01         0.01
  YS02001619YS02001622        5.83      5.83      5.83      0.01         0.02
  YS02001622YS02001625        5.83      5.83      5.96      0.01         0.01
  YS02001625YS02001629        5.83      5.83      5.96      0.01         0.01
  YS02163301YS02001633        6.07      6.07      6.10      0.01         0.01
  YS02163601YS02164001        6.09      6.09      6.12      0.01         0.01
  YS02164001YS02001641        6.09      6.09      6.11      0.01         0.01
  YS02001641YS02001644        6.11      6.11      6.11      2.34         2.69
  YS02001647YS02001649        5.94      5.94      6.12      0.01         0.01
  YS02006553YS02006556        2.05      2.05      2.50      0.01         0.01
  YS02006556YS02006558        2.21      2.21      2.57      0.01         0.01
  YSB6556YSB1171              0.01      0.01      0.38      0.01         0.01
  YS02001907YS02006553        3.00      3.00      3.21      0.01         0.01
  YS02006558YS02006561        1.62      2.01      1.62      2.84         1.62
  YS02001633YS02163601        6.09      6.09      6.12      0.01         0.01
  YS02001644YS02001647        5.94      5.94      6.11      0.01         0.01
  YS02001745YS02001748        0.01      0.01      5.33      0.01         0.01
  YS02001748YS02001751        5.70      5.70      5.81      0.01         0.01
  YS02001751YS02001754        5.81      5.81      5.90      0.01         0.01
  YS02001754YS02001757        5.93      5.93      6.20      0.01         0.01
  YS02001882YS02001884        1.70      1.70      1.71      0.01         0.01
  YS02001884YS02001887        1.75      1.75      1.78      0.01         0.01
  YS02001890YS02001895        1.66      1.66      1.86      0.01         0.01
  YS02001895YS02001898        1.65      1.65      1.66      0.01         0.01
  YS02001898YS02001901        1.67      1.67      1.75      0.01         0.01
  YS02001901YS02001904        1.73      1.73      1.75      0.01         0.01
  YS02001904YS02001907        1.73      1.73      2.52      0.01         0.01
  YS02001887YS02001890        1.80      1.80      1.83      0.77         0.01
  YS02001652YS02001649        5.94      5.94      6.12      0.01         0.01
  YS02001655YS02001652        5.83      5.83      5.93      0.01         0.01
  YS02001658YS02001655        5.42      5.42      5.83      0.01         0.01
  YS02001661YS02001658        0.46      0.46      5.42      0.01         0.01
  YS02001664YS02001661        0.01      0.01      1.37      0.01         0.01
  YS02001793JiankangQianchi        1.23      1.23      1.92      0.01         0.01
  YS02001757CaochengTiaoxuchi        5.42      5.42      6.20      0.01         0.01
  
  
  ***************
  Pumping Summary
  ***************
  
  ---------------------------------------------------------------------------------------------------------
                                                  Min       Avg       Max     Total     Power    % Time Off
                        Percent   Number of      Flow      Flow      Flow    Volume     Usage    Pump Curve
  Pump                 Utilized   Start-Ups       LPS       LPS       LPS  10^6 ltr     Kw-hr    Low   High
  ---------------------------------------------------------------------------------------------------------
  CC-Pump-1               79.62           1      0.00    197.54    200.00     4.554      8.31    0.0    9.4
  CC-Pump-2               79.62           1      0.00    197.54    200.00     4.554      8.31    0.0    9.4
  JK-Pump-1              100.00           1      0.00    238.15    300.00     5.911    109.05    0.0    0.0
  JK-Pump-2              100.00           1      0.00    410.15    683.00     9.823    164.71    0.0   98.0
  XR-Pump-1              100.00           1      0.00     95.00     95.00     2.736     16.33    0.0    0.0
  XR-Pump-2              100.00           1      0.00     95.00     95.00     2.736     16.33    0.0    0.0
  XR-Pump-3                0.00           0      0.00      0.00      0.00     0.000      0.00    0.0    0.0
  XR-Pump-4                0.00           0      0.00      0.00      0.00     0.000      0.00    0.0    0.0
  
  
  ***************************
  Link Pollutant Load Summary
  ***************************
  
  ------------------------------------------------------------------------------------------
                                 COD            SS            TN            TP         NH4-N
  Link                            kg            kg            kg            kg            kg
  ------------------------------------------------------------------------------------------
  WS02003066WSF200           449.062       872.391        12.852         1.203         6.899
  WS02006287WS02006284       477.534       935.684        13.500         1.257         7.226
  WS02006284WS02006280       478.024       936.461        13.547         1.263         7.256
  WS02006280WS02006229       478.006       936.436        13.545         1.263         7.254
  WS02006229WS02006228       430.234       835.057        12.479         1.172         6.717
  WS02006256WS02006235       280.328       548.309         5.453         0.393         2.662
  WS02006253WS02006251        83.267       169.089         1.719         0.123         0.835
  WS02006252WS02006251       868.630      1651.377        16.888         1.156         8.141
  WS02006251WS02006249       165.501       316.614         3.239         0.223         1.563
  WS02006249WS02006248       165.229       316.125         3.232         0.222         1.559
  WS02006248WS02006247       165.055       315.817         3.228         0.222         1.558
  WS02006247WS02006245       164.829       315.410         3.223         0.222         1.555
  WS02006245WS02006243       164.530       314.866         3.217         0.221         1.552
  WS02006243WS02006242       164.234       314.335         3.211         0.221         1.549
  WS02006242WS02006240       163.786       313.528         3.201         0.220         1.544
  WS02006240WS02006239       163.517       313.039         3.195         0.220         1.541
  WS02006239WS02006238       163.181       312.420         3.188         0.219         1.538
  WS02006238WS02006235       163.128       312.337         3.187         0.219         1.537
  WS02006235WS02006234       100.859       202.381         2.089         0.161         1.029
  WS02006234WS02006232       101.730       204.121         2.109         0.162         1.039
  WS02006232WS02006231       102.977       206.596         2.137         0.164         1.054
  WS02006231WS02006230       103.874       208.369         2.158         0.166         1.064
  WS02006230WS02006229       106.145       212.839         2.211         0.170         1.091
  WS02006228WS02006109       429.692       834.167        12.433         1.166         6.689
  WS02006116WS02004401       454.685       881.319        13.337         1.263         7.199
  WS02006115WS02006116       455.125       882.029        13.380         1.268         7.226
  WS02006113WS02006111       436.990       845.829        13.147         1.255         7.135
  WS02006112WS02006115       455.625       882.832        13.423         1.273         7.252
  WS02006111WS02006112       436.890       845.686        13.133         1.254         7.126
  WS02006110WS02006113       437.150       846.087        13.161         1.257         7.143
  WS02006109WS02006110       437.808       847.139        13.220         1.264         7.180
  WS02004411WS02004412       450.588       874.710        12.996         1.221         6.988
  WS02004401WS02004402       454.030       880.261        13.284         1.256         7.166
  WS02004413WS02003067       449.552       873.235        12.886         1.207         6.919
  WS02004412WS02004413       450.021       873.798        12.947         1.215         6.958
  WS02004410WS02004411       450.992       875.374        13.030         1.225         7.009
  WS02004409WS02004410       451.284       875.827        13.059         1.229         7.027
  WS02004407WS02004409       451.580       876.332        13.081         1.231         7.041
  WS02004406WS02004407       451.736       876.624        13.090         1.232         7.046
  WS02004405WS02004406       453.206       878.967        13.221         1.248         7.128
  WS02004404WS02004405       453.684       879.785        13.257         1.253         7.150
  WS02004403WS02004404       452.792       878.255        13.180         1.243         7.102
  WS02004402WS02004403       453.376       879.189        13.230         1.249         7.133
  WS02004139WS02001211        94.395       165.018         6.472         0.776         3.950
  WS02004138WS02004139       749.952      1270.675        57.010         6.894        34.958
  WS02003067WS02003066       449.062       872.361        12.856         1.203         6.901
  WS02001213WS02003059        46.490        88.386         1.864         0.200         1.070
  WS02001212WS02001213        43.891        84.513         1.572         0.163         0.886
  WS02001211WS02001212        43.152        82.923         1.568         0.163         0.886
  WS02003072WS02003073       518.450       967.341        22.476         2.444        13.022
  WS02003069WS02003072       519.585       968.942        22.613         2.462        13.109
  WS02003060WS02003069       517.808       966.107        22.439         2.440        13.000
  WS02003059WS02003060        50.914        97.282         1.969         0.209         1.124
  HS02004901HS02004770        21.377        42.492         0.408         0.031         0.193
  HS02004876HS02004881        71.027       144.160         1.510         0.109         0.736
  HS02004870HS02004876        54.075       109.690         1.194         0.087         0.585
  HS02004842HS02004848        10.178        20.042         0.209         0.014         0.097
  HS02004837HS02004842        14.805        27.394         0.678         0.074         0.392
  HS02004830HS02004837        85.679       154.341         5.017         0.585         3.021
  HS02004824HS02004830        86.484       155.662         5.091         0.594         3.067
  HS02004817HS02004824       126.539       238.265         5.902         0.646         3.461
  HS02004770HS02004777        81.425       164.080         1.666         0.115         0.776
  HS02004799HS02004480       258.832       509.786         6.178         0.523         3.125
  HS02004792HS02004799       236.010       462.564         5.791         0.501         2.947
  HS02004788HS02004792       127.401       250.380         3.582         0.323         1.878
  HS02004785HS02004788        82.889       166.416         1.819         0.135         0.872
  HS02004777HS02004785        82.204       165.317         1.755         0.127         0.833
  HS02004480HS02004478       323.312       639.402         7.308         0.607         3.666
  HS02004479HS02004480        68.099       135.434         1.447         0.123         0.738
  HS02004862HS02004870        41.319        82.807         0.941         0.072         0.463
  HS02004848HS02004852        17.628        35.178         0.356         0.025         0.166
  HS02004856HS02004862        28.526        57.828         0.568         0.038         0.268
  HS02004852HS02004856        17.636        35.189         0.357         0.025         0.166
  HS02004802HS02004478       155.002       297.524         6.253         0.657         3.598
  HS02004478WS02006287       477.699       935.936        13.517         1.259         7.236
  HS02004817HS02004807       125.315       236.307         5.783         0.631         3.387
  HS02004807HS02004802       155.245       297.914         6.286         0.662         3.619
  YS02001759YS02001757       567.312      1080.051        11.087         0.776         5.403
  YS02001762YS02001759       224.562       422.130         4.691         0.329         2.313
  YS02001765YS02001762       225.798       425.557         4.729         0.333         2.334
  YS02001770YS02001767       228.583       434.124         4.584         0.308         2.228
  YS02001774YS02001770       426.275       853.932         8.164         0.549         3.950
  YS02001779YS02001774       425.117       851.675         8.226         0.560         3.996
  YS02001649YS02001757       425.823       783.040         8.468         0.596         4.056
  YS02001767YS02001765       227.694       430.272         4.774         0.336         2.357
  YS02006561YS02001783      1343.990      2551.667        27.713         2.046        13.712
  YS02001783YS02001784      1343.969      2551.685        27.710         2.045        13.710
  YS02001784YS02001785      1351.568      2563.926        28.440         2.137        14.166
  YS02001788YS02001790      1352.340      2565.290        28.516         2.146        14.214
  YS02001790YS02001791      1353.486      2567.304        28.619         2.159        14.278
  YS02001791YS02001793      1353.625      2567.617        28.618         2.159        14.278
  YS02001910YS02001907       628.989      1200.521        13.977         1.026         7.032
  YS02001786YS02001788      1351.908      2564.586        28.470         2.141        14.185
  YS02001915YS02001910       628.936      1200.393        13.929         1.019         7.000
  YS02001918YS02001915       304.060       556.608         7.345         0.627         3.841
  YS02001923YS02001920       280.957       518.342         5.311         0.377         2.577
  YS02001926YS02001923       279.003       514.965         5.221         0.367         2.524
  YS02001929YS02001926       278.175       513.544         5.170         0.361         2.493
  YS02001920YS02001918       301.614       551.569         7.270         0.621         3.801
  YS02001629YS02163301       138.543       255.304         2.790         0.190         1.318
  YS02001619YS02001622       290.862       550.386         5.851         0.390         2.750
  YS02001622YS02001625       289.751       548.636         5.823         0.389         2.738
  YS02001625YS02001629       135.195       248.025         2.741         0.185         1.292
  YS02163301YS02001633       142.189       262.742         2.849         0.195         1.348
  YS02163601YS02164001       549.997      1020.670        10.604         0.768         5.100
  YS02164001YS02001641       549.641      1020.082        10.586         0.766         5.090
  YS02001641YS02001644       550.081      1020.771        10.589         0.766         5.091
  YS02001647YS02001649       582.455      1091.924        11.478         0.813         5.469
  YS02006553YS02006556       806.120      1504.354        17.191         1.301         8.613
  YS02006556YS02006558       806.378      1504.830        17.165         1.297         8.594
  YSB6556YSB1171              39.636        79.025         0.783         0.064         0.392
  YS02001907YS02006553       806.043      1504.225        17.201         1.302         8.620
  YS02006558YS02006561      1343.894      2551.463        27.711         2.046        13.711
  YS02001633YS02163601       550.611      1021.597        10.581         0.764         5.082
  YS02001644YS02001647       588.807      1104.399        11.581         0.821         5.519
  YS02001745YS02001748       395.654       768.030         7.787         0.491         3.744
  YS02001748YS02001751       395.033       766.968         7.797         0.494         3.753
  YS02001751YS02001754       394.131       765.495         7.781         0.493         3.746
  YS02001754YS02001757       395.018       766.860         7.950         0.516         3.856
  YS02001882YS02001884         4.194         7.355         0.082         0.006         0.041
  YS02001884YS02001887         7.108        12.665         0.138         0.011         0.068
  YS02001890YS02001895       614.559      1179.730        11.421         0.865         5.578
  YS02001895YS02001898       614.500      1179.731        11.416         0.865         5.575
  YS02001898YS02001901       614.476      1179.654        11.416         0.865         5.575
  YS02001901YS02001904       614.282      1179.443        11.420         0.865         5.578
  YS02001904YS02001907       614.774      1180.218        11.480         0.873         5.616
  YS02001887YS02001890       746.739      1447.034        13.812         1.049         6.746
  YS02001652YS02001649       357.382       684.500         7.087         0.514         3.334
  YS02001655YS02001652       358.156       685.705         7.108         0.515         3.344
  YS02001658YS02001655       357.911       685.289         7.026         0.504         3.289
  YS02001661YS02001658       358.695       686.547         7.045         0.505         3.298
  YS02001664YS02001661       366.781       699.337         7.239         0.518         3.387
  YSB1154YSB6556              39.241        78.421         0.736         0.058         0.362
  YSB1174YSB1171              26.971        54.042         0.530         0.042         0.263
  YSB1171HS02004479           68.054       135.361         1.451         0.123         0.740
  HS02004881HS02006253        79.553       161.684         1.672         0.120         0.814
  YS02001793JiankangQianchi      1353.931      2568.245        28.621         2.159        14.279
  YS02001757CaochengTiaoxuchi      1087.547      2044.060        21.517         1.474        10.391
  WSF200WS02003060           448.893       872.064        12.845         1.202         6.894
  1                          530.458       986.013        23.709         2.599        13.796
  CC-Pump-1                  434.347       825.742         8.445         0.578         4.071
  CC-Pump-2                  434.347       825.742         8.445         0.578         4.071
  JK-Pump-1                  301.933       590.714         5.871         0.423         2.866
  JK-Pump-2                  687.400      1344.858        13.367         0.964         6.526
  XR-Pump-1                  375.394       636.032        28.539         3.451        17.500
  XR-Pump-2                  375.394       636.032        28.539         3.451        17.500
  XR-Pump-3                    0.000         0.000         0.000         0.000         0.000
  XR-Pump-4                    0.000         0.000         0.000         0.000         0.000
  3                          786.591      1504.095        15.415         1.062         7.443
  5                          489.774       959.476         9.636         0.696         4.696
  6                          846.309      1438.853        63.668         7.693        39.024
  

  Analysis begun on:  Thu Jul  8 15:15:48 2021
  Analysis ended on:  Thu Jul  8 15:15:50 2021
  Total elapsed time: 00:00:02