
  EPA STORM WATER MANAGEMENT MODEL - VERSION 5.1 (Build 5.3.0.dev0)
  --------------------------------------------------------------

  WARNING 04: minimum elevation drop used for Conduit WS02004404WS02004405
  WARNING 03: negative offset ignored for Link YS02001904YS02001907
  
  *********************************************************
  NOTE: The summary statistics displayed in this report are
  based on results found at every computational time step,  
  not just on results from each reporting time step.
  *********************************************************
  
  ****************
  Analysis Options
  ****************
  Flow Units ............... LPS
  Process Models:
    Rainfall/Runoff ........ YES
    RDII ................... NO
    Snowmelt ............... NO
    Groundwater ............ NO
    Flow Routing ........... YES
    Ponding Allowed ........ NO
    Water Quality .......... YES
  Infiltration Method ...... HORTON
  Flow Routing Method ...... DYNWAVE
  Surcharge Method ......... EXTRAN
  Starting Date ............ 08/28/2015 08:00:00
  Ending Date .............. 08/28/2015 16:00:00
  Antecedent Dry Days ...... 8.0
  Report Time Step ......... 00:01:00
  Wet Time Step ............ 00:01:00
  Dry Time Step ............ 00:01:00
  Routing Time Step ........ 5.00 sec
  Variable Time Step ....... YES
  Maximum Trials ........... 8
  Number of Threads ........ 4
  Head Tolerance ........... 0.001500 m
  
  
  **************************        Volume         Depth
  Runoff Quantity Continuity     hectare-m            mm
  **************************     ---------       -------
  Total Precipitation ......         8.849        19.374
  Evaporation Loss .........         0.000         0.000
  Infiltration Loss ........         1.283         2.810
  Surface Runoff ...........         6.536        14.309
  Final Storage ............         1.031         2.257
  Continuity Error (%) .....        -0.015
  
  
  **************************           COD            SS            TN            TP         NH4-N
  Runoff Quality Continuity             kg            kg            kg            kg            kg
  **************************    ----------    ----------    ----------    ----------    ----------
  Initial Buildup ..........     41378.656     70582.865      1804.177       168.684      1032.807
  Surface Buildup ..........        37.682        81.699         2.542         0.226         1.439
  Wet Deposition ...........         0.000         0.000         0.000         0.000         0.000
  Sweeping Removal .........         0.000         0.000         0.000         0.000         0.000
  Infiltration Loss ........       147.005       285.814         2.849         0.204         1.368
  BMP Removal ..............         0.000         0.000         0.000         0.000         0.000
  Surface Runoff ...........      7025.177     13610.698       136.014         9.496        65.021
  Remaining Buildup ........     34241.510     56762.910      1667.801       159.206       967.831
  Continuity Error (%) .....         0.006         0.007         0.003         0.002         0.003
  
  
  **************************        Volume        Volume
  Flow Routing Continuity        hectare-m      10^6 ltr
  **************************     ---------     ---------
  Dry Weather Inflow .......         0.630         6.296
  Wet Weather Inflow .......         6.535        65.346
  Groundwater Inflow .......         0.000         0.000
  RDII Inflow ..............         0.000         0.000
  External Inflow ..........         0.105         1.045
  External Outflow .........         2.587        25.874
  Flooding Loss ............         4.255        42.550
  Evaporation Loss .........         0.000         0.000
  Exfiltration Loss ........         0.000         0.000
  Initial Stored Volume ....         0.076         0.761
  Final Stored Volume ......         0.513         5.127
  Continuity Error (%) .....        -0.139
  
  
  **************************           COD            SS            TN            TP         NH4-N
  Quality Routing Continuity            kg            kg            kg            kg            kg
  **************************    ----------    ----------    ----------    ----------    ----------
  Dry Weather Inflow .......      1573.993      2518.389       151.103        18.888        94.440
  Wet Weather Inflow .......      7024.909     13610.379       136.007         9.496        65.018
  Groundwater Inflow .......         0.000         0.000         0.000         0.000         0.000
  RDII Inflow ..............         0.000         0.000         0.000         0.000         0.000
  External Inflow ..........       187.321       299.713        17.983         2.248        11.239
  External Outflow .........      2872.425      5336.032       113.443        11.891        64.842
  Flooding Loss ............      5283.355     10022.092       164.695        15.936        90.400
  Exfiltration Loss ........         0.000         0.000         0.000         0.000         0.000
  Mass Reacted .............         0.000         0.000         0.000         0.000         0.000
  Initial Stored Mass ......         0.000         0.000         0.000         0.000         0.000
  Final Stored Mass ........       436.608       750.244        20.629         2.224        12.002
  Continuity Error (%) .....         2.206         1.949         2.074         1.893         2.023
  
  
  *************************
  Highest Continuity Errors
  *************************
  Node HS02004842 (9.52%)
  Node YS02001884 (6.65%)
  Node WS02003059 (4.73%)
  Node HS02004817 (1.88%)
  Node YSB1171 (1.69%)
  
  
  ***************************
  Time-Step Critical Elements
  ***************************
  Link YS02001793JiankangQianchi (39.79%)
  Link WS02006280WS02006229 (32.14%)
  Link YS02006556YS02006558 (5.99%)
  Link WS02006256WS02006235 (3.53%)
  Link YS02001661YS02001658 (2.31%)
  
  
  ********************************
  Highest Flow Instability Indexes
  ********************************
  Link WS02006113WS02006111 (31)
  Link YS02006558YS02006561 (22)
  Link WS02006111WS02006112 (17)
  Link YS02006556YS02006558 (16)
  Link YS02163601YS02164001 (16)
  
  
  *************************
  Routing Time Step Summary
  *************************
  Minimum Time Step           :     0.50 sec
  Average Time Step           :     2.10 sec
  Maximum Time Step           :     5.00 sec
  Percent in Steady State     :    -0.00
  Average Iterations per Step :     3.06
  Percent Not Converging      :     9.91
  
  
  ***************************
  Subcatchment Runoff Summary
  ***************************
  
  ------------------------------------------------------------------------------------------------------------------------------
                            Total      Total      Total      Total     Imperv       Perv      Total       Total     Peak  Runoff
                           Precip      Runon       Evap      Infil     Runoff     Runoff     Runoff      Runoff   Runoff   Coeff
  Subcatchment                 mm         mm         mm         mm         mm         mm         mm    10^6 ltr      LPS
  ------------------------------------------------------------------------------------------------------------------------------
  sub0                      19.37       0.00       0.00       0.72      17.97       0.64      18.61        0.02     3.90   0.961
  sub1                      19.37       0.00       0.00       1.22      17.15       0.91      18.07        0.12    27.82   0.932
  sub2                      19.37       0.00       0.00       5.12      12.12       2.04      14.17        0.13    27.41   0.731
  sub3                      19.37       0.00       0.00       5.40      12.09       1.77      13.85        0.31    61.11   0.715
  sub4                      19.37       0.00       0.00       1.34      17.00       0.79      17.79        0.37    71.85   0.918
  sub5                      19.37       0.00       0.00       0.75      17.92       0.60      18.53        0.21    48.63   0.956
  sub7                      19.37       0.00       0.00       0.95      17.57       0.79      18.36        0.06    15.22   0.948
  sub8                      19.37       0.00       0.00       0.96      17.56       0.78      18.34        0.12    28.21   0.947
  sub9                      19.37       0.00       0.00       0.97      17.56       0.78      18.34        0.09    21.14   0.946
  sub10                     19.37       0.00       0.00       0.86      17.74       0.69      18.43        0.20    47.68   0.951
  sub11                     19.37       0.00       0.00       0.85      17.76       0.70      18.46        0.21    51.98   0.953
  sub12                     19.37       0.00       0.00       1.38      16.81       1.14      17.95        0.16    39.99   0.926
  sub14                     19.37       0.00       0.00       0.97      17.56       0.78      18.33        0.17    41.67   0.946
  sub15                     19.37       0.00       0.00       3.73      13.50       2.09      15.59        0.27    60.70   0.805
  sub16                     19.37       0.00       0.00       3.89      12.94       2.51      15.45        0.16    38.89   0.797
  sub17                     19.37       0.00       0.00       3.79      13.13       2.41      15.54        0.13    31.85   0.802
  sub22                     19.37       0.00       0.00       5.58      11.00       2.75      13.75        0.87   192.54   0.710
  sub23                     19.37       0.00       0.00       4.60      12.16       2.57      14.73        0.70   160.90   0.760
  sub60                     19.37       0.00       0.00       1.90      15.08       0.42      15.50        4.70   527.40   0.800
  sub61                     19.37       0.00       0.00       2.69      14.92       0.60      15.52        4.79   614.21   0.801
  sub62                     19.37       0.00       0.00       1.14      16.34       0.41      16.74        5.15   635.44   0.864
  sub63                     19.37       0.00       0.00       4.88      12.94       0.74      13.68        4.14   558.20   0.706
  sub64                     19.37       0.00       0.00       2.46      14.50       0.45      14.95        4.54   505.23   0.771
  sub65                     19.37       0.00       0.00       2.10      14.78       0.42      15.20        4.67   514.72   0.784
  sub66                     19.37       0.00       0.00       5.10      12.33       0.52      12.85        3.94   455.07   0.663
  sub67                     19.37       0.00       0.00       1.08      16.89       0.47      17.36        5.36   754.97   0.896
  sub68                     19.37       0.00       0.00       2.12      15.60       0.59      16.19        4.98   663.31   0.836
  sub69                     19.37       0.00       0.00       2.15      15.87       0.75      16.62        3.89   601.22   0.858
  sub70                     19.37      16.97       0.00       9.19      22.45       3.16      25.61        5.86   681.27   0.705
  sub71                     19.37       0.00       0.00       1.17      16.07       0.38      16.45        3.88   456.38   0.849
  sub72                     19.37       0.00       0.00       1.12      13.80       0.23      14.04        2.86   261.48   0.724
  1                         19.37      24.94       0.00       1.40      26.96       9.21      36.16        8.50   777.79   0.816
  2                         19.37       0.00       0.00       3.09       4.70       4.14       8.84        3.54   368.53   0.456
  
  
  ****************************
  Subcatchment Washoff Summary
  ****************************
  
  ------------------------------------------------------------------------------------------
                                 COD            SS            TN            TP         NH4-N
  Subcatchment                    kg            kg            kg            kg            kg
  ------------------------------------------------------------------------------------------
  sub0                         4.283         8.394         0.077         0.006         0.038
  sub1                        18.717        37.980         0.357         0.025         0.173
  sub2                        12.812        25.592         0.267         0.018         0.124
  sub3                        31.577        62.655         0.647         0.045         0.301
  sub4                        43.822        90.496         0.870         0.054         0.420
  sub5                        42.531        84.857         0.784         0.060         0.383
  sub7                         9.354        19.205         0.180         0.012         0.087
  sub8                        13.951        29.381         0.280         0.017         0.135
  sub9                        12.010        24.915         0.235         0.015         0.114
  sub10                       34.893        70.566         0.657         0.048         0.320
  sub11                       33.652        68.785         0.644         0.045         0.313
  sub12                       29.031        58.147         0.542         0.041         0.263
  sub14                       25.777        52.943         0.497         0.034         0.241
  sub15                       36.398        72.318         0.708         0.053         0.335
  sub16                       23.578        46.709         0.455         0.035         0.216
  sub17                       21.658        42.507         0.409         0.032         0.195
  sub22                      120.179       235.339         2.299         0.176         1.085
  sub23                       67.151       135.848         1.414         0.095         0.656
  sub60                      447.354       871.503         8.821         0.558         4.245
  sub61                      554.556      1073.787        10.371         0.728         5.015
  sub62                      562.525      1106.116        10.957         0.715         5.284
  sub63                      416.378       795.395         8.243         0.592         3.862
  sub64                      575.285      1082.207        10.630         0.789         5.104
  sub65                      586.720      1107.863        10.903         0.796         5.242
  sub66                      331.376       629.588         6.668         0.447         3.139
  sub67                      829.559      1609.666        15.166         1.138         7.368
  sub68                      600.968      1173.160        11.514         0.797         5.533
  sub69                      533.267      1048.056        10.093         0.726         4.857
  sub70                      966.449      1900.133        19.563         1.395         9.276
  sub71                      370.814       736.763         7.528         0.450         3.616
  sub72                      320.309       594.540         5.967         0.418         2.880
  1                          763.204      1508.340        15.635         1.115         7.350
  2                           84.756       155.134         2.288         0.140         0.986
  ------------------------------------------------------------------------------------------
  System                    8524.892     16558.887       165.670        11.617        79.154
  
  
  ******************
  Node Depth Summary
  ******************
  
  ---------------------------------------------------------------------------------
                                 Average  Maximum  Maximum  Time of Max    Reported
                                   Depth    Depth      HGL   Occurrence   Max Depth
  Node                 Type       Meters   Meters   Meters  days hr:min      Meters
  ---------------------------------------------------------------------------------
  WS02001211           JUNCTION     0.25     0.35     5.19     0  02:05        0.35
  WS02001212           JUNCTION     0.05     0.18     5.24     0  02:05        0.18
  WS02001213           JUNCTION     0.36     0.53     5.30     0  02:04        0.53
  WS02003069           JUNCTION     0.21     0.41     4.99     0  02:04        0.41
  WS02003072           JUNCTION     0.27     0.48     4.85     0  02:05        0.48
  WS02003073           JUNCTION     0.15     0.28     4.35     0  02:06        0.28
  WS02003060           JUNCTION     0.19     0.37     5.30     0  02:03        0.37
  WS02003066           JUNCTION     0.16     0.31     5.86     0  02:02        0.31
  WS02003059           JUNCTION     0.43     0.61     5.30     0  02:03        0.61
  WS02003067           JUNCTION     0.43     0.72     6.04     0  02:02        0.72
  WS02004401           JUNCTION     0.51     0.90     6.90     0  01:57        0.90
  WS02004402           JUNCTION     0.55     0.93     6.89     0  01:57        0.92
  WS02004403           JUNCTION     0.57     0.95     6.88     0  01:57        0.94
  WS02004404           JUNCTION     0.64     1.11     6.96     0  01:57        1.04
  WS02004406           JUNCTION     0.65     0.98     6.81     0  01:58        0.98
  WS02004409           JUNCTION     0.32     0.70     6.47     0  02:01        0.70
  WS02004410           JUNCTION     0.35     0.71     6.43     0  02:02        0.71
  WS02004411           JUNCTION     0.37     0.72     6.40     0  02:01        0.72
  WS02004412           JUNCTION     0.39     0.72     6.36     0  02:02        0.72
  WS02004413           JUNCTION     0.53     0.88     6.35     0  02:02        0.88
  WS02004405           JUNCTION     0.64     1.01     6.86     0  01:59        0.99
  WS02006109           JUNCTION     0.57     0.98     7.60     0  01:57        0.98
  WS02006110           JUNCTION     0.58     0.93     7.51     0  01:57        0.93
  WS02006111           JUNCTION     0.15     0.29     7.00     0  01:59        0.29
  WS02006112           JUNCTION     0.66     1.11     7.00     0  01:57        1.11
  WS02006113           JUNCTION     0.22     0.46     7.35     0  01:57        0.46
  WS02006115           JUNCTION     0.40     0.81     6.95     0  01:58        0.81
  WS02006116           JUNCTION     0.48     0.89     6.93     0  01:57        0.89
  WS02006230           JUNCTION     0.48     0.94     7.69     0  01:58        0.94
  WS02006231           JUNCTION     0.23     0.53     7.65     0  01:58        0.53
  WS02006232           JUNCTION     0.32     0.60     7.63     0  01:58        0.60
  WS02006234           JUNCTION     0.20     0.42     7.57     0  01:58        0.42
  WS02006235           JUNCTION     0.20     0.32     7.49     0  01:59        0.32
  WS02006238           JUNCTION     0.24     0.35     7.49     0  01:59        0.35
  WS02006240           JUNCTION     0.20     0.27     7.57     0  02:00        0.27
  WS02006242           JUNCTION     0.27     0.35     7.62     0  02:00        0.35
  WS02006243           JUNCTION     0.17     0.23     7.65     0  02:00        0.23
  WS02006245           JUNCTION     0.19     0.25     7.74     0  01:59        0.25
  WS02006247           JUNCTION     0.22     0.29     7.79     0  01:58        0.29
  WS02006248           JUNCTION     0.18     0.24     7.82     0  01:58        0.24
  WS02006249           JUNCTION     0.22     0.28     7.88     0  01:57        0.28
  WS02006239           JUNCTION     0.22     0.31     7.52     0  02:00        0.31
  WS02006251           JUNCTION     0.21     0.27     7.94     0  01:56        0.27
  WS02006252           JUNCTION     0.52     0.59     8.84     0  01:55        0.59
  WS02006253           JUNCTION     0.25     0.38     8.02     0  01:56        0.38
  WS02006256           JUNCTION     1.87     2.35     9.28     0  00:00        2.35
  WS02004138           JUNCTION     0.14     0.14     7.39     0  00:00        0.14
  WS02004139           JUNCTION     0.16     0.19     5.10     0  02:06        0.19
  WS02004407           JUNCTION     0.15     0.31     6.62     0  02:00        0.31
  WS02006228           JUNCTION     0.56     1.03     7.68     0  01:58        1.02
  WS02006229           JUNCTION     0.52     1.02     7.71     0  01:58        1.02
  WS02006280           JUNCTION     0.10     0.27     8.55     0  01:57        0.27
  WS02006284           JUNCTION     0.42     0.67     9.07     0  01:57        0.67
  WS02006287           JUNCTION     0.15     0.41     9.37     0  01:57        0.41
  WSF200               JUNCTION     0.14     0.30     5.53     0  02:02        0.30
  HS02004901           JUNCTION     0.17     0.39    10.21     0  01:55        0.39
  HS02004881           JUNCTION     0.02     0.06     9.09     0  01:56        0.06
  HS02004876           JUNCTION     0.06     0.17     9.20     0  01:56        0.17
  HS02004870           JUNCTION     0.03     0.10     9.39     0  01:57        0.10
  HS02004862           JUNCTION     0.04     0.12     9.50     0  01:57        0.12
  HS02004856           JUNCTION     0.09     0.16     9.58     0  01:57        0.16
  HS02004852           JUNCTION     0.02     0.08     9.59     0  01:57        0.08
  HS02004848           JUNCTION     0.02     0.07     9.67     0  01:57        0.07
  HS02004842           JUNCTION     0.34     0.40     9.67     0  01:57        0.40
  HS02004837           JUNCTION     0.04     0.09     9.67     0  01:57        0.09
  HS02004830           JUNCTION     0.05     0.12     9.59     0  01:58        0.12
  HS02004824           JUNCTION     0.04     0.16     9.56     0  01:57        0.16
  HS02004817           JUNCTION     0.48     0.72     9.57     0  01:57        0.72
  HS02004807           JUNCTION     0.17     0.39     9.56     0  01:57        0.39
  HS02004802           JUNCTION     0.20     0.42     9.55     0  01:57        0.42
  HS02004799           JUNCTION     0.18     0.49     9.70     0  01:56        0.49
  HS02004792           JUNCTION     0.07     0.23     9.76     0  01:56        0.23
  HS02004788           JUNCTION     0.05     0.17    10.07     0  01:56        0.17
  HS02004785           JUNCTION     0.08     0.26    10.16     0  01:56        0.26
  HS02004777           JUNCTION     0.19     0.40    10.20     0  01:56        0.40
  HS02004770           JUNCTION     0.16     0.38    10.21     0  01:56        0.38
  HS02004480           JUNCTION     0.14     0.40     9.65     0  01:56        0.40
  HS02004479           JUNCTION     0.17     0.44     9.65     0  01:56        0.44
  HS02004478           JUNCTION     0.10     0.30     9.53     0  01:57        0.30
  YS02001745           JUNCTION     0.72     0.99     8.50     0  02:46        0.99
  YS02001748           JUNCTION     1.10     1.41     8.49     0  02:48        1.41
  YS02001751           JUNCTION     1.27     1.60     8.48     0  02:50        1.60
  YS02001754           JUNCTION     1.52     1.85     8.46     0  02:51        1.85
  YS02001762           JUNCTION     1.71     2.05     8.45     0  02:48        2.05
  YS02001765           JUNCTION     1.67     2.00     8.45     0  02:26        2.00
  YS02001767           JUNCTION     1.63     1.96     8.45     0  02:26        1.96
  YS02001770           JUNCTION     1.63     1.94     8.44     0  02:45        1.94
  YS02001774           JUNCTION     1.69     1.99     8.41     0  02:26        1.99
  YS02001779           JUNCTION     1.44     1.68     8.37     0  01:45        1.68
  YS02001882           JUNCTION     0.78     1.65     8.37     0  01:52        1.64
  YS02001884           JUNCTION     0.88     1.75     8.37     0  01:52        1.73
  YS02001759           JUNCTION     1.75     2.09     8.45     0  02:50        2.09
  YS02001887           JUNCTION     0.95     1.82     8.36     0  02:15        1.82
  YS02001890           JUNCTION     0.98     1.81     8.32     0  01:52        1.81
  YS02001898           JUNCTION     0.74     1.56     8.30     0  01:52        1.56
  YS02001901           JUNCTION     0.86     1.68     8.29     0  02:11        1.67
  YS02001904           JUNCTION     0.83     1.64     8.27     0  01:52        1.63
  YS02001907           JUNCTION     1.16     1.96     8.25     0  01:52        1.96
  YS02001910           JUNCTION     0.96     1.83     8.33     0  01:53        1.79
  YS02001915           JUNCTION     0.76     1.68     8.40     0  01:53        1.60
  YS02001918           JUNCTION     0.50     1.44     8.51     0  01:53        1.32
  YS02001619           JUNCTION     1.24     1.57     8.50     0  01:45        1.49
  YS02001629           JUNCTION     1.58     1.85     8.39     0  02:15        1.84
  YS02001641           JUNCTION     1.67     1.94     8.37     0  02:09        1.93
  YS02001644           JUNCTION     1.67     1.92     8.35     0  01:46        1.92
  YS02001652           JUNCTION     1.53     2.06     8.65     0  01:50        1.86
  YS02001655           JUNCTION     1.30     2.03     8.88     0  01:50        1.65
  YS02001920           JUNCTION     0.60     1.55     8.56     0  01:53        1.40
  YS02001923           JUNCTION     0.41     1.34     8.60     0  01:53        1.18
  YS02001926           JUNCTION     0.42     1.15     8.60     0  01:53        1.05
  YS02001929           JUNCTION     0.27     0.89     8.58     0  01:53        0.75
  YS02001658           JUNCTION     1.05     1.97     9.11     0  01:50        1.41
  YS02001661           JUNCTION     0.83     1.90     9.30     0  01:50        1.20
  YS02001664           JUNCTION     0.37     0.57     8.49     0  01:50        0.55
  YS02001622           JUNCTION     1.26     1.57     8.47     0  01:45        1.50
  YS02001633           JUNCTION     1.67     1.95     8.40     0  02:03        1.94
  YS02001649           JUNCTION     1.72     2.05     8.44     0  01:50        2.05
  YS02001757           JUNCTION     1.84     2.19     8.45     0  02:53        2.19
  YS02001895           JUNCTION     0.74     1.57     8.31     0  02:06        1.56
  YS02001625           JUNCTION     1.53     1.78     8.38     0  01:43        1.78
  YS02163301           JUNCTION     1.61     1.88     8.40     0  01:57        1.88
  YS02163601           JUNCTION     1.71     1.99     8.39     0  02:16        1.98
  YS02164001           JUNCTION     1.65     1.92     8.38     0  01:46        1.91
  YS02001647           JUNCTION     1.51     1.82     8.43     0  01:50        1.79
  YSB1154              JUNCTION     0.31     0.59     9.65     0  01:56        0.59
  YSB6556              JUNCTION     0.20     0.48     9.65     0  01:56        0.48
  YSB1174              JUNCTION     0.26     0.54     9.65     0  01:56        0.54
  YSB1171              JUNCTION     0.46     0.75     9.65     0  01:56        0.75
  YS02006553           JUNCTION     1.16     2.04     8.32     0  02:01        1.97
  YS02006561           JUNCTION     0.48     1.28     7.94     0  02:01        1.09
  YS02006556           JUNCTION     1.12     2.10     8.41     0  02:01        1.93
  YS02006558           JUNCTION     1.17     2.18     8.44     0  02:01        1.98
  YS02001783           JUNCTION     0.72     1.73     7.87     0  02:01        1.48
  YS02001784           JUNCTION     0.71     1.70     7.77     0  02:01        1.42
  YS02001786           JUNCTION     0.62     1.58     7.61     0  02:01        1.27
  YS02001788           JUNCTION     0.53     1.43     7.41     0  02:01        1.13
  YS02001790           JUNCTION     0.62     1.55     7.20     0  02:01        1.29
  YS02001791           JUNCTION     0.56     1.39     6.86     0  02:00        1.27
  YS02001793           JUNCTION     0.72     1.80     6.64     0  02:10        1.80
  WSC                  OUTFALL      0.15     0.28     0.95     0  02:06        0.28
  3                    OUTFALL      0.00     0.00     7.16     0  00:00        0.00
  4                    OUTFALL      0.00     0.00     7.67     0  00:00        0.00
  5                    OUTFALL      0.00     0.00     4.91     0  00:00        0.00
  JK-storage           STORAGE      2.36     5.80     6.60     0  02:01        5.80
  CC-storage           STORAGE      1.04     1.43     8.43     0  02:59        1.43
  XR-storage           STORAGE      7.45     7.72     5.72     0  01:41        7.72
  
  
  *******************
  Node Inflow Summary
  *******************
  
  -------------------------------------------------------------------------------------------------
                                  Maximum  Maximum                  Lateral       Total        Flow
                                  Lateral    Total  Time of Max      Inflow      Inflow     Balance
                                   Inflow   Inflow   Occurrence      Volume      Volume       Error
  Node                 Type           LPS      LPS  days hr:min    10^6 ltr    10^6 ltr     Percent
  -------------------------------------------------------------------------------------------------
  WS02001211           JUNCTION      7.35    96.26     0  02:05       0.212       0.545       1.109
  WS02001212           JUNCTION      0.00    89.48     0  02:02           0       0.329       0.018
  WS02001213           JUNCTION      0.00    91.70     0  02:01           0        0.34       2.605
  WS02003069           JUNCTION      0.32   507.56     0  02:03     0.00922        3.95       0.139
  WS02003072           JUNCTION      0.00   507.24     0  02:04           0        3.95       0.224
  WS02003073           JUNCTION      1.82   508.86     0  02:05      0.0524        3.99       0.193
  WS02003060           JUNCTION     16.53   598.68     0  02:03       0.476        4.31       0.120
  WS02003066           JUNCTION      0.00   581.07     0  02:02           0        3.83       0.046
  WS02003059           JUNCTION      0.00   114.36     0  01:40           0       0.364       4.962
  WS02003067           JUNCTION      0.00   580.68     0  02:02           0        3.84       0.122
  WS02004401           JUNCTION      0.00   595.20     0  01:58           0        3.95       0.290
  WS02004402           JUNCTION      0.00   597.13     0  01:57           0        3.94       0.292
  WS02004403           JUNCTION      0.00   590.94     0  01:57           0        3.93       0.282
  WS02004404           JUNCTION      0.16   600.71     0  01:57     0.00467        3.92       0.207
  WS02004406           JUNCTION      0.00   599.10     0  01:57           0         3.9       0.565
  WS02004409           JUNCTION      0.00   585.07     0  02:00           0        3.88       0.103
  WS02004410           JUNCTION      0.00   582.92     0  02:01           0        3.87       0.150
  WS02004411           JUNCTION      0.00   582.02     0  02:01           0        3.87       0.179
  WS02004412           JUNCTION      0.00   581.48     0  02:01           0        3.86       0.229
  WS02004413           JUNCTION      0.00   581.38     0  02:02           0        3.85       0.402
  WS02004405           JUNCTION      0.04   604.04     0  01:55      0.0011        3.91       0.346
  WS02006109           JUNCTION      1.23   543.93     0  01:59      0.0354        3.87       0.296
  WS02006110           JUNCTION      0.00   543.75     0  01:57           0        3.86       0.266
  WS02006111           JUNCTION      0.00   566.86     0  01:58           0        3.85       0.026
  WS02006112           JUNCTION     31.85   578.87     0  01:58       0.133        3.98       0.396
  WS02006113           JUNCTION      0.00   544.08     0  01:58           0        3.85       0.066
  WS02006115           JUNCTION      0.00   582.47     0  01:59           0        3.97       0.254
  WS02006116           JUNCTION      0.00   594.55     0  01:58           0        3.96       0.162
  WS02006230           JUNCTION     10.28   240.51     0  01:57       0.296        1.42       0.427
  WS02006231           JUNCTION      0.00   240.24     0  01:57           0        1.18       0.076
  WS02006232           JUNCTION      0.00   240.05     0  01:58           0        1.17       0.415
  WS02006234           JUNCTION      0.00   240.09     0  01:58           0        1.16       0.046
  WS02006235           JUNCTION      0.00   607.39     0  01:59           0         8.1       0.026
  WS02006238           JUNCTION      0.00   103.46     0  02:02           0        1.74       0.142
  WS02006240           JUNCTION      0.00   103.24     0  02:00           0        1.73       0.238
  WS02006242           JUNCTION      0.00   103.31     0  01:59           0        1.74       0.315
  WS02006243           JUNCTION      0.00   103.38     0  01:59           0        1.74       0.153
  WS02006245           JUNCTION      0.00   103.41     0  01:58           0        1.74       0.235
  WS02006247           JUNCTION      0.00   103.45     0  01:57           0        1.75       0.208
  WS02006248           JUNCTION      0.00   103.47     0  01:57           0        1.75       0.081
  WS02006249           JUNCTION      0.00   103.56     0  01:56           0        1.75       0.308
  WS02006239           JUNCTION      0.00   103.30     0  02:01           0        1.73       0.192
  WS02006251           JUNCTION      0.08   564.85     0  01:56     0.00222        10.1       0.029
  WS02006252           JUNCTION      0.00   400.00     0  01:31           0        9.36       0.005
  WS02006253           JUNCTION      3.90   164.16     0  01:56      0.0151       0.726       0.427
  WS02006256           JUNCTION      0.00   683.00     0  00:00           0        10.7      -0.016
  WS02004138           JUNCTION      0.00   190.00     0  00:00           0        5.47       0.071
  WS02004139           JUNCTION      0.32   286.09     0  02:06     0.00924        6.02       0.075
  WS02004407           JUNCTION      0.00   587.21     0  01:59           0        3.88       0.049
  WS02006228           JUNCTION      0.00   542.69     0  01:58           0        3.85       0.188
  WS02006229           JUNCTION      0.00   772.46     0  01:57           0        4.43       0.178
  WS02006280           JUNCTION      0.00   772.44     0  01:57           0        3.66       0.002
  WS02006284           JUNCTION      0.10   772.32     0  01:57     0.00275        3.66       0.018
  WS02006287           JUNCTION      0.00   772.11     0  01:57           0        3.65       0.020
  WSF200               JUNCTION      0.00   581.26     0  02:02           0        3.83       0.021
  HS02004901           JUNCTION     38.89    38.89     0  01:54       0.162       0.162       1.099
  HS02004881           JUNCTION     15.22   160.59     0  01:56      0.0619       0.711       0.009
  HS02004876           JUNCTION     27.82   145.93     0  01:56        0.12        0.65       0.082
  HS02004870           JUNCTION     28.21   118.40     0  01:56       0.117        0.53       0.022
  HS02004862           JUNCTION     27.61    91.03     0  01:57       0.138       0.413       0.042
  HS02004856           JUNCTION     21.14    63.47     0  01:56      0.0882       0.276       0.523
  HS02004852           JUNCTION      0.00    42.92     0  01:57           0       0.188       0.029
  HS02004848           JUNCTION     61.11    61.11     0  01:59       0.312       0.312       0.017
  HS02004842           JUNCTION      0.00    19.71     0  02:09           0       0.137      10.522
  HS02004837           JUNCTION     54.03    71.06     0  01:57       0.386        0.51       0.161
  HS02004830           JUNCTION      0.15    71.18     0  01:57     0.00432         0.5       0.247
  HS02004824           JUNCTION     71.90   143.07     0  01:59       0.372       0.871       0.063
  HS02004817           JUNCTION      0.60   145.31     0  01:59      0.0173       0.888       1.912
  HS02004807           JUNCTION     51.98   194.22     0  01:57       0.214        1.09       0.402
  HS02004802           JUNCTION      0.00   193.71     0  01:59           0        1.09       0.359
  HS02004799           JUNCTION     41.67   494.09     0  01:56       0.174        2.23       0.135
  HS02004792           JUNCTION    192.82   453.08     0  01:56       0.877        2.05       0.021
  HS02004788           JUNCTION     62.37   261.00     0  01:56       0.316        1.18       0.034
  HS02004785           JUNCTION      0.15   198.86     0  01:56     0.00432       0.861       0.058
  HS02004777           JUNCTION      0.03   198.92     0  01:55    0.000864       0.861       0.608
  HS02004770           JUNCTION    160.90   199.38     0  01:55       0.702       0.863       0.359
  HS02004480           JUNCTION      0.00   580.41     0  01:56           0        2.59       0.036
  HS02004479           JUNCTION      0.00    86.45     0  01:56           0       0.375       0.197
  HS02004478           JUNCTION      0.00   772.07     0  01:57           0        3.66       0.008
  YS02001745           JUNCTION    527.41   527.41     0  02:34         4.7         4.7       0.158
  YS02001748           JUNCTION      0.04   527.32     0  02:32      0.0013        4.69       0.424
  YS02001751           JUNCTION      0.01   527.32     0  02:32    0.000317        4.67       0.499
  YS02001754           JUNCTION      0.26   527.54     0  02:33     0.00749        4.66       0.515
  YS02001762           JUNCTION      0.00   407.48     0  01:53           0        2.56       0.805
  YS02001765           JUNCTION      0.00   407.38     0  01:53           0        2.56       0.936
  YS02001767           JUNCTION      0.54   407.92     0  01:52      0.0154        2.58       1.383
  YS02001770           JUNCTION    635.59   822.25     0  02:46        5.15        5.89       0.523
  YS02001774           JUNCTION      0.00   822.25     0  02:46           0        4.03       0.611
  YS02001779           JUNCTION      0.01   822.26     0  02:46    0.000144        4.01       0.369
  YS02001882           JUNCTION      0.00    18.03     0  07:58           0      0.0389       4.573
  YS02001884           JUNCTION      0.00    44.56     0  01:47           0      0.0773       7.121
  YS02001759           JUNCTION    614.25   891.83     0  02:00        4.79        6.58       0.339
  YS02001887           JUNCTION    755.42   756.43     0  02:16        5.37         5.4       0.138
  YS02001890           JUNCTION      0.00   756.31     0  02:15           0        5.36       0.155
  YS02001898           JUNCTION      0.00   567.67     0  01:52           0        4.63       0.028
  YS02001901           JUNCTION      0.00   568.28     0  01:52           0        4.63       0.137
  YS02001904           JUNCTION      0.00   567.36     0  01:52           0        4.63       0.105
  YS02001907           JUNCTION      0.00  1223.23     0  02:37           0        11.4       0.184
  YS02001910           JUNCTION      0.00   706.82     0  02:37           0        6.81       0.151
  YS02001915           JUNCTION    456.40   706.79     0  02:37        3.88        6.86       0.081
  YS02001918           JUNCTION      0.00   358.25     0  01:54           0           3       0.038
  YS02001619           JUNCTION    455.07   455.07     0  02:32        3.94        3.94       0.298
  YS02001629           JUNCTION      0.00   203.29     0  01:46           0        1.73       1.630
  YS02001641           JUNCTION      0.00   425.01     0  01:46           0        5.48       0.374
  YS02001644           JUNCTION    505.27  1740.34     0  02:44        4.54        14.3       0.174
  YS02001652           JUNCTION      0.00   572.25     0  02:14           0        4.09       0.550
  YS02001655           JUNCTION      0.15   571.38     0  02:14     0.00443        4.11       0.595
  YS02001920           JUNCTION      2.87   357.58     0  01:54      0.0827        2.98       0.090
  YS02001923           JUNCTION      0.04   307.10     0  01:54     0.00109        2.88       0.040
  YS02001926           JUNCTION      0.05   261.77     0  03:00      0.0015        2.87       0.115
  YS02001929           JUNCTION    261.48   261.48     0  03:01        2.86        2.86       0.026
  YS02001658           JUNCTION      0.00   570.82     0  02:14           0        4.13       0.517
  YS02001661           JUNCTION      0.00   813.68     0  01:59           0        4.15       0.196
  YS02001664           JUNCTION    558.20   558.20     0  02:19        4.14        4.15       0.025
  YS02001622           JUNCTION      0.00   455.07     0  02:32           0        3.93       0.804
  YS02001633           JUNCTION    514.92   514.92     0  02:36        4.68        5.95       0.532
  YS02001649           JUNCTION      0.00   916.24     0  01:57           0        7.83       0.461
  YS02001757           JUNCTION      0.00  2172.70     0  01:59           0        13.9       0.652
  YS02001895           JUNCTION      0.00   566.75     0  01:52           0        4.63       0.107
  YS02001625           JUNCTION      0.00   574.91     0  02:34           0        4.31       0.901
  YS02163301           JUNCTION      0.00   216.42     0  01:43           0        1.73       1.383
  YS02163601           JUNCTION      0.11   422.59     0  01:46     0.00317        5.49       0.539
  YS02164001           JUNCTION      0.00   423.50     0  01:46           0        5.47       0.351
  YS02001647           JUNCTION      0.00   846.70     0  03:01           0        6.44       0.433
  YSB1154              JUNCTION     48.63    48.63     0  01:54        0.21        0.21       0.691
  YSB6556              JUNCTION      0.00    48.39     0  01:55           0       0.211       0.598
  YSB1174              JUNCTION     39.99    39.99     0  01:52       0.157       0.157       0.822
  YSB1171              JUNCTION      0.00    86.80     0  01:55           0       0.374       1.724
  YS02006553           JUNCTION      0.00   692.45     0  03:38           0        7.43       0.186
  YS02006561           JUNCTION      0.00  1148.85     0  02:00           0        12.4       0.000
  YS02006556           JUNCTION      0.00   692.94     0  03:38           0        7.44       0.115
  YS02006558           JUNCTION    664.19  1149.89     0  02:00           5        12.4       0.037
  YS02001783           JUNCTION      0.00  1149.04     0  02:00           0        12.4       0.014
  YS02001784           JUNCTION      1.06  1150.27     0  02:00      0.0305        12.4       0.029
  YS02001786           JUNCTION      0.06  1149.95     0  02:00     0.00162        12.4       0.029
  YS02001788           JUNCTION      0.07  1151.54     0  02:00     0.00204        12.4       0.015
  YS02001790           JUNCTION      0.15  1163.17     0  01:57     0.00446        12.4       0.021
  YS02001791           JUNCTION      0.00  1275.88     0  01:58           0        12.4       0.006
  YS02001793           JUNCTION      0.00  1228.93     0  01:54           0        12.4       0.001
  WSC                  OUTFALL       0.00   508.57     0  02:06           0        3.98       0.000
  3                    OUTFALL       0.00   607.39     0  01:59           0        7.55       0.000
  4                    OUTFALL       0.00   460.80     0  01:56           0        8.33       0.000
  5                    OUTFALL       0.00   286.01     0  02:06           0        6.01       0.000
  JK-storage           STORAGE       0.00  1228.68     0  01:54           0        12.6      -0.231
  CC-storage           STORAGE       0.00  2174.02     0  01:59           0        12.2       0.137
  XR-storage           STORAGE    1281.91  1281.91     0  03:01        17.8        18.4      -0.004
  
  
  **********************
  Node Surcharge Summary
  **********************
  
  Surcharging occurs when water rises above the top of the highest conduit.
  ---------------------------------------------------------------------
                                               Max. Height   Min. Depth
                                   Hours       Above Crown    Below Rim
  Node                 Type      Surcharged         Meters       Meters
  ---------------------------------------------------------------------
  WS02004404           JUNCTION        0.03          0.112        2.668
  WS02004405           JUNCTION        0.01          0.014        2.786
  WS02006109           JUNCTION        0.86          0.163        1.657
  WS02006110           JUNCTION        0.21          0.018        1.832
  WS02006112           JUNCTION        0.49          0.114        1.566
  WS02006252           JUNCTION        6.49          0.193        0.907
  WS02006256           JUNCTION        6.68          2.050        0.000
  WS02006228           JUNCTION        0.84          0.198        2.002
  HS02004817           JUNCTION        0.26          0.023        1.717
  YS02001748           JUNCTION        5.70          0.332        0.858
  YS02001751           JUNCTION        6.27          0.597        0.603
  YS02001754           JUNCTION        6.32          0.804        0.346
  YS02001762           JUNCTION        6.39          1.050        0.100
  YS02001765           JUNCTION        6.38          0.999        0.101
  YS02001767           JUNCTION        6.37          0.957        0.073
  YS02001770           JUNCTION        6.37          0.915        0.005
  YS02001774           JUNCTION        6.38          0.991        0.059
  YS02001779           JUNCTION        6.32          0.680        0.000
  YS02001882           JUNCTION        2.13          0.654        0.176
  YS02001884           JUNCTION        2.16          0.688        0.182
  YS02001759           JUNCTION        6.40          1.089        0.121
  YS02001887           JUNCTION        2.24          0.772        0.178
  YS02001890           JUNCTION        2.26          0.760        0.000
  YS02001898           JUNCTION        2.09          0.534        0.206
  YS02001901           JUNCTION        2.20          0.677        0.193
  YS02001904           JUNCTION        2.19          0.639        0.211
  YS02001907           JUNCTION        2.67          0.950        0.000
  YS02001910           JUNCTION        2.31          0.828        0.272
  YS02001915           JUNCTION        2.13          0.682        0.318
  YS02001918           JUNCTION        1.90          0.441        0.369
  YS02001619           JUNCTION        6.28          0.570        0.040
  YS02001629           JUNCTION        6.28          0.465        0.005
  YS02001641           JUNCTION        6.38          0.935        0.165
  YS02001644           JUNCTION        6.38          0.920        0.000
  YS02001652           JUNCTION        6.33          1.025        0.105
  YS02001655           JUNCTION        6.29          1.028        0.172
  YS02001920           JUNCTION        1.93          0.549        0.591
  YS02001923           JUNCTION        0.01          0.129        0.691
  YS02001926           JUNCTION        0.01          0.151        0.749
  YS02001658           JUNCTION        5.78          0.973        0.327
  YS02001661           JUNCTION        0.63          0.830        0.560
  YS02001622           JUNCTION        6.28          0.568        0.052
  YS02001633           JUNCTION        6.37          0.927        0.133
  YS02001649           JUNCTION        6.39          1.050        0.000
  YS02001757           JUNCTION        6.42          1.187        0.023
  YS02001895           JUNCTION        2.11          0.568        0.182
  YS02001625           JUNCTION        6.35          0.780        0.000
  YS02163301           JUNCTION        6.36          0.882        0.148
  YS02163601           JUNCTION        6.39          0.988        0.092
  YS02164001           JUNCTION        6.37          0.918        0.182
  YS02001647           JUNCTION        6.34          0.818        0.082
  YS02006553           JUNCTION        2.74          1.038        0.152
  YS02006561           JUNCTION        1.98          0.482        0.668
  YS02006556           JUNCTION        2.48          1.061        0.289
  YS02006558           JUNCTION        2.45          1.076        0.324
  YS02001783           JUNCTION        2.48          0.927        0.673
  YS02001784           JUNCTION        2.47          0.904        0.586
  YS02001786           JUNCTION        2.41          0.781        0.649
  YS02001788           JUNCTION        2.25          0.634        0.846
  YS02001790           JUNCTION        2.33          0.752        0.405
  YS02001791           JUNCTION        2.35          0.590        1.330
  YS02001793           JUNCTION        2.44          0.805        1.795
  
  
  *********************
  Node Flooding Summary
  *********************
  
  Flooding refers to all water that overflows a node, whether it ponds or not.
  --------------------------------------------------------------------------
                                                             Total   Maximum
                                 Maximum   Time of Max       Flood    Ponded
                        Hours       Rate    Occurrence      Volume     Depth
  Node                 Flooded       LPS   days hr:min    10^6 ltr    Meters
  --------------------------------------------------------------------------
  WS02006256              4.10    678.53      0  00:00       4.904     0.000
  YS02001779              2.63    822.26      0  02:46       3.987     0.000
  YS02001890              1.22    239.65      0  02:15       0.717     0.000
  YS02001907              1.73    900.87      0  02:27       3.993     0.000
  YS02001644              4.34   1740.34      0  02:44      12.029     0.000
  YS02001649              0.29     36.41      0  02:52       0.024     0.000
  YS02001625              2.39    574.91      0  02:34       2.967     0.000
  JK-storage              2.21    315.82      0  02:01       1.932     0.000
  XR-storage              6.31   1091.90      0  03:01      11.994     0.000
  
  
  **********************
  Storage Volume Summary
  **********************
  
  --------------------------------------------------------------------------------------------------
                         Average     Avg  Evap Exfil       Maximum     Max    Time of Max    Maximum
                          Volume    Pcnt  Pcnt  Pcnt        Volume    Pcnt     Occurrence    Outflow
  Storage Unit           1000 m3    Full  Loss  Loss       1000 m3    Full    days hr:min        LPS
  --------------------------------------------------------------------------------------------------
  JK-storage               0.119      41     0     0         0.291     100       0  02:01     683.00
  CC-storage               2.886      18     0     0         3.972      25       0  02:59     400.00
  XR-storage               0.894      97     0     0         0.926     100       0  01:41     190.00
  
  
  ***********************
  Outfall Loading Summary
  ***********************
  
  ---------------------------------------------------------------------------------------------------------------------------------
                         Flow       Avg       Max       Total         Total         Total         Total         Total         Total
                         Freq      Flow      Flow      Volume           COD            SS            TN            TP         NH4-N
  Outfall Node           Pcnt       LPS       LPS    10^6 ltr            kg            kg            kg            kg            kg
  ---------------------------------------------------------------------------------------------------------------------------------
  WSC                   99.98    171.82    508.57       3.985       559.331      1043.216        23.991         2.598        13.871
  3                     99.98    309.32    607.39       7.553       626.109      1218.331        12.553         0.916         6.149
  4                     99.97    326.28    460.80       8.329       856.068      1649.714        16.798         1.162         8.119
  5                     99.99    213.86    286.01       6.008       830.998      1424.882        60.110         7.217        36.710
  ---------------------------------------------------------------------------------------------------------------------------------
  System                99.98   1021.28   1833.81      25.874      2872.505      5336.143       113.452        11.893        64.848
  
  
  ********************
  Link Flow Summary
  ********************
  
  -----------------------------------------------------------------------------
                                 Maximum  Time of Max   Maximum    Max/    Max/
                                  |Flow|   Occurrence   |Veloc|    Full    Full
  Link                 Type          LPS  days hr:min     m/sec    Flow   Depth
  -----------------------------------------------------------------------------
  WS02003066WSF200     CONDUIT    581.26     0  02:02      2.95    0.10    0.23
  WS02006287WS02006284 CONDUIT    772.23     0  01:57      2.48    0.36    0.42
  WS02006284WS02006280 CONDUIT    772.44     0  01:57      2.71    0.32    0.39
  WS02006280WS02006229 CONDUIT    772.46     0  01:57      4.41    0.16    0.27
  WS02006229WS02006228 CONDUIT    542.69     0  01:58      1.08    1.80    1.00
  WS02006256WS02006235 CONDUIT    289.81     0  02:49      4.46    3.07    1.00
  WS02006253WS02006251 CONDUIT    164.20     0  01:56      0.97    0.49    0.45
  WS02006252WS02006251 CONDUIT    400.83     0  06:17      3.19    1.47    1.00
  WS02006251WS02006249 CONDUIT    103.56     0  01:56      0.78    0.30    0.39
  WS02006249WS02006248 CONDUIT    103.47     0  01:57      0.84    0.57    0.36
  WS02006248WS02006247 CONDUIT    103.45     0  01:57      0.84    0.23    0.37
  WS02006247WS02006245 CONDUIT    103.41     0  01:58      0.80    0.82    0.38
  WS02006245WS02006243 CONDUIT    103.38     0  01:59      0.90    0.31    0.34
  WS02006243WS02006242 CONDUIT    103.31     0  01:59      0.81    0.22    0.39
  WS02006242WS02006240 CONDUIT    103.24     0  02:00      0.64    0.41    0.44
  WS02006240WS02006239 CONDUIT    103.30     0  02:01      0.81    0.33    0.39
  WS02006239WS02006238 CONDUIT    103.46     0  02:02      0.81    0.33    0.46
  WS02006238WS02006235 CONDUIT    103.74     0  02:02      1.18    0.23    0.48
  WS02006235WS02006234 CONDUIT    240.00     0  01:58      1.23    2.53    0.51
  WS02006234WS02006232 CONDUIT    240.09     0  01:58      0.82    0.49    0.72
  WS02006232WS02006231 CONDUIT    240.05     0  01:58      0.73    0.50    0.80
  WS02006231WS02006230 CONDUIT    240.24     0  01:57      0.75    3.64    0.78
  WS02006230WS02006229 CONDUIT    230.23     0  01:57      0.60    5.12    1.00
  WS02006228WS02006109 CONDUIT    542.70     0  01:59      1.08    2.37    1.00
  WS02006116WS02004401 CONDUIT    595.20     0  01:58      0.81    0.82    0.89
  WS02006115WS02006116 CONDUIT    594.55     0  01:58      1.01    0.76    0.82
  WS02006113WS02006111 CONDUIT    566.86     0  01:58      2.47    0.68    0.47
  WS02006112WS02006115 CONDUIT    582.47     0  01:59      0.79    0.34    0.90
  WS02006111WS02006112 CONDUIT    548.09     0  01:59      1.52    0.26    0.67
  WS02006110WS02006113 CONDUIT    544.08     0  01:58      1.28    0.50    0.79
  WS02006109WS02006110 CONDUIT    543.75     0  01:57      1.08    1.05    1.00
  WS02004411WS02004412 CONDUIT    581.48     0  02:01      1.04    0.83    0.72
  WS02004401WS02004402 CONDUIT    597.13     0  01:57      0.80    0.72    0.92
  WS02004413WS02003067 CONDUIT    580.68     0  02:02      1.16    0.25    0.61
  WS02004412WS02004413 CONDUIT    581.38     0  02:02      0.98    0.39    0.80
  WS02004410WS02004411 CONDUIT    582.02     0  02:01      0.97    0.79    0.71
  WS02004409WS02004410 CONDUIT    582.92     0  02:01      0.99    0.75    0.70
  WS02004407WS02004409 CONDUIT    585.07     0  02:00      1.49    0.21    0.50
  WS02004406WS02004407 CONDUIT    587.21     0  01:59      1.09    0.26    0.65
  WS02004405WS02004406 CONDUIT    599.10     0  01:57      0.77    1.18    0.99
  WS02004404WS02004405 CONDUIT    604.00     0  01:55      0.78    5.92    1.00
  WS02004403WS02004404 CONDUIT    600.55     0  01:57      0.77    0.43    0.97
  WS02004402WS02004403 CONDUIT    590.94     0  01:57      0.78    0.85    0.94
  WS02004139WS02001211 CONDUIT     95.77     0  02:06      0.66    0.12    0.19
  WS02004138WS02004139 CONDUIT    191.48     0  00:00      2.95    0.04    0.14
  WS02003067WS02003066 CONDUIT    581.07     0  02:02      1.26    0.19    0.43
  WS02001213WS02003059 CONDUIT     91.70     0  02:01      0.25    0.15    0.56
  WS02001212WS02001213 CONDUIT     89.48     0  02:02      0.84    0.14    0.19
  WS02001211WS02001212 CONDUIT     88.91     0  02:05      0.54    0.07    0.26
  WS02003072WS02003073 CONDUIT    507.04     0  02:05      1.39    1.10    0.36
  WS02003069WS02003072 CONDUIT    507.24     0  02:04      1.33    0.24    0.37
  WS02003060WS02003069 CONDUIT    507.24     0  02:03      1.61    0.20    0.32
  WS02003059WS02003060 CONDUIT    114.36     0  01:40      0.56    0.07    0.49
  HS02004901HS02004770 CONDUIT     38.51     0  01:55      0.10    0.14    0.55
  HS02004876HS02004881 CONDUIT    145.95     0  01:57      1.29    1.55    0.16
  HS02004870HS02004876 CONDUIT    118.38     0  01:57      0.87    0.08    0.19
  HS02004842HS02004848 CONDUIT     19.71     0  02:09      0.08    0.01    0.34
  HS02004837HS02004842 CONDUIT     20.14     0  02:10      0.42    0.01    0.36
  HS02004830HS02004837 CONDUIT     71.03     0  01:57      0.68    0.07    0.15
  HS02004824HS02004830 CONDUIT     71.27     0  01:58      0.62    0.09    0.20
  HS02004817HS02004824 CONDUIT    144.71     0  01:59      0.34    0.07    0.61
  HS02004770HS02004777 CONDUIT    198.89     0  01:55      0.51    0.36    0.56
  HS02004799HS02004480 CONDUIT    494.04     0  01:56      1.11    0.62    0.63
  HS02004792HS02004799 CONDUIT    452.98     0  01:56      1.25    0.28    0.52
  HS02004788HS02004792 CONDUIT    260.93     0  01:56      1.31    0.17    0.29
  HS02004785HS02004788 CONDUIT    198.83     0  01:56      0.93    1.50    0.30
  HS02004777HS02004785 CONDUIT    198.71     0  01:56      0.60    0.24    0.47
  HS02004480HS02004478 CONDUIT    580.43     0  01:56      1.61    2.44    0.51
  HS02004479HS02004480 CONDUIT     86.38     0  01:56      0.38    0.08    0.61
  HS02004862HS02004870 CONDUIT     91.03     0  01:57      0.84    0.10    0.15
  HS02004848HS02004852 CONDUIT     42.92     0  01:57      0.55    0.05    0.11
  HS02004856HS02004862 CONDUIT     63.43     0  01:57      0.62    0.06    0.15
  HS02004852HS02004856 CONDUIT     42.98     0  01:58      0.36    0.05    0.17
  HS02004802HS02004478 CONDUIT    194.30     0  02:00      0.54    0.17    0.52
  HS02004478WS02006287 CONDUIT    772.11     0  01:57      2.21    0.22    0.39
  HS02004817HS02004807 CONDUIT    145.56     0  02:00      0.27    0.09    0.78
  HS02004807HS02004802 CONDUIT    193.71     0  01:59      0.48    0.37    0.57
  YS02001759YS02001757 CONDUIT    891.95     0  02:00      1.14    0.63    1.00
  YS02001762YS02001759 CONDUIT    407.07     0  01:53      0.52    0.47    1.00
  YS02001765YS02001762 CONDUIT    407.48     0  01:53      0.52    0.38    1.00
  YS02001770YS02001767 CONDUIT    407.39     0  01:52      0.52    1.61    1.00
  YS02001774YS02001770 CONDUIT    822.25     0  02:46      1.05    0.53    1.00
  YS02001779YS02001774 CONDUIT    822.25     0  02:46      1.05    0.41    1.00
  YS02001649YS02001757 CONDUIT    910.19     0  01:56      1.16    0.55    1.00
  YS02001767YS02001765 CONDUIT    407.38     0  01:53      0.52    0.51    1.00
  YS02006561YS02001783 CONDUIT   1149.04     0  02:00      2.29    0.60    1.00
  YS02001783YS02001784 CONDUIT   1149.21     0  02:00      2.29    1.58    1.00
  YS02001784YS02001785 CONDUIT   1149.90     0  02:00      2.29    2.68    1.00
  YS02001788YS02001790 CONDUIT   1163.02     0  01:57      2.71    0.86    1.00
  YS02001790YS02001791 CONDUIT   1275.88     0  01:58      3.43    1.39    1.00
  YS02001791YS02001793 CONDUIT   1228.93     0  01:54      6.72    0.53    1.00
  YS02001910YS02001907 CONDUIT    706.84     0  02:37      0.90    0.40    1.00
  YS02001786YS02001788 CONDUIT   1151.47     0  02:00      2.46    2.22    1.00
  YS02001915YS02001910 CONDUIT    706.82     0  02:37      0.90    0.35    1.00
  YS02001918YS02001915 CONDUIT    358.43     0  01:54      0.51    0.20    1.00
  YS02001923YS02001920 CONDUIT    354.71     0  01:54      0.84    0.16    1.00
  YS02001926YS02001923 CONDUIT    307.06     0  01:54      0.92    0.44    1.00
  YS02001929YS02001926 CONDUIT    261.72     0  03:00      0.99    0.12    0.94
  YS02001920YS02001918 CONDUIT    358.25     0  01:54      0.80    0.35    1.00
  YS02001629YS02163301 CONDUIT    216.42     0  01:43      0.28    0.27    1.00
  YS02001619YS02001622 CONDUIT    455.07     0  02:32      0.73    0.67    1.00
  YS02001622YS02001625 CONDUIT    455.07     0  02:32      0.58    0.24    1.00
  YS02001625YS02001629 CONDUIT    203.29     0  01:46      0.29    0.10    1.00
  YS02163301YS02001633 CONDUIT    218.39     0  01:43      0.28    0.21    1.00
  YS02163601YS02164001 CONDUIT    423.50     0  01:46      0.54    0.38    1.00
  YS02164001YS02001641 CONDUIT    425.01     0  01:46      0.54    0.58    1.00
  YS02001641YS02001644 CONDUIT    427.00     0  01:44      0.54    1.38    1.00
  YS02001647YS02001649 CONDUIT    846.70     0  03:01      1.08    0.45    1.00
  YS02006553YS02006556 CONDUIT    692.94     0  03:38      0.88    0.59    1.00
  YS02006556YS02006558 CONDUIT    694.03     0  03:38      0.88    0.55    1.00
  YSB6556YSB1171       CONDUIT     48.31     0  01:56      0.14    0.05    0.84
  YS02001907YS02006553 CONDUIT    692.45     0  03:38      0.77    0.81    1.00
  YS02006558YS02006561 CONDUIT   1148.85     0  02:00      4.06    2.54    1.00
  YS02001633YS02163601 CONDUIT    422.48     0  01:46      0.54    0.44    1.00
  YS02001644YS02001647 CONDUIT    846.70     0  03:01      1.08    0.50    1.00
  YS02001745YS02001748 CONDUIT    527.28     0  02:32      1.66    0.20    0.99
  YS02001748YS02001751 CONDUIT    527.31     0  02:32      1.22    0.27    1.00
  YS02001751YS02001754 CONDUIT    527.28     0  02:33      1.03    0.25    1.00
  YS02001754YS02001757 CONDUIT    527.53     0  02:33      0.67    0.21    1.00
  YS02001882YS02001884 CONDUIT     18.17     0  07:57      0.17    0.02    1.00
  YS02001884YS02001887 CONDUIT     44.56     0  01:47      0.12    0.06    1.00
  YS02001890YS02001895 CONDUIT    566.75     0  01:52      0.72    0.26    1.00
  YS02001895YS02001898 CONDUIT    567.67     0  01:52      0.72    0.99    1.00
  YS02001898YS02001901 CONDUIT    568.28     0  01:52      0.72    0.37    1.00
  YS02001901YS02001904 CONDUIT    567.36     0  01:52      0.72    0.88    1.00
  YS02001904YS02001907 CONDUIT    567.32     0  01:52      0.72    0.20    1.00
  YS02001887YS02001890 CONDUIT    756.31     0  02:15      0.96    1.29    1.00
  YS02001652YS02001649 CONDUIT    572.80     0  02:14      0.73    0.28    1.00
  YS02001655YS02001652 CONDUIT    572.25     0  02:14      1.10    0.28    1.00
  YS02001658YS02001655 CONDUIT    571.23     0  02:14      1.41    0.24    1.00
  YS02001661YS02001658 CONDUIT    570.82     0  02:14      1.77    0.22    1.00
  YS02001664YS02001661 CONDUIT    813.68     0  01:59      1.69    0.26    0.78
  YSB1154YSB6556       CONDUIT     48.39     0  01:55      0.15    0.09    0.77
  YSB1174YSB1171       CONDUIT     39.28     0  01:53      0.11    0.06    0.88
  YSB1171HS02004479    CONDUIT     86.45     0  01:56      0.54    0.06    0.71
  HS02004881HS02006253 CONDUIT    160.59     0  01:56      2.86    0.03    0.08
  YS02001793JiankangQianchi CONDUIT   1228.68     0  01:54     17.38    0.10    1.00
  YS02001757CaochengTiaoxuchi CONDUIT   2174.02     0  01:59      3.74    0.95    1.00
  WSF200WS02003060     CONDUIT    582.15     0  02:03      2.28    0.13    0.28
  1                    CONDUIT    508.57     0  02:06      2.76    0.18    0.28
  CC-Pump-1            PUMP       200.00     0  01:31              1.00
  CC-Pump-2            PUMP       200.00     0  01:31              1.00
  JK-Pump-1            PUMP         0.00     0  00:00              0.00
  JK-Pump-2            PUMP       683.00     0  00:00              1.00
  XR-Pump-1            PUMP        95.00     0  00:00              1.00
  XR-Pump-2            PUMP         0.00     0  00:00              0.00
  XR-Pump-3            PUMP        95.00     0  00:00              1.00
  XR-Pump-4            PUMP         0.00     0  00:00              0.00
  3                    WEIR       460.80     0  01:56                      0.27
  5                    WEIR       607.39     0  01:59                      0.32
  6                    WEIR       286.01     0  02:06                      0.19
  
  
  ***************************
  Flow Classification Summary
  ***************************
  
  -------------------------------------------------------------------------------------
                      Adjusted    ---------- Fraction of Time in Flow Class ---------- 
                       /Actual         Up    Down  Sub   Sup   Up    Down  Norm  Inlet 
  Conduit               Length    Dry  Dry   Dry   Crit  Crit  Crit  Crit  Ltd   Ctrl  
  -------------------------------------------------------------------------------------
  WS02003066WSF200        1.00   0.13  0.00  0.00  0.00  0.87  0.00  0.00  0.75  0.00
  WS02006287WS02006284    1.00   0.05  0.02  0.00  0.50  0.44  0.00  0.00  0.62  0.00
  WS02006284WS02006280    1.00   0.06  0.00  0.00  0.00  0.00  0.00  0.94  0.00  0.00
  WS02006280WS02006229    1.00   0.06  0.00  0.00  0.00  0.00  0.00  0.94  0.00  0.00
  WS02006229WS02006228    1.00   0.00  0.00  0.00  0.99  0.00  0.00  0.01  0.00  0.00
  WS02006256WS02006235    1.00   0.00  0.00  0.00  0.17  0.83  0.00  0.00  0.02  0.00
  WS02006253WS02006251    1.00   0.02  0.03  0.00  0.90  0.00  0.05  0.00  0.00  0.00
  WS02006252WS02006251    1.00   0.09  0.00  0.00  0.00  0.00  0.90  0.00  0.00  0.00
  WS02006251WS02006249    1.00   0.00  0.00  0.00  1.00  0.00  0.00  0.00  0.15  0.00
  WS02006249WS02006248    1.00   0.00  0.06  0.00  0.89  0.00  0.05  0.00  0.00  0.00
  WS02006248WS02006247    1.00   0.06  0.00  0.00  0.92  0.00  0.00  0.02  0.01  0.00
  WS02006247WS02006245    1.00   0.07  0.00  0.00  0.90  0.00  0.00  0.04  0.00  0.00
  WS02006245WS02006243    1.00   0.07  0.00  0.00  0.88  0.00  0.00  0.05  0.00  0.00
  WS02006243WS02006242    1.00   0.01  0.06  0.00  0.91  0.00  0.00  0.02  0.65  0.00
  WS02006242WS02006240    1.00   0.00  0.07  0.00  0.92  0.00  0.01  0.00  0.17  0.00
  WS02006240WS02006239    1.00   0.00  0.00  0.00  0.91  0.00  0.00  0.08  0.00  0.00
  WS02006239WS02006238    1.00   0.00  0.00  0.00  1.00  0.00  0.00  0.00  0.13  0.00
  WS02006238WS02006235    1.00   0.00  0.00  0.00  1.00  0.00  0.00  0.00  0.00  0.00
  WS02006235WS02006234    1.00   0.06  0.00  0.00  0.91  0.00  0.01  0.01  0.00  0.00
  WS02006234WS02006232    1.00   0.00  0.00  0.00  1.00  0.00  0.00  0.00  0.11  0.00
  WS02006232WS02006231    1.00   0.00  0.00  0.00  0.99  0.00  0.00  0.00  0.01  0.00
  WS02006231WS02006230    1.00   0.00  0.00  0.00  0.36  0.00  0.63  0.00  0.00  0.00
  WS02006230WS02006229    1.00   0.00  0.00  0.00  0.99  0.00  0.00  0.01  0.02  0.00
  WS02006228WS02006109    1.00   0.00  0.00  0.00  1.00  0.00  0.00  0.00  0.00  0.00
  WS02006116WS02004401    1.00   0.04  0.00  0.00  0.96  0.00  0.00  0.00  0.00  0.00
  WS02006115WS02006116    1.00   0.04  0.00  0.00  0.92  0.00  0.00  0.04  0.00  0.00
  WS02006113WS02006111    1.00   0.03  0.00  0.00  0.01  0.96  0.00  0.00  0.09  0.00
  WS02006112WS02006115    1.00   0.03  0.02  0.00  0.95  0.00  0.00  0.00  0.00  0.00
  WS02006111WS02006112    1.00   0.03  0.00  0.00  0.97  0.00  0.00  0.00  0.93  0.00
  WS02006110WS02006113    1.00   0.01  0.02  0.00  0.97  0.00  0.00  0.00  0.00  0.00
  WS02006109WS02006110    1.00   0.00  0.01  0.00  0.99  0.00  0.00  0.00  0.00  0.00
  WS02004411WS02004412    1.00   0.10  0.00  0.00  0.90  0.00  0.00  0.00  0.00  0.00
  WS02004401WS02004402    1.00   0.04  0.00  0.00  0.96  0.00  0.00  0.00  0.04  0.00
  WS02004413WS02003067    1.00   0.10  0.02  0.00  0.00  0.00  0.88  0.00  0.00  0.00
  WS02004412WS02004413    1.00   0.10  0.00  0.00  0.90  0.00  0.00  0.00  0.00  0.00
  WS02004410WS02004411    1.00   0.09  0.00  0.00  0.90  0.00  0.00  0.00  0.00  0.00
  WS02004409WS02004410    1.00   0.09  0.00  0.00  0.91  0.00  0.00  0.00  0.00  0.00
  WS02004407WS02004409    1.00   0.09  0.00  0.00  0.89  0.02  0.00  0.00  0.81  0.00
  WS02004406WS02004407    1.00   0.00  0.09  0.00  0.91  0.00  0.00  0.00  0.00  0.00
  WS02004405WS02004406    1.00   0.00  0.00  0.00  1.00  0.00  0.00  0.00  0.04  0.00
  WS02004404WS02004405    1.00   0.00  0.00  0.00  1.00  0.00  0.00  0.00  0.00  0.00
  WS02004403WS02004404    1.00   0.00  0.05  0.00  0.95  0.00  0.00  0.00  0.04  0.00
  WS02004402WS02004403    1.00   0.05  0.00  0.00  0.95  0.00  0.00  0.00  0.00  0.00
  WS02004139WS02001211    1.00   0.00  0.00  0.00  1.00  0.00  0.00  0.00  0.00  0.00
  WS02004138WS02004139    1.00   0.00  0.00  0.00  0.00  0.08  0.00  0.92  0.05  0.00
  WS02003067WS02003066    1.00   0.12  0.00  0.00  0.88  0.00  0.00  0.00  0.00  0.00
  WS02001213WS02003059    1.00   0.00  0.00  0.00  0.99  0.00  0.00  0.00  0.00  0.00
  WS02001212WS02001213    1.00   0.01  0.48  0.00  0.50  0.01  0.00  0.00  0.43  0.00
  WS02001211WS02001212    1.00   0.00  0.01  0.00  0.99  0.00  0.00  0.00  0.56  0.00
  WS02003072WS02003073    1.00   0.00  0.00  0.00  0.00  0.00  0.00  1.00  0.00  0.00
  WS02003069WS02003072    1.00   0.00  0.00  0.00  1.00  0.00  0.00  0.00  0.86  0.00
  WS02003060WS02003069    1.00   0.00  0.00  0.00  0.97  0.03  0.00  0.00  0.79  0.00
  WS02003059WS02003060    1.00   0.00  0.00  0.00  1.00  0.00  0.00  0.00  0.08  0.00
  HS02004901HS02004770    1.00   0.06  0.00  0.00  0.94  0.00  0.00  0.00  0.00  0.00
  HS02004876HS02004881    1.00   0.01  0.00  0.00  0.70  0.29  0.00  0.00  0.00  0.00
  HS02004870HS02004876    1.00   0.00  0.00  0.00  0.99  0.00  0.00  0.00  0.95  0.00
  HS02004842HS02004848    1.00   0.00  0.06  0.00  0.94  0.00  0.00  0.00  0.56  0.00
  HS02004837HS02004842    1.00   0.00  0.00  0.00  1.00  0.00  0.00  0.00  0.11  0.00
  HS02004830HS02004837    1.00   0.00  0.00  0.00  1.00  0.00  0.00  0.00  0.99  0.00
  HS02004824HS02004830    1.00   0.00  0.00  0.00  1.00  0.00  0.00  0.00  0.03  0.00
  HS02004817HS02004824    1.00   0.00  0.00  0.00  1.00  0.00  0.00  0.00  0.90  0.00
  HS02004770HS02004777    1.00   0.00  0.06  0.00  0.94  0.00  0.00  0.00  0.01  0.00
  HS02004799HS02004480    1.00   0.00  0.02  0.00  0.93  0.00  0.05  0.00  0.00  0.00
  HS02004792HS02004799    1.00   0.00  0.00  0.00  0.99  0.01  0.00  0.00  0.98  0.00
  HS02004788HS02004792    1.00   0.00  0.00  0.00  0.99  0.01  0.00  0.00  0.98  0.00
  HS02004785HS02004788    1.00   0.00  0.00  0.00  1.00  0.00  0.00  0.00  0.00  0.00
  HS02004777HS02004785    1.00   0.00  0.00  0.00  1.00  0.00  0.00  0.00  0.10  0.00
  HS02004480HS02004478    1.00   0.06  0.00  0.00  0.53  0.00  0.00  0.41  0.00  0.00
  HS02004479HS02004480    1.00   0.02  0.00  0.00  0.98  0.00  0.00  0.00  0.10  0.00
  HS02004862HS02004870    1.00   0.00  0.00  0.00  1.00  0.00  0.00  0.00  0.02  0.00
  HS02004848HS02004852    1.00   0.06  0.00  0.00  0.94  0.00  0.00  0.00  0.79  0.00
  HS02004856HS02004862    1.00   0.00  0.07  0.00  0.93  0.00  0.00  0.00  0.85  0.00
  HS02004852HS02004856    1.00   0.06  0.00  0.00  0.94  0.00  0.00  0.00  0.74  0.00
  HS02004802HS02004478    1.00   0.06  0.00  0.00  0.94  0.00  0.00  0.00  0.02  0.00
  HS02004478WS02006287    1.00   0.07  0.00  0.00  0.58  0.36  0.00  0.00  0.62  0.00
  HS02004817HS02004807    1.00   0.00  0.06  0.00  0.94  0.00  0.00  0.00  0.01  0.00
  HS02004807HS02004802    1.00   0.06  0.00  0.00  0.94  0.00  0.00  0.01  0.00  0.00
  YS02001759YS02001757    1.00   0.00  0.00  0.00  1.00  0.00  0.00  0.00  0.15  0.00
  YS02001762YS02001759    1.00   0.00  0.00  0.00  1.00  0.00  0.00  0.00  0.02  0.00
  YS02001765YS02001762    1.00   0.00  0.00  0.00  1.00  0.00  0.00  0.00  0.12  0.00
  YS02001770YS02001767    1.00   0.00  0.00  0.00  1.00  0.00  0.00  0.00  0.00  0.00
  YS02001774YS02001770    1.00   0.00  0.06  0.00  0.94  0.00  0.00  0.00  0.01  0.00
  YS02001779YS02001774    1.00   0.00  0.00  0.00  1.00  0.00  0.00  0.00  0.16  0.00
  YS02001649YS02001757    1.00   0.00  0.00  0.00  1.00  0.00  0.00  0.00  0.15  0.00
  YS02001767YS02001765    1.00   0.00  0.00  0.00  1.00  0.00  0.00  0.00  0.00  0.00
  YS02006561YS02001783    1.00   0.07  0.00  0.00  0.42  0.51  0.00  0.00  0.41  0.00
  YS02001783YS02001784    1.00   0.00  0.07  0.00  0.93  0.00  0.00  0.00  0.00  0.00
  YS02001784YS02001785    1.00   0.00  0.00  0.00  1.00  0.00  0.00  0.00  0.15  0.00
  YS02001788YS02001790    1.00   0.00  0.00  0.00  0.46  0.54  0.00  0.00  0.38  0.00
  YS02001790YS02001791    1.00   0.00  0.00  0.00  0.37  0.63  0.00  0.00  0.48  0.00
  YS02001791YS02001793    1.00   0.00  0.00  0.00  0.37  0.63  0.00  0.00  0.01  0.00
  YS02001910YS02001907    1.00   0.00  0.00  0.00  0.98  0.00  0.00  0.01  0.11  0.00
  YS02001786YS02001788    1.00   0.00  0.00  0.00  0.48  0.52  0.00  0.00  0.00  0.00
  YS02001915YS02001910    1.00   0.00  0.00  0.00  0.99  0.01  0.00  0.00  0.13  0.00
  YS02001918YS02001915    1.00   0.00  0.00  0.00  0.99  0.01  0.00  0.00  0.49  0.00
  YS02001923YS02001920    1.00   0.00  0.00  0.00  1.00  0.00  0.00  0.00  0.70  0.00
  YS02001926YS02001923    1.00   0.00  0.03  0.00  0.34  0.00  0.63  0.00  0.00  0.00
  YS02001929YS02001926    1.00   0.00  0.06  0.00  0.94  0.00  0.00  0.00  0.62  0.00
  YS02001920YS02001918    1.00   0.00  0.00  0.00  1.00  0.00  0.00  0.00  0.00  0.00
  YS02001629YS02163301    1.00   0.06  0.00  0.00  0.93  0.00  0.00  0.00  0.00  0.00
  YS02001619YS02001622    1.00   0.06  0.00  0.00  0.94  0.00  0.00  0.00  0.00  0.00
  YS02001622YS02001625    1.00   0.06  0.00  0.00  0.94  0.00  0.00  0.00  0.03  0.00
  YS02001625YS02001629    1.00   0.06  0.02  0.00  0.90  0.00  0.02  0.00  0.00  0.00
  YS02163301YS02001633    1.00   0.00  0.06  0.00  0.94  0.00  0.00  0.00  0.00  0.00
  YS02163601YS02164001    1.00   0.00  0.04  0.00  0.96  0.00  0.00  0.00  0.00  0.00
  YS02164001YS02001641    1.00   0.01  0.03  0.00  0.96  0.00  0.00  0.00  0.05  0.00
  YS02001641YS02001644    1.00   0.00  0.00  0.00  1.00  0.00  0.00  0.00  0.00  0.00
  YS02001647YS02001649    1.00   0.00  0.07  0.00  0.93  0.00  0.00  0.00  0.01  0.00
  YS02006553YS02006556    1.00   0.01  0.00  0.00  0.99  0.00  0.00  0.00  0.03  0.00
  YS02006556YS02006558    1.00   0.00  0.00  0.00  1.00  0.00  0.00  0.00  0.00  0.00
  YSB6556YSB1171          1.00   0.02  0.04  0.00  0.94  0.00  0.00  0.00  0.00  0.00
  YS02001907YS02006553    1.00   0.00  0.01  0.00  0.99  0.00  0.00  0.00  0.00  0.00
  YS02006558YS02006561    1.00   0.07  0.00  0.00  0.35  0.57  0.00  0.00  0.44  0.00
  YS02001633YS02163601    1.00   0.00  0.01  0.00  0.99  0.00  0.00  0.00  0.14  0.00
  YS02001644YS02001647    1.00   0.00  0.07  0.00  0.93  0.00  0.00  0.00  0.00  0.00
  YS02001745YS02001748    1.00   0.00  0.00  0.00  0.87  0.00  0.00  0.12  0.01  0.00
  YS02001748YS02001751    1.00   0.00  0.00  0.00  0.96  0.04  0.00  0.00  0.13  0.00
  YS02001751YS02001754    1.00   0.00  0.00  0.00  0.92  0.00  0.00  0.08  0.01  0.00
  YS02001754YS02001757    1.00   0.00  0.00  0.00  1.00  0.00  0.00  0.00  0.16  0.00
  YS02001882YS02001884    1.00   0.06  0.00  0.00  0.94  0.00  0.00  0.00  0.00  0.00
  YS02001884YS02001887    1.00   0.03  0.02  0.00  0.95  0.00  0.00  0.00  0.00  0.00
  YS02001890YS02001895    1.00   0.00  0.06  0.00  0.93  0.00  0.00  0.00  0.00  0.00
  YS02001895YS02001898    1.00   0.07  0.00  0.00  0.92  0.00  0.01  0.00  0.00  0.00
  YS02001898YS02001901    1.00   0.07  0.00  0.00  0.93  0.00  0.00  0.00  0.01  0.00
  YS02001901YS02001904    1.00   0.07  0.00  0.00  0.93  0.00  0.00  0.00  0.00  0.00
  YS02001904YS02001907    1.00   0.00  0.06  0.00  0.93  0.00  0.00  0.00  0.00  0.00
  YS02001887YS02001890    1.00   0.00  0.00  0.00  0.98  0.00  0.01  0.00  0.00  0.00
  YS02001652YS02001649    1.00   0.00  0.00  0.00  1.00  0.00  0.00  0.00  0.14  0.00
  YS02001655YS02001652    1.00   0.00  0.00  0.00  0.92  0.00  0.00  0.08  0.01  0.00
  YS02001658YS02001655    1.00   0.00  0.06  0.00  0.90  0.04  0.00  0.00  0.02  0.00
  YS02001661YS02001658    1.00   0.06  0.00  0.00  0.87  0.07  0.00  0.00  0.01  0.00
  YS02001664YS02001661    1.00   0.06  0.00  0.00  0.88  0.06  0.00  0.00  0.09  0.00
  YSB1154YSB6556          1.00   0.06  0.00  0.00  0.94  0.00  0.00  0.00  0.01  0.00
  YSB1174YSB1171          1.00   0.02  0.02  0.00  0.96  0.00  0.00  0.00  0.00  0.00
  YSB1171HS02004479       1.00   0.02  0.00  0.00  0.97  0.00  0.00  0.01  0.09  0.00
  HS02004881HS02006253    1.00   0.03  0.00  0.00  0.00  0.00  0.00  0.97  0.00  0.00
  YS02001793JiankangQianchi    1.00   0.00  0.00  0.00  0.43  0.57  0.00  0.00  0.07  0.00
  YS02001757CaochengTiaoxuchi    1.00   0.00  0.09  0.00  0.83  0.08  0.00  0.00  0.00  0.00
  WSF200WS02003060        1.00   0.00  0.13  0.00  0.00  0.87  0.00  0.00  0.58  0.00
  1                       1.00   0.00  0.00  0.00  0.00  1.00  0.00  0.00  0.32  0.00
  
  
  *************************
  Conduit Surcharge Summary
  *************************
  
  ----------------------------------------------------------------------------
                                                           Hours        Hours 
                         --------- Hours Full --------   Above Full   Capacity
  Conduit                Both Ends  Upstream  Dnstream   Normal Flow   Limited
  ----------------------------------------------------------------------------
  WS02006229WS02006228        0.84      0.88      0.84      1.55         0.84
  WS02006256WS02006235        0.34      0.34      6.67      6.65         0.01
  WS02006252WS02006251        6.48      6.48      6.49      6.49         0.01
  WS02006235WS02006234        0.01      0.01      0.01      0.79         0.01
  WS02006231WS02006230        0.01      0.01      0.01      1.00         0.01
  WS02006230WS02006229        1.15      1.15      1.16      3.20         0.01
  WS02006228WS02006109        0.86      1.01      0.86      1.79         0.86
  WS02006112WS02006115        0.01      0.01      0.49      0.01         0.01
  WS02006111WS02006112        0.01      0.01      1.60      0.01         0.01
  WS02006110WS02006113        0.01      0.01      0.93      0.01         0.01
  WS02006109WS02006110        0.21      0.21      1.01      0.21         0.01
  WS02004405WS02004406        0.01      0.01      0.01      0.40         0.01
  WS02004404WS02004405        0.01      0.03      0.01      2.41         0.01
  WS02004403WS02004404        0.01      0.01      0.03      0.01         0.01
  WS02003072WS02003073        0.01      0.01      0.01      0.33         0.01
  HS02004876HS02004881        0.01      0.01      0.01      0.73         0.01
  HS02004817HS02004824        0.01      0.01      0.26      0.01         0.01
  HS02004785HS02004788        0.01      0.01      0.01      0.67         0.01
  HS02004480HS02004478        0.01      0.01      0.01      1.49         0.01
  HS02004817HS02004807        0.01      0.01      0.26      0.01         0.01
  YS02001759YS02001757        6.40      6.40      6.42      0.01         0.01
  YS02001762YS02001759        6.39      6.39      6.40      0.01         0.01
  YS02001765YS02001762        6.38      6.38      6.39      0.01         0.01
  YS02001770YS02001767        6.37      6.37      6.37      0.39         0.42
  YS02001774YS02001770        6.37      6.37      6.38      0.01         0.01
  YS02001779YS02001774        6.32      6.32      6.38      0.01         0.01
  YS02001649YS02001757        6.39      6.39      6.42      0.01         0.01
  YS02001767YS02001765        6.37      6.37      6.38      0.01         0.01
  YS02006561YS02001783        1.98      1.98      2.48      0.01         0.01
  YS02001783YS02001784        2.46      2.48      2.47      2.41         2.29
  YS02001784YS02001785        2.41      2.47      2.41      3.15         2.41
  YS02001788YS02001790        2.25      2.25      2.33      0.01         0.01
  YS02001790YS02001791        2.33      2.33      2.35      1.90         1.70
  YS02001791YS02001793        2.35      2.35      2.47      0.01         0.01
  YS02001910YS02001907        2.31      2.31      2.67      0.01         0.01
  YS02001786YS02001788        2.25      2.41      2.25      2.80         2.25
  YS02001915YS02001910        2.13      2.13      2.31      0.01         0.01
  YS02001918YS02001915        1.90      1.90      2.13      0.01         0.01
  YS02001923YS02001920        1.72      1.72      1.93      0.01         0.01
  YS02001926YS02001923        0.01      0.01      0.01      0.01         0.01
  YS02001929YS02001926        0.01      0.01      0.01      0.01         0.01
  YS02001920YS02001918        1.90      1.90      1.93      0.01         0.01
  YS02001629YS02163301        6.36      6.36      6.36      0.01         0.01
  YS02001619YS02001622        6.28      6.28      6.28      0.01         0.03
  YS02001622YS02001625        6.28      6.28      6.35      0.01         0.01
  YS02001625YS02001629        6.28      6.28      6.35      0.01         0.01
  YS02163301YS02001633        6.36      6.36      6.37      0.01         0.01
  YS02163601YS02164001        6.37      6.37      6.39      0.01         0.01
  YS02164001YS02001641        6.37      6.37      6.38      0.01         0.01
  YS02001641YS02001644        6.38      6.38      6.38      2.64         2.54
  YS02001647YS02001649        6.34      6.34      6.39      0.01         0.01
  YS02006553YS02006556        2.48      2.48      2.74      0.01         0.01
  YS02006556YS02006558        2.56      2.56      2.78      0.01         0.01
  YSB6556YSB1171              0.01      0.01      0.40      0.01         0.01
  YS02001907YS02006553        3.19      3.19      3.37      0.01         0.01
  YS02006558YS02006561        2.16      2.45      2.16      3.01         2.16
  YS02001633YS02163601        6.37      6.37      6.39      0.01         0.01
  YS02001644YS02001647        6.34      6.34      6.38      0.01         0.01
  YS02001745YS02001748        0.01      0.01      5.70      0.01         0.01
  YS02001748YS02001751        6.06      6.06      6.27      0.01         0.01
  YS02001751YS02001754        6.27      6.27      6.32      0.01         0.01
  YS02001754YS02001757        6.33      6.33      6.42      0.01         0.01
  YS02001882YS02001884        2.13      2.13      2.16      0.01         0.01
  YS02001884YS02001887        2.21      2.21      2.24      0.01         0.01
  YS02001890YS02001895        2.11      2.11      2.32      0.01         0.01
  YS02001895YS02001898        2.09      2.09      2.11      0.01         0.01
  YS02001898YS02001901        2.11      2.11      2.20      0.01         0.01
  YS02001901YS02001904        2.19      2.19      2.20      0.01         0.01
  YS02001904YS02001907        2.19      2.19      2.76      0.01         0.01
  YS02001887YS02001890        2.26      2.26      2.29      1.12         0.01
  YS02001652YS02001649        6.34      6.34      6.39      0.01         0.01
  YS02001655YS02001652        6.29      6.29      6.33      0.01         0.01
  YS02001658YS02001655        5.78      5.78      6.29      0.01         0.01
  YS02001661YS02001658        0.63      0.63      5.78      0.01         0.01
  YS02001664YS02001661        0.01      0.01      1.31      0.01         0.01
  YS02001793JiankangQianchi        2.44      2.44      2.97      0.01         0.01
  YS02001757CaochengTiaoxuchi        5.80      5.80      6.42      0.01         0.01
  
  
  ***************
  Pumping Summary
  ***************
  
  ---------------------------------------------------------------------------------------------------------
                                                  Min       Avg       Max     Total     Power    % Time Off
                        Percent   Number of      Flow      Flow      Flow    Volume     Usage    Pump Curve
  Pump                 Utilized   Start-Ups       LPS       LPS       LPS  10^6 ltr     Kw-hr    Low   High
  ---------------------------------------------------------------------------------------------------------
  CC-Pump-1               81.68           1      0.00    198.13    200.00     4.681      8.02    0.0    6.0
  CC-Pump-2               81.68           1      0.00    198.13    200.00     4.681      8.02    0.0    6.0
  JK-Pump-1                0.00           0      0.00      0.00      0.00     0.000      0.00    0.0    0.0
  JK-Pump-2              100.00           1      0.00    429.65    683.00    10.651    135.97    0.0   98.3
  XR-Pump-1              100.00           1      0.00     95.00     95.00     2.736     15.94    0.0    0.0
  XR-Pump-2                0.00           0      0.00      0.00      0.00     0.000      0.00    0.0    0.0
  XR-Pump-3              100.00           1      0.00     95.00     95.00     2.736     15.94    0.0    0.0
  XR-Pump-4                0.00           0      0.00      0.00      0.00     0.000      0.00    0.0    0.0
  
  
  ***************************
  Link Pollutant Load Summary
  ***************************
  
  ------------------------------------------------------------------------------------------
                                 COD            SS            TN            TP         NH4-N
  Link                            kg            kg            kg            kg            kg
  ------------------------------------------------------------------------------------------
  WS02003066WSF200           483.368       940.341        13.283         1.215         7.052
  WS02006287WS02006284       523.495      1027.076        14.414         1.322         7.661
  WS02006284WS02006280       523.974      1027.823        14.462         1.328         7.691
  WS02006280WS02006229       523.962      1027.813        14.460         1.328         7.689
  WS02006229WS02006228       465.362       903.663        13.140         1.214         7.020
  WS02006256WS02006235       390.031       751.497         7.791         0.566         3.822
  WS02006253WS02006251        91.953       186.653         1.900         0.136         0.922
  WS02006252WS02006251       944.359      1810.720        18.388         1.265         8.875
  WS02006251WS02006249       180.500       348.031         3.537         0.245         1.709
  WS02006249WS02006248       180.166       347.410         3.529         0.244         1.705
  WS02006248WS02006247       180.022       347.165         3.526         0.244         1.703
  WS02006247WS02006245       179.767       346.701         3.520         0.243         1.701
  WS02006245WS02006243       179.456       346.133         3.514         0.243         1.697
  WS02006243WS02006242       179.155       345.603         3.507         0.242         1.694
  WS02006242WS02006240       178.771       344.916         3.499         0.242         1.690
  WS02006240WS02006239       178.434       344.293         3.492         0.241         1.686
  WS02006239WS02006238       178.077       343.634         3.484         0.241         1.683
  WS02006238WS02006235       178.079       343.651         3.484         0.241         1.683
  WS02006235WS02006234       120.315       239.853         2.568         0.202         1.278
  WS02006234WS02006232       120.961       241.090         2.585         0.203         1.286
  WS02006232WS02006231       121.839       242.774         2.606         0.205         1.297
  WS02006231WS02006230       122.413       243.867         2.620         0.206         1.304
  WS02006230WS02006229       124.134       247.139         2.664         0.210         1.326
  WS02006228WS02006109       464.681       902.584        13.076         1.206         6.980
  WS02006116WS02004401       490.929       952.529        13.927         1.294         7.451
  WS02006115WS02006116       491.473       953.354        13.989         1.302         7.490
  WS02006113WS02006111       471.747       913.885        13.765         1.292         7.411
  WS02006112WS02006115       492.120       954.424        14.041         1.308         7.522
  WS02006111WS02006112       471.518       913.543        13.738         1.289         7.394
  WS02006110WS02006113       471.905       914.144        13.779         1.294         7.419
  WS02006109WS02006110       472.655       915.361        13.845         1.302         7.461
  WS02004411WS02004412       485.307       943.451        13.449         1.235         7.155
  WS02004401WS02004402       490.051       951.085        13.856         1.285         7.407
  WS02004413WS02003067       483.907       941.249        13.323         1.220         7.076
  WS02004412WS02004413       484.639       942.383        13.388         1.228         7.117
  WS02004410WS02004411       485.747       944.152        13.490         1.240         7.181
  WS02004409WS02004410       486.072       944.655        13.523         1.245         7.201
  WS02004407WS02004409       486.350       945.094        13.550         1.248         7.218
  WS02004406WS02004407       486.452       945.247        13.560         1.249         7.224
  WS02004405WS02004406       488.175       948.045        13.707         1.267         7.315
  WS02004404WS02004405       489.061       949.496        13.780         1.276         7.360
  WS02004403WS02004404       488.364       948.335        13.715         1.268         7.320
  WS02004402WS02004403       489.175       949.662        13.780         1.276         7.360
  WS02004139WS02001211       101.009       178.810         6.591         0.784         4.006
  WS02004138WS02004139       728.026      1242.908        53.334         6.409        32.589
  WS02003067WS02003066       483.368       940.323        13.286         1.215         7.054
  WS02001213WS02003059        53.151       102.244         1.986         0.209         1.128
  WS02001212WS02001213        50.376        98.007         1.688         0.171         0.940
  WS02001211WS02001212        49.765        96.718         1.688         0.172         0.942
  WS02003072WS02003073       547.224      1024.099        22.785         2.446        13.115
  WS02003069WS02003072       548.413      1025.889        22.917         2.463        13.198
  WS02003060WS02003069       546.664      1023.067        22.751         2.442        13.094
  WS02003059WS02003060        57.132       109.890         2.098         0.219         1.187
  HS02004901HS02004770        23.752        47.150         0.456         0.035         0.216
  HS02004876HS02004881        78.602       159.500         1.668         0.120         0.812
  HS02004870HS02004876        60.023       121.771         1.319         0.095         0.644
  HS02004842HS02004848        11.483        22.638         0.237         0.016         0.110
  HS02004837HS02004842        16.140        30.046         0.708         0.076         0.406
  HS02004830HS02004837        90.019       162.998         5.107         0.591         3.065
  HS02004824HS02004830        90.834       164.340         5.182         0.601         3.111
  HS02004817HS02004824       134.945       255.343         6.072         0.657         3.543
  HS02004770HS02004777        90.798       182.824         1.867         0.129         0.871
  HS02004799HS02004480       287.521       566.398         6.767         0.567         3.405
  HS02004792HS02004799       262.532       514.763         6.335         0.541         3.205
  HS02004788HS02004792       140.406       276.278         3.856         0.343         2.007
  HS02004785HS02004788        92.227       185.099         2.016         0.148         0.964
  HS02004777HS02004785        91.539       184.005         1.952         0.140         0.925
  HS02004480HS02004478       358.151       708.129         8.017         0.660         4.004
  HS02004479HS02004480        74.265       147.639         1.555         0.130         0.788
  HS02004862HS02004870        46.059        92.349         1.040         0.079         0.510
  HS02004848HS02004852        19.915        39.750         0.404         0.028         0.188
  HS02004856HS02004862        31.842        64.517         0.637         0.043         0.301
  HS02004852HS02004856        19.930        39.775         0.404         0.028         0.188
  HS02004802HS02004478       166.336       320.548         6.465         0.671         3.697
  HS02004478WS02006287       523.638      1027.271        14.431         1.324         7.671
  HS02004817HS02004807       133.677       253.354         5.936         0.640         3.458
  HS02004807HS02004802       166.478       320.767         6.496         0.675         3.717
  YS02001759YS02001757       610.070      1168.181        11.895         0.835         5.796
  YS02001762YS02001759       249.501       473.139         5.160         0.363         2.540
  YS02001765YS02001762       250.537       476.251         5.195         0.366         2.559
  YS02001770YS02001767       253.290       484.883         5.065         0.343         2.464
  YS02001774YS02001770       507.974      1013.735         9.793         0.660         4.742
  YS02001779YS02001774       506.760      1011.422         9.841         0.669         4.778
  YS02001649YS02001757       463.667       863.037         9.235         0.650         4.426
  YS02001767YS02001765       252.338       480.855         5.240         0.369         2.583
  YS02006561YS02001783      1396.270      2657.421        28.816         2.122        14.243
  YS02001783YS02001784      1396.277      2657.486        28.814         2.122        14.242
  YS02001784YS02001785      1403.906      2669.788        29.544         2.213        14.698
  YS02001788YS02001790      1404.711      2671.207        29.621         2.223        14.746
  YS02001790YS02001791      1405.945      2673.379        29.725         2.236        14.811
  YS02001791YS02001793      1405.931      2673.376        29.721         2.235        14.809
  YS02001910YS02001907       712.062      1365.075        15.613         1.134         7.825
  YS02001786YS02001788      1404.257      2670.464        29.575         2.217        14.717
  YS02001915YS02001910       711.978      1364.892        15.567         1.128         7.795
  YS02001918YS02001915       349.145       643.514         8.208         0.689         4.261
  YS02001923YS02001920       324.526       601.886         6.157         0.438         2.991
  YS02001926YS02001923       321.732       596.965         6.041         0.426         2.924
  YS02001929YS02001926       320.183       594.271         5.970         0.418         2.882
  YS02001920YS02001918       345.817       636.436         8.128         0.683         4.220
  YS02001629YS02163301       141.279       261.023         2.840         0.196         1.346
  YS02001619YS02001622       331.407       629.825         6.665         0.447         3.137
  YS02001622YS02001625       330.454       628.344         6.641         0.445         3.126
  YS02001625YS02001629       136.892       252.071         2.768         0.189         1.309
  YS02163301YS02001633       146.497       271.305         2.927         0.203         1.390
  YS02163601YS02164001       598.569      1116.506        11.534         0.840         5.556
  YS02164001YS02001641       598.577      1116.529        11.524         0.838         5.549
  YS02001641YS02001644       599.742      1118.513        11.539         0.839         5.556
  YS02001647YS02001649       628.871      1185.214        12.464         0.884         5.945
  YS02006553YS02006556       793.051      1480.320        16.996         1.284         8.514
  YS02006556YS02006558       793.544      1481.239        16.968         1.280         8.493
  YSB6556YSB1171              43.291        86.236         0.851         0.069         0.424
  YS02001907YS02006553       792.791      1479.846        17.019         1.288         8.530
  YS02006558YS02006561      1396.132      2657.138        28.813         2.122        14.242
  YS02001633YS02163601       599.030      1117.194        11.508         0.835         5.536
  YS02001644YS02001647       635.199      1197.971        12.562         0.891         5.993
  YS02001745YS02001748       448.056       872.862         8.878         0.566         4.281
  YS02001748YS02001751       447.666       872.184         8.907         0.571         4.302
  YS02001751YS02001754       446.827       870.836         8.892         0.570         4.295
  YS02001754YS02001757       447.758       872.279         9.061         0.593         4.404
  YS02001882YS02001884         5.171         9.221         0.098         0.007         0.048
  YS02001884YS02001887         7.605        13.724         0.143         0.011         0.071
  YS02001890YS02001895       689.617      1328.061        12.874         0.977         6.290
  YS02001895YS02001898       689.597      1328.133        12.870         0.976         6.288
  YS02001898YS02001901       689.830      1328.424        12.877         0.977         6.292
  YS02001901YS02001904       689.340      1327.799        12.873         0.977         6.291
  YS02001904YS02001907       690.438      1329.511        12.954         0.987         6.340
  YS02001887YS02001890       831.978      1613.579        15.458         1.175         7.552
  YS02001652YS02001649       414.955       793.767         8.270         0.600         3.892
  YS02001655YS02001652       415.744       794.999         8.292         0.601         3.902
  YS02001658YS02001655       415.478       794.537         8.210         0.590         3.847
  YS02001661YS02001658       416.384       796.023         8.232         0.591         3.857
  YS02001664YS02001661       416.732       796.296         8.245         0.592         3.863
  YSB1154YSB6556              42.891        85.617         0.805         0.063         0.396
  YSB1174YSB1171              29.511        59.093         0.578         0.046         0.286
  YSB1171HS02004479           74.194       147.507         1.561         0.131         0.792
  HS02004881HS02006253        87.918       178.627         1.847         0.132         0.898
  YS02001793JiankangQianchi      1406.046      2673.594        29.721         2.235        14.809
  YS02001757CaochengTiaoxuchi      1154.754      2188.104        22.889         1.576        11.066
  WSF200WS02003060           483.234       940.103        13.275         1.214         7.047
  1                          559.331      1043.216        23.991         2.598        13.871
  CC-Pump-1                  472.206       905.403         9.195         0.633         4.438
  CC-Pump-2                  472.206       905.403         9.195         0.633         4.438
  JK-Pump-1                    0.000         0.000         0.000         0.000         0.000
  JK-Pump-2                  949.707      1829.733        18.965         1.377         9.303
  XR-Pump-1                  364.425       622.138        26.700         3.209        16.315
  XR-Pump-2                    0.000         0.000         0.000         0.000         0.000
  XR-Pump-3                  364.425       622.138        26.700         3.209        16.315
  XR-Pump-4                    0.000         0.000         0.000         0.000         0.000
  3                          856.068      1649.714        16.798         1.162         8.119
  5                          626.109      1218.331        12.553         0.916         6.149
  6                          830.998      1424.882        60.110         7.217        36.710
  

  Analysis begun on:  Thu Jul  8 15:42:15 2021
  Analysis ended on:  Thu Jul  8 15:42:17 2021
  Total elapsed time: 00:00:02