
  EPA STORM WATER MANAGEMENT MODEL - VERSION 5.1 (Build 5.3.0.dev0)
  --------------------------------------------------------------

  WARNING 04: minimum elevation drop used for Conduit WS02004404WS02004405
  WARNING 03: negative offset ignored for Link YS02001904YS02001907
  
  *********************************************************
  NOTE: The summary statistics displayed in this report are
  based on results found at every computational time step,  
  not just on results from each reporting time step.
  *********************************************************
  
  ****************
  Analysis Options
  ****************
  Flow Units ............... LPS
  Process Models:
    Rainfall/Runoff ........ YES
    RDII ................... NO
    Snowmelt ............... NO
    Groundwater ............ NO
    Flow Routing ........... YES
    Ponding Allowed ........ NO
    Water Quality .......... YES
  Infiltration Method ...... HORTON
  Flow Routing Method ...... DYNWAVE
  Surcharge Method ......... EXTRAN
  Starting Date ............ 08/28/2015 08:00:00
  Ending Date .............. 08/28/2015 16:00:00
  Antecedent Dry Days ...... 8.0
  Report Time Step ......... 00:01:00
  Wet Time Step ............ 00:01:00
  Dry Time Step ............ 00:01:00
  Routing Time Step ........ 5.00 sec
  Variable Time Step ....... YES
  Maximum Trials ........... 8
  Number of Threads ........ 4
  Head Tolerance ........... 0.001500 m
  
  
  **************************        Volume         Depth
  Runoff Quantity Continuity     hectare-m            mm
  **************************     ---------       -------
  Total Precipitation ......         6.931        15.175
  Evaporation Loss .........         0.000         0.000
  Infiltration Loss ........         1.134         2.482
  Surface Runoff ...........         4.853        10.625
  Final Storage ............         0.946         2.071
  Continuity Error (%) .....        -0.017
  
  
  **************************           COD            SS            TN            TP         NH4-N
  Runoff Quality Continuity             kg            kg            kg            kg            kg
  **************************    ----------    ----------    ----------    ----------    ----------
  Initial Buildup ..........     41378.656     70582.865      1804.177       168.684      1032.807
  Surface Buildup ..........        28.184        57.089         2.485         0.224         1.430
  Wet Deposition ...........         0.000         0.000         0.000         0.000         0.000
  Sweeping Removal .........         0.000         0.000         0.000         0.000         0.000
  Infiltration Loss ........       115.883       223.018         2.208         0.156         1.055
  BMP Removal ..............         0.000         0.000         0.000         0.000         0.000
  Surface Runoff ...........      4738.890      9016.401        91.259         6.282        43.466
  Remaining Buildup ........     36550.203     61396.908      1713.157       162.467       989.699
  Continuity Error (%) .....         0.005         0.005         0.002         0.002         0.002
  
  
  **************************        Volume        Volume
  Flow Routing Continuity        hectare-m      10^6 ltr
  **************************     ---------     ---------
  Dry Weather Inflow .......         0.630         6.296
  Wet Weather Inflow .......         4.852        48.518
  Groundwater Inflow .......         0.000         0.000
  RDII Inflow ..............         0.000         0.000
  External Inflow ..........         0.105         1.045
  External Outflow .........         3.054        30.540
  Flooding Loss ............         2.531        25.315
  Evaporation Loss .........         0.000         0.000
  Exfiltration Loss ........         0.000         0.000
  Initial Stored Volume ....         0.076         0.761
  Final Stored Volume ......         0.499         4.988
  Continuity Error (%) .....        -7.461
  
  
  **************************           COD            SS            TN            TP         NH4-N
  Quality Routing Continuity            kg            kg            kg            kg            kg
  **************************    ----------    ----------    ----------    ----------    ----------
  Dry Weather Inflow .......      1573.993      2518.389       151.103        18.888        94.440
  Wet Weather Inflow .......      4738.605      9016.050        91.251         6.282        43.462
  Groundwater Inflow .......         0.000         0.000         0.000         0.000         0.000
  RDII Inflow ..............         0.000         0.000         0.000         0.000         0.000
  External Inflow ..........       187.321       299.713        17.983         2.248        11.239
  External Outflow .........      2951.207      5305.284       145.560        16.227        85.718
  Flooding Loss ............      2537.269      4815.415        65.903         5.853        34.795
  Exfiltration Loss ........         0.000         0.000         0.000         0.000         0.000
  Mass Reacted .............         0.000         0.000         0.000         0.000         0.000
  Initial Stored Mass ......         0.000         0.000         0.000         0.000         0.000
  Final Stored Mass ........       417.737       713.195        20.010         2.173        11.683
  Continuity Error (%) .....         9.134         8.452        11.087        11.545        11.362
  
  
  *************************
  Highest Continuity Errors
  *************************
  Node JK-storage (-32.34%)
  Node HS02004842 (12.05%)
  Node YS02001884 (9.93%)
  Node WS02003059 (5.31%)
  Node HS02004817 (2.29%)
  
  
  ***************************
  Time-Step Critical Elements
  ***************************
  Link YS02001793JiankangQianchi (55.81%)
  Link WS02006280WS02006229 (23.09%)
  Link YS02006556YS02006558 (4.92%)
  Link WS02006252WS02006251 (2.35%)
  Link YS02006558YS02006561 (1.49%)
  
  
  ********************************
  Highest Flow Instability Indexes
  ********************************
  Link WS02006252WS02006251 (50)
  Link YS02163601YS02164001 (47)
  Link YS02001629YS02163301 (44)
  Link YS02001619YS02001622 (44)
  Link YS02163301YS02001633 (44)
  
  
  *************************
  Routing Time Step Summary
  *************************
  Minimum Time Step           :     0.50 sec
  Average Time Step           :     2.07 sec
  Maximum Time Step           :     5.00 sec
  Percent in Steady State     :    -0.00
  Average Iterations per Step :     4.73
  Percent Not Converging      :    27.68
  
  
  ***************************
  Subcatchment Runoff Summary
  ***************************
  
  ------------------------------------------------------------------------------------------------------------------------------
                            Total      Total      Total      Total     Imperv       Perv      Total       Total     Peak  Runoff
                           Precip      Runon       Evap      Infil     Runoff     Runoff     Runoff      Runoff   Runoff   Coeff
  Subcatchment                 mm         mm         mm         mm         mm         mm         mm    10^6 ltr      LPS
  ------------------------------------------------------------------------------------------------------------------------------
  sub0                      15.17       0.00       0.00       0.64      14.07       0.42      14.49        0.01     3.21   0.955
  sub1                      15.17       0.00       0.00       1.12      13.42       0.55      13.97        0.09    22.74   0.920
  sub2                      15.17       0.00       0.00       4.63       9.48       0.98      10.46        0.10    22.43   0.689
  sub3                      15.17       0.00       0.00       4.81       9.44       0.81      10.25        0.23    50.35   0.675
  sub4                      15.17       0.00       0.00       1.24      13.26       0.43      13.69        0.29    59.98   0.902
  sub5                      15.17       0.00       0.00       0.68      14.02       0.38      14.40        0.16    39.78   0.949
  sub7                      15.17       0.00       0.00       0.86      13.75       0.50      14.25        0.05    12.44   0.939
  sub8                      15.17       0.00       0.00       0.88      13.74       0.49      14.23        0.09    23.06   0.938
  sub9                      15.17       0.00       0.00       0.88      13.74       0.49      14.22        0.07    17.28   0.937
  sub10                     15.17       0.00       0.00       0.78      13.87       0.43      14.31        0.16    38.95   0.943
  sub11                     15.17       0.00       0.00       0.77      13.89       0.45      14.34        0.17    42.47   0.945
  sub12                     15.17       0.00       0.00       1.25      13.15       0.72      13.88        0.12    32.74   0.915
  sub14                     15.17       0.00       0.00       0.88      13.73       0.49      14.22        0.14    34.05   0.937
  sub15                     15.17       0.00       0.00       3.43      10.56       1.12      11.68        0.20    49.54   0.770
  sub16                     15.17       0.00       0.00       3.59      10.13       1.42      11.55        0.12    31.81   0.761
  sub17                     15.17       0.00       0.00       3.50      10.28       1.36      11.64        0.10    26.04   0.767
  sub22                     15.17       0.00       0.00       5.11       8.61       1.41      10.02        0.63   157.18   0.660
  sub23                     15.17       0.00       0.00       4.24       9.52       1.38      10.89        0.52   131.42   0.718
  sub60                     15.17       0.00       0.00       1.64      11.41       0.18      11.59        3.51   455.25   0.764
  sub61                     15.17       0.00       0.00       2.33      11.43       0.25      11.68        3.60   529.80   0.770
  sub62                     15.17       0.00       0.00       1.02      12.48       0.19      12.67        3.89   550.57   0.835
  sub63                     15.17       0.00       0.00       4.11       9.95       0.29      10.24        3.10   479.64   0.675
  sub64                     15.17       0.00       0.00       2.10      10.97       0.18      11.14        3.39   435.19   0.734
  sub65                     15.17       0.00       0.00       1.80      11.16       0.17      11.33        3.49   443.24   0.747
  sub66                     15.17       0.00       0.00       4.21       9.36       0.19       9.55        2.93   391.88   0.630
  sub67                     15.17       0.00       0.00       0.98      13.02       0.23      13.25        4.09   651.79   0.873
  sub68                     15.17       0.00       0.00       1.86      11.98       0.26      12.24        3.77   572.14   0.807
  sub69                     15.17       0.00       0.00       1.93      12.29       0.35      12.64        2.95   514.07   0.833
  sub70                     15.17      12.90       0.00       8.07      16.98       1.48      18.46        4.23   567.23   0.657
  sub71                     15.17       0.00       0.00       1.04      12.22       0.17      12.39        2.93   395.42   0.817
  sub72                     15.17       0.00       0.00       0.97      10.14       0.10      10.23        2.09   211.42   0.674
  1                         15.17      17.97       0.00       1.40      19.64       5.96      25.61        6.02   575.18   0.773
  2                         15.17       0.00       0.00       3.09       3.65       2.57       6.22        2.49   319.08   0.410
  
  
  ****************************
  Subcatchment Washoff Summary
  ****************************
  
  ------------------------------------------------------------------------------------------
                                 COD            SS            TN            TP         NH4-N
  Subcatchment                    kg            kg            kg            kg            kg
  ------------------------------------------------------------------------------------------
  sub0                         3.165         6.185         0.055         0.005         0.027
  sub1                        13.650        27.507         0.256         0.018         0.123
  sub2                         8.731        17.204         0.182         0.012         0.084
  sub3                        21.444        41.934         0.439         0.030         0.203
  sub4                        31.553        64.442         0.622         0.038         0.299
  sub5                        31.185        61.886         0.561         0.043         0.273
  sub7                         6.889        14.056         0.130         0.009         0.063
  sub8                        10.283        21.482         0.204         0.012         0.098
  sub9                         8.835        18.197         0.171         0.011         0.082
  sub10                       25.600        51.462         0.472         0.034         0.229
  sub11                       24.784        50.351         0.466         0.032         0.225
  sub12                       21.266        42.379         0.388         0.029         0.188
  sub14                       18.938        38.635         0.359         0.024         0.174
  sub15                       25.366        49.902         0.487         0.036         0.230
  sub16                       16.439        32.275         0.312         0.024         0.147
  sub17                       15.099        29.381         0.280         0.022         0.132
  sub22                       80.453       155.575         1.523         0.116         0.715
  sub23                       46.239        92.443         0.972         0.064         0.448
  sub60                      303.339       578.212         5.996         0.373         2.878
  sub61                      377.383       716.545         7.015         0.486         3.383
  sub62                      388.402       749.398         7.546         0.484         3.629
  sub63                      280.345       524.740         5.566         0.395         2.593
  sub64                      384.384       707.202         7.062         0.518         3.379
  sub65                      392.900       725.696         7.263         0.524         3.480
  sub66                      220.892       409.929         4.484         0.296         2.101
  sub67                      578.161      1104.830        10.411         0.773         5.041
  sub68                      413.103       791.857         7.874         0.538         3.771
  sub69                      371.031       718.435         6.951         0.494         3.332
  sub70                      641.694      1245.372        12.801         0.900         6.029
  sub71                      255.569       497.537         5.207         0.306         2.495
  sub72                      208.830       378.080         3.888         0.268         1.872
  1                          471.158       919.347         9.551         0.672         4.455
  2                           54.504        97.732         1.515         0.092         0.649
  ------------------------------------------------------------------------------------------
  System                    5751.615     10980.208       111.010         7.676        52.826
  
  
  ******************
  Node Depth Summary
  ******************
  
  ---------------------------------------------------------------------------------
                                 Average  Maximum  Maximum  Time of Max    Reported
                                   Depth    Depth      HGL   Occurrence   Max Depth
  Node                 Type       Meters   Meters   Meters  days hr:min      Meters
  ---------------------------------------------------------------------------------
  WS02001211           JUNCTION     0.32     0.36     5.20     0  02:43        0.36
  WS02001212           JUNCTION     0.09     0.16     5.22     0  02:43        0.16
  WS02001213           JUNCTION     0.35     0.51     5.27     0  02:42        0.51
  WS02003069           JUNCTION     0.20     0.38     4.97     0  02:43        0.38
  WS02003072           JUNCTION     0.26     0.45     4.82     0  02:43        0.45
  WS02003073           JUNCTION     0.15     0.27     4.33     0  02:44        0.27
  WS02003060           JUNCTION     0.18     0.34     5.27     0  02:42        0.34
  WS02003066           JUNCTION     0.16     0.29     5.84     0  02:41        0.29
  WS02003059           JUNCTION     0.43     0.59     5.27     0  02:42        0.59
  WS02003067           JUNCTION     0.41     0.69     6.01     0  02:41        0.69
  WS02004401           JUNCTION     0.49     0.82     6.82     0  02:37        0.82
  WS02004402           JUNCTION     0.52     0.85     6.81     0  02:37        0.85
  WS02004403           JUNCTION     0.55     0.87     6.80     0  02:38        0.87
  WS02004404           JUNCTION     0.62     0.94     6.79     0  02:38        0.94
  WS02004406           JUNCTION     0.63     0.94     6.77     0  02:38        0.94
  WS02004409           JUNCTION     0.30     0.64     6.41     0  02:40        0.64
  WS02004410           JUNCTION     0.32     0.66     6.38     0  02:40        0.66
  WS02004411           JUNCTION     0.35     0.67     6.35     0  02:40        0.67
  WS02004412           JUNCTION     0.37     0.68     6.32     0  02:41        0.68
  WS02004413           JUNCTION     0.52     0.84     6.31     0  02:41        0.84
  WS02004405           JUNCTION     0.62     0.93     6.78     0  02:38        0.93
  WS02006109           JUNCTION     0.55     0.90     7.52     0  02:34        0.90
  WS02006110           JUNCTION     0.56     0.88     7.46     0  02:35        0.88
  WS02006111           JUNCTION     0.14     0.27     6.98     0  02:35        0.27
  WS02006112           JUNCTION     0.64     1.01     6.90     0  02:36        1.01
  WS02006113           JUNCTION     0.21     0.43     7.32     0  02:35        0.43
  WS02006115           JUNCTION     0.37     0.72     6.86     0  02:37        0.72
  WS02006116           JUNCTION     0.46     0.80     6.84     0  02:37        0.80
  WS02006230           JUNCTION     0.45     0.86     7.60     0  02:35        0.86
  WS02006231           JUNCTION     0.21     0.45     7.58     0  02:35        0.45
  WS02006232           JUNCTION     0.31     0.53     7.57     0  02:35        0.53
  WS02006234           JUNCTION     0.19     0.37     7.53     0  02:35        0.37
  WS02006235           JUNCTION     0.20     0.30     7.46     0  02:36        0.30
  WS02006238           JUNCTION     0.23     0.33     7.47     0  02:36        0.33
  WS02006240           JUNCTION     0.19     0.26     7.55     0  02:37        0.26
  WS02006242           JUNCTION     0.26     0.34     7.61     0  02:37        0.34
  WS02006243           JUNCTION     0.16     0.22     7.64     0  02:36        0.22
  WS02006245           JUNCTION     0.19     0.25     7.73     0  02:35        0.25
  WS02006247           JUNCTION     0.21     0.28     7.78     0  02:35        0.28
  WS02006248           JUNCTION     0.17     0.23     7.81     0  02:34        0.23
  WS02006249           JUNCTION     0.22     0.28     7.87     0  02:33        0.28
  WS02006239           JUNCTION     0.21     0.29     7.50     0  02:37        0.29
  WS02006251           JUNCTION     0.20     0.26     7.93     0  02:33        0.26
  WS02006252           JUNCTION     0.51     0.59     8.84     0  05:32        0.59
  WS02006253           JUNCTION     0.24     0.35     8.00     0  02:32        0.35
  WS02006256           JUNCTION     2.11     2.35     9.28     0  00:00        2.35
  WS02004138           JUNCTION     0.19     0.20     7.45     0  00:00        0.19
  WS02004139           JUNCTION     0.24     0.27     5.18     0  02:44        0.27
  WS02004407           JUNCTION     0.14     0.29     6.60     0  02:38        0.29
  WS02006228           JUNCTION     0.53     0.93     7.58     0  02:34        0.93
  WS02006229           JUNCTION     0.49     0.92     7.61     0  02:34        0.92
  WS02006280           JUNCTION     0.09     0.25     8.52     0  02:34        0.25
  WS02006284           JUNCTION     0.40     0.63     9.03     0  02:34        0.63
  WS02006287           JUNCTION     0.13     0.37     9.33     0  02:33        0.37
  WSF200               JUNCTION     0.13     0.28     5.51     0  02:41        0.28
  HS02004901           JUNCTION     0.15     0.36    10.18     0  02:32        0.36
  HS02004881           JUNCTION     0.01     0.05     9.08     0  02:33        0.05
  HS02004876           JUNCTION     0.06     0.15     9.18     0  02:33        0.15
  HS02004870           JUNCTION     0.02     0.09     9.37     0  02:33        0.09
  HS02004862           JUNCTION     0.03     0.10     9.49     0  02:34        0.10
  HS02004856           JUNCTION     0.09     0.15     9.57     0  02:33        0.15
  HS02004852           JUNCTION     0.02     0.07     9.58     0  02:33        0.07
  HS02004848           JUNCTION     0.02     0.06     9.67     0  02:33        0.06
  HS02004842           JUNCTION     0.34     0.40     9.67     0  02:33        0.40
  HS02004837           JUNCTION     0.04     0.08     9.66     0  02:33        0.08
  HS02004830           JUNCTION     0.05     0.10     9.57     0  02:34        0.10
  HS02004824           JUNCTION     0.03     0.12     9.52     0  02:34        0.12
  HS02004817           JUNCTION     0.46     0.68     9.53     0  02:34        0.68
  HS02004807           JUNCTION     0.15     0.35     9.52     0  02:34        0.35
  HS02004802           JUNCTION     0.18     0.38     9.51     0  02:34        0.38
  HS02004799           JUNCTION     0.16     0.44     9.65     0  02:32        0.44
  HS02004792           JUNCTION     0.05     0.20     9.73     0  02:32        0.20
  HS02004788           JUNCTION     0.04     0.15    10.05     0  02:33        0.15
  HS02004785           JUNCTION     0.07     0.23    10.13     0  02:32        0.23
  HS02004777           JUNCTION     0.17     0.37    10.17     0  02:32        0.37
  HS02004770           JUNCTION     0.14     0.35    10.18     0  02:32        0.35
  HS02004480           JUNCTION     0.11     0.36     9.60     0  02:32        0.36
  HS02004479           JUNCTION     0.15     0.40     9.60     0  02:32        0.40
  HS02004478           JUNCTION     0.08     0.26     9.49     0  02:33        0.26
  YS02001745           JUNCTION     0.64     0.93     8.44     0  03:01        0.93
  YS02001748           JUNCTION     1.01     1.54     8.62     0  02:21        1.36
  YS02001751           JUNCTION     1.18     1.55     8.43     0  03:01        1.55
  YS02001754           JUNCTION     1.42     1.82     8.42     0  03:00        1.80
  YS02001762           JUNCTION     1.62     2.05     8.45     0  04:07        2.01
  YS02001765           JUNCTION     1.57     2.01     8.46     0  04:07        1.96
  YS02001767           JUNCTION     1.54     1.97     8.46     0  04:07        1.92
  YS02001770           JUNCTION     1.53     1.94     8.43     0  04:07        1.91
  YS02001774           JUNCTION     1.60     1.99     8.41     0  04:07        1.97
  YS02001779           JUNCTION     1.35     1.68     8.37     0  02:27        1.68
  YS02001882           JUNCTION     0.64     1.64     8.35     0  02:52        1.63
  YS02001884           JUNCTION     0.74     1.74     8.35     0  02:48        1.73
  YS02001759           JUNCTION     1.65     2.07     8.43     0  02:55        2.05
  YS02001887           JUNCTION     0.81     1.81     8.35     0  02:48        1.81
  YS02001890           JUNCTION     0.84     1.81     8.32     0  02:27        1.81
  YS02001898           JUNCTION     0.61     1.56     8.30     0  02:51        1.56
  YS02001901           JUNCTION     0.72     1.68     8.29     0  02:38        1.67
  YS02001904           JUNCTION     0.70     1.64     8.27     0  02:34        1.63
  YS02001907           JUNCTION     1.02     1.96     8.25     0  02:28        1.96
  YS02001910           JUNCTION     0.82     1.79     8.30     0  02:28        1.79
  YS02001915           JUNCTION     0.63     1.62     8.34     0  02:29        1.61
  YS02001918           JUNCTION     0.37     1.32     8.38     0  02:28        1.32
  YS02001619           JUNCTION     1.16     1.50     8.43     0  02:22        1.48
  YS02001629           JUNCTION     1.49     1.85     8.40     0  02:21        1.84
  YS02001641           JUNCTION     1.59     1.94     8.37     0  04:07        1.93
  YS02001644           JUNCTION     1.59     1.92     8.35     0  02:24        1.92
  YS02001652           JUNCTION     1.44     1.98     8.57     0  02:38        1.91
  YS02001655           JUNCTION     1.21     1.83     8.68     0  02:38        1.72
  YS02001920           JUNCTION     0.46     1.41     8.42     0  02:28        1.40
  YS02001923           JUNCTION     0.29     1.18     8.44     0  02:28        1.18
  YS02001926           JUNCTION     0.33     1.08     8.52     0  02:28        0.99
  YS02001929           JUNCTION     0.20     0.78     8.47     0  02:29        0.78
  YS02001658           JUNCTION     0.96     1.61     8.75     0  02:37        1.48
  YS02001661           JUNCTION     0.75     1.68     9.08     0  02:35        1.32
  YS02001664           JUNCTION     0.32     0.57     8.50     0  04:09        0.54
  YS02001622           JUNCTION     1.17     1.51     8.42     0  02:22        1.50
  YS02001633           JUNCTION     1.58     1.95     8.40     0  02:24        1.94
  YS02001649           JUNCTION     1.63     2.05     8.44     0  02:32        2.04
  YS02001757           JUNCTION     1.75     2.15     8.42     0  04:09        2.15
  YS02001895           JUNCTION     0.61     1.57     8.31     0  02:35        1.56
  YS02001625           JUNCTION     1.45     1.78     8.38     0  02:20        1.78
  YS02163301           JUNCTION     1.52     1.88     8.40     0  02:21        1.88
  YS02163601           JUNCTION     1.63     1.99     8.39     0  02:27        1.98
  YS02164001           JUNCTION     1.57     1.92     8.38     0  04:07        1.91
  YS02001647           JUNCTION     1.42     1.81     8.42     0  02:33        1.79
  YSB1154              JUNCTION     0.29     0.55     9.61     0  02:32        0.55
  YSB6556              JUNCTION     0.18     0.44     9.61     0  02:32        0.44
  YSB1174              JUNCTION     0.24     0.50     9.61     0  02:32        0.50
  YSB1171              JUNCTION     0.44     0.70     9.61     0  02:33        0.70
  YS02006553           JUNCTION     1.02     1.98     8.26     0  03:01        1.96
  YS02006561           JUNCTION     0.35     1.05     7.71     0  03:12        1.05
  YS02006556           JUNCTION     0.99     1.96     8.27     0  03:01        1.92
  YS02006558           JUNCTION     1.03     2.00     8.27     0  03:01        1.96
  YS02001783           JUNCTION     0.55     1.43     7.57     0  03:13        1.43
  YS02001784           JUNCTION     0.55     1.37     7.44     0  03:14        1.37
  YS02001786           JUNCTION     0.46     1.21     7.24     0  03:14        1.21
  YS02001788           JUNCTION     0.36     1.07     7.05     0  03:14        1.07
  YS02001790           JUNCTION     0.43     1.23     6.88     0  03:15        1.23
  YS02001791           JUNCTION     0.31     1.21     6.68     0  03:15        1.21
  YS02001793           JUNCTION     0.31     1.73     6.56     0  03:15        1.73
  WSC                  OUTFALL      0.14     0.27     0.94     0  02:45        0.27
  3                    OUTFALL      0.00     0.00     7.16     0  00:00        0.00
  4                    OUTFALL      0.00     0.00     7.67     0  00:00        0.00
  5                    OUTFALL      0.00     0.00     4.91     0  00:00        0.00
  JK-storage           STORAGE      1.06     5.74     6.54     0  03:16        5.74
  CC-storage           STORAGE      0.96     1.37     8.37     0  03:16        1.37
  XR-storage           STORAGE      5.71     7.72     5.72     0  02:47        7.72
  
  
  *******************
  Node Inflow Summary
  *******************
  
  -------------------------------------------------------------------------------------------------
                                  Maximum  Maximum                  Lateral       Total        Flow
                                  Lateral    Total  Time of Max      Inflow      Inflow     Balance
                                   Inflow   Inflow   Occurrence      Volume      Volume       Error
  Node                 Type           LPS      LPS  days hr:min    10^6 ltr    10^6 ltr     Percent
  -------------------------------------------------------------------------------------------------
  WS02001211           JUNCTION      7.35    75.74     0  02:43       0.212       0.449       2.205
  WS02001212           JUNCTION      0.00    68.47     0  02:42           0       0.332       0.709
  WS02001213           JUNCTION      0.00    68.71     0  02:41           0       0.335       2.892
  WS02003069           JUNCTION      0.32   447.03     0  02:42     0.00922        3.69       0.185
  WS02003072           JUNCTION      0.00   446.99     0  02:43           0        3.69       0.288
  WS02003073           JUNCTION      1.82   448.79     0  02:44      0.0524        3.73       0.259
  WS02003060           JUNCTION     16.53   515.68     0  02:41       0.476        3.94       0.165
  WS02003066           JUNCTION      0.00   499.14     0  02:41           0        3.37       0.058
  WS02003059           JUNCTION      0.00    69.71     0  02:39           0       0.351       5.604
  WS02003067           JUNCTION      0.00   499.11     0  02:41           0        3.37       0.149
  WS02004401           JUNCTION      0.00   502.22     0  02:36           0         3.5       0.349
  WS02004402           JUNCTION      0.00   501.71     0  02:37           0        3.49       0.349
  WS02004403           JUNCTION      0.00   501.53     0  02:37           0        3.47       0.334
  WS02004404           JUNCTION      0.16   501.52     0  02:37     0.00467        3.47       0.270
  WS02004406           JUNCTION      0.00   501.49     0  02:37           0        3.44       0.667
  WS02004409           JUNCTION      0.00   501.47     0  02:38           0        3.42       0.145
  WS02004410           JUNCTION      0.00   500.56     0  02:39           0        3.41       0.199
  WS02004411           JUNCTION      0.00   499.88     0  02:39           0        3.41       0.231
  WS02004412           JUNCTION      0.00   499.43     0  02:40           0         3.4       0.288
  WS02004413           JUNCTION      0.00   499.19     0  02:40           0        3.39       0.491
  WS02004405           JUNCTION      0.04   501.54     0  02:37      0.0011        3.46       0.416
  WS02006109           JUNCTION      1.23   479.60     0  02:34      0.0354        3.46       0.368
  WS02006110           JUNCTION      0.00   479.61     0  02:35           0        3.45       0.328
  WS02006111           JUNCTION      0.00   495.34     0  02:35           0        3.43       0.039
  WS02006112           JUNCTION     26.04   506.27     0  02:35      0.0998        3.53       0.473
  WS02006113           JUNCTION      0.00   479.74     0  02:35           0        3.44       0.087
  WS02006115           JUNCTION      0.00   505.79     0  02:35           0        3.52       0.298
  WS02006116           JUNCTION      0.00   502.94     0  02:36           0        3.51       0.228
  WS02006230           JUNCTION     10.28   166.39     0  02:34       0.296        1.28       0.478
  WS02006231           JUNCTION      0.00   166.13     0  02:34           0        1.02       0.222
  WS02006232           JUNCTION      0.00   165.96     0  02:35           0        1.02       0.564
  WS02006234           JUNCTION      0.00   165.95     0  02:35           0        1.03       0.120
  WS02006235           JUNCTION      0.00   534.83     0  02:36           0        8.36       0.041
  WS02006238           JUNCTION      0.00    96.84     0  02:38           0        1.64       0.160
  WS02006240           JUNCTION      0.00    96.75     0  02:37           0        1.64       0.237
  WS02006242           JUNCTION      0.00    96.81     0  02:36           0        1.64       0.356
  WS02006243           JUNCTION      0.00    96.85     0  02:35           0        1.64       0.140
  WS02006245           JUNCTION      0.00    96.88     0  02:34           0        1.65       0.252
  WS02006247           JUNCTION      0.00    96.90     0  02:34           0        1.65       0.208
  WS02006248           JUNCTION      0.00    96.93     0  02:33           0        1.65       0.087
  WS02006249           JUNCTION      0.00    97.00     0  02:33           0        1.66       0.321
  WS02006239           JUNCTION      0.00    96.76     0  02:37           0        1.64       0.209
  WS02006251           JUNCTION      0.08   534.51     0  02:32     0.00222        9.56       0.034
  WS02006252           JUNCTION      0.00   400.00     0  01:47           0        9.02       0.005
  WS02006253           JUNCTION      3.21   133.80     0  02:33      0.0117       0.549       0.482
  WS02006256           JUNCTION      0.00   983.00     0  00:00           0        14.9      -0.009
  WS02004138           JUNCTION      0.00   380.00     0  00:00           0        10.9       0.058
  WS02004139           JUNCTION      0.32   456.06     0  02:44     0.00924        11.3       0.078
  WS02004407           JUNCTION      0.00   501.49     0  02:38           0        3.42       0.069
  WS02006228           JUNCTION      0.00   478.38     0  02:34           0        3.43       0.234
  WS02006229           JUNCTION      0.00   634.36     0  02:34           0        3.74       0.253
  WS02006280           JUNCTION      0.00   634.35     0  02:34           0         2.8       0.003
  WS02006284           JUNCTION      0.10   634.29     0  02:34     0.00275         2.8       0.034
  WS02006287           JUNCTION      0.00   634.15     0  02:34           0         2.8       0.026
  WSF200               JUNCTION      0.00   499.13     0  02:41           0        3.37       0.033
  HS02004901           JUNCTION     31.81    31.81     0  02:30       0.121       0.121       1.476
  HS02004881           JUNCTION     12.44   130.87     0  02:33       0.048       0.537       0.012
  HS02004876           JUNCTION     22.74   118.87     0  02:33      0.0929       0.489       0.110
  HS02004870           JUNCTION     23.06    96.37     0  02:33      0.0909       0.397       0.028
  HS02004862           JUNCTION     22.63    73.96     0  02:33       0.103       0.306       0.057
  HS02004856           JUNCTION     17.28    51.38     0  02:33      0.0684       0.204       0.714
  HS02004852           JUNCTION      0.00    34.55     0  02:33           0       0.136       0.041
  HS02004848           JUNCTION     50.35    50.35     0  02:35       0.231       0.231       0.022
  HS02004842           JUNCTION      0.00    16.75     0  02:44           0       0.108      13.702
  HS02004837           JUNCTION     45.30    60.39     0  02:33       0.341       0.436       0.188
  HS02004830           JUNCTION      0.15    60.51     0  02:33     0.00432       0.426       0.290
  HS02004824           JUNCTION     60.03   120.43     0  02:35       0.287       0.712       0.077
  HS02004817           JUNCTION      0.60   121.57     0  02:36      0.0173       0.728       2.342
  HS02004807           JUNCTION     42.47   161.72     0  02:35       0.167       0.879       0.498
  HS02004802           JUNCTION      0.00   162.22     0  02:36           0       0.876       0.454
  HS02004799           JUNCTION     34.05   403.34     0  02:32       0.135        1.66       0.163
  HS02004792           JUNCTION    157.46   369.79     0  02:32       0.641        1.52       0.028
  HS02004788           JUNCTION     51.21   213.19     0  02:32       0.249       0.885       0.045
  HS02004785           JUNCTION      0.15   162.22     0  02:32     0.00432       0.637       0.078
  HS02004777           JUNCTION      0.03   162.28     0  02:31    0.000864       0.637       0.821
  HS02004770           JUNCTION    131.42   162.77     0  02:31        0.52       0.639       0.487
  HS02004480           JUNCTION      0.00   473.82     0  02:32           0        1.94       0.058
  HS02004479           JUNCTION      0.00    70.63     0  02:32           0       0.293       0.251
  HS02004478           JUNCTION      0.00   634.12     0  02:34           0         2.8       0.011
  YS02001745           JUNCTION    455.26   455.26     0  03:01        3.51        3.51       0.197
  YS02001748           JUNCTION      0.04   492.32     0  02:21      0.0013        3.51       0.575
  YS02001751           JUNCTION      0.01   458.12     0  02:58    0.000317        3.49       0.664
  YS02001754           JUNCTION      0.26   458.22     0  03:01     0.00749        3.47       0.706
  YS02001762           JUNCTION      0.00   434.37     0  02:30           0        2.13       0.987
  YS02001765           JUNCTION      0.00   435.08     0  02:30           0        2.13       1.124
  YS02001767           JUNCTION      0.54   434.66     0  02:30      0.0154        2.15       1.660
  YS02001770           JUNCTION    550.72   602.47     0  03:01         3.9        4.09       0.747
  YS02001774           JUNCTION      0.00   602.58     0  03:01           0        2.11       1.183
  YS02001779           JUNCTION      0.01   602.46     0  03:01    0.000144        2.08       0.712
  YS02001882           JUNCTION      0.00    24.27     0  02:22           0      0.0213      10.010
  YS02001884           JUNCTION      0.00    26.96     0  02:17           0      0.0584      11.027
  YS02001759           JUNCTION    529.84   867.96     0  02:31         3.6        5.51       0.405
  YS02001887           JUNCTION    652.24   652.85     0  02:47         4.1        4.13       0.196
  YS02001890           JUNCTION      0.00   653.06     0  02:46           0        4.09       0.220
  YS02001898           JUNCTION      0.00   525.79     0  02:27           0        3.83       0.064
  YS02001901           JUNCTION      0.00   524.95     0  02:27           0        3.83       0.179
  YS02001904           JUNCTION      0.00   524.23     0  02:27           0        3.83       0.148
  YS02001907           JUNCTION      0.00  1126.83     0  02:29           0        8.89       0.265
  YS02001910           JUNCTION      0.00   610.15     0  03:01           0        5.08       0.226
  YS02001915           JUNCTION    395.44   609.85     0  03:00        2.93        5.11       0.118
  YS02001918           JUNCTION      0.00   308.13     0  02:29           0        2.21       0.057
  YS02001619           JUNCTION    391.88   391.88     0  03:01        2.93        2.93       0.401
  YS02001629           JUNCTION      0.00   230.52     0  02:23           0        1.56       1.827
  YS02001641           JUNCTION      0.00   486.54     0  02:24           0         4.8       0.434
  YS02001644           JUNCTION    435.23  1423.73     0  03:01        3.39        10.6       0.239
  YS02001652           JUNCTION      0.00   511.04     0  02:44           0        3.08       0.735
  YS02001655           JUNCTION      0.15   510.27     0  02:44     0.00443         3.1       0.793
  YS02001920           JUNCTION      2.87   307.68     0  02:29      0.0827        2.19       0.122
  YS02001923           JUNCTION      0.04   263.53     0  02:29     0.00109         2.1       0.049
  YS02001926           JUNCTION      0.05   213.06     0  03:01      0.0015        2.09       0.156
  YS02001929           JUNCTION    211.42   211.42     0  03:01        2.08        2.08       0.032
  YS02001658           JUNCTION      0.00   529.40     0  02:38           0        3.12       0.699
  YS02001661           JUNCTION      0.00   772.13     0  02:32           0        3.39      -0.664
  YS02001664           JUNCTION    479.64   479.64     0  02:51         3.1        3.39       0.083
  YS02001622           JUNCTION      0.00   392.45     0  03:00           0        2.92       1.090
  YS02001633           JUNCTION    443.44   487.20     0  02:24        3.49        4.93       0.649
  YS02001649           JUNCTION      0.00  1043.76     0  02:24           0        6.36       0.576
  YS02001757           JUNCTION      0.00  2133.18     0  02:29           0        12.7       0.727
  YS02001895           JUNCTION      0.00   525.29     0  02:27           0        3.84       0.127
  YS02001625           JUNCTION      0.00   452.05     0  03:00           0        2.96       1.310
  YS02163301           JUNCTION      0.00   230.39     0  02:23           0        1.54       1.560
  YS02163601           JUNCTION      0.11   487.36     0  02:24     0.00317        4.82       0.615
  YS02164001           JUNCTION      0.00   487.22     0  02:24           0         4.8       0.400
  YS02001647           JUNCTION      0.00   741.43     0  02:24           0        4.96       0.558
  YSB1154              JUNCTION     39.78    39.78     0  02:31       0.163       0.164       0.892
  YSB6556              JUNCTION      0.00    39.56     0  02:32           0       0.165       0.764
  YSB1174              JUNCTION     32.74    32.74     0  02:29       0.121       0.122       1.067
  YSB1171              JUNCTION      0.00    70.82     0  02:31           0       0.292       2.218
  YS02006553           JUNCTION      0.00   713.33     0  03:46           0        7.33       0.210
  YS02006561           JUNCTION      0.00  1149.43     0  02:58           0        11.1       0.009
  YS02006556           JUNCTION      0.00   713.29     0  03:46           0        7.34       0.139
  YS02006558           JUNCTION    573.02  1149.92     0  02:59        3.79        11.1       0.040
  YS02001783           JUNCTION      0.00  1149.51     0  02:59           0        11.1       0.020
  YS02001784           JUNCTION      1.06  1150.71     0  02:58      0.0305        11.1       0.033
  YS02001786           JUNCTION      0.06  1150.50     0  02:59     0.00162        11.1       0.032
  YS02001788           JUNCTION      0.07  1150.60     0  02:58     0.00204        11.1       0.019
  YS02001790           JUNCTION      0.15  1163.83     0  02:45     0.00446        11.1       0.021
  YS02001791           JUNCTION      0.00  1281.29     0  02:49           0        11.1       0.004
  YS02001793           JUNCTION      0.00  1241.70     0  02:50           0        11.1       0.000
  WSC                  OUTFALL       0.00   448.70     0  02:45           0        3.72       0.000
  3                    OUTFALL       0.00   534.82     0  02:36           0        7.66       0.000
  4                    OUTFALL       0.00   437.04     0  02:33           0         7.9       0.000
  5                    OUTFALL       0.00   456.04     0  02:44           0        11.3       0.000
  JK-storage           STORAGE       0.00  1243.15     0  02:45           0        11.2     -24.437
  CC-storage           STORAGE       0.00  2133.55     0  02:29           0        11.8      -0.189
  XR-storage           STORAGE    1080.52  1080.52     0  03:01        14.3        14.9      -3.051
  
  
  **********************
  Node Surcharge Summary
  **********************
  
  Surcharging occurs when water rises above the top of the highest conduit.
  ---------------------------------------------------------------------
                                               Max. Height   Min. Depth
                                   Hours       Above Crown    Below Rim
  Node                 Type      Surcharged         Meters       Meters
  ---------------------------------------------------------------------
  WS02006109           JUNCTION        0.54          0.085        1.735
  WS02006112           JUNCTION        0.15          0.013        1.667
  WS02006252           JUNCTION        6.25          0.193        0.907
  WS02006256           JUNCTION        6.51          2.050        0.000
  WS02006228           JUNCTION        0.52          0.098        2.102
  YS02001748           JUNCTION        5.04          0.462        0.728
  YS02001751           JUNCTION        5.70          0.554        0.646
  YS02001754           JUNCTION        5.78          0.766        0.384
  YS02001762           JUNCTION        6.02          1.051        0.099
  YS02001765           JUNCTION        6.00          1.010        0.090
  YS02001767           JUNCTION        5.98          0.966        0.064
  YS02001770           JUNCTION        5.91          0.907        0.013
  YS02001774           JUNCTION        6.02          0.988        0.062
  YS02001779           JUNCTION        5.79          0.680        0.000
  YS02001882           JUNCTION        1.41          0.635        0.195
  YS02001884           JUNCTION        1.42          0.677        0.193
  YS02001759           JUNCTION        6.04          1.069        0.141
  YS02001887           JUNCTION        1.49          0.762        0.188
  YS02001890           JUNCTION        1.51          0.760        0.000
  YS02001898           JUNCTION        1.37          0.533        0.207
  YS02001901           JUNCTION        1.46          0.678        0.192
  YS02001904           JUNCTION        1.44          0.637        0.213
  YS02001907           JUNCTION        2.10          0.950        0.000
  YS02001910           JUNCTION        1.55          0.794        0.306
  YS02001915           JUNCTION        1.39          0.618        0.382
  YS02001918           JUNCTION        1.23          0.318        0.492
  YS02001619           JUNCTION        5.72          0.499        0.111
  YS02001629           JUNCTION        5.71          0.470        0.000
  YS02001641           JUNCTION        6.01          0.936        0.164
  YS02001644           JUNCTION        6.01          0.920        0.000
  YS02001652           JUNCTION        5.81          0.946        0.184
  YS02001655           JUNCTION        5.72          0.830        0.370
  YS02001920           JUNCTION        1.26          0.410        0.730
  YS02001926           JUNCTION        0.01          0.080        0.820
  YS02001658           JUNCTION        5.12          0.611        0.689
  YS02001661           JUNCTION        0.13          0.607        0.783
  YS02001622           JUNCTION        5.72          0.512        0.108
  YS02001633           JUNCTION        5.99          0.928        0.132
  YS02001649           JUNCTION        6.03          1.050        0.000
  YS02001757           JUNCTION        6.12          1.155        0.055
  YS02001895           JUNCTION        1.38          0.567        0.183
  YS02001625           JUNCTION        5.85          0.780        0.000
  YS02163301           JUNCTION        5.97          0.885        0.145
  YS02163601           JUNCTION        6.03          0.988        0.092
  YS02164001           JUNCTION        6.00          0.919        0.181
  YS02001647           JUNCTION        5.82          0.806        0.094
  YS02006553           JUNCTION        2.20          0.977        0.213
  YS02006561           JUNCTION        1.24          0.249        0.901
  YS02006556           JUNCTION        1.75          0.918        0.432
  YS02006558           JUNCTION        1.72          0.904        0.496
  YS02001783           JUNCTION        1.51          0.633        0.967
  YS02001784           JUNCTION        1.47          0.572        0.918
  YS02001786           JUNCTION        1.35          0.411        1.019
  YS02001788           JUNCTION        0.72          0.274        1.206
  YS02001790           JUNCTION        0.82          0.432        0.725
  YS02001791           JUNCTION        0.81          0.406        1.514
  YS02001793           JUNCTION        0.93          0.731        1.869
  
  
  *********************
  Node Flooding Summary
  *********************
  
  Flooding refers to all water that overflows a node, whether it ponds or not.
  --------------------------------------------------------------------------
                                                             Total   Maximum
                                 Maximum   Time of Max       Flood    Ponded
                        Hours       Rate    Occurrence      Volume     Depth
  Node                 Flooded       LPS   days hr:min    10^6 ltr    Meters
  --------------------------------------------------------------------------
  WS02006256              5.51    978.40      0  00:00       8.482     0.000
  YS02001779              2.68    602.37      0  03:01       2.059     0.000
  YS02001890              0.68    136.18      0  02:46       0.241     0.000
  YS02001907              1.09    601.33      0  03:02       1.550     0.000
  YS02001629              0.01      4.16      0  02:21       0.000     0.000
  YS02001644              3.66   1423.35      0  03:01       7.939     0.000
  YS02001649              0.01     12.73      0  02:38       0.000     0.000
  YS02001625              1.71    451.86      0  03:00       1.437     0.000
  XR-storage              3.94    700.45      0  03:01       3.604     0.000
  
  
  **********************
  Storage Volume Summary
  **********************
  
  --------------------------------------------------------------------------------------------------
                         Average     Avg  Evap Exfil       Maximum     Max    Time of Max    Maximum
                          Volume    Pcnt  Pcnt  Pcnt        Volume    Pcnt     Occurrence    Outflow
  Storage Unit           1000 m3    Full  Loss  Loss       1000 m3    Full    days hr:min        LPS
  --------------------------------------------------------------------------------------------------
  JK-storage               0.053      18     0     0         0.288      99       0  03:16     983.00
  CC-storage               2.662      17     0     0         3.829      24       0  03:16     400.00
  XR-storage               0.686      74     0     0         0.926     100       0  02:47     380.00
  
  
  ***********************
  Outfall Loading Summary
  ***********************
  
  ---------------------------------------------------------------------------------------------------------------------------------
                         Flow       Avg       Max       Total         Total         Total         Total         Total         Total
                         Freq      Flow      Flow      Volume           COD            SS            TN            TP         NH4-N
  Outfall Node           Pcnt       LPS       LPS    10^6 ltr            kg            kg            kg            kg            kg
  ---------------------------------------------------------------------------------------------------------------------------------
  WSC                   99.97    154.43    448.70       3.718       495.214       905.278        24.176         2.709        14.234
  3                     99.98    306.00    534.82       7.658       407.110       788.037         7.976         0.573         3.886
  4                     99.97    311.86    437.04       7.903       733.943      1386.483        14.467         1.000         6.993
  5                     99.99    394.46    456.04      11.261      1315.009      2225.582        98.948        11.945        60.609
  ---------------------------------------------------------------------------------------------------------------------------------
  System                99.98   1166.75   1851.25      30.540      2951.276      5305.381       145.567        16.228        85.722
  
  
  ********************
  Link Flow Summary
  ********************
  
  -----------------------------------------------------------------------------
                                 Maximum  Time of Max   Maximum    Max/    Max/
                                  |Flow|   Occurrence   |Veloc|    Full    Full
  Link                 Type          LPS  days hr:min     m/sec    Flow   Depth
  -----------------------------------------------------------------------------
  WS02003066WSF200     CONDUIT    499.13     0  02:41      2.83    0.08    0.21
  WS02006287WS02006284 CONDUIT    634.20     0  02:34      2.34    0.29    0.38
  WS02006284WS02006280 CONDUIT    634.35     0  02:34      2.57    0.27    0.35
  WS02006280WS02006229 CONDUIT    634.36     0  02:34      4.17    0.14    0.25
  WS02006229WS02006228 CONDUIT    478.38     0  02:34      0.95    1.58    1.00
  WS02006256WS02006235 CONDUIT    289.81     0  02:19      4.46    3.07    0.99
  WS02006253WS02006251 CONDUIT    133.84     0  02:33      0.85    0.40    0.43
  WS02006252WS02006251 CONDUIT    400.99     0  03:57      3.19    1.47    1.00
  WS02006251WS02006249 CONDUIT     97.00     0  02:33      0.72    0.28    0.38
  WS02006249WS02006248 CONDUIT     96.93     0  02:33      0.82    0.53    0.35
  WS02006248WS02006247 CONDUIT     96.90     0  02:34      0.80    0.21    0.35
  WS02006247WS02006245 CONDUIT     96.88     0  02:34      0.76    0.77    0.37
  WS02006245WS02006243 CONDUIT     96.85     0  02:35      0.89    0.29    0.33
  WS02006243WS02006242 CONDUIT     96.81     0  02:36      0.77    0.21    0.38
  WS02006242WS02006240 CONDUIT     96.75     0  02:37      0.63    0.38    0.42
  WS02006240WS02006239 CONDUIT     96.76     0  02:37      0.80    0.30    0.36
  WS02006239WS02006238 CONDUIT     96.84     0  02:38      0.70    0.31    0.42
  WS02006238WS02006235 CONDUIT     96.99     0  02:38      1.17    0.22    0.44
  WS02006235WS02006234 CONDUIT    166.02     0  02:35      0.98    1.75    0.45
  WS02006234WS02006232 CONDUIT    165.95     0  02:35      0.82    0.34    0.64
  WS02006232WS02006231 CONDUIT    165.96     0  02:35      0.58    0.35    0.69
  WS02006231WS02006230 CONDUIT    166.13     0  02:34      0.61    2.52    0.66
  WS02006230WS02006229 CONDUIT    156.11     0  02:34      0.41    3.47    1.00
  WS02006228WS02006109 CONDUIT    478.37     0  02:34      0.95    2.09    1.00
  WS02006116WS02004401 CONDUIT    502.22     0  02:36      0.74    0.69    0.81
  WS02006115WS02006116 CONDUIT    502.94     0  02:36      0.86    0.65    0.73
  WS02006113WS02006111 CONDUIT    495.34     0  02:35      2.36    0.59    0.43
  WS02006112WS02006115 CONDUIT    505.79     0  02:35      0.71    0.30    0.85
  WS02006111WS02006112 CONDUIT    481.58     0  02:35      1.36    0.23    0.66
  WS02006110WS02006113 CONDUIT    479.74     0  02:35      1.16    0.44    0.77
  WS02006109WS02006110 CONDUIT    479.61     0  02:35      0.96    0.92    0.98
  WS02004411WS02004412 CONDUIT    499.43     0  02:40      0.89    0.71    0.67
  WS02004401WS02004402 CONDUIT    501.71     0  02:37      0.72    0.60    0.84
  WS02004413WS02003067 CONDUIT    499.11     0  02:41      1.07    0.21    0.58
  WS02004412WS02004413 CONDUIT    499.19     0  02:40      0.85    0.33    0.76
  WS02004410WS02004411 CONDUIT    499.88     0  02:39      0.91    0.68    0.66
  WS02004409WS02004410 CONDUIT    500.56     0  02:39      0.93    0.65    0.65
  WS02004407WS02004409 CONDUIT    501.47     0  02:38      1.42    0.18    0.46
  WS02004406WS02004407 CONDUIT    501.49     0  02:38      1.00    0.22    0.61
  WS02004405WS02004406 CONDUIT    501.49     0  02:37      0.66    0.99    0.93
  WS02004404WS02004405 CONDUIT    501.50     0  02:37      0.66    4.91    0.94
  WS02004403WS02004404 CONDUIT    501.36     0  02:37      0.67    0.36    0.90
  WS02004402WS02004403 CONDUIT    501.53     0  02:37      0.70    0.72    0.86
  WS02004139WS02001211 CONDUIT     75.74     0  02:44      0.48    0.10    0.22
  WS02004138WS02004139 CONDUIT    396.29     0  00:00      3.67    0.08    0.20
  WS02003067WS02003066 CONDUIT    499.14     0  02:41      1.16    0.16    0.41
  WS02001213WS02003059 CONDUIT     68.71     0  02:41      0.17    0.11    0.54
  WS02001212WS02001213 CONDUIT     68.47     0  02:42      0.76    0.11    0.17
  WS02001211WS02001212 CONDUIT     68.39     0  02:43      0.43    0.05    0.26
  WS02003072WS02003073 CONDUIT    446.97     0  02:44      1.33    0.97    0.34
  WS02003069WS02003072 CONDUIT    446.99     0  02:43      1.28    0.22    0.35
  WS02003060WS02003069 CONDUIT    446.71     0  02:42      1.56    0.17    0.30
  WS02003059WS02003060 CONDUIT     69.71     0  02:39      0.56    0.05    0.46
  HS02004901HS02004770 CONDUIT     31.41     0  02:31      0.09    0.12    0.50
  HS02004876HS02004881 CONDUIT    118.87     0  02:33      1.17    1.26    0.15
  HS02004870HS02004876 CONDUIT     96.34     0  02:33      0.80    0.06    0.17
  HS02004842HS02004848 CONDUIT     16.75     0  02:44      0.07    0.01    0.33
  HS02004837HS02004842 CONDUIT     17.13     0  02:44      0.42    0.01    0.34
  HS02004830HS02004837 CONDUIT     60.36     0  02:33      0.65    0.06    0.13
  HS02004824HS02004830 CONDUIT     60.47     0  02:34      0.62    0.08    0.15
  HS02004817HS02004824 CONDUIT    120.97     0  02:36      0.31    0.05    0.57
  HS02004770HS02004777 CONDUIT    162.25     0  02:31      0.45    0.30    0.51
  HS02004799HS02004480 CONDUIT    403.24     0  02:32      1.02    0.51    0.57
  HS02004792HS02004799 CONDUIT    369.73     0  02:32      1.15    0.23    0.46
  HS02004788HS02004792 CONDUIT    213.14     0  02:33      1.22    0.14    0.25
  HS02004785HS02004788 CONDUIT    162.20     0  02:33      0.86    1.22    0.27
  HS02004777HS02004785 CONDUIT    162.07     0  02:32      0.54    0.20    0.43
  HS02004480HS02004478 CONDUIT    473.86     0  02:33      1.50    2.00    0.45
  HS02004479HS02004480 CONDUIT     70.61     0  02:33      0.30    0.07    0.54
  HS02004862HS02004870 CONDUIT     73.95     0  02:34      0.78    0.08    0.14
  HS02004848HS02004852 CONDUIT     34.55     0  02:33      0.51    0.04    0.10
  HS02004856HS02004862 CONDUIT     51.34     0  02:33      0.58    0.05    0.13
  HS02004852HS02004856 CONDUIT     34.59     0  02:34      0.32    0.04    0.15
  HS02004802HS02004478 CONDUIT    162.83     0  02:36      0.51    0.14    0.46
  HS02004478WS02006287 CONDUIT    634.15     0  02:34      2.06    0.18    0.34
  HS02004817HS02004807 CONDUIT    122.40     0  02:37      0.24    0.07    0.74
  HS02004807HS02004802 CONDUIT    162.22     0  02:36      0.45    0.31    0.52
  YS02001759YS02001757 CONDUIT    867.68     0  02:31      1.10    0.62    1.00
  YS02001762YS02001759 CONDUIT    434.46     0  02:30      0.55    0.50    1.00
  YS02001765YS02001762 CONDUIT    434.37     0  02:30      0.55    0.41    1.00
  YS02001770YS02001767 CONDUIT    434.12     0  02:30      0.55    1.72    1.00
  YS02001774YS02001770 CONDUIT    602.58     0  03:01      0.77    0.38    1.00
  YS02001779YS02001774 CONDUIT    602.46     0  03:01      0.77    0.30    1.00
  YS02001649YS02001757 CONDUIT   1043.49     0  02:24      1.33    0.63    1.00
  YS02001767YS02001765 CONDUIT    435.08     0  02:30      0.55    0.55    1.00
  YS02006561YS02001783 CONDUIT   1149.51     0  02:59      2.29    0.60    1.00
  YS02001783YS02001784 CONDUIT   1149.65     0  02:58      2.29    1.58    1.00
  YS02001784YS02001785 CONDUIT   1150.44     0  02:59      2.29    2.68    1.00
  YS02001788YS02001790 CONDUIT   1163.68     0  02:45      2.72    0.86    1.00
  YS02001790YS02001791 CONDUIT   1281.29     0  02:49      3.43    1.39    1.00
  YS02001791YS02001793 CONDUIT   1241.70     0  02:50      6.75    0.53    1.00
  YS02001910YS02001907 CONDUIT    609.88     0  03:01      0.78    0.34    1.00
  YS02001786YS02001788 CONDUIT   1150.53     0  02:58      2.47    2.22    1.00
  YS02001915YS02001910 CONDUIT    610.15     0  03:01      0.78    0.30    1.00
  YS02001918YS02001915 CONDUIT    308.81     0  02:29      0.46    0.17    1.00
  YS02001923YS02001920 CONDUIT    304.81     0  02:29      0.79    0.14    1.00
  YS02001926YS02001923 CONDUIT    263.49     0  02:29      0.90    0.38    0.98
  YS02001929YS02001926 CONDUIT    213.00     0  03:01      0.95    0.10    0.89
  YS02001920YS02001918 CONDUIT    308.13     0  02:29      0.75    0.30    1.00
  YS02001629YS02163301 CONDUIT    230.39     0  02:23      0.29    0.28    1.00
  YS02001619YS02001622 CONDUIT    392.45     0  03:00      0.61    0.58    1.00
  YS02001622YS02001625 CONDUIT    392.06     0  03:00      0.50    0.21    1.00
  YS02001625YS02001629 CONDUIT    230.52     0  02:23      0.29    0.11    1.00
  YS02163301YS02001633 CONDUIT    230.67     0  02:23      0.29    0.22    1.00
  YS02163601YS02164001 CONDUIT    487.22     0  02:24      0.62    0.43    1.00
  YS02164001YS02001641 CONDUIT    486.54     0  02:24      0.62    0.66    1.00
  YS02001641YS02001644 CONDUIT    485.99     0  02:24      0.62    1.57    1.00
  YS02001647YS02001649 CONDUIT    741.90     0  02:24      0.94    0.39    1.00
  YS02006553YS02006556 CONDUIT    713.29     0  03:46      0.91    0.61    1.00
  YS02006556YS02006558 CONDUIT    714.78     0  03:46      0.91    0.56    1.00
  YSB6556YSB1171       CONDUIT     39.49     0  02:33      0.12    0.04    0.81
  YS02001907YS02006553 CONDUIT    713.33     0  03:46      0.79    0.84    1.00
  YS02006558YS02006561 CONDUIT   1149.43     0  02:58      4.07    2.54    1.00
  YS02001633YS02163601 CONDUIT    487.25     0  02:24      0.62    0.51    1.00
  YS02001644YS02001647 CONDUIT    741.43     0  02:24      0.94    0.44    1.00
  YS02001745YS02001748 CONDUIT    492.28     0  02:21      1.50    0.19    0.96
  YS02001748YS02001751 CONDUIT    458.11     0  02:58      1.06    0.23    1.00
  YS02001751YS02001754 CONDUIT    457.96     0  03:01      0.90    0.22    1.00
  YS02001754YS02001757 CONDUIT    457.85     0  02:56      0.58    0.18    1.00
  YS02001882YS02001884 CONDUIT     24.27     0  02:22      0.12    0.03    1.00
  YS02001884YS02001887 CONDUIT     26.96     0  02:17      0.09    0.04    1.00
  YS02001890YS02001895 CONDUIT    525.29     0  02:27      0.67    0.24    1.00
  YS02001895YS02001898 CONDUIT    525.79     0  02:27      0.67    0.91    1.00
  YS02001898YS02001901 CONDUIT    524.95     0  02:27      0.67    0.34    1.00
  YS02001901YS02001904 CONDUIT    524.23     0  02:27      0.67    0.81    1.00
  YS02001904YS02001907 CONDUIT    523.06     0  02:28      0.67    0.18    1.00
  YS02001887YS02001890 CONDUIT    653.06     0  02:46      0.83    1.12    1.00
  YS02001652YS02001649 CONDUIT    512.07     0  02:50      0.65    0.25    1.00
  YS02001655YS02001652 CONDUIT    511.04     0  02:44      0.96    0.25    1.00
  YS02001658YS02001655 CONDUIT    510.11     0  02:44      1.22    0.22    1.00
  YS02001661YS02001658 CONDUIT    529.40     0  02:38      1.58    0.21    1.00
  YS02001664YS02001661 CONDUIT    772.13     0  02:32      1.67    0.24    0.76
  YSB1154YSB6556       CONDUIT     39.56     0  02:32      0.15    0.07    0.70
  YSB1174YSB1171       CONDUIT     32.02     0  02:29      0.10    0.05    0.82
  YSB1171HS02004479    CONDUIT     70.63     0  02:32      0.54    0.05    0.66
  HS02004881HS02006253 CONDUIT    130.87     0  02:33      2.65    0.03    0.07
  YS02001793JiankangQianchi CONDUIT   1243.15     0  02:45     20.50    0.10    1.00
  YS02001757CaochengTiaoxuchi CONDUIT   2133.55     0  02:29      3.34    0.94    1.00
  WSF200WS02003060     CONDUIT    499.15     0  02:41      2.17    0.11    0.26
  1                    CONDUIT    448.70     0  02:45      2.66    0.16    0.27
  CC-Pump-1            PUMP       200.00     0  01:47              1.00
  CC-Pump-2            PUMP       200.00     0  01:47              1.00
  JK-Pump-1            PUMP       300.00     0  00:00              1.00
  JK-Pump-2            PUMP       683.00     0  00:00              1.00
  XR-Pump-1            PUMP        95.00     0  00:00              1.00
  XR-Pump-2            PUMP        95.00     0  00:00              1.00
  XR-Pump-3            PUMP        95.00     0  00:00              1.00
  XR-Pump-4            PUMP        95.00     0  00:00              1.00
  3                    WEIR       437.04     0  02:33                      0.26
  5                    WEIR       534.82     0  02:36                      0.30
  6                    WEIR       456.04     0  02:44                      0.27
  
  
  ***************************
  Flow Classification Summary
  ***************************
  
  -------------------------------------------------------------------------------------
                      Adjusted    ---------- Fraction of Time in Flow Class ---------- 
                       /Actual         Up    Down  Sub   Sup   Up    Down  Norm  Inlet 
  Conduit               Length    Dry  Dry   Dry   Crit  Crit  Crit  Crit  Ltd   Ctrl  
  -------------------------------------------------------------------------------------
  WS02003066WSF200        1.00   0.14  0.00  0.00  0.00  0.86  0.00  0.00  0.76  0.00
  WS02006287WS02006284    1.00   0.05  0.02  0.00  0.52  0.42  0.00  0.00  0.64  0.00
  WS02006284WS02006280    1.00   0.06  0.00  0.00  0.00  0.00  0.00  0.94  0.00  0.00
  WS02006280WS02006229    1.00   0.06  0.00  0.00  0.00  0.00  0.00  0.94  0.00  0.00
  WS02006229WS02006228    1.00   0.00  0.00  0.00  0.99  0.00  0.00  0.01  0.00  0.00
  WS02006256WS02006235    1.00   0.00  0.00  0.00  0.11  0.89  0.00  0.00  0.01  0.00
  WS02006253WS02006251    1.00   0.02  0.03  0.00  0.88  0.00  0.07  0.00  0.00  0.00
  WS02006252WS02006251    1.00   0.11  0.00  0.00  0.00  0.00  0.89  0.00  0.00  0.00
  WS02006251WS02006249    1.00   0.00  0.00  0.00  1.00  0.00  0.00  0.00  0.20  0.00
  WS02006249WS02006248    1.00   0.00  0.06  0.00  0.86  0.00  0.07  0.00  0.00  0.00
  WS02006248WS02006247    1.00   0.07  0.00  0.00  0.92  0.00  0.00  0.02  0.02  0.00
  WS02006247WS02006245    1.00   0.07  0.00  0.00  0.89  0.00  0.00  0.04  0.00  0.00
  WS02006245WS02006243    1.00   0.07  0.00  0.00  0.86  0.00  0.00  0.07  0.00  0.00
  WS02006243WS02006242    1.00   0.07  0.00  0.00  0.89  0.00  0.00  0.03  0.66  0.00
  WS02006242WS02006240    1.00   0.00  0.08  0.00  0.92  0.00  0.00  0.00  0.20  0.00
  WS02006240WS02006239    1.00   0.00  0.00  0.00  0.91  0.00  0.00  0.09  0.00  0.00
  WS02006239WS02006238    1.00   0.00  0.01  0.00  0.99  0.00  0.00  0.00  0.18  0.00
  WS02006238WS02006235    1.00   0.00  0.00  0.00  1.00  0.00  0.00  0.00  0.00  0.00
  WS02006235WS02006234    1.00   0.08  0.00  0.00  0.89  0.00  0.02  0.01  0.00  0.00
  WS02006234WS02006232    1.00   0.00  0.00  0.00  1.00  0.00  0.00  0.00  0.16  0.00
  WS02006232WS02006231    1.00   0.00  0.00  0.00  0.99  0.00  0.00  0.00  0.00  0.00
  WS02006231WS02006230    1.00   0.00  0.00  0.00  0.33  0.00  0.67  0.00  0.00  0.00
  WS02006230WS02006229    1.00   0.00  0.00  0.00  0.99  0.00  0.00  0.01  0.02  0.00
  WS02006228WS02006109    1.00   0.00  0.00  0.00  1.00  0.00  0.00  0.00  0.00  0.00
  WS02006116WS02004401    1.00   0.04  0.00  0.00  0.96  0.00  0.00  0.00  0.00  0.00
  WS02006115WS02006116    1.00   0.04  0.00  0.00  0.91  0.00  0.00  0.04  0.00  0.00
  WS02006113WS02006111    1.00   0.03  0.00  0.00  0.01  0.96  0.00  0.00  0.09  0.00
  WS02006112WS02006115    1.00   0.03  0.02  0.00  0.95  0.00  0.00  0.00  0.00  0.00
  WS02006111WS02006112    1.00   0.03  0.00  0.00  0.97  0.00  0.00  0.00  0.93  0.00
  WS02006110WS02006113    1.00   0.01  0.02  0.00  0.97  0.00  0.00  0.00  0.00  0.00
  WS02006109WS02006110    1.00   0.00  0.01  0.00  0.99  0.00  0.00  0.00  0.00  0.00
  WS02004411WS02004412    1.00   0.10  0.00  0.00  0.90  0.00  0.00  0.00  0.00  0.00
  WS02004401WS02004402    1.00   0.05  0.00  0.00  0.95  0.00  0.00  0.00  0.04  0.00
  WS02004413WS02003067    1.00   0.10  0.02  0.00  0.00  0.00  0.87  0.00  0.00  0.00
  WS02004412WS02004413    1.00   0.10  0.00  0.00  0.89  0.00  0.00  0.00  0.00  0.00
  WS02004410WS02004411    1.00   0.10  0.00  0.00  0.90  0.00  0.00  0.00  0.00  0.00
  WS02004409WS02004410    1.00   0.10  0.00  0.00  0.90  0.00  0.00  0.00  0.00  0.00
  WS02004407WS02004409    1.00   0.10  0.00  0.00  0.89  0.01  0.00  0.00  0.80  0.00
  WS02004406WS02004407    1.00   0.00  0.10  0.00  0.90  0.00  0.00  0.00  0.00  0.00
  WS02004405WS02004406    1.00   0.00  0.00  0.00  1.00  0.00  0.00  0.00  0.04  0.00
  WS02004404WS02004405    1.00   0.00  0.00  0.00  1.00  0.00  0.00  0.00  0.00  0.00
  WS02004403WS02004404    1.00   0.00  0.05  0.00  0.95  0.00  0.00  0.00  0.04  0.00
  WS02004402WS02004403    1.00   0.05  0.00  0.00  0.95  0.00  0.00  0.00  0.00  0.00
  WS02004139WS02001211    1.00   0.00  0.00  0.00  1.00  0.00  0.00  0.00  0.00  0.00
  WS02004138WS02004139    1.00   0.00  0.00  0.00  0.00  0.27  0.00  0.73  0.20  0.00
  WS02003067WS02003066    1.00   0.13  0.01  0.00  0.86  0.00  0.00  0.00  0.00  0.00
  WS02001213WS02003059    1.00   0.00  0.00  0.00  0.99  0.00  0.00  0.00  0.00  0.00
  WS02001212WS02001213    1.00   0.00  0.00  0.00  0.33  0.00  0.66  0.00  0.00  0.00
  WS02001211WS02001212    1.00   0.00  0.00  0.00  1.00  0.00  0.00  0.00  0.11  0.00
  WS02003072WS02003073    1.00   0.00  0.00  0.00  0.00  0.00  0.00  1.00  0.00  0.00
  WS02003069WS02003072    1.00   0.00  0.00  0.00  1.00  0.00  0.00  0.00  0.91  0.00
  WS02003060WS02003069    1.00   0.00  0.00  0.00  0.98  0.02  0.00  0.00  0.81  0.00
  WS02003059WS02003060    1.00   0.00  0.00  0.00  1.00  0.00  0.00  0.00  0.05  0.00
  HS02004901HS02004770    1.00   0.05  0.00  0.00  0.95  0.00  0.00  0.00  0.00  0.00
  HS02004876HS02004881    1.00   0.01  0.00  0.00  0.80  0.19  0.00  0.00  0.00  0.00
  HS02004870HS02004876    1.00   0.00  0.00  0.00  0.99  0.00  0.00  0.00  0.95  0.00
  HS02004842HS02004848    1.00   0.00  0.05  0.00  0.94  0.00  0.00  0.00  0.56  0.00
  HS02004837HS02004842    1.00   0.00  0.00  0.00  1.00  0.00  0.00  0.00  0.11  0.00
  HS02004830HS02004837    1.00   0.00  0.00  0.00  1.00  0.00  0.00  0.00  0.99  0.00
  HS02004824HS02004830    1.00   0.00  0.00  0.00  1.00  0.00  0.00  0.00  0.03  0.00
  HS02004817HS02004824    1.00   0.00  0.00  0.00  1.00  0.00  0.00  0.00  0.94  0.00
  HS02004770HS02004777    1.00   0.00  0.05  0.00  0.95  0.00  0.00  0.00  0.02  0.00
  HS02004799HS02004480    1.00   0.00  0.02  0.00  0.93  0.00  0.05  0.00  0.00  0.00
  HS02004792HS02004799    1.00   0.00  0.00  0.00  0.99  0.01  0.00  0.00  0.98  0.00
  HS02004788HS02004792    1.00   0.00  0.00  0.00  0.99  0.01  0.00  0.00  0.98  0.00
  HS02004785HS02004788    1.00   0.00  0.00  0.00  1.00  0.00  0.00  0.00  0.00  0.00
  HS02004777HS02004785    1.00   0.00  0.00  0.00  1.00  0.00  0.00  0.00  0.12  0.00
  HS02004480HS02004478    1.00   0.06  0.00  0.00  0.56  0.00  0.00  0.38  0.00  0.00
  HS02004479HS02004480    1.00   0.02  0.00  0.00  0.98  0.00  0.00  0.00  0.11  0.00
  HS02004862HS02004870    1.00   0.00  0.00  0.00  1.00  0.00  0.00  0.00  0.03  0.00
  HS02004848HS02004852    1.00   0.06  0.00  0.00  0.94  0.00  0.00  0.00  0.71  0.00
  HS02004856HS02004862    1.00   0.00  0.07  0.00  0.93  0.00  0.00  0.00  0.83  0.00
  HS02004852HS02004856    1.00   0.05  0.00  0.00  0.94  0.00  0.00  0.00  0.77  0.00
  HS02004802HS02004478    1.00   0.06  0.00  0.00  0.94  0.00  0.00  0.00  0.02  0.00
  HS02004478WS02006287    1.00   0.07  0.00  0.00  0.62  0.31  0.00  0.00  0.65  0.00
  HS02004817HS02004807    1.00   0.00  0.06  0.00  0.94  0.00  0.00  0.00  0.01  0.00
  HS02004807HS02004802    1.00   0.06  0.00  0.00  0.94  0.00  0.00  0.01  0.00  0.00
  YS02001759YS02001757    1.00   0.00  0.00  0.00  1.00  0.00  0.00  0.00  0.15  0.00
  YS02001762YS02001759    1.00   0.00  0.00  0.00  1.00  0.00  0.00  0.00  0.03  0.00
  YS02001765YS02001762    1.00   0.00  0.00  0.00  1.00  0.00  0.00  0.00  0.13  0.00
  YS02001770YS02001767    1.00   0.00  0.00  0.00  1.00  0.00  0.00  0.00  0.00  0.00
  YS02001774YS02001770    1.00   0.00  0.06  0.00  0.94  0.00  0.00  0.00  0.03  0.00
  YS02001779YS02001774    1.00   0.00  0.00  0.00  1.00  0.00  0.00  0.00  0.18  0.00
  YS02001649YS02001757    1.00   0.00  0.00  0.00  1.00  0.00  0.00  0.00  0.15  0.00
  YS02001767YS02001765    1.00   0.00  0.00  0.00  1.00  0.00  0.00  0.00  0.00  0.00
  YS02006561YS02001783    1.00   0.08  0.00  0.00  0.29  0.63  0.00  0.00  0.44  0.00
  YS02001783YS02001784    1.00   0.00  0.08  0.00  0.92  0.00  0.00  0.00  0.01  0.00
  YS02001784YS02001785    1.00   0.00  0.00  0.00  1.00  0.00  0.00  0.00  0.17  0.00
  YS02001788YS02001790    1.00   0.00  0.00  0.00  0.26  0.74  0.00  0.00  0.42  0.00
  YS02001790YS02001791    1.00   0.00  0.00  0.00  0.12  0.88  0.00  0.00  0.58  0.00
  YS02001791YS02001793    1.00   0.00  0.00  0.00  0.13  0.87  0.00  0.00  0.01  0.00
  YS02001910YS02001907    1.00   0.00  0.00  0.00  0.99  0.00  0.00  0.01  0.12  0.00
  YS02001786YS02001788    1.00   0.00  0.00  0.00  0.32  0.68  0.00  0.00  0.00  0.00
  YS02001915YS02001910    1.00   0.00  0.00  0.00  0.99  0.01  0.00  0.00  0.15  0.00
  YS02001918YS02001915    1.00   0.00  0.00  0.00  0.99  0.01  0.00  0.00  0.53  0.00
  YS02001923YS02001920    1.00   0.00  0.00  0.00  1.00  0.00  0.00  0.00  0.79  0.00
  YS02001926YS02001923    1.00   0.00  0.03  0.00  0.21  0.00  0.75  0.00  0.00  0.00
  YS02001929YS02001926    1.00   0.00  0.05  0.00  0.95  0.00  0.00  0.00  0.71  0.00
  YS02001920YS02001918    1.00   0.00  0.00  0.00  1.00  0.00  0.00  0.00  0.00  0.00
  YS02001629YS02163301    1.00   0.06  0.00  0.00  0.93  0.00  0.00  0.00  0.00  0.00
  YS02001619YS02001622    1.00   0.05  0.00  0.00  0.95  0.00  0.00  0.00  0.00  0.00
  YS02001622YS02001625    1.00   0.06  0.00  0.00  0.94  0.00  0.00  0.00  0.04  0.00
  YS02001625YS02001629    1.00   0.06  0.03  0.00  0.89  0.00  0.03  0.00  0.00  0.00
  YS02163301YS02001633    1.00   0.00  0.06  0.00  0.94  0.00  0.00  0.00  0.00  0.00
  YS02163601YS02164001    1.00   0.00  0.04  0.00  0.96  0.00  0.00  0.00  0.00  0.00
  YS02164001YS02001641    1.00   0.01  0.03  0.00  0.96  0.00  0.00  0.00  0.06  0.00
  YS02001641YS02001644    1.00   0.00  0.00  0.00  1.00  0.00  0.00  0.00  0.00  0.00
  YS02001647YS02001649    1.00   0.00  0.07  0.00  0.92  0.00  0.00  0.00  0.01  0.00
  YS02006553YS02006556    1.00   0.01  0.00  0.00  0.99  0.00  0.00  0.00  0.03  0.00
  YS02006556YS02006558    1.00   0.00  0.00  0.00  1.00  0.00  0.00  0.00  0.00  0.00
  YSB6556YSB1171          1.00   0.02  0.03  0.00  0.95  0.00  0.00  0.00  0.00  0.00
  YS02001907YS02006553    1.00   0.00  0.01  0.00  0.99  0.00  0.00  0.00  0.00  0.00
  YS02006558YS02006561    1.00   0.08  0.00  0.00  0.20  0.72  0.00  0.00  0.47  0.00
  YS02001633YS02163601    1.00   0.00  0.01  0.00  0.99  0.00  0.00  0.00  0.15  0.00
  YS02001644YS02001647    1.00   0.00  0.07  0.00  0.93  0.00  0.00  0.00  0.00  0.00
  YS02001745YS02001748    1.00   0.00  0.00  0.00  0.84  0.01  0.00  0.15  0.04  0.00
  YS02001748YS02001751    1.00   0.00  0.00  0.00  0.95  0.05  0.00  0.00  0.15  0.00
  YS02001751YS02001754    1.00   0.00  0.00  0.00  0.91  0.00  0.00  0.09  0.02  0.00
  YS02001754YS02001757    1.00   0.00  0.00  0.00  1.00  0.00  0.00  0.00  0.18  0.00
  YS02001882YS02001884    1.00   0.06  0.00  0.00  0.93  0.00  0.00  0.00  0.00  0.00
  YS02001884YS02001887    1.00   0.03  0.02  0.00  0.95  0.00  0.00  0.00  0.00  0.00
  YS02001890YS02001895    1.00   0.00  0.07  0.00  0.93  0.00  0.00  0.00  0.00  0.00
  YS02001895YS02001898    1.00   0.07  0.00  0.00  0.91  0.00  0.02  0.00  0.00  0.00
  YS02001898YS02001901    1.00   0.07  0.00  0.00  0.93  0.00  0.00  0.00  0.01  0.00
  YS02001901YS02001904    1.00   0.07  0.00  0.00  0.93  0.00  0.00  0.00  0.00  0.00
  YS02001904YS02001907    1.00   0.00  0.07  0.00  0.93  0.00  0.00  0.00  0.00  0.00
  YS02001887YS02001890    1.00   0.00  0.00  0.00  0.98  0.00  0.01  0.00  0.00  0.00
  YS02001652YS02001649    1.00   0.00  0.00  0.00  1.00  0.00  0.00  0.00  0.16  0.00
  YS02001655YS02001652    1.00   0.00  0.00  0.00  0.91  0.00  0.00  0.09  0.02  0.00
  YS02001658YS02001655    1.00   0.00  0.06  0.00  0.89  0.05  0.00  0.00  0.08  0.00
  YS02001661YS02001658    1.00   0.06  0.00  0.00  0.84  0.10  0.00  0.00  0.05  0.00
  YS02001664YS02001661    1.00   0.05  0.00  0.00  0.84  0.11  0.00  0.00  0.17  0.00
  YSB1154YSB6556          1.00   0.05  0.00  0.00  0.95  0.00  0.00  0.00  0.02  0.00
  YSB1174YSB1171          1.00   0.02  0.02  0.00  0.96  0.00  0.00  0.00  0.00  0.00
  YSB1171HS02004479       1.00   0.02  0.00  0.00  0.98  0.00  0.00  0.01  0.10  0.00
  HS02004881HS02006253    1.00   0.02  0.00  0.00  0.00  0.00  0.00  0.98  0.00  0.00
  YS02001793JiankangQianchi    1.00   0.00  0.00  0.00  0.20  0.80  0.00  0.00  0.07  0.00
  YS02001757CaochengTiaoxuchi    1.00   0.00  0.11  0.00  0.80  0.09  0.00  0.00  0.00  0.00
  WSF200WS02003060        1.00   0.00  0.14  0.00  0.00  0.86  0.00  0.00  0.57  0.00
  1                       1.00   0.00  0.00  0.00  0.00  1.00  0.00  0.00  0.24  0.00
  
  
  *************************
  Conduit Surcharge Summary
  *************************
  
  ----------------------------------------------------------------------------
                                                           Hours        Hours 
                         --------- Hours Full --------   Above Full   Capacity
  Conduit                Both Ends  Upstream  Dnstream   Normal Flow   Limited
  ----------------------------------------------------------------------------
  WS02006229WS02006228        0.52      0.56      0.52      1.07         0.52
  WS02006256WS02006235        0.01      0.01      6.50      6.48         0.01
  WS02006252WS02006251        6.23      6.23      6.25      6.25         0.01
  WS02006235WS02006234        0.01      0.01      0.01      0.48         0.01
  WS02006231WS02006230        0.01      0.01      0.01      0.66         0.01
  WS02006230WS02006229        0.76      0.76      0.77      4.02         0.01
  WS02006228WS02006109        0.54      0.68      0.54      1.47         0.54
  WS02006112WS02006115        0.01      0.01      0.15      0.01         0.01
  WS02006111WS02006112        0.01      0.01      1.21      0.01         0.01
  WS02006110WS02006113        0.01      0.01      0.61      0.01         0.01
  WS02006109WS02006110        0.01      0.01      0.68      0.01         0.01
  WS02004404WS02004405        0.01      0.01      0.01      2.24         0.01
  HS02004876HS02004881        0.01      0.01      0.01      0.44         0.01
  HS02004785HS02004788        0.01      0.01      0.01      0.37         0.01
  HS02004480HS02004478        0.01      0.01      0.01      0.92         0.01
  YS02001759YS02001757        6.04      6.04      6.12      0.01         0.01
  YS02001762YS02001759        6.02      6.02      6.04      0.01         0.01
  YS02001765YS02001762        6.00      6.00      6.02      0.01         0.01
  YS02001770YS02001767        5.97      5.97      5.98      0.39         0.91
  YS02001774YS02001770        5.91      5.91      6.02      0.01         0.01
  YS02001779YS02001774        5.79      5.79      6.02      0.01         0.01
  YS02001649YS02001757        6.03      6.03      6.12      0.01         0.01
  YS02001767YS02001765        5.98      5.98      6.00      0.01         0.01
  YS02006561YS02001783        1.25      1.25      1.51      0.01         0.01
  YS02001783YS02001784        1.47      1.51      1.47      1.83         1.47
  YS02001784YS02001785        1.35      1.47      1.35      2.68         1.35
  YS02001788YS02001790        0.72      0.72      0.82      0.01         0.01
  YS02001790YS02001791        0.81      0.82      0.81      1.45         0.81
  YS02001791YS02001793        0.81      0.81      0.98      0.01         0.01
  YS02001910YS02001907        1.55      1.55      2.10      0.01         0.01
  YS02001786YS02001788        0.72      1.35      0.72      2.25         0.72
  YS02001915YS02001910        1.39      1.39      1.55      0.01         0.01
  YS02001918YS02001915        1.23      1.23      1.39      0.01         0.01
  YS02001923YS02001920        1.08      1.08      1.26      0.01         0.01
  YS02001926YS02001923        0.01      0.01      0.01      0.01         0.01
  YS02001929YS02001926        0.01      0.01      0.01      0.01         0.01
  YS02001920YS02001918        1.23      1.23      1.26      0.01         0.01
  YS02001629YS02163301        5.93      5.93      5.97      0.01         0.01
  YS02001619YS02001622        5.72      5.72      5.72      0.01         0.03
  YS02001622YS02001625        5.72      5.72      5.85      0.01         0.01
  YS02001625YS02001629        5.71      5.71      5.85      0.01         0.01
  YS02163301YS02001633        5.97      5.97      6.00      0.01         0.01
  YS02163601YS02164001        6.00      6.00      6.03      0.01         0.01
  YS02164001YS02001641        6.00      6.00      6.01      0.01         0.01
  YS02001641YS02001644        6.01      6.01      6.01      2.00         2.23
  YS02001647YS02001649        5.82      5.82      6.03      0.01         0.01
  YS02006553YS02006556        1.75      1.75      2.20      0.01         0.01
  YS02006556YS02006558        1.89      1.89      2.27      0.01         0.01
  YSB6556YSB1171              0.01      0.01      0.05      0.01         0.01
  YS02001907YS02006553        2.70      2.70      2.91      0.01         0.01
  YS02006558YS02006561        1.33      1.72      1.33      2.53         1.33
  YS02001633YS02163601        5.99      5.99      6.03      0.01         0.01
  YS02001644YS02001647        5.82      5.82      6.01      0.01         0.01
  YS02001745YS02001748        0.01      0.01      5.04      0.01         0.01
  YS02001748YS02001751        5.40      5.40      5.70      0.01         0.01
  YS02001751YS02001754        5.70      5.70      5.78      0.01         0.01
  YS02001754YS02001757        5.81      5.81      6.12      0.01         0.01
  YS02001882YS02001884        1.41      1.41      1.42      0.01         0.01
  YS02001884YS02001887        1.47      1.47      1.49      0.01         0.01
  YS02001890YS02001895        1.38      1.38      1.57      0.01         0.01
  YS02001895YS02001898        1.37      1.37      1.38      0.01         0.01
  YS02001898YS02001901        1.39      1.39      1.46      0.01         0.01
  YS02001901YS02001904        1.44      1.44      1.46      0.01         0.01
  YS02001904YS02001907        1.44      1.44      2.21      0.01         0.01
  YS02001887YS02001890        1.51      1.51      1.54      0.52         0.01
  YS02001652YS02001649        5.83      5.83      6.03      0.01         0.01
  YS02001655YS02001652        5.72      5.72      5.81      0.01         0.01
  YS02001658YS02001655        5.12      5.12      5.72      0.01         0.01
  YS02001661YS02001658        0.11      0.11      5.12      0.01         0.01
  YS02001664YS02001661        0.01      0.01      1.15      0.01         0.01
  YS02001793JiankangQianchi        0.93      0.93      1.64      0.01         0.01
  YS02001757CaochengTiaoxuchi        5.31      5.31      6.12      0.01         0.01
  
  
  ***************
  Pumping Summary
  ***************
  
  ---------------------------------------------------------------------------------------------------------
                                                  Min       Avg       Max     Total     Power    % Time Off
                        Percent   Number of      Flow      Flow      Flow    Volume     Usage    Pump Curve
  Pump                 Utilized   Start-Ups       LPS       LPS       LPS  10^6 ltr     Kw-hr    Low   High
  ---------------------------------------------------------------------------------------------------------
  CC-Pump-1               78.87           1      0.00    197.20    200.00     4.508      8.53    0.0   10.2
  CC-Pump-2               78.87           1      0.00    197.20    200.00     4.508      8.53    0.0   10.2
  JK-Pump-1              100.00           1      0.00    230.31    300.00     5.690    108.65    0.0    0.0
  JK-Pump-2              100.00           1      0.00    384.46    683.00     9.191    161.07    0.0   98.0
  XR-Pump-1              100.00           1      0.00     95.00     95.00     2.736     29.44    0.0    0.0
  XR-Pump-2              100.00           1      0.00     95.00     95.00     2.736     29.44    0.0    0.0
  XR-Pump-3              100.00           1      0.00     95.00     95.00     2.736     29.44    0.0    0.0
  XR-Pump-4              100.00           1      0.00     95.00     95.00     2.736     29.44    0.0    0.0
  
  
  ***************************
  Link Pollutant Load Summary
  ***************************
  
  ------------------------------------------------------------------------------------------
                                 COD            SS            TN            TP         NH4-N
  Link                            kg            kg            kg            kg            kg
  ------------------------------------------------------------------------------------------
  WS02003066WSF200           381.638       732.462        11.533         1.106         6.268
  WS02006287WS02006284       384.730       742.893        11.668         1.121         6.345
  WS02006284WS02006280       385.222       743.689        11.715         1.127         6.374
  WS02006280WS02006229       385.203       743.660        11.713         1.127         6.373
  WS02006229WS02006228       367.947       705.509        11.272         1.085         6.143
  WS02006256WS02006235       239.790       465.846         4.630         0.334         2.260
  WS02006253WS02006251        65.794       132.313         1.369         0.098         0.666
  WS02006252WS02006251       821.796      1544.651        16.080         1.104         7.760
  WS02006251WS02006249       153.841       290.729         3.028         0.209         1.463
  WS02006249WS02006248       153.582       290.266         3.022         0.209         1.460
  WS02006248WS02006247       153.407       289.957         3.018         0.208         1.458
  WS02006247WS02006245       153.188       289.565         3.013         0.208         1.456
  WS02006245WS02006243       152.897       289.042         3.007         0.208         1.452
  WS02006243WS02006242       152.602       288.517         3.001         0.207         1.450
  WS02006242WS02006240       152.163       287.732         2.991         0.206         1.445
  WS02006240WS02006239       151.901       287.260         2.986         0.206         1.442
  WS02006239WS02006238       151.579       286.674         2.979         0.206         1.439
  WS02006238WS02006235       151.521       286.578         2.978         0.206         1.438
  WS02006235WS02006234        66.407       131.282         1.374         0.105         0.678
  WS02006234WS02006232        67.224       132.935         1.393         0.107         0.688
  WS02006232WS02006231        68.423       135.341         1.419         0.109         0.701
  WS02006231WS02006230        69.298       137.086         1.439         0.110         0.711
  WS02006230WS02006229        71.619       141.697         1.492         0.115         0.738
  WS02006228WS02006109       367.373       704.559        11.225         1.079         6.114
  WS02006116WS02004401       387.676       742.217        12.031         1.167         6.576
  WS02006115WS02006116       388.169       743.024        12.076         1.173         6.604
  WS02006113WS02006111       374.628       716.162        11.935         1.168         6.557
  WS02006112WS02006115       388.657       743.792        12.119         1.178         6.630
  WS02006111WS02006112       374.501       715.967        11.920         1.166         6.548
  WS02006110WS02006113       374.763       716.363        11.948         1.169         6.566
  WS02006109WS02006110       375.422       717.404        12.009         1.177         6.603
  WS02004411WS02004412       383.119       734.693        11.676         1.124         6.357
  WS02004401WS02004402       387.010       741.147        11.975         1.160         6.541
  WS02004413WS02003067       382.131       733.318        11.566         1.110         6.288
  WS02004412WS02004413       382.548       733.771        11.627         1.118         6.326
  WS02004410WS02004411       383.530       735.371        11.710         1.128         6.378
  WS02004409WS02004410       383.823       735.828        11.738         1.132         6.395
  WS02004407WS02004409       384.127       736.356        11.760         1.134         6.409
  WS02004406WS02004407       384.301       736.690        11.769         1.135         6.414
  WS02004405WS02004406       385.765       739.016        11.900         1.152         6.496
  WS02004404WS02004405       386.426       740.182        11.942         1.156         6.521
  WS02004403WS02004404       385.728       739.069        11.869         1.147         6.475
  WS02004402WS02004403       386.328       740.026        11.920         1.153         6.507
  WS02004139WS02001211        56.751        99.026         3.811         0.455         2.322
  WS02004138WS02004139      1256.357      2123.503        94.956        11.467        58.174
  WS02003067WS02003066       381.637       732.432        11.537         1.107         6.270
  WS02001213WS02003059        51.781        93.460         2.904         0.336         1.739
  WS02001212WS02001213        54.127        95.996         3.352         0.395         2.027
  WS02001211WS02001212        55.182        97.050         3.565         0.423         2.165
  WS02003072WS02003073       483.394       886.952        22.952         2.555        13.465
  WS02003069WS02003072       484.626       888.699        23.101         2.574        13.560
  WS02003060WS02003069       482.950       886.038        22.935         2.553        13.456
  WS02003059WS02003060        55.325       101.561         2.804         0.318         1.660
  HS02004901HS02004770        16.447        32.330         0.311         0.023         0.147
  HS02004876HS02004881        55.977       112.427         1.207         0.088         0.591
  HS02004870HS02004876        42.441        85.114         0.959         0.071         0.473
  HS02004842HS02004848         7.980        15.509         0.164         0.011         0.076
  HS02004837HS02004842        12.590        22.826         0.633         0.070         0.370
  HS02004830HS02004837        77.181       136.676         4.848         0.572         2.939
  HS02004824HS02004830        77.969       137.952         4.922         0.581         2.985
  HS02004817HS02004824       109.836       202.912         5.571         0.623         3.301
  HS02004770HS02004777        62.580       124.593         1.280         0.088         0.594
  HS02004799HS02004480       201.774       391.798         5.050         0.439         2.587
  HS02004792HS02004799       183.540       354.296         4.754         0.423         2.453
  HS02004788HS02004792       101.165       195.637         3.050         0.284         1.626
  HS02004785HS02004788        64.058       126.957         1.434         0.107         0.690
  HS02004777HS02004785        63.371       125.846         1.371         0.099         0.651
  HS02004480HS02004478       253.207       494.590         5.926         0.502         3.003
  HS02004479HS02004480        55.053       108.577         1.200         0.104         0.617
  HS02004862HS02004870        32.156        63.618         0.756         0.059         0.375
  HS02004848HS02004852        13.258        26.100         0.269         0.018         0.125
  HS02004856HS02004862        22.015        44.162         0.438         0.029         0.206
  HS02004852HS02004856        13.264        26.108         0.269         0.018         0.125
  HS02004802HS02004478       132.234       249.438         5.799         0.625         3.377
  HS02004478WS02006287       384.909       743.180        11.685         1.123         6.355
  HS02004817HS02004807       108.598       200.927         5.452         0.608         3.226
  HS02004807HS02004802       132.490       249.843         5.833         0.630         3.398
  YS02001759YS02001757       517.051       973.982        10.129         0.705         4.936
  YS02001762YS02001759       187.213       348.578         3.983         0.278         1.970
  YS02001765YS02001762       187.981       350.884         4.016         0.281         1.989
  YS02001770YS02001767       188.464       354.131         3.810         0.250         1.849
  YS02001774YS02001770       249.450       493.371         4.797         0.318         2.318
  YS02001779YS02001774       248.222       490.931         4.857         0.328         2.362
  YS02001649YS02001757       371.417       671.379         7.393         0.524         3.532
  YS02001767YS02001765       189.207       353.967         4.053         0.284         2.008
  YS02006561YS02001783      1200.345      2256.959        24.841         1.844        12.321
  YS02001783YS02001784      1200.298      2256.928        24.838         1.843        12.319
  YS02001784YS02001785      1207.852      2269.081        25.567         1.935        12.775
  YS02001788YS02001790      1208.584      2270.359        25.642         1.944        12.822
  YS02001790YS02001791      1209.803      2272.489        25.746         1.957        12.887
  YS02001791YS02001793      1209.844      2272.614        25.744         1.957        12.885
  YS02001910YS02001907       485.118       908.883        11.213         0.841         5.696
  YS02001786YS02001788      1208.152      2269.650        25.597         1.938        12.794
  YS02001915YS02001910       485.109       908.842        11.164         0.834         5.663
  YS02001918YS02001915       235.064       421.824         6.071         0.535         3.224
  YS02001923YS02001920       211.657       382.934         4.033         0.285         1.958
  YS02001926YS02001923       209.544       379.286         3.936         0.274         1.901
  YS02001929YS02001926       208.679       377.807         3.884         0.268         1.870
  YS02001920YS02001918       232.506       416.524         5.996         0.529         3.184
  YS02001629YS02163301        98.098       174.672         2.059         0.135         0.964
  YS02001619YS02001622       220.823       409.968         4.479         0.296         2.099
  YS02001622YS02001625       219.680       408.154         4.451         0.294         2.086
  YS02001625YS02001629        96.695       171.428         2.043         0.133         0.955
  YS02163301YS02001633       101.099       180.888         2.104         0.139         0.987
  YS02163601YS02164001       471.915       864.361         9.112         0.655         4.374
  YS02164001YS02001641       471.508       863.685         9.094         0.653         4.364
  YS02001641YS02001644       471.797       864.104         9.094         0.653         4.363
  YS02001647YS02001649       428.284       783.618         8.444         0.598         4.020
  YS02006553YS02006556       784.891      1461.037        16.668         1.267         8.359
  YS02006556YS02006558       785.010      1461.264        16.641         1.263         8.341
  YSB6556YSB1171              31.919        63.159         0.636         0.052         0.320
  YS02001907YS02006553       784.928      1461.114        16.678         1.269         8.366
  YS02006558YS02006561      1200.333      2256.909        24.841         1.844        12.321
  YS02001633YS02163601       472.521       865.276         9.090         0.650         4.356
  YS02001644YS02001647       435.783       797.991         8.573         0.608         4.082
  YS02001745YS02001748       303.965       579.436         6.047         0.379         2.909
  YS02001748YS02001751       303.709       578.870         6.110         0.389         2.953
  YS02001751YS02001754       302.793       577.366         6.094         0.388         2.946
  YS02001754YS02001757       303.649       578.668         6.264         0.411         3.056
  YS02001882YS02001884         3.093         5.375         0.062         0.005         0.031
  YS02001884YS02001887         7.011        12.490         0.137         0.011         0.068
  YS02001890YS02001895       533.099      1014.060         9.825         0.741         4.793
  YS02001895YS02001898       533.031      1014.035         9.820         0.741         4.791
  YS02001898YS02001901       532.891      1013.796         9.817         0.741         4.789
  YS02001901YS02001904       532.816      1013.735         9.824         0.742         4.794
  YS02001904YS02001907       533.131      1014.245         9.879         0.749         4.829
  YS02001887YS02001890       580.497      1108.608        10.701         0.810         5.225
  YS02001652YS02001649       262.458       495.631         5.229         0.378         2.456
  YS02001655YS02001652       263.258       496.876         5.250         0.379         2.466
  YS02001658YS02001655       263.057       496.541         5.169         0.368         2.411
  YS02001661YS02001658       263.900       497.927         5.189         0.369         2.420
  YS02001664YS02001661       276.791       518.986         5.483         0.389         2.555
  YSB1154YSB6556              31.505        62.510         0.587         0.046         0.289
  YSB1174YSB1171              21.613        42.982         0.428         0.035         0.213
  YSB1171HS02004479           55.012       108.513         1.202         0.104         0.619
  HS02004881HS02006253        62.843       126.438         1.336         0.096         0.653
  YS02001793JiankangQianchi      1210.150      2273.275        25.746         1.957        12.886
  YS02001757CaochengTiaoxuchi      1029.289      1914.059        20.455         1.406         9.886
  WSF200WS02003060           381.452       732.101        11.525         1.105         6.263
  1                          495.214       905.278        24.176         2.709        14.234
  CC-Pump-1                  410.929       772.378         8.041         0.552         3.880
  CC-Pump-2                  410.929       772.378         8.041         0.552         3.880
  JK-Pump-1                  254.960       495.213         4.924         0.355         2.404
  JK-Pump-2                  580.459      1127.435        11.210         0.808         5.472
  XR-Pump-1                  314.393       531.380        23.763         2.870        14.559
  XR-Pump-2                  314.393       531.380        23.763         2.870        14.559
  XR-Pump-3                  314.393       531.380        23.763         2.870        14.559
  XR-Pump-4                  314.393       531.380        23.763         2.870        14.559
  3                          733.943      1386.483        14.467         1.000         6.993
  5                          407.110       788.037         7.976         0.573         3.886
  6                         1315.009      2225.582        98.948        11.945        60.609
  

  Analysis begun on:  Thu Jul  8 15:38:07 2021
  Analysis ended on:  Thu Jul  8 15:38:09 2021
  Total elapsed time: 00:00:02