
  EPA STORM WATER MANAGEMENT MODEL - VERSION 5.1 (Build 5.3.0.dev0)
  --------------------------------------------------------------

  WARNING 04: minimum elevation drop used for Conduit WS02004404WS02004405
  WARNING 03: negative offset ignored for Link YS02001904YS02001907
  
  *********************************************************
  NOTE: The summary statistics displayed in this report are
  based on results found at every computational time step,  
  not just on results from each reporting time step.
  *********************************************************
  
  ****************
  Analysis Options
  ****************
  Flow Units ............... LPS
  Process Models:
    Rainfall/Runoff ........ YES
    RDII ................... NO
    Snowmelt ............... NO
    Groundwater ............ NO
    Flow Routing ........... YES
    Ponding Allowed ........ NO
    Water Quality .......... YES
  Infiltration Method ...... HORTON
  Flow Routing Method ...... DYNWAVE
  Surcharge Method ......... EXTRAN
  Starting Date ............ 08/28/2015 08:00:00
  Ending Date .............. 08/28/2015 16:00:00
  Antecedent Dry Days ...... 8.0
  Report Time Step ......... 00:01:00
  Wet Time Step ............ 00:01:00
  Dry Time Step ............ 00:01:00
  Routing Time Step ........ 5.00 sec
  Variable Time Step ....... YES
  Maximum Trials ........... 8
  Number of Threads ........ 4
  Head Tolerance ........... 0.001500 m
  
  
  **************************        Volume         Depth
  Runoff Quantity Continuity     hectare-m            mm
  **************************     ---------       -------
  Total Precipitation ......         4.641        10.160
  Evaporation Loss .........         0.000         0.000
  Infiltration Loss ........         0.873         1.911
  Surface Runoff ...........         3.010         6.591
  Final Storage ............         0.758         1.660
  Continuity Error (%) .....        -0.019
  
  
  **************************           COD            SS            TN            TP         NH4-N
  Runoff Quality Continuity             kg            kg            kg            kg            kg
  **************************    ----------    ----------    ----------    ----------    ----------
  Initial Buildup ..........     41378.656     70582.865      1804.177       168.684      1032.807
  Surface Buildup ..........        18.757        32.326         2.441         0.223         1.428
  Wet Deposition ...........         0.000         0.000         0.000         0.000         0.000
  Sweeping Removal .........         0.000         0.000         0.000         0.000         0.000
  Infiltration Loss ........        68.198       126.707         1.300         0.090         0.617
  BMP Removal ..............         0.000         0.000         0.000         0.000         0.000
  Surface Runoff ...........      2381.028      4324.937        46.464         3.115        22.017
  Remaining Buildup ........     38947.358     66162.017      1758.837       165.701      1011.594
  Continuity Error (%) .....         0.002         0.002         0.001         0.001         0.001
  
  
  **************************        Volume        Volume
  Flow Routing Continuity        hectare-m      10^6 ltr
  **************************     ---------     ---------
  Dry Weather Inflow .......         0.630         6.296
  Wet Weather Inflow .......         3.009        30.093
  Groundwater Inflow .......         0.000         0.000
  RDII Inflow ..............         0.000         0.000
  External Inflow ..........         0.105         1.045
  External Outflow .........         1.610        16.105
  Flooding Loss ............         2.033        20.329
  Evaporation Loss .........         0.000         0.000
  Exfiltration Loss ........         0.000         0.000
  Initial Stored Volume ....         0.076         0.761
  Final Stored Volume ......         0.593         5.935
  Continuity Error (%) .....       -10.928
  
  
  **************************           COD            SS            TN            TP         NH4-N
  Quality Routing Continuity            kg            kg            kg            kg            kg
  **************************    ----------    ----------    ----------    ----------    ----------
  Dry Weather Inflow .......      1573.993      2518.389       151.103        18.888        94.440
  Wet Weather Inflow .......      2380.497      4324.067        46.453         3.114        22.011
  Groundwater Inflow .......         0.000         0.000         0.000         0.000         0.000
  RDII Inflow ..............         0.000         0.000         0.000         0.000         0.000
  External Inflow ..........       187.321       299.713        17.983         2.248        11.239
  External Outflow .........      1277.460      2222.752        70.399         8.045        42.009
  Flooding Loss ............      1758.168      2997.964       106.232        12.368        63.937
  Exfiltration Loss ........         0.000         0.000         0.000         0.000         0.000
  Mass Reacted .............         0.000         0.000         0.000         0.000         0.000
  Initial Stored Mass ......         0.000         0.000         0.000         0.000         0.000
  Final Stored Mass ........       511.539       872.674        24.375         2.654        14.253
  Continuity Error (%) .....        14.357        14.684         6.743         4.881         5.866
  
  
  *************************
  Highest Continuity Errors
  *************************
  Node JK-storage (-50.37%)
  Node HS02004842 (16.63%)
  Node WS02003059 (11.49%)
  Node YS02001884 (11.18%)
  Node YS02001774 (3.81%)
  
  
  ***************************
  Time-Step Critical Elements
  ***************************
  Link WS02006252WS02006251 (94.41%)
  Link WS02006280WS02006229 (1.98%)
  
  
  ********************************
  Highest Flow Instability Indexes
  ********************************
  Link YS02163601YS02164001 (38)
  Link YS02163301YS02001633 (38)
  Link YS02001629YS02163301 (37)
  Link YS02001619YS02001622 (36)
  Link YS02164001YS02001641 (34)
  
  
  *************************
  Routing Time Step Summary
  *************************
  Minimum Time Step           :     0.50 sec
  Average Time Step           :     0.85 sec
  Maximum Time Step           :     5.00 sec
  Percent in Steady State     :    -0.00
  Average Iterations per Step :     4.27
  Percent Not Converging      :    17.69
  
  
  ***************************
  Subcatchment Runoff Summary
  ***************************
  
  ------------------------------------------------------------------------------------------------------------------------------
                            Total      Total      Total      Total     Imperv       Perv      Total       Total     Peak  Runoff
                           Precip      Runon       Evap      Infil     Runoff     Runoff     Runoff      Runoff   Runoff   Coeff
  Subcatchment                 mm         mm         mm         mm         mm         mm         mm    10^6 ltr      LPS
  ------------------------------------------------------------------------------------------------------------------------------
  sub0                      10.16       0.00       0.00       0.56       9.40       0.15       9.55        0.01     2.01   0.940
  sub1                      10.16       0.00       0.00       0.96       8.95       0.16       9.11        0.06    13.91   0.897
  sub2                      10.16       0.00       0.00       3.57       6.32       0.19       6.51        0.06    13.29   0.640
  sub3                      10.16       0.00       0.00       3.62       6.28       0.14       6.42        0.14    29.89   0.632
  sub4                      10.16       0.00       0.00       1.02       8.80       0.10       8.90        0.19    36.10   0.876
  sub5                      10.16       0.00       0.00       0.59       9.36       0.12       9.48        0.11    24.63   0.933
  sub7                      10.16       0.00       0.00       0.75       9.18       0.16       9.35        0.03     7.70   0.920
  sub8                      10.16       0.00       0.00       0.76       9.18       0.16       9.33        0.06    14.24   0.918
  sub9                      10.16       0.00       0.00       0.76       9.17       0.16       9.33        0.04    10.66   0.918
  sub10                     10.16       0.00       0.00       0.68       9.26       0.14       9.40        0.10    24.07   0.925
  sub11                     10.16       0.00       0.00       0.67       9.28       0.15       9.43        0.11    26.33   0.928
  sub12                     10.16       0.00       0.00       1.08       8.79       0.24       9.03        0.08    20.04   0.889
  sub14                     10.16       0.00       0.00       0.76       9.17       0.15       9.32        0.09    21.00   0.918
  sub15                     10.16       0.00       0.00       2.79       7.05       0.26       7.31        0.13    29.30   0.719
  sub16                     10.16       0.00       0.00       2.99       6.77       0.36       7.13        0.07    18.47   0.702
  sub17                     10.16       0.00       0.00       2.91       6.87       0.34       7.21        0.06    15.18   0.710
  sub22                     10.16       0.00       0.00       4.07       5.75       0.30       6.05        0.38    91.01   0.595
  sub23                     10.16       0.00       0.00       3.44       6.36       0.32       6.67        0.32    76.48   0.657
  sub60                     10.16       0.00       0.00       1.19       7.22       0.03       7.25        2.20   257.10   0.713
  sub61                     10.16       0.00       0.00       1.69       7.37       0.04       7.41        2.28   305.62   0.729
  sub62                     10.16       0.00       0.00       0.78       8.00       0.03       8.04        2.47   318.12   0.791
  sub63                     10.16       0.00       0.00       2.91       6.46       0.04       6.50        1.97   277.08   0.640
  sub64                     10.16       0.00       0.00       1.50       6.93       0.03       6.95        2.11   244.90   0.684
  sub65                     10.16       0.00       0.00       1.29       7.04       0.03       7.07        2.17   249.06   0.695
  sub66                     10.16       0.00       0.00       2.92       5.95       0.03       5.98        1.83   221.96   0.588
  sub67                     10.16       0.00       0.00       0.77       8.47       0.05       8.52        2.63   381.02   0.838
  sub68                     10.16       0.00       0.00       1.38       7.76       0.04       7.80        2.40   331.38   0.768
  sub69                     10.16       0.00       0.00       1.46       8.06       0.06       8.13        1.90   301.50   0.800
  sub70                     10.16       8.29       0.00       5.97      10.75       0.30      11.05        2.53   305.45   0.599
  sub71                     10.16       0.00       0.00       0.78       7.78       0.03       7.82        1.85   226.53   0.769
  sub72                     10.16       0.00       0.00       0.70       6.14       0.01       6.16        1.26   114.18   0.606
  1                         10.16      10.76       0.00       1.40      11.83       2.91      14.74        3.46   299.72   0.705
  2                         10.16       0.00       0.00       3.09       2.40       1.16       3.57        1.43   187.32   0.351
  
  
  ****************************
  Subcatchment Washoff Summary
  ****************************
  
  ------------------------------------------------------------------------------------------
                                 COD            SS            TN            TP         NH4-N
  Subcatchment                    kg            kg            kg            kg            kg
  ------------------------------------------------------------------------------------------
  sub0                         1.781         3.391         0.030         0.002         0.014
  sub1                         7.557        14.760         0.141         0.010         0.067
  sub2                         4.477         8.471         0.096         0.006         0.044
  sub3                        11.015        20.655         0.231         0.015         0.106
  sub4                        17.309        34.048         0.345         0.021         0.165
  sub5                        17.393        33.518         0.306         0.023         0.148
  sub7                         3.887         7.703         0.073         0.005         0.035
  sub8                         5.847        11.844         0.117         0.007         0.056
  sub9                         4.990         9.972         0.096         0.006         0.046
  sub10                       14.325        27.955         0.261         0.018         0.126
  sub11                       13.987        27.604         0.260         0.018         0.125
  sub12                       11.753        22.748         0.211         0.016         0.101
  sub14                       10.648        21.081         0.201         0.013         0.097
  sub15                       13.078        24.773         0.252         0.018         0.118
  sub16                        8.326        15.731         0.158         0.012         0.074
  sub17                        7.644        14.317         0.141         0.011         0.066
  sub22                       39.188        72.625         0.748         0.056         0.348
  sub23                       23.510        45.163         0.506         0.033         0.231
  sub60                      154.465       280.286         3.126         0.188         1.496
  sub61                      192.340       347.893         3.611         0.243         1.735
  sub62                      201.308       370.534         3.977         0.247         1.906
  sub63                      142.245       253.525         2.901         0.201         1.339
  sub64                      190.679       333.490         3.537         0.254         1.684
  sub65                      195.370       343.140         3.650         0.257         1.741
  sub66                      111.045       195.907         2.331         0.150         1.085
  sub67                      300.083       548.249         5.375         0.391         2.593
  sub68                      212.998       389.511         4.113         0.273         1.961
  sub69                      193.555       358.619         3.645         0.253         1.738
  sub70                      313.242       581.477         6.309         0.432         2.942
  sub71                      132.922       246.666         2.781         0.158         1.328
  sub72                      100.082       172.060         1.893         0.127         0.909
  1                          204.562       382.234         4.218         0.289         1.944
  2                           26.214        45.084         0.778         0.047         0.329
  ------------------------------------------------------------------------------------------
  System                    2887.825      5265.033        56.419         3.800        26.697
  
  
  ******************
  Node Depth Summary
  ******************
  
  ---------------------------------------------------------------------------------
                                 Average  Maximum  Maximum  Time of Max    Reported
                                   Depth    Depth      HGL   Occurrence   Max Depth
  Node                 Type       Meters   Meters   Meters  days hr:min      Meters
  ---------------------------------------------------------------------------------
  WS02001211           JUNCTION     0.20     0.28     5.12     0  02:48        0.28
  WS02001212           JUNCTION     0.02     0.11     5.18     0  02:46        0.11
  WS02001213           JUNCTION     0.34     0.46     5.23     0  02:46        0.46
  WS02003069           JUNCTION     0.19     0.33     4.91     0  02:46        0.33
  WS02003072           JUNCTION     0.25     0.40     4.77     0  02:47        0.40
  WS02003073           JUNCTION     0.13     0.23     4.30     0  02:48        0.23
  WS02003060           JUNCTION     0.17     0.29     5.23     0  02:45        0.29
  WS02003066           JUNCTION     0.15     0.25     5.81     0  02:44        0.25
  WS02003059           JUNCTION     0.41     0.54     5.23     0  02:45        0.54
  WS02003067           JUNCTION     0.42     0.62     5.94     0  02:44        0.62
  WS02004401           JUNCTION     0.47     0.71     6.71     0  02:40        0.71
  WS02004402           JUNCTION     0.51     0.74     6.70     0  02:40        0.74
  WS02004403           JUNCTION     0.53     0.76     6.69     0  02:40        0.76
  WS02004404           JUNCTION     0.61     0.84     6.69     0  02:40        0.84
  WS02004406           JUNCTION     0.63     0.85     6.68     0  02:40        0.85
  WS02004409           JUNCTION     0.27     0.53     6.30     0  02:42        0.53
  WS02004410           JUNCTION     0.30     0.55     6.27     0  02:43        0.55
  WS02004411           JUNCTION     0.33     0.57     6.25     0  02:43        0.57
  WS02004412           JUNCTION     0.36     0.58     6.22     0  02:43        0.58
  WS02004413           JUNCTION     0.52     0.75     6.22     0  02:44        0.75
  WS02004405           JUNCTION     0.61     0.84     6.69     0  02:40        0.84
  WS02006109           JUNCTION     0.50     0.77     7.39     0  02:36        0.77
  WS02006110           JUNCTION     0.53     0.77     7.36     0  02:36        0.77
  WS02006111           JUNCTION     0.12     0.23     6.94     0  02:37        0.23
  WS02006112           JUNCTION     0.61     0.88     6.77     0  02:39        0.88
  WS02006113           JUNCTION     0.18     0.36     7.25     0  02:37        0.36
  WS02006115           JUNCTION     0.34     0.60     6.74     0  02:39        0.60
  WS02006116           JUNCTION     0.43     0.68     6.72     0  02:40        0.68
  WS02006230           JUNCTION     0.39     0.69     7.43     0  02:36        0.69
  WS02006231           JUNCTION     0.18     0.30     7.42     0  02:36        0.30
  WS02006232           JUNCTION     0.28     0.38     7.42     0  02:37        0.38
  WS02006234           JUNCTION     0.16     0.26     7.41     0  02:37        0.26
  WS02006235           JUNCTION     0.18     0.23     7.40     0  02:38        0.23
  WS02006238           JUNCTION     0.20     0.26     7.40     0  02:38        0.26
  WS02006240           JUNCTION     0.14     0.18     7.47     0  02:40        0.18
  WS02006242           JUNCTION     0.20     0.24     7.51     0  02:39        0.24
  WS02006243           JUNCTION     0.12     0.15     7.57     0  02:38        0.15
  WS02006245           JUNCTION     0.14     0.17     7.65     0  02:37        0.17
  WS02006247           JUNCTION     0.16     0.20     7.70     0  02:37        0.20
  WS02006248           JUNCTION     0.12     0.15     7.73     0  02:36        0.15
  WS02006249           JUNCTION     0.16     0.20     7.79     0  02:35        0.20
  WS02006239           JUNCTION     0.16     0.21     7.42     0  02:38        0.21
  WS02006251           JUNCTION     0.14     0.17     7.84     0  02:35        0.17
  WS02006252           JUNCTION     0.33     0.35     8.59     0  01:58        0.35
  WS02006253           JUNCTION     0.18     0.28     7.92     0  02:35        0.28
  WS02006256           JUNCTION     2.13     2.35     9.28     0  00:00        2.35
  WS02004138           JUNCTION     0.10     0.10     7.35     0  00:02        0.10
  WS02004139           JUNCTION     0.10     0.12     5.03     0  02:48        0.12
  WS02004407           JUNCTION     0.12     0.24     6.55     0  02:41        0.24
  WS02006228           JUNCTION     0.48     0.77     7.42     0  02:36        0.77
  WS02006229           JUNCTION     0.44     0.74     7.43     0  02:36        0.74
  WS02006280           JUNCTION     0.07     0.19     8.46     0  02:35        0.19
  WS02006284           JUNCTION     0.37     0.55     8.95     0  02:35        0.55
  WS02006287           JUNCTION     0.10     0.29     9.24     0  02:35        0.29
  WSF200               JUNCTION     0.12     0.23     5.46     0  02:44        0.23
  HS02004901           JUNCTION     0.13     0.28    10.11     0  02:33        0.28
  HS02004881           JUNCTION     0.01     0.04     9.06     0  02:34        0.04
  HS02004876           JUNCTION     0.04     0.12     9.15     0  02:34        0.12
  HS02004870           JUNCTION     0.02     0.06     9.35     0  02:35        0.06
  HS02004862           JUNCTION     0.02     0.07     9.46     0  02:35        0.07
  HS02004856           JUNCTION     0.08     0.12     9.55     0  02:35        0.12
  HS02004852           JUNCTION     0.01     0.05     9.56     0  02:35        0.05
  HS02004848           JUNCTION     0.01     0.04     9.65     0  02:34        0.04
  HS02004842           JUNCTION     0.34     0.38     9.65     0  02:35        0.38
  HS02004837           JUNCTION     0.03     0.07     9.65     0  02:34        0.07
  HS02004830           JUNCTION     0.04     0.08     9.55     0  02:35        0.08
  HS02004824           JUNCTION     0.02     0.06     9.46     0  02:37        0.06
  HS02004817           JUNCTION     0.45     0.59     9.44     0  02:35        0.59
  HS02004807           JUNCTION     0.13     0.27     9.44     0  02:35        0.27
  HS02004802           JUNCTION     0.17     0.30     9.43     0  02:35        0.30
  HS02004799           JUNCTION     0.12     0.34     9.55     0  02:33        0.34
  HS02004792           JUNCTION     0.04     0.14     9.66     0  02:33        0.14
  HS02004788           JUNCTION     0.03     0.10    10.00     0  02:34        0.10
  HS02004785           JUNCTION     0.05     0.18    10.08     0  02:33        0.18
  HS02004777           JUNCTION     0.15     0.30    10.10     0  02:33        0.30
  HS02004770           JUNCTION     0.12     0.28    10.11     0  02:33        0.28
  HS02004480           JUNCTION     0.09     0.27     9.51     0  02:34        0.27
  HS02004479           JUNCTION     0.12     0.31     9.51     0  02:34        0.31
  HS02004478           JUNCTION     0.06     0.19     9.41     0  02:35        0.19
  YS02001745           JUNCTION     0.71     0.87     8.39     0  03:21        0.87
  YS02001748           JUNCTION     1.11     2.27     9.35     0  02:39        1.31
  YS02001751           JUNCTION     1.29     2.20     9.08     0  02:39        1.52
  YS02001754           JUNCTION     1.55     2.15     8.75     0  02:39        1.80
  YS02001762           JUNCTION     1.76     2.03     8.43     0  03:13        2.01
  YS02001765           JUNCTION     1.71     1.98     8.43     0  03:10        1.96
  YS02001767           JUNCTION     1.67     1.93     8.42     0  03:23        1.91
  YS02001770           JUNCTION     1.67     1.93     8.42     0  02:40        1.89
  YS02001774           JUNCTION     1.74     1.99     8.41     0  02:39        1.96
  YS02001779           JUNCTION     1.48     1.68     8.37     0  02:34        1.68
  YS02001882           JUNCTION     0.45     1.19     7.91     0  03:00        1.19
  YS02001884           JUNCTION     0.55     1.29     7.91     0  03:00        1.29
  YS02001759           JUNCTION     1.79     2.08     8.45     0  02:39        2.05
  YS02001887           JUNCTION     0.63     1.38     7.92     0  03:00        1.37
  YS02001890           JUNCTION     0.66     1.40     7.91     0  03:00        1.39
  YS02001898           JUNCTION     0.42     1.15     7.89     0  03:01        1.15
  YS02001901           JUNCTION     0.54     1.28     7.88     0  03:00        1.27
  YS02001904           JUNCTION     0.52     1.24     7.87     0  03:01        1.24
  YS02001907           JUNCTION     0.86     1.58     7.87     0  03:00        1.58
  YS02001910           JUNCTION     0.64     1.37     7.88     0  03:01        1.36
  YS02001915           JUNCTION     0.44     1.16     7.88     0  03:01        1.16
  YS02001918           JUNCTION     0.19     0.81     7.88     0  03:01        0.81
  YS02001619           JUNCTION     1.26     1.61     8.54     0  02:36        1.47
  YS02001629           JUNCTION     1.62     1.85     8.40     0  02:36        1.84
  YS02001641           JUNCTION     1.72     1.94     8.38     0  02:47        1.93
  YS02001644           JUNCTION     1.73     1.92     8.35     0  02:39        1.92
  YS02001652           JUNCTION     1.57     2.16     8.76     0  02:34        2.06
  YS02001655           JUNCTION     1.32     2.20     9.05     0  02:34        1.95
  YS02001920           JUNCTION     0.29     0.87     7.88     0  03:01        0.87
  YS02001923           JUNCTION     0.14     0.62     7.88     0  03:01        0.62
  YS02001926           JUNCTION     0.21     0.44     7.89     0  03:02        0.44
  YS02001929           JUNCTION     0.11     0.17     7.87     0  03:01        0.17
  YS02001658           JUNCTION     1.05     2.30     9.44     0  02:36        1.73
  YS02001661           JUNCTION     0.82     2.35     9.75     0  02:57        1.51
  YS02001664           JUNCTION     0.36     0.57     8.50     0  02:53        0.57
  YS02001622           JUNCTION     1.28     1.62     8.52     0  02:36        1.49
  YS02001633           JUNCTION     1.71     1.95     8.40     0  02:41        1.94
  YS02001649           JUNCTION     1.77     2.05     8.44     0  02:53        2.05
  YS02001757           JUNCTION     1.89     2.17     8.43     0  03:28        2.16
  YS02001895           JUNCTION     0.42     1.15     7.89     0  03:00        1.15
  YS02001625           JUNCTION     1.57     1.78     8.38     0  02:36        1.78
  YS02163301           JUNCTION     1.65     1.91     8.43     0  02:38        1.88
  YS02163601           JUNCTION     1.77     1.99     8.39     0  02:47        1.98
  YS02164001           JUNCTION     1.70     1.92     8.38     0  02:39        1.91
  YS02001647           JUNCTION     1.55     1.81     8.42     0  02:57        1.80
  YSB1154              JUNCTION     0.26     0.46     9.51     0  02:33        0.46
  YSB6556              JUNCTION     0.16     0.34     9.51     0  02:34        0.34
  YSB1174              JUNCTION     0.21     0.40     9.51     0  02:34        0.40
  YSB1171              JUNCTION     0.42     0.61     9.51     0  02:34        0.61
  YS02006553           JUNCTION     0.86     1.57     7.86     0  03:00        1.56
  YS02006561           JUNCTION     0.23     0.59     7.25     0  03:01        0.59
  YS02006556           JUNCTION     0.83     1.51     7.83     0  03:00        1.51
  YS02006558           JUNCTION     0.87     1.55     7.82     0  03:00        1.54
  YS02001783           JUNCTION     0.40     1.02     7.16     0  03:01        1.02
  YS02001784           JUNCTION     0.42     0.94     7.00     0  03:01        0.94
  YS02001786           JUNCTION     0.35     0.76     6.79     0  03:01        0.76
  YS02001788           JUNCTION     0.27     0.57     6.55     0  03:01        0.57
  YS02001790           JUNCTION     0.32     0.67     6.31     0  03:01        0.66
  YS02001791           JUNCTION     0.20     0.40     5.87     0  02:59        0.40
  YS02001793           JUNCTION     0.13     0.23     5.06     0  02:51        0.23
  WSC                  OUTFALL      0.13     0.23     0.90     0  02:48        0.23
  3                    OUTFALL      0.00     0.00     7.16     0  00:00        0.00
  4                    OUTFALL      0.00     0.00     7.67     0  00:00        0.00
  5                    OUTFALL      0.00     0.00     4.91     0  00:00        0.00
  JK-storage           STORAGE      0.04     3.00     3.80     0  00:00        2.00
  CC-storage           STORAGE      1.11     1.37     8.37     0  03:24        1.37
  XR-storage           STORAGE      7.69     7.72     5.72     0  00:51        7.72
  
  
  *******************
  Node Inflow Summary
  *******************
  
  -------------------------------------------------------------------------------------------------
                                  Maximum  Maximum                  Lateral       Total        Flow
                                  Lateral    Total  Time of Max      Inflow      Inflow     Balance
                                   Inflow   Inflow   Occurrence      Volume      Volume       Error
  Node                 Type           LPS      LPS  days hr:min    10^6 ltr    10^6 ltr     Percent
  -------------------------------------------------------------------------------------------------
  WS02001211           JUNCTION      7.35    43.32     0  02:46       0.212        0.33       1.382
  WS02001212           JUNCTION      0.00    36.02     0  02:45           0       0.117       0.014
  WS02001213           JUNCTION      0.00    36.19     0  02:43           0       0.128       7.384
  WS02003069           JUNCTION      0.32   336.40     0  02:46     0.00922        2.87       0.200
  WS02003072           JUNCTION      0.00   336.30     0  02:46           0        2.86       0.322
  WS02003073           JUNCTION      1.82   338.08     0  02:47      0.0524         2.9       0.279
  WS02003060           JUNCTION     16.53   372.43     0  02:44       0.476        3.01       0.181
  WS02003066           JUNCTION      0.00   355.90     0  02:44           0        2.53       0.069
  WS02003059           JUNCTION      0.00    55.48     0  02:00           0       0.152      12.979
  WS02003067           JUNCTION      0.00   355.89     0  02:44           0        2.54       0.189
  WS02004401           JUNCTION      0.00   358.10     0  02:38           0        2.66       0.439
  WS02004402           JUNCTION      0.00   357.72     0  02:39           0        2.64       0.442
  WS02004403           JUNCTION      0.00   357.49     0  02:39           0        2.63       0.425
  WS02004404           JUNCTION      0.16   357.52     0  02:40     0.00467        2.63       0.345
  WS02004406           JUNCTION      0.00   357.45     0  02:40           0         2.6       0.857
  WS02004409           JUNCTION      0.00   357.40     0  02:41           0        2.58       0.165
  WS02004410           JUNCTION      0.00   356.88     0  02:41           0        2.58       0.236
  WS02004411           JUNCTION      0.00   356.45     0  02:42           0        2.57       0.280
  WS02004412           JUNCTION      0.00   356.15     0  02:43           0        2.56       0.356
  WS02004413           JUNCTION      0.00   355.96     0  02:43           0        2.55       0.614
  WS02004405           JUNCTION      0.04   357.50     0  02:40      0.0011        2.62       0.533
  WS02006109           JUNCTION      1.23   345.91     0  02:36      0.0354        2.65       0.452
  WS02006110           JUNCTION      0.00   345.89     0  02:36           0        2.64       0.400
  WS02006111           JUNCTION      0.00   351.38     0  02:37           0        2.63       0.045
  WS02006112           JUNCTION     15.18   360.47     0  02:37      0.0619        2.69       0.598
  WS02006113           JUNCTION      0.00   345.89     0  02:36           0        2.63       0.097
  WS02006115           JUNCTION      0.00   359.50     0  02:37           0        2.67       0.355
  WS02006116           JUNCTION      0.00   358.67     0  02:38           0        2.66       0.294
  WS02006230           JUNCTION     10.28    47.32     0  02:35       0.296       0.901       0.554
  WS02006231           JUNCTION      0.00    47.12     0  02:35           0       0.627       0.220
  WS02006232           JUNCTION      0.00    46.95     0  02:36           0       0.632       0.782
  WS02006234           JUNCTION      0.00    46.88     0  02:37           0       0.633       0.088
  WS02006235           JUNCTION      0.00   378.96     0  02:38           0         6.7       0.044
  WS02006238           JUNCTION      0.00    49.12     0  00:00           0         0.7       0.240
  WS02006240           JUNCTION      0.00    44.72     0  02:39           0       0.695       0.336
  WS02006242           JUNCTION      0.00    44.77     0  02:38           0       0.697       0.543
  WS02006243           JUNCTION      0.00    44.78     0  02:37           0       0.698       0.171
  WS02006245           JUNCTION      0.00    44.78     0  02:36           0       0.701       0.359
  WS02006247           JUNCTION      0.00    44.79     0  02:36           0       0.703       0.294
  WS02006248           JUNCTION      0.00    44.79     0  02:35           0       0.704       0.097
  WS02006249           JUNCTION      0.00    44.80     0  02:35           0       0.707       0.468
  WS02006239           JUNCTION      0.00    44.72     0  02:40           0       0.696       0.291
  WS02006251           JUNCTION      0.08   280.33     0  02:35     0.00222        4.73       0.033
  WS02006252           JUNCTION      0.00   200.00     0  01:58           0        4.38       0.010
  WS02006253           JUNCTION      2.01    80.26     0  02:34     0.00774       0.348       0.531
  WS02006256           JUNCTION      0.00   983.00     0  00:00           0        12.5      -0.009
  WS02004138           JUNCTION      0.00    95.00     0  00:00           0        2.74       0.087
  WS02004139           JUNCTION      0.32   138.53     0  02:48     0.00924        3.07       0.073
  WS02004407           JUNCTION      0.00   357.42     0  02:40           0        2.58       0.079
  WS02006228           JUNCTION      0.00   344.70     0  02:36           0        2.63       0.288
  WS02006229           JUNCTION      0.00   381.76     0  02:35           0        2.67       0.319
  WS02006280           JUNCTION      0.00   381.75     0  02:35           0        1.84       0.004
  WS02006284           JUNCTION      0.10   381.74     0  02:35     0.00275        1.84       0.065
  WS02006287           JUNCTION      0.00   381.61     0  02:35           0        1.84       0.038
  WSF200               JUNCTION      0.00   355.89     0  02:44           0        2.53       0.038
  HS02004901           JUNCTION     18.47    18.47     0  02:30      0.0746      0.0748       2.407
  HS02004881           JUNCTION      7.70    78.42     0  02:34      0.0315        0.34       0.018
  HS02004876           JUNCTION     13.91    71.00     0  02:34      0.0606       0.309       0.174
  HS02004870           JUNCTION     14.24    57.22     0  02:34      0.0596       0.249       0.044
  HS02004862           JUNCTION     13.49    43.35     0  02:35      0.0664       0.189       0.091
  HS02004856           JUNCTION     10.66    29.91     0  02:34      0.0449       0.124       1.174
  HS02004852           JUNCTION      0.00    19.52     0  02:34           0      0.0794       0.068
  HS02004848           JUNCTION     29.89    29.89     0  02:36       0.145       0.145       0.032
  HS02004842           JUNCTION      0.00    10.79     0  02:44           0      0.0782      19.943
  HS02004837           JUNCTION     30.42    40.44     0  02:34       0.287       0.352       0.232
  HS02004830           JUNCTION      0.15    40.57     0  02:34     0.00432       0.342       0.361
  HS02004824           JUNCTION     36.15    76.62     0  02:37       0.187       0.528       0.102
  HS02004817           JUNCTION      0.60    77.22     0  02:37      0.0173       0.545       3.156
  HS02004807           JUNCTION     26.33   102.46     0  02:36       0.109       0.638       0.679
  HS02004802           JUNCTION      0.00   102.66     0  02:37           0       0.635       0.631
  HS02004799           JUNCTION     21.00   236.26     0  02:33      0.0887        1.04       0.251
  HS02004792           JUNCTION     91.29   215.48     0  02:33        0.39       0.951       0.043
  HS02004788           JUNCTION     30.97   124.94     0  02:33       0.174       0.562       0.070
  HS02004785           JUNCTION      0.15    94.16     0  02:33     0.00432        0.39       0.124
  HS02004777           JUNCTION      0.03    94.20     0  02:32    0.000864        0.39       1.347
  HS02004770           JUNCTION     76.48    94.58     0  02:31       0.318       0.391       0.798
  HS02004480           JUNCTION      0.00   279.71     0  02:33           0        1.22       0.097
  HS02004479           JUNCTION      0.00    43.67     0  02:34           0       0.195       0.376
  HS02004478           JUNCTION      0.00   381.60     0  02:35           0        1.84       0.017
  YS02001745           JUNCTION    257.10   368.49     0  02:39         2.2         2.2       0.499
  YS02001748           JUNCTION      0.04   583.89     0  02:39      0.0013        2.19       1.053
  YS02001751           JUNCTION      0.01   332.62     0  02:34    0.000317        2.16       1.099
  YS02001754           JUNCTION      0.26   270.97     0  03:01     0.00749        2.15       1.171
  YS02001762           JUNCTION      0.00   315.95     0  02:53           0         1.8       1.194
  YS02001765           JUNCTION      0.00   316.03     0  02:53           0         1.8       1.376
  YS02001767           JUNCTION      0.54   315.88     0  02:53      0.0154        1.82       2.008
  YS02001770           JUNCTION    318.27   318.27     0  03:01        2.47        2.49       1.295
  YS02001774           JUNCTION      0.00   233.46     0  03:27           0       0.661       3.965
  YS02001779           JUNCTION      0.01   233.80     0  03:27    0.000144       0.632       2.481
  YS02001882           JUNCTION      0.00    10.64     0  03:51           0       0.016      15.128
  YS02001884           JUNCTION      0.00    21.71     0  02:26           0      0.0521      12.591
  YS02001759           JUNCTION    305.66   619.20     0  02:53        2.28        4.04       0.573
  YS02001887           JUNCTION    381.47   382.10     0  02:52        2.64        2.67       0.308
  YS02001890           JUNCTION      0.00   382.17     0  02:49           0        2.62       0.338
  YS02001898           JUNCTION      0.00   383.18     0  02:48           0        2.61       0.114
  YS02001901           JUNCTION      0.00   382.16     0  02:54           0        2.61       0.251
  YS02001904           JUNCTION      0.00   382.17     0  02:54           0        2.61       0.231
  YS02001907           JUNCTION      0.00   720.93     0  03:03           0        5.76       0.414
  YS02001910           JUNCTION      0.00   369.97     0  03:06           0        3.17       0.361
  YS02001915           JUNCTION    226.55   369.69     0  03:06        1.85        3.18       0.181
  YS02001918           JUNCTION      0.00   148.82     0  03:07           0        1.33       0.136
  YS02001619           JUNCTION    221.96   221.96     0  03:01        1.83        1.83       0.660
  YS02001629           JUNCTION      0.00   209.34     0  02:47           0        1.62       1.807
  YS02001641           JUNCTION      0.00   440.68     0  02:47           0        3.69       0.576
  YS02001644           JUNCTION    244.93   938.45     0  03:24        2.11        7.46       0.353
  YS02001652           JUNCTION      0.00   327.34     0  02:57           0        1.92       1.212
  YS02001655           JUNCTION      0.15   442.18     0  02:34     0.00443        1.95       1.293
  YS02001920           JUNCTION      2.87   139.41     0  03:05      0.0827        1.34       0.212
  YS02001923           JUNCTION      0.04   123.00     0  03:03     0.00109        1.25       0.051
  YS02001926           JUNCTION      0.05   119.01     0  03:03      0.0015        1.26       0.249
  YS02001929           JUNCTION    114.18   114.18     0  03:01        1.25        1.25       0.040
  YS02001658           JUNCTION      0.00   678.39     0  02:36           0        1.97       1.129
  YS02001661           JUNCTION      0.00   680.52     0  02:52           0        2.72      -0.200
  YS02001664           JUNCTION    277.08   363.56     0  02:53        1.97        2.72       0.266
  YS02001622           JUNCTION      0.00   222.14     0  03:00           0        1.82       1.766
  YS02001633           JUNCTION    249.26   440.47     0  02:47        2.18        3.75       0.868
  YS02001649           JUNCTION      0.00   940.07     0  02:47           0        4.66       0.806
  YS02001757           JUNCTION      0.00  1767.99     0  02:48           0        9.04       1.031
  YS02001895           JUNCTION      0.00   382.20     0  02:49           0        2.62       0.178
  YS02001625           JUNCTION      0.00   222.02     0  03:01           0        1.79       2.204
  YS02163301           JUNCTION      0.00   222.65     0  02:35           0         1.6       1.529
  YS02163601           JUNCTION      0.11   440.97     0  02:47     0.00317        3.71       0.818
  YS02164001           JUNCTION      0.00   441.16     0  02:47           0        3.69       0.549
  YS02001647           JUNCTION      0.00   667.80     0  02:47           0        3.64       0.786
  YSB1154              JUNCTION     24.63    24.63     0  02:32       0.107       0.108       1.355
  YSB6556              JUNCTION      0.00    24.52     0  02:33           0       0.109       1.157
  YSB1174              JUNCTION     20.04    20.04     0  02:29      0.0789      0.0794       1.645
  YSB1171              JUNCTION      0.00    43.70     0  02:33           0       0.194       3.376
  YS02006553           JUNCTION      0.00   720.84     0  03:02           0        5.75       0.264
  YS02006561           JUNCTION      0.00  1048.92     0  03:00           0        8.12       0.006
  YS02006556           JUNCTION      0.00   720.81     0  03:03           0        5.75       0.192
  YS02006558           JUNCTION    332.26  1049.27     0  03:00        2.42        8.15       0.064
  YS02001783           JUNCTION      0.00  1048.20     0  03:00           0        8.12       0.027
  YS02001784           JUNCTION      1.06  1049.27     0  03:00      0.0305        8.15       0.042
  YS02001786           JUNCTION      0.06  1049.15     0  03:00     0.00162        8.15       0.040
  YS02001788           JUNCTION      0.07  1050.65     0  03:02     0.00204        8.15       0.024
  YS02001790           JUNCTION      0.15  1058.55     0  03:01     0.00446        8.15       0.034
  YS02001791           JUNCTION      0.00  1144.87     0  03:01           0        8.15       0.010
  YS02001793           JUNCTION      0.00  1092.90     0  03:01           0        8.15       0.006
  WSC                  OUTFALL       0.00   338.00     0  02:48           0         2.9       0.000
  3                    OUTFALL       0.00   378.96     0  02:38           0        6.12       0.000
  4                    OUTFALL       0.00   235.52     0  02:35           0        4.02       0.000
  5                    OUTFALL       0.00   138.53     0  02:48           0        3.06       0.000
  JK-storage           STORAGE       0.00  1091.22     0  03:01           0         8.3     -33.498
  CC-storage           STORAGE       0.00  1768.07     0  02:48           0        8.11       0.793
  XR-storage           STORAGE     683.19   683.19     0  03:01        10.6        11.2       0.001
  
  
  **********************
  Node Surcharge Summary
  **********************
  
  Surcharging occurs when water rises above the top of the highest conduit.
  ---------------------------------------------------------------------
                                               Max. Height   Min. Depth
                                   Hours       Above Crown    Below Rim
  Node                 Type      Surcharged         Meters       Meters
  ---------------------------------------------------------------------
  WS02006256           JUNCTION        6.40          2.050        0.000
  YS02001748           JUNCTION        5.28          1.190        0.000
  YS02001751           JUNCTION        5.41          1.200        0.000
  YS02001754           JUNCTION        5.55          1.097        0.053
  YS02001762           JUNCTION        5.78          1.032        0.118
  YS02001765           JUNCTION        5.75          0.975        0.125
  YS02001767           JUNCTION        5.73          0.930        0.100
  YS02001770           JUNCTION        5.72          0.897        0.023
  YS02001774           JUNCTION        5.77          0.991        0.059
  YS02001779           JUNCTION        5.55          0.680        0.000
  YS02001882           JUNCTION        0.41          0.193        0.637
  YS02001884           JUNCTION        0.48          0.234        0.636
  YS02001759           JUNCTION        5.81          1.081        0.129
  YS02001887           JUNCTION        0.61          0.330        0.620
  YS02001890           JUNCTION        0.66          0.351        0.409
  YS02001898           JUNCTION        0.32          0.121        0.619
  YS02001901           JUNCTION        0.55          0.275        0.595
  YS02001904           JUNCTION        0.51          0.242        0.608
  YS02001907           JUNCTION        1.30          0.574        0.376
  YS02001910           JUNCTION        0.71          0.373        0.727
  YS02001915           JUNCTION        0.38          0.162        0.838
  YS02001619           JUNCTION        5.42          0.610        0.000
  YS02001629           JUNCTION        5.42          0.470        0.000
  YS02001641           JUNCTION        5.76          0.939        0.161
  YS02001644           JUNCTION        5.76          0.920        0.000
  YS02001652           JUNCTION        5.56          1.130        0.000
  YS02001655           JUNCTION        5.43          1.200        0.000
  YS02001658           JUNCTION        5.31          1.300        0.000
  YS02001661           JUNCTION        0.23          1.281        0.109
  YS02001622           JUNCTION        5.45          0.620        0.000
  YS02001633           JUNCTION        5.75          0.931        0.129
  YS02001649           JUNCTION        5.79          1.050        0.000
  YS02001757           JUNCTION        5.89          1.170        0.040
  YS02001895           JUNCTION        0.36          0.147        0.603
  YS02001625           JUNCTION        5.66          0.780        0.000
  YS02163301           JUNCTION        5.72          0.910        0.120
  YS02163601           JUNCTION        5.79          0.992        0.088
  YS02164001           JUNCTION        5.75          0.924        0.176
  YS02001647           JUNCTION        5.57          0.806        0.094
  YS02006553           JUNCTION        1.38          0.572        0.618
  YS02006556           JUNCTION        0.98          0.474        0.876
  YS02006558           JUNCTION        0.94          0.449        0.951
  YS02001783           JUNCTION        0.63          0.222        1.378
  YS02001784           JUNCTION        0.54          0.136        1.354
  
  
  *********************
  Node Flooding Summary
  *********************
  
  Flooding refers to all water that overflows a node, whether it ponds or not.
  --------------------------------------------------------------------------
                                                             Total   Maximum
                                 Maximum   Time of Max       Flood    Ponded
                        Hours       Rate    Occurrence      Volume     Depth
  Node                 Flooded       LPS   days hr:min    10^6 ltr    Meters
  --------------------------------------------------------------------------
  WS02006256              4.77    978.40      0  00:00       6.531     0.000
  YS02001748              0.01    143.28      0  02:39       0.000     0.000
  YS02001751              0.01     10.05      0  02:39       0.000     0.000
  YS02001779              2.30    233.62      0  03:27       0.614     0.000
  YS02001619              0.01     17.76      0  02:37       0.000     0.000
  YS02001629              0.01     32.19      0  02:37       0.000     0.000
  YS02001644              4.63    938.27      0  03:24       5.459     0.000
  YS02001652              0.01     69.80      0  02:34       0.000     0.000
  YS02001655              0.01    244.65      0  02:34       0.000     0.000
  YS02001658              0.01    335.96      0  02:36       0.001     0.000
  YS02001622              0.01     44.91      0  02:36       0.000     0.000
  YS02001649              0.08     45.05      0  02:57       0.004     0.000
  YS02001625              0.69    105.54      0  03:00       0.134     0.000
  XR-storage              7.14    588.17      0  03:01       7.586     0.000
  
  
  **********************
  Storage Volume Summary
  **********************
  
  --------------------------------------------------------------------------------------------------
                         Average     Avg  Evap Exfil       Maximum     Max    Time of Max    Maximum
                          Volume    Pcnt  Pcnt  Pcnt        Volume    Pcnt     Occurrence    Outflow
  Storage Unit           1000 m3    Full  Loss  Loss       1000 m3    Full    days hr:min        LPS
  --------------------------------------------------------------------------------------------------
  JK-storage               0.002       1     0     0         0.151      52       0  00:00     983.00
  CC-storage               3.087      20     0     0         3.821      24       0  03:24     200.00
  XR-storage               0.923     100     0     0         0.926     100       0  00:51      95.00
  
  
  ***********************
  Outfall Loading Summary
  ***********************
  
  ---------------------------------------------------------------------------------------------------------------------------------
                         Flow       Avg       Max       Total         Total         Total         Total         Total         Total
                         Freq      Flow      Flow      Volume           COD            SS            TN            TP         NH4-N
  Outfall Node           Pcnt       LPS       LPS    10^6 ltr            kg            kg            kg            kg            kg
  ---------------------------------------------------------------------------------------------------------------------------------
  WSC                   99.99    121.90    338.00       2.896       350.175       614.757        20.314         2.357        12.188
  3                     99.99    258.46    378.96       6.120       119.747       224.220         2.382         0.171         1.164
  4                     99.99    172.73    235.52       4.024       339.708       620.756         6.992         0.496         3.413
  5                     99.99    107.66    138.53       3.065       467.897       763.127        40.717         5.021        25.248
  ---------------------------------------------------------------------------------------------------------------------------------
  System                99.99    660.75   1072.87      16.105      1277.526      2222.859        70.405         8.046        42.013
  
  
  ********************
  Link Flow Summary
  ********************
  
  -----------------------------------------------------------------------------
                                 Maximum  Time of Max   Maximum    Max/    Max/
                                  |Flow|   Occurrence   |Veloc|    Full    Full
  Link                 Type          LPS  days hr:min     m/sec    Flow   Depth
  -----------------------------------------------------------------------------
  WS02003066WSF200     CONDUIT    355.89     0  02:44      2.58    0.06    0.18
  WS02006287WS02006284 CONDUIT    381.64     0  02:35      1.99    0.18    0.29
  WS02006284WS02006280 CONDUIT    381.75     0  02:35      2.23    0.16    0.27
  WS02006280WS02006229 CONDUIT    381.76     0  02:35      3.59    0.08    0.19
  WS02006229WS02006228 CONDUIT    344.70     0  02:36      0.71    1.14    0.92
  WS02006256WS02006235 CONDUIT    287.64     0  02:38      4.46    3.04    0.89
  WS02006253WS02006251 CONDUIT     80.25     0  02:35      0.75    0.24    0.32
  WS02006252WS02006251 CONDUIT    200.39     0  01:58      1.97    0.74    0.76
  WS02006251WS02006249 CONDUIT     44.80     0  02:35      0.56    0.13    0.26
  WS02006249WS02006248 CONDUIT     44.79     0  02:35      0.66    0.25    0.23
  WS02006248WS02006247 CONDUIT     44.79     0  02:36      0.64    0.10    0.24
  WS02006247WS02006245 CONDUIT     44.78     0  02:36      0.58    0.36    0.25
  WS02006245WS02006243 CONDUIT     44.78     0  02:37      0.72    0.13    0.22
  WS02006243WS02006242 CONDUIT     44.77     0  02:38      0.61    0.10    0.26
  WS02006242WS02006240 CONDUIT     44.72     0  02:39      0.48    0.18    0.29
  WS02006240WS02006239 CONDUIT     44.72     0  02:40      0.64    0.14    0.25
  WS02006239WS02006238 CONDUIT     44.80     0  02:41      0.48    0.14    0.32
  WS02006238WS02006235 CONDUIT     49.12     0  00:00      1.17    0.11    0.35
  WS02006235WS02006234 CONDUIT     46.87     0  02:37      0.53    0.49    0.33
  WS02006234WS02006232 CONDUIT     46.88     0  02:37      0.82    0.09    0.46
  WS02006232WS02006231 CONDUIT     46.95     0  02:36      0.30    0.10    0.48
  WS02006231WS02006230 CONDUIT     47.12     0  02:35      0.56    0.71    0.43
  WS02006230WS02006229 CONDUIT     50.05     0  03:15      0.40    1.11    0.98
  WS02006228WS02006109 CONDUIT    344.68     0  02:36      0.70    1.51    0.95
  WS02006116WS02004401 CONDUIT    358.10     0  02:38      0.61    0.49    0.70
  WS02006115WS02006116 CONDUIT    358.67     0  02:38      0.77    0.46    0.61
  WS02006113WS02006111 CONDUIT    351.38     0  02:37      2.11    0.42    0.37
  WS02006112WS02006115 CONDUIT    359.50     0  02:37      0.58    0.21    0.74
  WS02006111WS02006112 CONDUIT    346.18     0  02:37      1.02    0.16    0.64
  WS02006110WS02006113 CONDUIT    345.89     0  02:36      0.92    0.31    0.70
  WS02006109WS02006110 CONDUIT    345.89     0  02:36      0.73    0.67    0.90
  WS02004411WS02004412 CONDUIT    356.15     0  02:43      0.81    0.51    0.58
  WS02004401WS02004402 CONDUIT    357.72     0  02:39      0.59    0.43    0.73
  WS02004413WS02003067 CONDUIT    355.89     0  02:44      0.89    0.15    0.51
  WS02004412WS02004413 CONDUIT    355.96     0  02:43      0.79    0.24    0.67
  WS02004410WS02004411 CONDUIT    356.45     0  02:42      0.79    0.49    0.56
  WS02004409WS02004410 CONDUIT    356.88     0  02:41      0.83    0.46    0.54
  WS02004407WS02004409 CONDUIT    357.40     0  02:41      1.28    0.13    0.39
  WS02004406WS02004407 CONDUIT    357.42     0  02:40      0.82    0.16    0.54
  WS02004405WS02004406 CONDUIT    357.45     0  02:40      0.51    0.71    0.84
  WS02004404WS02004405 CONDUIT    357.46     0  02:40      0.51    3.50    0.84
  WS02004403WS02004404 CONDUIT    357.36     0  02:40      0.53    0.26    0.80
  WS02004402WS02004403 CONDUIT    357.49     0  02:39      0.56    0.51    0.75
  WS02004139WS02001211 CONDUIT     43.21     0  02:48      0.53    0.05    0.13
  WS02004138WS02004139 CONDUIT     95.00     0  00:02      2.40    0.02    0.10
  WS02003067WS02003066 CONDUIT    355.90     0  02:44      0.96    0.11    0.36
  WS02001213WS02003059 CONDUIT     36.19     0  02:43      0.15    0.06    0.49
  WS02001212WS02001213 CONDUIT     36.02     0  02:45      0.61    0.06    0.13
  WS02001211WS02001212 CONDUIT     35.98     0  02:46      0.33    0.03    0.20
  WS02003072WS02003073 CONDUIT    336.26     0  02:47      1.21    0.73    0.29
  WS02003069WS02003072 CONDUIT    336.30     0  02:46      1.16    0.16    0.30
  WS02003060WS02003069 CONDUIT    336.08     0  02:46      1.45    0.13    0.26
  WS02003059WS02003060 CONDUIT     55.48     0  02:00      0.56    0.04    0.42
  HS02004901HS02004770 CONDUIT     18.20     0  02:32      0.07    0.07    0.40
  HS02004876HS02004881 CONDUIT     70.99     0  02:35      0.92    0.76    0.11
  HS02004870HS02004876 CONDUIT     57.20     0  02:35      0.63    0.04    0.13
  HS02004842HS02004848 CONDUIT     10.79     0  02:44      0.05    0.01    0.30
  HS02004837HS02004842 CONDUIT     11.02     0  02:45      0.42    0.01    0.32
  HS02004830HS02004837 CONDUIT     40.42     0  02:34      0.55    0.04    0.10
  HS02004824HS02004830 CONDUIT     40.56     0  02:35      0.58    0.05    0.10
  HS02004817HS02004824 CONDUIT     76.62     0  02:37      0.23    0.03    0.47
  HS02004770HS02004777 CONDUIT     94.17     0  02:32      0.33    0.17    0.41
  HS02004799HS02004480 CONDUIT    236.15     0  02:33      0.79    0.30    0.43
  HS02004792HS02004799 CONDUIT    215.42     0  02:33      0.90    0.13    0.34
  HS02004788HS02004792 CONDUIT    124.90     0  02:34      1.02    0.08    0.17
  HS02004785HS02004788 CONDUIT     94.13     0  02:34      0.67    0.71    0.20
  HS02004777HS02004785 CONDUIT     94.01     0  02:33      0.39    0.12    0.34
  HS02004480HS02004478 CONDUIT    279.73     0  02:34      1.22    1.18    0.33
  HS02004479HS02004480 CONDUIT     43.76     0  02:35      0.27    0.04    0.41
  HS02004862HS02004870 CONDUIT     43.34     0  02:35      0.63    0.05    0.10
  HS02004848HS02004852 CONDUIT     19.52     0  02:34      0.43    0.02    0.06
  HS02004856HS02004862 CONDUIT     29.88     0  02:35      0.47    0.03    0.09
  HS02004852HS02004856 CONDUIT     19.49     0  02:36      0.23    0.02    0.12
  HS02004802HS02004478 CONDUIT    102.98     0  02:37      0.43    0.09    0.35
  HS02004478WS02006287 CONDUIT    381.61     0  02:35      1.69    0.11    0.25
  HS02004817HS02004807 CONDUIT     77.64     0  02:38      0.18    0.05    0.62
  HS02004807HS02004802 CONDUIT    102.66     0  02:37      0.37    0.20    0.40
  YS02001759YS02001757 CONDUIT    619.24     0  02:53      0.79    0.44    1.00
  YS02001762YS02001759 CONDUIT    315.92     0  02:53      0.40    0.36    1.00
  YS02001765YS02001762 CONDUIT    315.95     0  02:53      0.40    0.30    1.00
  YS02001770YS02001767 CONDUIT    315.34     0  02:53      0.40    1.25    1.00
  YS02001774YS02001770 CONDUIT    233.46     0  03:27      0.30    0.15    1.00
  YS02001779YS02001774 CONDUIT    233.79     0  03:27      0.30    0.12    1.00
  YS02001649YS02001757 CONDUIT    940.25     0  02:47      1.20    0.57    1.00
  YS02001767YS02001765 CONDUIT    316.03     0  02:53      0.40    0.40    1.00
  YS02006561YS02001783 CONDUIT   1048.20     0  03:00      2.27    0.54    0.87
  YS02001783YS02001784 CONDUIT   1048.21     0  03:00      2.09    1.44    1.00
  YS02001784YS02001785 CONDUIT   1049.09     0  03:00      2.10    2.44    0.98
  YS02001788YS02001790 CONDUIT   1058.39     0  03:01      2.59    0.78    0.78
  YS02001790YS02001791 CONDUIT   1144.87     0  03:01      3.28    1.25    0.66
  YS02001791YS02001793 CONDUIT   1092.90     0  03:01      6.53    0.47    0.39
  YS02001910YS02001907 CONDUIT    370.04     0  03:06      0.49    0.21    1.00
  YS02001786YS02001788 CONDUIT   1050.58     0  03:02      2.37    2.02    0.84
  YS02001915YS02001910 CONDUIT    369.97     0  03:06      0.54    0.18    1.00
  YS02001918YS02001915 CONDUIT    162.26     0  03:07      0.44    0.09    0.91
  YS02001923YS02001920 CONDUIT    136.54     0  03:05      0.67    0.06    0.75
  YS02001926YS02001923 CONDUIT    122.96     0  03:03      0.80    0.18    0.43
  YS02001929YS02001926 CONDUIT    118.95     0  03:03      0.85    0.06    0.31
  YS02001920YS02001918 CONDUIT    148.82     0  03:07      0.66    0.14    0.84
  YS02001629YS02163301 CONDUIT    222.65     0  02:35      0.28    0.27    1.00
  YS02001619YS02001622 CONDUIT    222.14     0  03:00      0.57    0.33    1.00
  YS02001622YS02001625 CONDUIT    222.02     0  03:01      0.28    0.12    1.00
  YS02001625YS02001629 CONDUIT    209.34     0  02:47      0.27    0.10    1.00
  YS02163301YS02001633 CONDUIT    222.64     0  02:35      0.28    0.21    1.00
  YS02163601YS02164001 CONDUIT    441.16     0  02:47      0.56    0.39    1.00
  YS02164001YS02001641 CONDUIT    440.68     0  02:47      0.56    0.60    1.00
  YS02001641YS02001644 CONDUIT    440.54     0  02:47      0.56    1.42    1.00
  YS02001647YS02001649 CONDUIT    667.78     0  02:47      0.85    0.35    1.00
  YS02006553YS02006556 CONDUIT    720.81     0  03:03      0.92    0.62    1.00
  YS02006556YS02006558 CONDUIT    720.78     0  03:03      0.92    0.57    1.00
  YSB6556YSB1171       CONDUIT     24.56     0  02:35      0.09    0.03    0.68
  YS02001907YS02006553 CONDUIT    720.84     0  03:02      0.80    0.85    1.00
  YS02006558YS02006561 CONDUIT   1048.92     0  03:00      3.72    2.32    0.99
  YS02001633YS02163601 CONDUIT    440.86     0  02:47      0.56    0.46    1.00
  YS02001644YS02001647 CONDUIT    667.80     0  02:47      0.85    0.39    1.00
  YS02001745YS02001748 CONDUIT    583.85     0  02:39      1.46    0.22    0.94
  YS02001748YS02001751 CONDUIT    332.61     0  02:34      1.00    0.17    1.00
  YS02001751YS02001754 CONDUIT    270.71     0  03:01      0.84    0.13    1.00
  YS02001754YS02001757 CONDUIT    271.09     0  03:01      0.35    0.11    1.00
  YS02001882YS02001884 CONDUIT     10.64     0  03:51      0.10    0.01    1.00
  YS02001884YS02001887 CONDUIT     21.71     0  02:26      0.07    0.03    1.00
  YS02001890YS02001895 CONDUIT    382.20     0  02:49      0.49    0.18    1.00
  YS02001895YS02001898 CONDUIT    383.18     0  02:48      0.59    0.66    1.00
  YS02001898YS02001901 CONDUIT    382.16     0  02:54      0.52    0.25    1.00
  YS02001901YS02001904 CONDUIT    382.17     0  02:54      0.49    0.59    1.00
  YS02001904YS02001907 CONDUIT    382.24     0  02:53      0.49    0.13    1.00
  YS02001887YS02001890 CONDUIT    382.17     0  02:49      0.49    0.65    1.00
  YS02001652YS02001649 CONDUIT    327.72     0  02:57      0.54    0.16    1.00
  YS02001655YS02001652 CONDUIT    327.34     0  02:57      0.89    0.16    1.00
  YS02001658YS02001655 CONDUIT    442.03     0  02:34      1.14    0.19    1.00
  YS02001661YS02001658 CONDUIT    678.39     0  02:36      1.53    0.27    1.00
  YS02001664YS02001661 CONDUIT    680.52     0  02:52      1.63    0.21    0.71
  YSB1154YSB6556       CONDUIT     24.52     0  02:33      0.17    0.04    0.57
  YSB1174YSB1171       CONDUIT     19.60     0  02:31      0.07    0.03    0.69
  YSB1171HS02004479    CONDUIT     43.67     0  02:34      0.54    0.03    0.54
  HS02004881HS02006253 CONDUIT     78.42     0  02:34      2.18    0.02    0.05
  YS02001793JiankangQianchi CONDUIT   1091.22     0  03:01     20.74    0.09    0.50
  YS02001757CaochengTiaoxuchi CONDUIT   1768.07     0  02:48      2.55    0.78    1.00
  WSF200WS02003060     CONDUIT    355.90     0  02:44      1.94    0.08    0.22
  1                    CONDUIT    338.00     0  02:48      2.45    0.12    0.23
  CC-Pump-1            PUMP       200.00     0  01:58              1.00
  CC-Pump-2            PUMP         0.00     0  00:00              0.00
  JK-Pump-1            PUMP       300.00     0  00:00              1.00
  JK-Pump-2            PUMP       683.00     0  00:00              1.00
  XR-Pump-1            PUMP         0.00     0  00:00              0.00
  XR-Pump-2            PUMP        95.00     0  00:00              1.00
  XR-Pump-3            PUMP         0.00     0  00:00              0.00
  XR-Pump-4            PUMP         0.00     0  00:00              0.00
  3                    WEIR       235.52     0  02:35                      0.17
  5                    WEIR       378.96     0  02:38                      0.23
  6                    WEIR       138.53     0  02:48                      0.12
  
  
  ***************************
  Flow Classification Summary
  ***************************
  
  -------------------------------------------------------------------------------------
                      Adjusted    ---------- Fraction of Time in Flow Class ---------- 
                       /Actual         Up    Down  Sub   Sup   Up    Down  Norm  Inlet 
  Conduit               Length    Dry  Dry   Dry   Crit  Crit  Crit  Crit  Ltd   Ctrl  
  -------------------------------------------------------------------------------------
  WS02003066WSF200        1.00   0.06  0.00  0.00  0.00  0.94  0.00  0.00  0.75  0.00
  WS02006287WS02006284    1.00   0.02  0.01  0.00  0.63  0.34  0.00  0.00  0.69  0.00
  WS02006284WS02006280    1.00   0.02  0.00  0.00  0.00  0.00  0.00  0.98  0.00  0.00
  WS02006280WS02006229    1.00   0.02  0.00  0.00  0.00  0.00  0.00  0.98  0.00  0.00
  WS02006229WS02006228    1.00   0.00  0.00  0.00  1.00  0.00  0.00  0.00  0.00  0.00
  WS02006256WS02006235    1.00   0.00  0.00  0.00  0.04  0.96  0.00  0.00  0.01  0.00
  WS02006253WS02006251    1.00   0.01  0.01  0.00  0.88  0.00  0.10  0.00  0.00  0.00
  WS02006252WS02006251    1.00   0.05  0.00  0.00  0.00  0.00  0.95  0.00  0.00  0.00
  WS02006251WS02006249    1.00   0.00  0.00  0.00  1.00  0.00  0.00  0.00  0.83  0.00
  WS02006249WS02006248    1.00   0.00  0.03  0.00  0.09  0.00  0.89  0.00  0.00  0.00
  WS02006248WS02006247    1.00   0.03  0.00  0.00  0.96  0.00  0.00  0.01  0.78  0.00
  WS02006247WS02006245    1.00   0.03  0.00  0.00  0.95  0.00  0.00  0.02  0.00  0.00
  WS02006245WS02006243    1.00   0.03  0.00  0.00  0.94  0.00  0.00  0.03  0.00  0.00
  WS02006243WS02006242    1.00   0.03  0.00  0.00  0.95  0.00  0.00  0.02  0.76  0.00
  WS02006242WS02006240    1.00   0.00  0.04  0.00  0.96  0.00  0.00  0.00  0.22  0.00
  WS02006240WS02006239    1.00   0.00  0.00  0.00  0.96  0.00  0.00  0.04  0.01  0.00
  WS02006239WS02006238    1.00   0.00  0.01  0.00  0.99  0.00  0.00  0.00  0.20  0.00
  WS02006238WS02006235    1.00   0.00  0.00  0.00  1.00  0.00  0.00  0.00  0.00  0.00
  WS02006235WS02006234    1.00   0.03  0.00  0.00  0.95  0.00  0.01  0.00  0.00  0.00
  WS02006234WS02006232    1.00   0.00  0.00  0.00  1.00  0.00  0.00  0.00  0.18  0.00
  WS02006232WS02006231    1.00   0.00  0.00  0.00  1.00  0.00  0.00  0.00  0.00  0.00
  WS02006231WS02006230    1.00   0.00  0.00  0.00  0.23  0.00  0.77  0.00  0.00  0.00
  WS02006230WS02006229    1.00   0.00  0.00  0.00  0.99  0.00  0.00  0.01  0.01  0.00
  WS02006228WS02006109    1.00   0.00  0.00  0.00  1.00  0.00  0.00  0.00  0.00  0.00
  WS02006116WS02004401    1.00   0.02  0.00  0.00  0.98  0.00  0.00  0.00  0.01  0.00
  WS02006115WS02006116    1.00   0.02  0.00  0.00  0.96  0.00  0.00  0.02  0.00  0.00
  WS02006113WS02006111    1.00   0.01  0.00  0.00  0.00  0.98  0.00  0.00  0.04  0.00
  WS02006112WS02006115    1.00   0.01  0.01  0.00  0.98  0.00  0.00  0.00  0.00  0.00
  WS02006111WS02006112    1.00   0.01  0.00  0.00  0.99  0.00  0.00  0.00  0.93  0.00
  WS02006110WS02006113    1.00   0.00  0.01  0.00  0.99  0.00  0.00  0.00  0.00  0.00
  WS02006109WS02006110    1.00   0.00  0.00  0.00  1.00  0.00  0.00  0.00  0.00  0.00
  WS02004411WS02004412    1.00   0.04  0.00  0.00  0.96  0.00  0.00  0.00  0.00  0.00
  WS02004401WS02004402    1.00   0.02  0.00  0.00  0.98  0.00  0.00  0.00  0.04  0.00
  WS02004413WS02003067    1.00   0.04  0.01  0.00  0.00  0.00  0.95  0.00  0.00  0.00
  WS02004412WS02004413    1.00   0.04  0.00  0.00  0.95  0.00  0.00  0.00  0.00  0.00
  WS02004410WS02004411    1.00   0.04  0.00  0.00  0.96  0.00  0.00  0.00  0.00  0.00
  WS02004409WS02004410    1.00   0.04  0.00  0.00  0.96  0.00  0.00  0.00  0.00  0.00
  WS02004407WS02004409    1.00   0.04  0.00  0.00  0.95  0.00  0.00  0.00  0.78  0.00
  WS02004406WS02004407    1.00   0.00  0.04  0.00  0.96  0.00  0.00  0.00  0.00  0.00
  WS02004405WS02004406    1.00   0.00  0.00  0.00  1.00  0.00  0.00  0.00  0.04  0.00
  WS02004404WS02004405    1.00   0.00  0.00  0.00  1.00  0.00  0.00  0.00  0.00  0.00
  WS02004403WS02004404    1.00   0.00  0.02  0.00  0.98  0.00  0.00  0.00  0.04  0.00
  WS02004402WS02004403    1.00   0.02  0.00  0.00  0.98  0.00  0.00  0.00  0.00  0.00
  WS02004139WS02001211    1.00   0.00  0.00  0.00  1.00  0.00  0.00  0.00  0.00  0.00
  WS02004138WS02004139    1.00   0.00  0.00  0.00  0.00  0.00  0.00  1.00  0.00  0.00
  WS02003067WS02003066    1.00   0.05  0.00  0.00  0.94  0.00  0.00  0.00  0.00  0.00
  WS02001213WS02003059    1.00   0.00  0.00  0.00  1.00  0.00  0.00  0.00  0.00  0.00
  WS02001212WS02001213    1.00   0.35  0.25  0.00  0.40  0.00  0.00  0.00  0.47  0.00
  WS02001211WS02001212    1.00   0.00  0.35  0.00  0.65  0.00  0.00  0.00  0.75  0.00
  WS02003072WS02003073    1.00   0.00  0.00  0.00  0.00  0.00  0.00  1.00  0.00  0.00
  WS02003069WS02003072    1.00   0.00  0.00  0.00  1.00  0.00  0.00  0.00  0.99  0.00
  WS02003060WS02003069    1.00   0.00  0.00  0.00  0.98  0.02  0.00  0.00  0.84  0.00
  WS02003059WS02003060    1.00   0.00  0.00  0.00  1.00  0.00  0.00  0.00  0.08  0.00
  HS02004901HS02004770    1.00   0.02  0.00  0.00  0.98  0.00  0.00  0.00  0.00  0.00
  HS02004876HS02004881    1.00   0.00  0.00  0.00  0.92  0.08  0.00  0.00  0.00  0.00
  HS02004870HS02004876    1.00   0.00  0.00  0.00  1.00  0.00  0.00  0.00  0.95  0.00
  HS02004842HS02004848    1.00   0.00  0.02  0.00  0.98  0.00  0.00  0.00  0.58  0.00
  HS02004837HS02004842    1.00   0.00  0.00  0.00  1.00  0.00  0.00  0.00  0.11  0.00
  HS02004830HS02004837    1.00   0.00  0.00  0.00  1.00  0.00  0.00  0.00  0.99  0.00
  HS02004824HS02004830    1.00   0.00  0.00  0.00  1.00  0.00  0.00  0.00  0.00  0.00
  HS02004817HS02004824    1.00   0.00  0.00  0.00  1.00  0.00  0.00  0.00  1.00  0.00
  HS02004770HS02004777    1.00   0.00  0.02  0.00  0.98  0.00  0.00  0.00  0.03  0.00
  HS02004799HS02004480    1.00   0.00  0.01  0.00  0.97  0.00  0.02  0.00  0.00  0.00
  HS02004792HS02004799    1.00   0.00  0.00  0.00  1.00  0.00  0.00  0.00  0.98  0.00
  HS02004788HS02004792    1.00   0.00  0.00  0.00  1.00  0.00  0.00  0.00  0.98  0.00
  HS02004785HS02004788    1.00   0.00  0.00  0.00  1.00  0.00  0.00  0.00  0.00  0.00
  HS02004777HS02004785    1.00   0.00  0.00  0.00  1.00  0.00  0.00  0.00  0.13  0.00
  HS02004480HS02004478    1.00   0.02  0.00  0.00  0.69  0.00  0.00  0.28  0.00  0.00
  HS02004479HS02004480    1.00   0.01  0.00  0.00  0.99  0.00  0.00  0.00  0.12  0.00
  HS02004862HS02004870    1.00   0.00  0.00  0.00  1.00  0.00  0.00  0.00  0.04  0.00
  HS02004848HS02004852    1.00   0.02  0.00  0.00  0.98  0.00  0.00  0.00  0.68  0.00
  HS02004856HS02004862    1.00   0.00  0.03  0.00  0.97  0.00  0.00  0.00  0.82  0.00
  HS02004852HS02004856    1.00   0.02  0.00  0.00  0.98  0.00  0.00  0.00  0.86  0.00
  HS02004802HS02004478    1.00   0.02  0.00  0.00  0.98  0.00  0.00  0.00  0.03  0.00
  HS02004478WS02006287    1.00   0.03  0.00  0.00  0.76  0.21  0.00  0.00  0.70  0.00
  HS02004817HS02004807    1.00   0.00  0.02  0.00  0.98  0.00  0.00  0.00  0.01  0.00
  HS02004807HS02004802    1.00   0.02  0.00  0.00  0.97  0.00  0.00  0.00  0.00  0.00
  YS02001759YS02001757    1.00   0.00  0.00  0.00  1.00  0.00  0.00  0.00  0.16  0.00
  YS02001762YS02001759    1.00   0.00  0.00  0.00  1.00  0.00  0.00  0.00  0.03  0.00
  YS02001765YS02001762    1.00   0.00  0.00  0.00  1.00  0.00  0.00  0.00  0.15  0.00
  YS02001770YS02001767    1.00   0.00  0.00  0.00  1.00  0.00  0.00  0.00  0.00  0.00
  YS02001774YS02001770    1.00   0.00  0.02  0.00  0.98  0.00  0.00  0.00  0.03  0.00
  YS02001779YS02001774    1.00   0.00  0.00  0.00  1.00  0.00  0.00  0.00  0.19  0.00
  YS02001649YS02001757    1.00   0.00  0.00  0.00  1.00  0.00  0.00  0.00  0.16  0.00
  YS02001767YS02001765    1.00   0.00  0.00  0.00  1.00  0.00  0.00  0.00  0.00  0.00
  YS02006561YS02001783    1.00   0.04  0.00  0.00  0.17  0.80  0.00  0.00  0.52  0.00
  YS02001783YS02001784    1.00   0.00  0.04  0.00  0.96  0.00  0.00  0.00  0.01  0.00
  YS02001784YS02001785    1.00   0.00  0.00  0.00  1.00  0.00  0.00  0.00  0.18  0.00
  YS02001788YS02001790    1.00   0.00  0.00  0.00  0.04  0.96  0.00  0.00  0.52  0.00
  YS02001790YS02001791    1.00   0.00  0.00  0.00  0.00  1.00  0.00  0.00  0.65  0.00
  YS02001791YS02001793    1.00   0.00  0.00  0.00  0.00  1.00  0.00  0.00  0.00  0.00
  YS02001910YS02001907    1.00   0.00  0.00  0.00  0.99  0.00  0.00  0.01  0.12  0.00
  YS02001786YS02001788    1.00   0.00  0.00  0.00  0.12  0.88  0.00  0.00  0.00  0.00
  YS02001915YS02001910    1.00   0.00  0.00  0.00  0.99  0.01  0.00  0.00  0.17  0.00
  YS02001918YS02001915    1.00   0.00  0.00  0.00  1.00  0.00  0.00  0.00  0.62  0.00
  YS02001923YS02001920    1.00   0.00  0.00  0.00  1.00  0.00  0.00  0.00  0.89  0.00
  YS02001926YS02001923    1.00   0.00  0.01  0.00  0.08  0.00  0.91  0.00  0.00  0.00
  YS02001929YS02001926    1.00   0.00  0.02  0.00  0.98  0.00  0.00  0.00  0.86  0.00
  YS02001920YS02001918    1.00   0.00  0.00  0.00  1.00  0.00  0.00  0.00  0.00  0.00
  YS02001629YS02163301    1.00   0.03  0.00  0.00  0.97  0.00  0.00  0.00  0.00  0.00
  YS02001619YS02001622    1.00   0.02  0.00  0.00  0.98  0.00  0.00  0.00  0.00  0.00
  YS02001622YS02001625    1.00   0.02  0.00  0.00  0.98  0.00  0.00  0.00  0.06  0.00
  YS02001625YS02001629    1.00   0.02  0.01  0.00  0.95  0.00  0.01  0.00  0.00  0.00
  YS02163301YS02001633    1.00   0.00  0.03  0.00  0.97  0.00  0.00  0.00  0.00  0.00
  YS02163601YS02164001    1.00   0.00  0.01  0.00  0.99  0.00  0.00  0.00  0.00  0.00
  YS02164001YS02001641    1.00   0.00  0.01  0.00  0.99  0.00  0.00  0.00  0.06  0.00
  YS02001641YS02001644    1.00   0.00  0.00  0.00  1.00  0.00  0.00  0.00  0.00  0.00
  YS02001647YS02001649    1.00   0.00  0.03  0.00  0.97  0.00  0.00  0.00  0.01  0.00
  YS02006553YS02006556    1.00   0.00  0.00  0.00  1.00  0.00  0.00  0.00  0.03  0.00
  YS02006556YS02006558    1.00   0.00  0.00  0.00  1.00  0.00  0.00  0.00  0.00  0.00
  YSB6556YSB1171          1.00   0.01  0.01  0.00  0.98  0.00  0.00  0.00  0.00  0.00
  YS02001907YS02006553    1.00   0.00  0.00  0.00  1.00  0.00  0.00  0.00  0.00  0.00
  YS02006558YS02006561    1.00   0.04  0.00  0.00  0.02  0.95  0.00  0.00  0.52  0.00
  YS02001633YS02163601    1.00   0.00  0.00  0.00  1.00  0.00  0.00  0.00  0.15  0.00
  YS02001644YS02001647    1.00   0.00  0.03  0.00  0.97  0.00  0.00  0.00  0.00  0.00
  YS02001745YS02001748    1.00   0.00  0.00  0.00  0.90  0.01  0.00  0.09  0.04  0.00
  YS02001748YS02001751    1.00   0.00  0.00  0.00  0.98  0.02  0.00  0.00  0.15  0.00
  YS02001751YS02001754    1.00   0.00  0.00  0.00  0.96  0.00  0.00  0.04  0.02  0.00
  YS02001754YS02001757    1.00   0.00  0.00  0.00  1.00  0.00  0.00  0.00  0.19  0.00
  YS02001882YS02001884    1.00   0.03  0.00  0.00  0.97  0.00  0.00  0.00  0.00  0.00
  YS02001884YS02001887    1.00   0.01  0.01  0.00  0.98  0.00  0.00  0.00  0.00  0.00
  YS02001890YS02001895    1.00   0.00  0.03  0.00  0.97  0.00  0.00  0.00  0.00  0.00
  YS02001895YS02001898    1.00   0.03  0.00  0.00  0.96  0.00  0.01  0.00  0.00  0.00
  YS02001898YS02001901    1.00   0.03  0.00  0.00  0.97  0.00  0.00  0.00  0.02  0.00
  YS02001901YS02001904    1.00   0.03  0.00  0.00  0.97  0.00  0.00  0.00  0.00  0.00
  YS02001904YS02001907    1.00   0.00  0.03  0.00  0.97  0.00  0.00  0.00  0.00  0.00
  YS02001887YS02001890    1.00   0.00  0.00  0.00  0.99  0.00  0.01  0.00  0.00  0.00
  YS02001652YS02001649    1.00   0.00  0.00  0.00  1.00  0.00  0.00  0.00  0.17  0.00
  YS02001655YS02001652    1.00   0.00  0.00  0.00  0.96  0.00  0.00  0.04  0.03  0.00
  YS02001658YS02001655    1.00   0.00  0.03  0.00  0.95  0.02  0.00  0.00  0.11  0.00
  YS02001661YS02001658    1.00   0.03  0.00  0.00  0.90  0.07  0.00  0.00  0.13  0.00
  YS02001664YS02001661    1.00   0.02  0.00  0.00  0.89  0.09  0.00  0.00  0.21  0.00
  YSB1154YSB6556          1.00   0.02  0.00  0.00  0.98  0.00  0.00  0.00  0.02  0.00
  YSB1174YSB1171          1.00   0.01  0.01  0.00  0.98  0.00  0.00  0.00  0.00  0.00
  YSB1171HS02004479       1.00   0.01  0.00  0.00  0.99  0.00  0.00  0.00  0.10  0.00
  HS02004881HS02006253    1.00   0.01  0.00  0.00  0.00  0.00  0.00  0.99  0.00  0.00
  YS02001793JiankangQianchi    1.00   0.00  0.00  0.00  0.00  1.00  0.00  0.00  0.05  0.00
  YS02001757CaochengTiaoxuchi    1.00   0.00  0.05  0.00  0.93  0.02  0.00  0.00  0.00  0.00
  WSF200WS02003060        1.00   0.00  0.06  0.00  0.00  0.94  0.00  0.00  0.59  0.00
  1                       1.00   0.00  0.00  0.00  0.00  1.00  0.00  0.00  0.37  0.00
  
  
  *************************
  Conduit Surcharge Summary
  *************************
  
  ----------------------------------------------------------------------------
                                                           Hours        Hours 
                         --------- Hours Full --------   Above Full   Capacity
  Conduit                Both Ends  Upstream  Dnstream   Normal Flow   Limited
  ----------------------------------------------------------------------------
  WS02006229WS02006228        0.01      0.01      0.01      0.51         0.01
  WS02006256WS02006235        0.01      0.01      6.39      6.35         0.01
  WS02006230WS02006229        0.01      0.01      0.01      1.43         0.01
  WS02006228WS02006109        0.01      0.01      0.01      1.03         0.01
  WS02006111WS02006112        0.01      0.01      0.72      0.01         0.01
  WS02004404WS02004405        0.01      0.01      0.01      1.91         0.01
  HS02004480HS02004478        0.01      0.01      0.01      0.37         0.01
  YS02001759YS02001757        5.81      5.81      5.89      0.01         0.01
  YS02001762YS02001759        5.78      5.78      5.81      0.01         0.01
  YS02001765YS02001762        5.75      5.75      5.78      0.01         0.01
  YS02001770YS02001767        5.73      5.73      5.73      0.43         0.75
  YS02001774YS02001770        5.72      5.72      5.77      0.01         0.01
  YS02001779YS02001774        5.55      5.55      5.77      0.01         0.01
  YS02001649YS02001757        5.79      5.79      5.89      0.01         0.01
  YS02001767YS02001765        5.73      5.73      5.75      0.01         0.01
  YS02006561YS02001783        0.01      0.01      0.63      0.01         0.01
  YS02001783YS02001784        0.54      0.63      0.54      1.07         0.54
  YS02001784YS02001785        0.01      0.54      0.01      1.87         0.01
  YS02001790YS02001791        0.01      0.01      0.01      0.47         0.01
  YS02001910YS02001907        0.71      0.71      1.30      0.01         0.01
  YS02001786YS02001788        0.01      0.01      0.01      1.50         0.01
  YS02001915YS02001910        0.38      0.38      0.71      0.01         0.01
  YS02001918YS02001915        0.01      0.01      0.38      0.01         0.01
  YS02001629YS02163301        5.71      5.71      5.72      0.01         0.01
  YS02001619YS02001622        5.42      5.42      5.45      0.01         0.01
  YS02001622YS02001625        5.45      5.45      5.66      0.01         0.01
  YS02001625YS02001629        5.42      5.42      5.66      0.01         0.01
  YS02163301YS02001633        5.72      5.72      5.76      0.01         0.01
  YS02163601YS02164001        5.75      5.75      5.79      0.01         0.01
  YS02164001YS02001641        5.75      5.75      5.76      0.01         0.02
  YS02001641YS02001644        5.76      5.76      5.76      1.11         1.20
  YS02001647YS02001649        5.57      5.57      5.79      0.01         0.01
  YS02006553YS02006556        0.98      0.98      1.38      0.01         0.01
  YS02006556YS02006558        1.15      1.15      1.46      0.01         0.01
  YS02001907YS02006553        1.89      1.89      2.09      0.01         0.01
  YS02006558YS02006561        0.01      0.94      0.01      1.75         0.01
  YS02001633YS02163601        5.75      5.75      5.79      0.01         0.01
  YS02001644YS02001647        5.57      5.57      5.76      0.01         0.01
  YS02001745YS02001748        0.01      0.01      5.27      0.01         0.01
  YS02001748YS02001751        5.32      5.32      5.41      0.01         0.01
  YS02001751YS02001754        5.41      5.41      5.55      0.01         0.01
  YS02001754YS02001757        5.57      5.57      5.89      0.01         0.01
  YS02001882YS02001884        0.41      0.41      0.48      0.01         0.01
  YS02001884YS02001887        0.57      0.57      0.61      0.01         0.01
  YS02001890YS02001895        0.36      0.36      0.75      0.01         0.01
  YS02001895YS02001898        0.32      0.32      0.36      0.01         0.01
  YS02001898YS02001901        0.37      0.37      0.55      0.01         0.01
  YS02001901YS02001904        0.51      0.51      0.55      0.01         0.01
  YS02001904YS02001907        0.51      0.51      1.41      0.01         0.01
  YS02001887YS02001890        0.66      0.66      0.69      0.01         0.01
  YS02001652YS02001649        5.58      5.58      5.79      0.01         0.01
  YS02001655YS02001652        5.43      5.43      5.56      0.01         0.01
  YS02001658YS02001655        5.31      5.31      5.43      0.01         0.01
  YS02001661YS02001658        0.21      0.21      5.31      0.01         0.01
  YS02001664YS02001661        0.01      0.01      1.17      0.01         0.01
  YS02001793JiankangQianchi        0.01      0.01      0.02      0.01         0.01
  YS02001757CaochengTiaoxuchi        5.10      5.10      5.89      0.01         0.01
  
  
  ***************
  Pumping Summary
  ***************
  
  ---------------------------------------------------------------------------------------------------------
                                                  Min       Avg       Max     Total     Power    % Time Off
                        Percent   Number of      Flow      Flow      Flow    Volume     Usage    Pump Curve
  Pump                 Utilized   Start-Ups       LPS       LPS       LPS  10^6 ltr     Kw-hr    Low   High
  ---------------------------------------------------------------------------------------------------------
  CC-Pump-1               76.78           1      0.00    199.04    200.00     4.385      5.03    0.0   10.5
  CC-Pump-2                0.00           0      0.00      0.00      0.00     0.000      0.00    0.0    0.0
  JK-Pump-1              100.00           1      0.00    213.53    300.00     5.043    114.59    0.0    0.0
  JK-Pump-2              100.00           1      0.00    314.67    683.00     7.431    168.59    0.0   99.8
  XR-Pump-1                0.00           0      0.00      0.00      0.00     0.000      0.00    0.0    0.0
  XR-Pump-2              100.00           1      0.00     95.00     95.00     2.736     13.21    0.0    0.0
  XR-Pump-3                0.00           0      0.00      0.00      0.00     0.000      0.00    0.0    0.0
  XR-Pump-4                0.00           0      0.00      0.00      0.00     0.000      0.00    0.0    0.0
  
  
  ***************************
  Link Pollutant Load Summary
  ***************************
  
  ------------------------------------------------------------------------------------------
                                 COD            SS            TN            TP         NH4-N
  Link                            kg            kg            kg            kg            kg
  ------------------------------------------------------------------------------------------
  WS02003066WSF200           238.383       439.513         8.737         0.899         4.920
  WS02006287WS02006284       228.594       420.902         8.685         0.903         4.920
  WS02006284WS02006280       229.066       421.668         8.731         0.909         4.948
  WS02006280WS02006229       229.042       421.625         8.729         0.909         4.947
  WS02006229WS02006228       232.940       428.752         8.757         0.907         4.952
  WS02006256WS02006235        66.603       126.904         1.283         0.093         0.627
  WS02006253WS02006251        35.953        69.839         0.793         0.059         0.392
  WS02006252WS02006251       362.976       659.282         7.372         0.517         3.586
  WS02006251WS02006249        59.595       108.931         1.224         0.087         0.597
  WS02006249WS02006248        59.432       108.643         1.219         0.086         0.594
  WS02006248WS02006247        59.334       108.467         1.217         0.086         0.593
  WS02006247WS02006245        59.199       108.226         1.214         0.086         0.592
  WS02006245WS02006243        59.028       107.920         1.210         0.086         0.590
  WS02006243WS02006242        58.873       107.642         1.207         0.085         0.588
  WS02006242WS02006240        58.574       107.108         1.200         0.085         0.585
  WS02006240WS02006239        58.413       106.819         1.197         0.085         0.583
  WS02006239WS02006238        58.200       106.435         1.192         0.084         0.581
  WS02006238WS02006235        58.192       106.426         1.192         0.084         0.581
  WS02006235WS02006234        10.290        19.305         0.216         0.016         0.107
  WS02006234WS02006232        10.775        20.278         0.227         0.017         0.113
  WS02006232WS02006231        11.445        21.617         0.243         0.019         0.121
  WS02006231WS02006230        11.830        22.392         0.252         0.019         0.126
  WS02006230WS02006229        13.798        26.276         0.298         0.023         0.149
  WS02006228WS02006109       232.312       427.724         8.701         0.900         4.918
  WS02006116WS02004401       244.749       449.676         9.314         0.970         5.280
  WS02006115WS02006116       245.358       450.666         9.371         0.977         5.315
  WS02006113WS02006111       239.445       439.140         9.392         0.987         5.350
  WS02006112WS02006115       245.877       451.481         9.420         0.983         5.345
  WS02006111WS02006112       239.277       438.876         9.373         0.984         5.338
  WS02006110WS02006113       239.583       439.349         9.406         0.988         5.359
  WS02006109WS02006110       240.292       440.468         9.473         0.997         5.401
  WS02004411WS02004412       239.852       441.727         8.890         0.918         5.016
  WS02004401WS02004402       244.025       448.524         9.249         0.962         5.239
  WS02004413WS02003067       238.835       440.276         8.772         0.903         4.942
  WS02004412WS02004413       239.255       440.770         8.835         0.911         4.982
  WS02004410WS02004411       240.270       442.408         8.927         0.922         5.039
  WS02004409WS02004410       240.572       442.878         8.957         0.926         5.058
  WS02004407WS02004409       240.867       443.379         8.981         0.929         5.073
  WS02004406WS02004407       241.027       443.679         8.990         0.930         5.078
  WS02004405WS02004406       242.525       446.044         9.132         0.948         5.167
  WS02004404WS02004405       243.276       447.323         9.189         0.955         5.202
  WS02004403WS02004404       242.618       446.267         9.123         0.947         5.161
  WS02004402WS02004403       243.270       447.298         9.182         0.954         5.198
  WS02004139WS02001211        65.669       107.021         5.794         0.717         3.602
  WS02004138WS02004139       400.089       652.680        34.718         4.278        21.519
  WS02003067WS02003066       238.375       439.476         8.740         0.899         4.922
  WS02001213WS02003059        17.423        29.900         1.146         0.136         0.696
  WS02001212WS02001213        14.539        25.353         0.856         0.100         0.514
  WS02001211WS02001212        14.095        24.470         0.850         0.099         0.512
  WS02003072WS02003073       338.086       595.824        19.085         2.203        11.417
  WS02003069WS02003072       339.222       597.474        19.220         2.220        11.503
  WS02003060WS02003069       337.457       594.667        19.048         2.198        11.395
  WS02003059WS02003060        21.275        37.209         1.268         0.148         0.763
  HS02004901HS02004770         8.254        15.604         0.157         0.012         0.073
  HS02004876HS02004881        30.483        59.059         0.707         0.054         0.353
  HS02004870HS02004876        23.029        44.470         0.575         0.045         0.290
  HS02004842HS02004848         4.406         8.226         0.093         0.006         0.043
  HS02004837HS02004842         9.003        15.522         0.561         0.065         0.337
  HS02004830HS02004837        62.319       105.861         4.565         0.552         2.802
  HS02004824HS02004830        63.092       107.101         4.639         0.561         2.848
  HS02004817HS02004824        80.707       141.636         5.014         0.585         3.032
  HS02004770HS02004777        31.660        60.591         0.661         0.044         0.303
  HS02004799HS02004480       109.023       202.177         3.263         0.307         1.742
  HS02004792HS02004799        99.050       182.172         3.125         0.302         1.685
  HS02004788HS02004792        57.960       106.508         2.196         0.223         1.224
  HS02004785HS02004788        33.161        62.995         0.816         0.064         0.401
  HS02004777HS02004785        32.490        61.906         0.755         0.056         0.363
  HS02004480HS02004478       137.013       256.656         3.707         0.337         1.947
  HS02004479HS02004480        31.675        60.340         0.781         0.072         0.415
  HS02004862HS02004870        17.187        32.629         0.459         0.038         0.235
  HS02004848HS02004852         6.384        12.062         0.133         0.009         0.061
  HS02004856HS02004862        11.297        21.902         0.227         0.015         0.106
  HS02004852HS02004856         6.386        12.064         0.133         0.009         0.061
  HS02004802HS02004478        92.160       165.183         5.027         0.572         3.003
  HS02004478WS02006287       228.785       421.220         8.701         0.905         4.930
  HS02004817HS02004807        79.456       139.629         4.894         0.570         2.957
  HS02004807HS02004802        92.504       165.729         5.065         0.577         3.027
  YS02001759YS02001757       334.010       607.476         6.748         0.465         3.301
  YS02001762YS02001759       146.270       267.248         3.211         0.225         1.597
  YS02001765YS02001762       146.139       267.130         3.227         0.227         1.608
  YS02001770YS02001767       144.044       263.802         2.934         0.188         1.420
  YS02001774YS02001770        59.252       110.446         1.175         0.075         0.567
  YS02001779YS02001774        58.109       108.173         1.237         0.086         0.612
  YS02001649YS02001757       282.119       501.102         5.644         0.398         2.701
  YS02001767YS02001765       146.309       267.422         3.242         0.229         1.617
  YS02006561YS02001783       768.587      1392.725        16.744         1.279         8.421
  YS02001783YS02001784       768.470      1392.543        16.739         1.278         8.419
  YS02001784YS02001785       775.946      1404.519        17.467         1.369         8.874
  YS02001788YS02001790       776.554      1405.506        17.539         1.379         8.920
  YS02001790YS02001791       777.480      1406.982        17.638         1.391         8.982
  YS02001791YS02001793       777.434      1406.923        17.634         1.391         8.979
  YS02001910YS02001907       253.610       451.595         6.788         0.551         3.564
  YS02001786YS02001788       776.142      1404.842        17.494         1.373         8.891
  YS02001915YS02001910       253.616       451.587         6.741         0.545         3.532
  YS02001918YS02001915       120.793       205.081         3.954         0.386         2.200
  YS02001923YS02001920       100.518       172.740         1.961         0.136         0.953
  YS02001926YS02001923       100.225       172.299         1.923         0.131         0.929
  YS02001929YS02001926        99.990       171.912         1.892         0.127         0.908
  YS02001920YS02001918       120.829       205.230         3.921         0.381         2.178
  YS02001629YS02163301        96.802       170.638         2.032         0.131         0.946
  YS02001619YS02001622       110.950       195.896         2.326         0.149         1.082
  YS02001622YS02001625       109.812       194.105         2.299         0.148         1.070
  YS02001625YS02001629        97.981       172.578         2.058         0.132         0.958
  YS02163301YS02001633        96.458       170.065         2.025         0.131         0.944
  YS02163601YS02164001       290.834       511.804         5.800         0.407         2.773
  YS02164001YS02001641       290.323       510.955         5.780         0.405         2.761
  YS02001641YS02001644       290.301       510.861         5.773         0.405         2.758
  YS02001647YS02001649       253.467       448.562         5.033         0.352         2.410
  YS02006553YS02006556       553.472       999.668        12.345         0.968         6.278
  YS02006556YS02006558       553.406       999.531        12.318         0.964         6.260
  YSB6556YSB1171              18.070        34.636         0.385         0.033         0.198
  YS02001907YS02006553       553.595       999.907        12.353         0.969         6.283
  YS02006558YS02006561       768.583      1392.708        16.744         1.279         8.421
  YS02001633YS02163601       291.487       512.792         5.779         0.403         2.756
  YS02001644YS02001647       259.605       459.833         5.141         0.360         2.461
  YS02001745YS02001748       156.865       284.258         3.380         0.220         1.656
  YS02001748YS02001751       156.496       283.280         3.505         0.239         1.740
  YS02001751YS02001754       155.546       281.723         3.489         0.238         1.733
  YS02001754YS02001757       156.371       282.982         3.657         0.261         1.843
  YS02001882YS02001884         2.431         4.180         0.051         0.004         0.026
  YS02001884YS02001887         6.751        11.974         0.134         0.011         0.067
  YS02001890YS02001895       301.625       550.828         5.609         0.422         2.743
  YS02001895YS02001898       301.472       550.621         5.603         0.421         2.739
  YS02001898YS02001901       301.297       550.339         5.599         0.421         2.737
  YS02001901YS02001904       301.181       550.187         5.607         0.422         2.743
  YS02001904YS02001907       301.431       550.597         5.660         0.429         2.777
  YS02001887YS02001890       302.411       552.006         5.665         0.428         2.777
  YS02001652YS02001649        99.584       179.691         2.072         0.150         0.974
  YS02001655YS02001652        99.993       180.371         2.084         0.151         0.980
  YS02001658YS02001655        99.368       179.420         1.992         0.139         0.921
  YS02001661YS02001658       101.835       183.952         2.041         0.142         0.944
  YS02001664YS02001661       132.899       236.335         2.717         0.188         1.253
  YSB1154YSB6556              17.652        33.974         0.334         0.027         0.165
  YSB1174YSB1171              12.028        23.165         0.252         0.021         0.128
  YSB1171HS02004479           31.662        60.326         0.783         0.072         0.417
  HS02004881HS02006253        34.350        66.728         0.779         0.058         0.387
  YS02001793JiankangQianchi       777.490      1407.078        17.633         1.391         8.978
  YS02001757CaochengTiaoxuchi       632.993      1140.401        13.050         0.914         6.361
  WSF200WS02003060           238.231       439.223         8.730         0.898         4.916
  1                          350.175       614.757        20.314         2.357        12.188
  CC-Pump-1                  363.008       659.340         7.373         0.517         3.586
  CC-Pump-2                    0.000         0.000         0.000         0.000         0.000
  JK-Pump-1                   71.467       136.157         1.377         0.100         0.673
  JK-Pump-2                  162.707       309.985         3.135         0.227         1.533
  XR-Pump-1                    0.000         0.000         0.000         0.000         0.000
  XR-Pump-2                  400.611       653.528        34.764         4.284        21.547
  XR-Pump-3                    0.000         0.000         0.000         0.000         0.000
  XR-Pump-4                    0.000         0.000         0.000         0.000         0.000
  3                          339.708       620.756         6.992         0.496         3.413
  5                          119.747       224.220         2.382         0.171         1.164
  6                          467.897       763.127        40.717         5.021        25.248
  

  Analysis begun on:  Thu Jul  8 15:26:12 2021
  Analysis ended on:  Thu Jul  8 15:26:17 2021
  Total elapsed time: 00:00:05