
  EPA STORM WATER MANAGEMENT MODEL - VERSION 5.1 (Build 5.3.0.dev0)
  --------------------------------------------------------------

  WARNING 04: minimum elevation drop used for Conduit WS02004404WS02004405
  WARNING 03: negative offset ignored for Link YS02001904YS02001907
  
  *********************************************************
  NOTE: The summary statistics displayed in this report are
  based on results found at every computational time step,  
  not just on results from each reporting time step.
  *********************************************************
  
  ****************
  Analysis Options
  ****************
  Flow Units ............... LPS
  Process Models:
    Rainfall/Runoff ........ YES
    RDII ................... NO
    Snowmelt ............... NO
    Groundwater ............ NO
    Flow Routing ........... YES
    Ponding Allowed ........ NO
    Water Quality .......... YES
  Infiltration Method ...... HORTON
  Flow Routing Method ...... DYNWAVE
  Surcharge Method ......... EXTRAN
  Starting Date ............ 08/28/2015 08:00:00
  Ending Date .............. 08/28/2015 16:00:00
  Antecedent Dry Days ...... 8.0
  Report Time Step ......... 00:01:00
  Wet Time Step ............ 00:01:00
  Dry Time Step ............ 00:01:00
  Routing Time Step ........ 5.00 sec
  Variable Time Step ....... YES
  Maximum Trials ........... 8
  Number of Threads ........ 4
  Head Tolerance ........... 0.001500 m
  
  
  **************************        Volume         Depth
  Runoff Quantity Continuity     hectare-m            mm
  **************************     ---------       -------
  Total Precipitation ......         5.417        11.860
  Evaporation Loss .........         0.000         0.000
  Infiltration Loss ........         0.972         2.128
  Surface Runoff ...........         3.630         7.947
  Final Storage ............         0.817         1.788
  Continuity Error (%) .....        -0.018
  
  
  **************************           COD            SS            TN            TP         NH4-N
  Runoff Quality Continuity             kg            kg            kg            kg            kg
  **************************    ----------    ----------    ----------    ----------    ----------
  Initial Buildup ..........     41378.656     70582.865      1804.177       168.684      1032.807
  Surface Buildup ..........        21.757        40.198         2.427         0.221         1.412
  Wet Deposition ...........         0.000         0.000         0.000         0.000         0.000
  Sweeping Removal .........         0.000         0.000         0.000         0.000         0.000
  Infiltration Loss ........        85.149       160.322         1.619         0.113         0.770
  BMP Removal ..............         0.000         0.000         0.000         0.000         0.000
  Surface Runoff ...........      3104.028      5735.036        60.177         4.073        28.563
  Remaining Buildup ........     38210.135     64725.637      1744.786       164.717      1004.876
  Continuity Error (%) .....         0.003         0.003         0.001         0.001         0.001
  
  
  **************************        Volume        Volume
  Flow Routing Continuity        hectare-m      10^6 ltr
  **************************     ---------     ---------
  Dry Weather Inflow .......         0.630         6.296
  Wet Weather Inflow .......         3.628        36.284
  Groundwater Inflow .......         0.000         0.000
  RDII Inflow ..............         0.000         0.000
  External Inflow ..........         0.105         1.045
  External Outflow .........         1.676        16.757
  Flooding Loss ............         2.539        25.387
  Evaporation Loss .........         0.000         0.000
  Exfiltration Loss ........         0.000         0.000
  Initial Stored Volume ....         0.076         0.761
  Final Stored Volume ......         0.597         5.966
  Continuity Error (%) .....        -8.388
  
  
  **************************           COD            SS            TN            TP         NH4-N
  Quality Routing Continuity            kg            kg            kg            kg            kg
  **************************    ----------    ----------    ----------    ----------    ----------
  Dry Weather Inflow .......      1573.993      2518.389       151.103        18.888        94.440
  Wet Weather Inflow .......      3103.415      5734.015        60.164         4.072        28.557
  Groundwater Inflow .......         0.000         0.000         0.000         0.000         0.000
  RDII Inflow ..............         0.000         0.000         0.000         0.000         0.000
  External Inflow ..........       187.321       299.713        17.983         2.248        11.239
  External Outflow .........      1453.906      2582.952        71.669         7.997        42.252
  Flooding Loss ............      2452.147      4312.752       122.261        13.679        72.113
  Exfiltration Loss ........         0.000         0.000         0.000         0.000         0.000
  Mass Reacted .............         0.000         0.000         0.000         0.000         0.000
  Initial Stored Mass ......         0.000         0.000         0.000         0.000         0.000
  Final Stored Mass ........       519.698       894.961        23.894         2.576        13.908
  Continuity Error (%) .....         9.024         8.904         4.984         3.791         4.442
  
  
  *************************
  Highest Continuity Errors
  *************************
  Node JK-storage (-37.98%)
  Node HS02004842 (14.80%)
  Node YS02001884 (10.64%)
  Node WS02003059 (9.41%)
  Node YSB1171 (2.79%)
  
  
  ***************************
  Time-Step Critical Elements
  ***************************
  Link WS02006252WS02006251 (94.62%)
  Link WS02006280WS02006229 (1.70%)
  
  
  ********************************
  Highest Flow Instability Indexes
  ********************************
  Link YS02163601YS02164001 (42)
  Link YS02163301YS02001633 (42)
  Link YS02001629YS02163301 (41)
  Link YS02001619YS02001622 (40)
  Link YS02164001YS02001641 (38)
  
  
  *************************
  Routing Time Step Summary
  *************************
  Minimum Time Step           :     0.02 sec
  Average Time Step           :     0.84 sec
  Maximum Time Step           :     5.00 sec
  Percent in Steady State     :    -0.00
  Average Iterations per Step :     4.46
  Percent Not Converging      :    18.47
  
  
  ***************************
  Subcatchment Runoff Summary
  ***************************
  
  ------------------------------------------------------------------------------------------------------------------------------
                            Total      Total      Total      Total     Imperv       Perv      Total       Total     Peak  Runoff
                           Precip      Runon       Evap      Infil     Runoff     Runoff     Runoff      Runoff   Runoff   Coeff
  Subcatchment                 mm         mm         mm         mm         mm         mm         mm    10^6 ltr      LPS
  ------------------------------------------------------------------------------------------------------------------------------
  sub0                      11.86       0.00       0.00       0.61      10.99       0.22      11.21        0.01     2.31   0.945
  sub1                      11.86       0.00       0.00       1.04      10.47       0.27      10.74        0.07    16.09   0.905
  sub2                      11.86       0.00       0.00       4.00       7.39       0.38       7.78        0.07    15.42   0.656
  sub3                      11.86       0.00       0.00       4.09       7.35       0.30       7.65        0.17    34.60   0.645
  sub4                      11.86       0.00       0.00       1.11      10.32       0.19      10.51        0.22    41.58   0.886
  sub5                      11.86       0.00       0.00       0.64      10.94       0.19      11.13        0.13    28.41   0.938
  sub7                      11.86       0.00       0.00       0.81      10.73       0.26      10.99        0.04     8.89   0.926
  sub8                      11.86       0.00       0.00       0.82      10.72       0.25      10.97        0.07    16.44   0.925
  sub9                      11.86       0.00       0.00       0.82      10.72       0.25      10.97        0.05    12.31   0.925
  sub10                     11.86       0.00       0.00       0.73      10.83       0.22      11.04        0.12    27.78   0.931
  sub11                     11.86       0.00       0.00       0.72      10.84       0.23      11.07        0.13    30.38   0.933
  sub12                     11.86       0.00       0.00       1.17      10.27       0.37      10.64        0.09    23.20   0.897
  sub14                     11.86       0.00       0.00       0.82      10.72       0.24      10.96        0.10    24.26   0.924
  sub15                     11.86       0.00       0.00       3.07       8.24       0.49       8.73        0.15    34.06   0.736
  sub16                     11.86       0.00       0.00       3.26       7.91       0.65       8.56        0.09    21.55   0.722
  sub17                     11.86       0.00       0.00       3.18       8.02       0.62       8.64        0.07    17.70   0.729
  sub22                     11.86       0.00       0.00       4.51       6.72       0.59       7.31        0.46   106.14   0.616
  sub23                     11.86       0.00       0.00       3.79       7.43       0.60       8.03        0.38    89.15   0.677
  sub60                     11.86       0.00       0.00       1.36       8.66       0.06       8.72        2.64   299.31   0.735
  sub61                     11.86       0.00       0.00       1.93       8.76       0.09       8.84        2.73   350.50   0.746
  sub62                     11.86       0.00       0.00       0.88       9.54       0.07       9.61        2.95   364.68   0.810
  sub63                     11.86       0.00       0.00       3.35       7.65       0.09       7.75        2.34   317.98   0.653
  sub64                     11.86       0.00       0.00       1.72       8.31       0.06       8.37        2.55   285.89   0.706
  sub65                     11.86       0.00       0.00       1.48       8.45       0.06       8.51        2.62   291.36   0.718
  sub66                     11.86       0.00       0.00       3.38       7.12       0.06       7.18        2.20   257.01   0.605
  sub67                     11.86       0.00       0.00       0.86      10.02       0.09      10.12        3.12   436.41   0.853
  sub68                     11.86       0.00       0.00       1.57       9.20       0.09       9.29        2.86   379.93   0.784
  sub69                     11.86       0.00       0.00       1.65       9.50       0.13       9.64        2.25   346.04   0.812
  sub70                     11.86       9.84       0.00       6.77      12.87       0.60      13.47        3.08   370.34   0.621
  sub71                     11.86       0.00       0.00       0.88       9.30       0.06       9.37        2.21   261.05   0.790
  sub72                     11.86       0.00       0.00       0.80       7.51       0.03       7.55        1.54   139.19   0.636
  1                         11.86      13.11       0.00       1.40      14.45       3.92      18.36        4.31   379.11   0.735
  2                         11.86       0.00       0.00       3.09       2.83       1.63       4.45        1.78   214.63   0.376
  
  
  ****************************
  Subcatchment Washoff Summary
  ****************************
  
  ------------------------------------------------------------------------------------------
                                 COD            SS            TN            TP         NH4-N
  Subcatchment                    kg            kg            kg            kg            kg
  ------------------------------------------------------------------------------------------
  sub0                         2.208         4.243         0.037         0.003         0.018
  sub1                         9.451        18.666         0.176         0.012         0.085
  sub2                         5.736        11.006         0.121         0.008         0.056
  sub3                        14.113        26.857         0.293         0.020         0.135
  sub4                        21.769        43.416         0.431         0.026         0.207
  sub5                        21.704        42.272         0.385         0.029         0.186
  sub7                         4.821         9.653         0.091         0.006         0.044
  sub8                         7.237        14.820         0.144         0.008         0.069
  sub9                         6.192        12.507         0.119         0.008         0.057
  sub10                       17.847        35.201         0.326         0.023         0.157
  sub11                       17.357        34.610         0.324         0.022         0.156
  sub12                       14.663        28.667         0.264         0.020         0.127
  sub14                       13.236        26.485         0.250         0.017         0.120
  sub15                       16.729        32.102         0.322         0.023         0.151
  sub16                       10.699        20.474         0.203         0.015         0.095
  sub17                        9.827        18.641         0.181         0.014         0.085
  sub22                       51.006        95.869         0.969         0.073         0.452
  sub23                       30.174        58.744         0.643         0.042         0.295
  sub60                      200.593       370.665         4.019         0.245         1.925
  sub61                      249.101       458.663         4.652         0.317         2.238
  sub62                      259.557       486.172         5.088         0.320         2.441
  sub63                      184.131       334.041         3.712         0.260         1.719
  sub64                      250.012       445.481         4.614         0.334         2.200
  sub65                      256.031       458.099         4.757         0.338         2.272
  sub66                      144.593       259.823         2.994         0.194         1.397
  sub67                      386.300       717.639         6.920         0.507         3.342
  sub68                      274.674       511.081         5.270         0.353         2.516
  sub69                      248.178       467.332         4.656         0.326         2.224
  sub70                      412.533       779.067         8.255         0.571         3.863
  sub71                      171.252       323.491         3.542         0.203         1.694
  sub72                      133.561       234.071         2.508         0.170         1.206
  1                          284.514       540.592         5.811         0.402         2.690
  2                           34.938        60.985         1.012         0.061         0.430
  ------------------------------------------------------------------------------------------
  System                    3764.739      6981.434        73.088         4.969        34.651
  
  
  ******************
  Node Depth Summary
  ******************
  
  ---------------------------------------------------------------------------------
                                 Average  Maximum  Maximum  Time of Max    Reported
                                   Depth    Depth      HGL   Occurrence   Max Depth
  Node                 Type       Meters   Meters   Meters  days hr:min      Meters
  ---------------------------------------------------------------------------------
  WS02001211           JUNCTION     0.20     0.29     5.13     0  02:35        0.29
  WS02001212           JUNCTION     0.03     0.12     5.19     0  02:34        0.12
  WS02001213           JUNCTION     0.34     0.48     5.24     0  02:33        0.48
  WS02003069           JUNCTION     0.19     0.34     4.93     0  02:34        0.34
  WS02003072           JUNCTION     0.25     0.41     4.78     0  02:34        0.41
  WS02003073           JUNCTION     0.14     0.24     4.31     0  02:35        0.24
  WS02003060           JUNCTION     0.17     0.31     5.24     0  02:33        0.31
  WS02003066           JUNCTION     0.16     0.26     5.82     0  02:31        0.26
  WS02003059           JUNCTION     0.41     0.55     5.24     0  02:33        0.55
  WS02003067           JUNCTION     0.42     0.64     5.96     0  02:31        0.64
  WS02004401           JUNCTION     0.48     0.74     6.74     0  02:27        0.74
  WS02004402           JUNCTION     0.51     0.77     6.73     0  02:27        0.77
  WS02004403           JUNCTION     0.54     0.79     6.72     0  02:28        0.79
  WS02004404           JUNCTION     0.62     0.87     6.72     0  02:28        0.87
  WS02004406           JUNCTION     0.64     0.87     6.70     0  02:28        0.87
  WS02004409           JUNCTION     0.28     0.56     6.33     0  02:30        0.56
  WS02004410           JUNCTION     0.31     0.58     6.30     0  02:30        0.58
  WS02004411           JUNCTION     0.34     0.59     6.27     0  02:31        0.59
  WS02004412           JUNCTION     0.36     0.61     6.25     0  02:31        0.61
  WS02004413           JUNCTION     0.52     0.77     6.24     0  02:31        0.77
  WS02004405           JUNCTION     0.62     0.86     6.71     0  02:28        0.86
  WS02006109           JUNCTION     0.51     0.80     7.42     0  02:24        0.80
  WS02006110           JUNCTION     0.53     0.79     7.38     0  02:24        0.79
  WS02006111           JUNCTION     0.13     0.24     6.95     0  02:24        0.24
  WS02006112           JUNCTION     0.62     0.92     6.80     0  02:26        0.92
  WS02006113           JUNCTION     0.19     0.37     7.27     0  02:24        0.37
  WS02006115           JUNCTION     0.35     0.63     6.77     0  02:27        0.63
  WS02006116           JUNCTION     0.44     0.71     6.75     0  02:27        0.71
  WS02006230           JUNCTION     0.40     0.73     7.47     0  02:24        0.73
  WS02006231           JUNCTION     0.19     0.34     7.46     0  02:24        0.34
  WS02006232           JUNCTION     0.28     0.42     7.46     0  02:24        0.42
  WS02006234           JUNCTION     0.17     0.28     7.44     0  02:24        0.28
  WS02006235           JUNCTION     0.18     0.25     7.41     0  02:25        0.25
  WS02006238           JUNCTION     0.21     0.27     7.42     0  02:25        0.27
  WS02006240           JUNCTION     0.14     0.18     7.47     0  02:27        0.18
  WS02006242           JUNCTION     0.20     0.25     7.52     0  02:27        0.25
  WS02006243           JUNCTION     0.12     0.15     7.57     0  02:25        0.15
  WS02006245           JUNCTION     0.14     0.17     7.66     0  02:25        0.17
  WS02006247           JUNCTION     0.16     0.20     7.70     0  02:24        0.20
  WS02006248           JUNCTION     0.12     0.15     7.74     0  02:23        0.15
  WS02006249           JUNCTION     0.16     0.20     7.80     0  02:23        0.20
  WS02006239           JUNCTION     0.16     0.22     7.43     0  02:26        0.22
  WS02006251           JUNCTION     0.14     0.18     7.85     0  02:22        0.18
  WS02006252           JUNCTION     0.33     0.35     8.59     0  01:49        0.35
  WS02006253           JUNCTION     0.18     0.30     7.94     0  02:22        0.30
  WS02006256           JUNCTION     2.16     2.35     9.28     0  00:00        2.35
  WS02004138           JUNCTION     0.10     0.10     7.35     0  00:02        0.10
  WS02004139           JUNCTION     0.10     0.12     5.03     0  02:36        0.12
  WS02004407           JUNCTION     0.13     0.25     6.57     0  02:28        0.25
  WS02006228           JUNCTION     0.49     0.80     7.45     0  02:24        0.80
  WS02006229           JUNCTION     0.45     0.78     7.47     0  02:24        0.78
  WS02006280           JUNCTION     0.07     0.21     8.48     0  02:23        0.21
  WS02006284           JUNCTION     0.38     0.57     8.97     0  02:23        0.57
  WS02006287           JUNCTION     0.11     0.31     9.26     0  02:22        0.31
  WSF200               JUNCTION     0.12     0.24     5.48     0  02:31        0.24
  HS02004901           JUNCTION     0.13     0.30    10.13     0  02:21        0.30
  HS02004881           JUNCTION     0.01     0.04     9.07     0  02:22        0.04
  HS02004876           JUNCTION     0.05     0.13     9.16     0  02:22        0.13
  HS02004870           JUNCTION     0.02     0.07     9.36     0  02:22        0.07
  HS02004862           JUNCTION     0.02     0.08     9.47     0  02:23        0.08
  HS02004856           JUNCTION     0.08     0.13     9.56     0  02:22        0.13
  HS02004852           JUNCTION     0.01     0.05     9.56     0  02:23        0.05
  HS02004848           JUNCTION     0.01     0.05     9.65     0  02:22        0.05
  HS02004842           JUNCTION     0.34     0.38     9.65     0  02:22        0.38
  HS02004837           JUNCTION     0.03     0.07     9.65     0  02:22        0.07
  HS02004830           JUNCTION     0.04     0.09     9.56     0  02:23        0.09
  HS02004824           JUNCTION     0.03     0.06     9.47     0  02:24        0.06
  HS02004817           JUNCTION     0.45     0.62     9.46     0  02:23        0.62
  HS02004807           JUNCTION     0.13     0.29     9.46     0  02:23        0.29
  HS02004802           JUNCTION     0.17     0.32     9.45     0  02:23        0.32
  HS02004799           JUNCTION     0.13     0.36     9.58     0  02:21        0.36
  HS02004792           JUNCTION     0.04     0.16     9.68     0  02:21        0.16
  HS02004788           JUNCTION     0.03     0.11    10.01     0  02:21        0.11
  HS02004785           JUNCTION     0.05     0.19    10.09     0  02:21        0.19
  HS02004777           JUNCTION     0.16     0.32    10.12     0  02:21        0.32
  HS02004770           JUNCTION     0.13     0.29    10.12     0  02:21        0.29
  HS02004480           JUNCTION     0.09     0.29     9.53     0  02:21        0.29
  HS02004479           JUNCTION     0.13     0.33     9.53     0  02:21        0.33
  HS02004478           JUNCTION     0.07     0.20     9.43     0  02:22        0.20
  YS02001745           JUNCTION     0.74     0.89     8.41     0  03:06        0.89
  YS02001748           JUNCTION     1.14     2.04     9.12     0  02:26        1.33
  YS02001751           JUNCTION     1.32     1.98     8.86     0  02:26        1.54
  YS02001754           JUNCTION     1.58     1.97     8.58     0  02:26        1.83
  YS02001762           JUNCTION     1.79     2.12     8.52     0  08:00        2.12
  YS02001765           JUNCTION     1.74     2.08     8.53     0  08:00        2.08
  YS02001767           JUNCTION     1.70     2.02     8.51     0  08:00        2.02
  YS02001770           JUNCTION     1.70     1.95     8.44     0  08:00        1.95
  YS02001774           JUNCTION     1.77     2.03     8.45     0  08:00        2.03
  YS02001779           JUNCTION     1.51     1.68     8.37     0  02:24        1.68
  YS02001882           JUNCTION     0.55     1.60     8.32     0  02:39        1.59
  YS02001884           JUNCTION     0.64     1.71     8.32     0  02:43        1.70
  YS02001759           JUNCTION     1.82     2.14     8.51     0  08:00        2.14
  YS02001887           JUNCTION     0.72     1.79     8.32     0  02:42        1.77
  YS02001890           JUNCTION     0.75     1.81     8.31     0  02:45        1.80
  YS02001898           JUNCTION     0.52     1.55     8.29     0  02:43        1.54
  YS02001901           JUNCTION     0.64     1.67     8.28     0  02:45        1.67
  YS02001904           JUNCTION     0.61     1.64     8.27     0  02:58        1.63
  YS02001907           JUNCTION     0.95     1.96     8.25     0  02:38        1.96
  YS02001910           JUNCTION     0.73     1.77     8.28     0  02:39        1.76
  YS02001915           JUNCTION     0.53     1.57     8.29     0  02:39        1.56
  YS02001918           JUNCTION     0.28     1.22     8.29     0  02:39        1.22
  YS02001619           JUNCTION     1.29     1.61     8.54     0  08:00        1.61
  YS02001629           JUNCTION     1.65     1.85     8.40     0  02:21        1.85
  YS02001641           JUNCTION     1.75     2.09     8.53     0  08:00        2.09
  YS02001644           JUNCTION     1.76     1.92     8.35     0  02:23        1.92
  YS02001652           JUNCTION     1.60     2.16     8.76     0  03:40        1.92
  YS02001655           JUNCTION     1.36     2.20     9.05     0  02:40        1.75
  YS02001920           JUNCTION     0.38     1.29     8.30     0  02:39        1.28
  YS02001923           JUNCTION     0.22     1.04     8.30     0  02:39        1.03
  YS02001926           JUNCTION     0.27     0.86     8.30     0  02:39        0.85
  YS02001929           JUNCTION     0.15     0.61     8.30     0  02:39        0.60
  YS02001658           JUNCTION     1.08     2.24     9.38     0  02:40        1.53
  YS02001661           JUNCTION     0.85     2.31     9.72     0  02:40        1.36
  YS02001664           JUNCTION     0.38     0.57     8.49     0  03:43        0.56
  YS02001622           JUNCTION     1.31     1.62     8.52     0  08:00        1.62
  YS02001633           JUNCTION     1.75     2.08     8.53     0  08:00        2.08
  YS02001649           JUNCTION     1.80     2.05     8.44     0  02:36        2.05
  YS02001757           JUNCTION     1.92     2.21     8.47     0  08:00        2.21
  YS02001895           JUNCTION     0.51     1.55     8.30     0  02:54        1.54
  YS02001625           JUNCTION     1.60     1.78     8.38     0  02:20        1.78
  YS02163301           JUNCTION     1.68     2.00     8.52     0  08:00        2.00
  YS02163601           JUNCTION     1.80     2.08     8.48     0  08:00        2.08
  YS02164001           JUNCTION     1.73     2.10     8.56     0  08:00        2.10
  YS02001647           JUNCTION     1.58     1.86     8.47     0  08:00        1.86
  YSB1154              JUNCTION     0.27     0.48     9.54     0  02:21        0.48
  YSB6556              JUNCTION     0.16     0.37     9.54     0  02:21        0.37
  YSB1174              JUNCTION     0.22     0.43     9.54     0  02:21        0.43
  YSB1171              JUNCTION     0.42     0.63     9.54     0  02:21        0.63
  YS02006553           JUNCTION     0.95     1.96     8.24     0  02:43        1.95
  YS02006561           JUNCTION     0.28     0.85     7.51     0  02:41        0.85
  YS02006556           JUNCTION     0.91     1.90     8.21     0  02:38        1.89
  YS02006558           JUNCTION     0.95     1.93     8.20     0  02:44        1.92
  YS02001783           JUNCTION     0.47     1.20     7.34     0  02:46        1.19
  YS02001784           JUNCTION     0.48     1.10     7.16     0  02:41        1.09
  YS02001786           JUNCTION     0.40     0.91     6.94     0  03:13        0.91
  YS02001788           JUNCTION     0.30     0.78     6.76     0  03:13        0.78
  YS02001790           JUNCTION     0.36     0.95     6.60     0  03:14        0.95
  YS02001791           JUNCTION     0.24     0.93     6.40     0  03:14        0.93
  YS02001793           JUNCTION     0.21     1.46     6.29     0  03:14        1.45
  WSC                  OUTFALL      0.14     0.24     0.91     0  02:35        0.24
  3                    OUTFALL      0.00     0.00     7.16     0  00:00        0.00
  4                    OUTFALL      0.00     0.00     7.67     0  00:00        0.00
  5                    OUTFALL      0.00     0.00     4.91     0  00:00        0.00
  JK-storage           STORAGE      0.68     5.46     6.26     0  03:14        5.46
  CC-storage           STORAGE      1.14     1.39     8.39     0  03:10        1.39
  XR-storage           STORAGE      7.69     7.72     5.72     0  00:51        7.72
  
  
  *******************
  Node Inflow Summary
  *******************
  
  -------------------------------------------------------------------------------------------------
                                  Maximum  Maximum                  Lateral       Total        Flow
                                  Lateral    Total  Time of Max      Inflow      Inflow     Balance
                                   Inflow   Inflow   Occurrence      Volume      Volume       Error
  Node                 Type           LPS      LPS  days hr:min    10^6 ltr    10^6 ltr     Percent
  -------------------------------------------------------------------------------------------------
  WS02001211           JUNCTION      7.35    50.87     0  02:34       0.212       0.365       1.249
  WS02001212           JUNCTION      0.00    43.58     0  02:33           0       0.152       0.011
  WS02001213           JUNCTION      0.00    43.75     0  02:32           0       0.163       5.753
  WS02003069           JUNCTION      0.32   364.47     0  02:33     0.00922        3.09       0.190
  WS02003072           JUNCTION      0.00   364.34     0  02:34           0        3.08       0.304
  WS02003073           JUNCTION      1.82   366.12     0  02:34      0.0524        3.12       0.264
  WS02003060           JUNCTION     16.53   408.06     0  02:32       0.476        3.27       0.170
  WS02003066           JUNCTION      0.00   391.52     0  02:31           0        2.79       0.064
  WS02003059           JUNCTION      0.00    68.61     0  01:55           0       0.187      10.385
  WS02003067           JUNCTION      0.00   391.51     0  02:31           0        2.79       0.172
  WS02004401           JUNCTION      0.00   393.94     0  02:26           0        2.91       0.403
  WS02004402           JUNCTION      0.00   393.54     0  02:26           0         2.9       0.405
  WS02004403           JUNCTION      0.00   393.30     0  02:27           0        2.89       0.389
  WS02004404           JUNCTION      0.16   393.32     0  02:27     0.00467        2.88       0.316
  WS02004406           JUNCTION      0.00   393.25     0  02:27           0        2.86       0.783
  WS02004409           JUNCTION      0.00   393.21     0  02:28           0        2.84       0.153
  WS02004410           JUNCTION      0.00   392.60     0  02:29           0        2.83       0.218
  WS02004411           JUNCTION      0.00   392.12     0  02:29           0        2.83       0.258
  WS02004412           JUNCTION      0.00   391.79     0  02:30           0        2.82       0.327
  WS02004413           JUNCTION      0.00   391.59     0  02:31           0        2.81       0.563
  WS02004405           JUNCTION      0.04   393.31     0  02:27      0.0011        2.87       0.487
  WS02006109           JUNCTION      1.23   379.54     0  02:24      0.0354         2.9       0.416
  WS02006110           JUNCTION      0.00   379.52     0  02:24           0        2.89       0.369
  WS02006111           JUNCTION      0.00   386.95     0  02:24           0        2.87       0.042
  WS02006112           JUNCTION     17.70   396.75     0  02:24      0.0741        2.95       0.548
  WS02006113           JUNCTION      0.00   379.53     0  02:24           0        2.88       0.091
  WS02006115           JUNCTION      0.00   395.48     0  02:25           0        2.93       0.334
  WS02006116           JUNCTION      0.00   394.56     0  02:25           0        2.92       0.261
  WS02006230           JUNCTION     10.28    73.40     0  02:22       0.296       0.944       0.533
  WS02006231           JUNCTION      0.00    73.02     0  02:23           0       0.678       0.232
  WS02006232           JUNCTION      0.00    72.71     0  02:24           0       0.683       0.739
  WS02006234           JUNCTION      0.00    72.60     0  02:24           0       0.684       0.090
  WS02006235           JUNCTION      0.00   408.76     0  02:25           0        6.96       0.044
  WS02006238           JUNCTION      0.00    49.12     0  00:00           0       0.726       0.237
  WS02006240           JUNCTION      0.00    47.22     0  02:27           0        0.72       0.322
  WS02006242           JUNCTION      0.00    47.27     0  02:25           0       0.723       0.523
  WS02006243           JUNCTION      0.00    47.28     0  02:25           0       0.724       0.161
  WS02006245           JUNCTION      0.00    47.29     0  02:24           0       0.727       0.352
  WS02006247           JUNCTION      0.00    47.30     0  02:23           0       0.729       0.289
  WS02006248           JUNCTION      0.00    47.30     0  02:23           0        0.73       0.094
  WS02006249           JUNCTION      0.00    47.32     0  02:22           0       0.733       0.452
  WS02006239           JUNCTION      0.00    47.23     0  02:28           0       0.722       0.284
  WS02006251           JUNCTION      0.08   293.27     0  02:22     0.00222        4.89       0.030
  WS02006252           JUNCTION      0.00   200.00     0  01:49           0        4.47       0.010
  WS02006253           JUNCTION      2.31    93.20     0  02:22     0.00907       0.414       0.479
  WS02006256           JUNCTION      0.00   983.00     0  00:00           0        13.5      -0.008
  WS02004138           JUNCTION      0.00    95.00     0  00:00           0        2.74       0.087
  WS02004139           JUNCTION      0.32   146.09     0  02:35     0.00924         3.1       0.072
  WS02004407           JUNCTION      0.00   393.23     0  02:28           0        2.84       0.073
  WS02006228           JUNCTION      0.00   378.31     0  02:23           0        2.87       0.266
  WS02006229           JUNCTION      0.00   441.29     0  02:23           0        2.97       0.274
  WS02006280           JUNCTION      0.00   441.29     0  02:23           0        2.15       0.003
  WS02006284           JUNCTION      0.10   441.27     0  02:23     0.00275        2.15       0.054
  WS02006287           JUNCTION      0.00   441.14     0  02:22           0        2.15       0.032
  WSF200               JUNCTION      0.00   391.52     0  02:31           0        2.79       0.035
  HS02004901           JUNCTION     21.55    21.55     0  02:18      0.0896      0.0898       1.997
  HS02004881           JUNCTION      8.89    91.09     0  02:22       0.037       0.405       0.015
  HS02004876           JUNCTION     16.09    82.52     0  02:22      0.0714       0.368       0.146
  HS02004870           JUNCTION     16.44    66.60     0  02:22      0.0701       0.297       0.036
  HS02004862           JUNCTION     15.62    50.61     0  02:22      0.0782       0.227       0.076
  HS02004856           JUNCTION     12.31    35.03     0  02:22      0.0527        0.15       0.967
  HS02004852           JUNCTION      0.00    23.03     0  02:22           0      0.0974       0.055
  HS02004848           JUNCTION     34.60    34.60     0  02:24       0.172       0.172       0.026
  HS02004842           JUNCTION      0.00    12.13     0  02:33           0      0.0879      17.365
  HS02004837           JUNCTION     34.13    45.25     0  02:22       0.305        0.38       0.215
  HS02004830           JUNCTION      0.15    45.37     0  02:22     0.00432        0.37       0.334
  HS02004824           JUNCTION     41.63    86.88     0  02:24       0.221       0.589       0.092
  HS02004817           JUNCTION      0.60    87.47     0  02:24      0.0173       0.606       2.828
  HS02004807           JUNCTION     30.38   116.53     0  02:23       0.129       0.718       0.607
  HS02004802           JUNCTION      0.00   116.78     0  02:24           0       0.715       0.554
  HS02004799           JUNCTION     24.26   275.05     0  02:21       0.104        1.24       0.216
  HS02004792           JUNCTION    106.42   251.07     0  02:21        0.47        1.13       0.036
  HS02004788           JUNCTION     35.73   145.41     0  02:21       0.198       0.666       0.059
  HS02004785           JUNCTION      0.15   109.88     0  02:21     0.00432       0.469       0.103
  HS02004777           JUNCTION      0.03   109.91     0  02:20    0.000864       0.469       1.117
  HS02004770           JUNCTION     89.15   110.33     0  02:19       0.383       0.471       0.661
  HS02004480           JUNCTION      0.00   325.29     0  02:21           0        1.45       0.079
  HS02004479           JUNCTION      0.00    50.40     0  02:22           0       0.228       0.322
  HS02004478           JUNCTION      0.00   441.12     0  02:22           0        2.15       0.015
  YS02001745           JUNCTION    299.31   317.33     0  02:24        2.64        2.64       0.418
  YS02001748           JUNCTION      0.04   552.22     0  02:24      0.0013        2.63       0.887
  YS02001751           JUNCTION      0.01   309.21     0  02:52    0.000317        2.61       0.915
  YS02001754           JUNCTION      0.26   309.33     0  02:52     0.00749        2.59       0.968
  YS02001762           JUNCTION      0.00   353.97     0  02:37           0        1.87       1.140
  YS02001765           JUNCTION      0.00   354.15     0  02:37           0        1.87       1.313
  YS02001767           JUNCTION      0.54   354.18     0  02:37      0.0154         1.9       1.917
  YS02001770           JUNCTION    364.84   414.02     0  03:09        2.96        3.12       1.025
  YS02001774           JUNCTION      0.00   414.62     0  03:09           0        1.36       1.862
  YS02001779           JUNCTION      0.01   414.81     0  03:09    0.000144        1.34       1.170
  YS02001882           JUNCTION      0.00    15.51     0  02:24           0      0.0206      11.678
  YS02001884           JUNCTION      0.00    28.33     0  02:18           0      0.0565      11.903
  YS02001759           JUNCTION    350.54   696.18     0  02:37        2.73        4.41       0.520
  YS02001887           JUNCTION    436.86   437.31     0  02:41        3.13        3.16       0.264
  YS02001890           JUNCTION      0.00   437.31     0  02:41           0        3.12       0.291
  YS02001898           JUNCTION      0.00   437.40     0  02:42           0         3.1       0.101
  YS02001901           JUNCTION      0.00   437.41     0  02:41           0         3.1       0.215
  YS02001904           JUNCTION      0.00   437.43     0  02:42           0         3.1       0.199
  YS02001907           JUNCTION      0.00   847.38     0  02:40           0         6.9       0.345
  YS02001910           JUNCTION      0.00   425.30     0  03:07           0        3.82       0.303
  YS02001915           JUNCTION    261.07   425.14     0  03:07        2.21        3.82       0.155
  YS02001918           JUNCTION      0.00   190.04     0  03:08           0        1.61       0.123
  YS02001619           JUNCTION    257.01   257.01     0  02:58         2.2         2.2       0.559
  YS02001629           JUNCTION      0.00   222.40     0  02:28           0        1.68       1.746
  YS02001641           JUNCTION      0.00   466.27     0  02:28           0         4.2       0.500
  YS02001644           JUNCTION    285.93  1152.56     0  03:06        2.55        9.16       0.285
  YS02001652           JUNCTION      0.00   365.16     0  02:39           0         2.3       1.002
  YS02001655           JUNCTION      0.15   365.12     0  02:39     0.00443        2.32       1.101
  YS02001920           JUNCTION      2.87   190.01     0  03:08      0.0827        1.62       0.185
  YS02001923           JUNCTION      0.04   171.59     0  03:08     0.00109        1.54       0.053
  YS02001926           JUNCTION      0.05   148.50     0  03:07      0.0015        1.54       0.202
  YS02001929           JUNCTION    139.19   139.19     0  03:01        1.54        1.54       0.035
  YS02001658           JUNCTION      0.00   496.75     0  02:23           0        2.34       1.005
  YS02001661           JUNCTION      0.00   708.06     0  02:36           0        3.07      -0.192
  YS02001664           JUNCTION    317.98   351.17     0  02:36        2.34        3.08       0.229
  YS02001622           JUNCTION      0.00   257.30     0  02:57           0        2.19       1.473
  YS02001633           JUNCTION    291.56   466.67     0  02:28        2.62        4.25       0.761
  YS02001649           JUNCTION      0.00  1002.03     0  02:30           0        5.25       0.704
  YS02001757           JUNCTION      0.00  1907.13     0  02:30           0        9.53       0.976
  YS02001895           JUNCTION      0.00   437.38     0  02:41           0        3.11       0.159
  YS02001625           JUNCTION      0.00   257.11     0  02:57           0        2.16       1.837
  YS02163301           JUNCTION      0.00   222.50     0  02:28           0        1.66       1.470
  YS02163601           JUNCTION      0.11   466.75     0  02:28     0.00317        4.22       0.717
  YS02164001           JUNCTION      0.00   466.64     0  02:28           0         4.2       0.480
  YS02001647           JUNCTION      0.00   707.93     0  02:29           0        4.25       0.673
  YSB1154              JUNCTION     28.41    28.41     0  02:20       0.126       0.127       1.153
  YSB6556              JUNCTION      0.00    28.29     0  02:20           0       0.128       0.987
  YSB1174              JUNCTION     23.20    23.20     0  02:17       0.093      0.0935       1.393
  YSB1171              JUNCTION      0.00    50.47     0  02:21           0       0.227       2.874
  YS02006553           JUNCTION      0.00   787.20     0  03:04           0        6.81       0.227
  YS02006561           JUNCTION      0.00  1139.57     0  02:43           0        9.64       0.008
  YS02006556           JUNCTION      0.00   787.20     0  03:04           0        6.81       0.165
  YS02006558           JUNCTION    380.81  1139.91     0  02:43        2.88        9.67       0.053
  YS02001783           JUNCTION      0.00  1139.43     0  02:49           0        9.64       0.024
  YS02001784           JUNCTION      1.06  1140.62     0  02:43      0.0305        9.67       0.037
  YS02001786           JUNCTION      0.06  1140.59     0  02:43     0.00162        9.66       0.035
  YS02001788           JUNCTION      0.07  1140.64     0  02:45     0.00204        9.66       0.021
  YS02001790           JUNCTION      0.15  1154.43     0  02:48     0.00446        9.67       0.030
  YS02001791           JUNCTION      0.00  1259.38     0  03:01           0        9.66       0.006
  YS02001793           JUNCTION      0.00  1207.89     0  03:01           0        9.66       0.003
  WSC                  OUTFALL       0.00   366.04     0  02:35           0        3.12       0.000
  3                    OUTFALL       0.00   408.75     0  02:25           0        6.39       0.000
  4                    OUTFALL       0.00   245.95     0  02:22           0        4.15       0.000
  5                    OUTFALL       0.00   146.08     0  02:36           0         3.1       0.000
  JK-storage           STORAGE       0.00  1216.08     0  02:54           0        9.81     -27.528
  CC-storage           STORAGE       0.00  1907.31     0  02:30           0        8.23       0.785
  XR-storage           STORAGE     779.00   779.00     0  03:01        11.9        12.5       0.001
  
  
  **********************
  Node Surcharge Summary
  **********************
  
  Surcharging occurs when water rises above the top of the highest conduit.
  ---------------------------------------------------------------------
                                               Max. Height   Min. Depth
                                   Hours       Above Crown    Below Rim
  Node                 Type      Surcharged         Meters       Meters
  ---------------------------------------------------------------------
  WS02006256           JUNCTION        6.47          2.050        0.000
  YS02001748           JUNCTION        5.54          0.964        0.226
  YS02001751           JUNCTION        5.68          0.979        0.221
  YS02001754           JUNCTION        5.77          0.924        0.226
  YS02001762           JUNCTION        5.98          1.123        0.027
  YS02001765           JUNCTION        5.96          1.077        0.023
  YS02001767           JUNCTION        5.94          1.022        0.008
  YS02001770           JUNCTION        5.92          0.920        0.000
  YS02001774           JUNCTION        5.97          1.026        0.024
  YS02001779           JUNCTION        5.77          0.680        0.000
  YS02001882           JUNCTION        0.92          0.603        0.227
  YS02001884           JUNCTION        0.95          0.646        0.224
  YS02001759           JUNCTION        5.99          1.143        0.067
  YS02001887           JUNCTION        1.05          0.735        0.215
  YS02001890           JUNCTION        1.08          0.758        0.002
  YS02001898           JUNCTION        0.86          0.524        0.216
  YS02001901           JUNCTION        1.00          0.669        0.201
  YS02001904           JUNCTION        0.98          0.637        0.213
  YS02001907           JUNCTION        1.68          0.950        0.000
  YS02001910           JUNCTION        1.13          0.769        0.331
  YS02001915           JUNCTION        0.90          0.569        0.431
  YS02001918           JUNCTION        0.57          0.224        0.586
  YS02001619           JUNCTION        5.70          0.610        0.000
  YS02001629           JUNCTION        5.70          0.470        0.000
  YS02001641           JUNCTION        5.96          1.093        0.007
  YS02001644           JUNCTION        5.96          0.920        0.000
  YS02001652           JUNCTION        5.79          1.130        0.000
  YS02001655           JUNCTION        5.70          1.196        0.004
  YS02001920           JUNCTION        0.62          0.294        0.846
  YS02001658           JUNCTION        5.56          1.242        0.058
  YS02001661           JUNCTION        0.27          1.241        0.149
  YS02001622           JUNCTION        5.71          0.620        0.000
  YS02001633           JUNCTION        5.94          1.060        0.000
  YS02001649           JUNCTION        5.98          1.050        0.000
  YS02001757           JUNCTION        6.07          1.207        0.003
  YS02001895           JUNCTION        0.88          0.552        0.198
  YS02001625           JUNCTION        5.90          0.780        0.000
  YS02163301           JUNCTION        5.93          1.004        0.026
  YS02163601           JUNCTION        5.98          1.080        0.000
  YS02164001           JUNCTION        5.95          1.100        0.000
  YS02001647           JUNCTION        5.81          0.855        0.045
  YS02006553           JUNCTION        1.74          0.957        0.233
  YS02006561           JUNCTION        0.49          0.053        1.097
  YS02006556           JUNCTION        1.35          0.858        0.492
  YS02006558           JUNCTION        1.32          0.833        0.567
  YS02001783           JUNCTION        1.06          0.402        1.198
  YS02001784           JUNCTION        1.02          0.296        1.194
  YS02001786           JUNCTION        0.78          0.112        1.318
  YS02001790           JUNCTION        0.22          0.153        1.004
  YS02001791           JUNCTION        0.21          0.128        1.792
  YS02001793           JUNCTION        0.36          0.460        2.140
  
  
  *********************
  Node Flooding Summary
  *********************
  
  Flooding refers to all water that overflows a node, whether it ponds or not.
  --------------------------------------------------------------------------
                                                             Total   Maximum
                                 Maximum   Time of Max       Flood    Ponded
                        Hours       Rate    Occurrence      Volume     Depth
  Node                 Flooded       LPS   days hr:min    10^6 ltr    Meters
  --------------------------------------------------------------------------
  WS02006256              5.08    978.40      0  00:00       7.420     0.000
  YS02001770              0.01      0.37      0  08:00       0.000     0.000
  YS02001779              2.68    414.78      0  03:09       1.318     0.000
  YS02001907              0.41     87.43      0  02:40       0.084     0.000
  YS02001619              0.01      0.38      0  08:00       0.000     0.000
  YS02001629              0.01     20.67      0  02:21       0.000     0.000
  YS02001644              5.08   1152.53      0  03:06       7.327     0.000
  YS02001652              0.01      1.91      0  03:40       0.000     0.000
  YS02001622              0.01      0.28      0  08:00       0.000     0.000
  YS02001633              0.01      0.32      0  08:00       0.000     0.000
  YS02001649              0.10     44.75      0  02:40       0.005     0.000
  YS02001625              1.17    176.26      0  03:01       0.441     0.000
  YS02163601              0.01      0.60      0  08:00       0.000     0.000
  YS02164001              0.01      0.74      0  08:00       0.000     0.000
  XR-storage              7.14    683.98      0  03:01       8.792     0.000
  
  
  **********************
  Storage Volume Summary
  **********************
  
  --------------------------------------------------------------------------------------------------
                         Average     Avg  Evap Exfil       Maximum     Max    Time of Max    Maximum
                          Volume    Pcnt  Pcnt  Pcnt        Volume    Pcnt     Occurrence    Outflow
  Storage Unit           1000 m3    Full  Loss  Loss       1000 m3    Full    days hr:min        LPS
  --------------------------------------------------------------------------------------------------
  JK-storage               0.034      12     0     0         0.274      94       0  03:14     983.00
  CC-storage               3.178      20     0     0         3.863      25       0  03:10     200.00
  XR-storage               0.923     100     0     0         0.926     100       0  00:51      95.00
  
  
  ***********************
  Outfall Loading Summary
  ***********************
  
  ---------------------------------------------------------------------------------------------------------------------------------
                         Flow       Avg       Max       Total         Total         Total         Total         Total         Total
                         Freq      Flow      Flow      Volume           COD            SS            TN            TP         NH4-N
  Outfall Node           Pcnt       LPS       LPS    10^6 ltr            kg            kg            kg            kg            kg
  ---------------------------------------------------------------------------------------------------------------------------------
  WSC                   99.99    129.74    366.04       3.117       392.897       700.903        21.085         2.410        12.548
  3                     99.99    266.56    408.75       6.387       228.254       433.467         4.486         0.324         2.193
  4                     99.99    175.62    245.95       4.153       373.840       692.938         7.555         0.532         3.674
  5                     99.99    109.07    146.08       3.100       458.983       755.752        38.548         4.732        23.840
  ---------------------------------------------------------------------------------------------------------------------------------
  System                99.99    680.98   1145.62      16.757      1453.973      2583.060        71.674         7.998        42.256
  
  
  ********************
  Link Flow Summary
  ********************
  
  -----------------------------------------------------------------------------
                                 Maximum  Time of Max   Maximum    Max/    Max/
                                  |Flow|   Occurrence   |Veloc|    Full    Full
  Link                 Type          LPS  days hr:min     m/sec    Flow   Depth
  -----------------------------------------------------------------------------
  WS02003066WSF200     CONDUIT    391.52     0  02:31      2.65    0.07    0.19
  WS02006287WS02006284 CONDUIT    441.17     0  02:23      2.08    0.20    0.31
  WS02006284WS02006280 CONDUIT    441.29     0  02:23      2.32    0.18    0.29
  WS02006280WS02006229 CONDUIT    441.29     0  02:23      3.75    0.09    0.21
  WS02006229WS02006228 CONDUIT    378.31     0  02:23      0.76    1.25    0.97
  WS02006256WS02006235 CONDUIT    289.31     0  02:25      4.46    3.06    0.91
  WS02006253WS02006251 CONDUIT     93.19     0  02:22      0.79    0.28    0.34
  WS02006252WS02006251 CONDUIT    200.60     0  01:49      1.97    0.74    0.76
  WS02006251WS02006249 CONDUIT     47.32     0  02:22      0.57    0.14    0.27
  WS02006249WS02006248 CONDUIT     47.30     0  02:23      0.68    0.26    0.24
  WS02006248WS02006247 CONDUIT     47.30     0  02:23      0.65    0.10    0.24
  WS02006247WS02006245 CONDUIT     47.29     0  02:24      0.60    0.37    0.26
  WS02006245WS02006243 CONDUIT     47.28     0  02:25      0.73    0.14    0.22
  WS02006243WS02006242 CONDUIT     47.27     0  02:25      0.63    0.10    0.26
  WS02006242WS02006240 CONDUIT     47.22     0  02:27      0.48    0.19    0.30
  WS02006240WS02006239 CONDUIT     47.23     0  02:28      0.63    0.15    0.26
  WS02006239WS02006238 CONDUIT     47.32     0  02:28      0.47    0.15    0.34
  WS02006238WS02006235 CONDUIT     49.12     0  00:00      1.17    0.11    0.37
  WS02006235WS02006234 CONDUIT     72.57     0  02:25      0.59    0.77    0.36
  WS02006234WS02006232 CONDUIT     72.60     0  02:24      0.82    0.15    0.50
  WS02006232WS02006231 CONDUIT     72.71     0  02:24      0.35    0.15    0.53
  WS02006231WS02006230 CONDUIT     73.02     0  02:23      0.56    1.11    0.49
  WS02006230WS02006229 CONDUIT     63.12     0  02:22      0.40    1.40    1.00
  WS02006228WS02006109 CONDUIT    378.31     0  02:24      0.75    1.65    0.99
  WS02006116WS02004401 CONDUIT    393.94     0  02:26      0.65    0.54    0.73
  WS02006115WS02006116 CONDUIT    394.56     0  02:25      0.83    0.51    0.64
  WS02006113WS02006111 CONDUIT    386.95     0  02:24      2.18    0.46    0.38
  WS02006112WS02006115 CONDUIT    395.48     0  02:25      0.61    0.23    0.77
  WS02006111WS02006112 CONDUIT    380.05     0  02:24      1.11    0.18    0.64
  WS02006110WS02006113 CONDUIT    379.53     0  02:24      0.96    0.35    0.73
  WS02006109WS02006110 CONDUIT    379.52     0  02:24      0.78    0.73    0.93
  WS02004411WS02004412 CONDUIT    391.79     0  02:30      0.86    0.56    0.60
  WS02004401WS02004402 CONDUIT    393.54     0  02:26      0.62    0.47    0.75
  WS02004413WS02003067 CONDUIT    391.51     0  02:31      0.94    0.17    0.52
  WS02004412WS02004413 CONDUIT    391.59     0  02:31      0.83    0.26    0.69
  WS02004410WS02004411 CONDUIT    392.12     0  02:29      0.82    0.54    0.59
  WS02004409WS02004410 CONDUIT    392.60     0  02:29      0.85    0.51    0.57
  WS02004407WS02004409 CONDUIT    393.21     0  02:28      1.32    0.14    0.41
  WS02004406WS02004407 CONDUIT    393.23     0  02:28      0.87    0.18    0.56
  WS02004405WS02004406 CONDUIT    393.25     0  02:27      0.54    0.78    0.87
  WS02004404WS02004405 CONDUIT    393.27     0  02:27      0.55    3.85    0.86
  WS02004403WS02004404 CONDUIT    393.16     0  02:27      0.57    0.28    0.83
  WS02004402WS02004403 CONDUIT    393.30     0  02:27      0.60    0.57    0.78
  WS02004139WS02001211 CONDUIT     50.77     0  02:35      0.57    0.06    0.13
  WS02004138WS02004139 CONDUIT     95.00     0  00:02      2.40    0.02    0.10
  WS02003067WS02003066 CONDUIT    391.52     0  02:31      1.01    0.13    0.38
  WS02001213WS02003059 CONDUIT     43.75     0  02:32      0.17    0.07    0.50
  WS02001212WS02001213 CONDUIT     43.58     0  02:33      0.65    0.07    0.14
  WS02001211WS02001212 CONDUIT     43.52     0  02:34      0.37    0.03    0.21
  WS02003072WS02003073 CONDUIT    364.30     0  02:34      1.24    0.79    0.31
  WS02003069WS02003072 CONDUIT    364.34     0  02:34      1.20    0.18    0.31
  WS02003060WS02003069 CONDUIT    364.15     0  02:33      1.48    0.14    0.27
  WS02003059WS02003060 CONDUIT     68.61     0  01:55      0.56    0.04    0.43
  HS02004901HS02004770 CONDUIT     21.26     0  02:20      0.07    0.08    0.43
  HS02004876HS02004881 CONDUIT     82.52     0  02:22      0.98    0.88    0.12
  HS02004870HS02004876 CONDUIT     66.58     0  02:22      0.67    0.04    0.14
  HS02004842HS02004848 CONDUIT     12.13     0  02:33      0.06    0.01    0.31
  HS02004837HS02004842 CONDUIT     12.41     0  02:33      0.42    0.01    0.32
  HS02004830HS02004837 CONDUIT     45.22     0  02:22      0.58    0.05    0.11
  HS02004824HS02004830 CONDUIT     45.36     0  02:23      0.60    0.06    0.11
  HS02004817HS02004824 CONDUIT     86.87     0  02:24      0.26    0.04    0.49
  HS02004770HS02004777 CONDUIT    109.88     0  02:20      0.36    0.20    0.44
  HS02004799HS02004480 CONDUIT    274.94     0  02:21      0.85    0.35    0.46
  HS02004792HS02004799 CONDUIT    251.00     0  02:21      0.97    0.15    0.37
  HS02004788HS02004792 CONDUIT    145.36     0  02:21      1.08    0.10    0.19
  HS02004785HS02004788 CONDUIT    109.84     0  02:21      0.72    0.83    0.22
  HS02004777HS02004785 CONDUIT    109.73     0  02:21      0.43    0.14    0.36
  HS02004480HS02004478 CONDUIT    325.29     0  02:21      1.30    1.37    0.36
  HS02004479HS02004480 CONDUIT     50.46     0  02:22      0.29    0.05    0.44
  HS02004862HS02004870 CONDUIT     50.59     0  02:23      0.67    0.05    0.11
  HS02004848HS02004852 CONDUIT     23.03     0  02:22      0.45    0.03    0.07
  HS02004856HS02004862 CONDUIT     35.01     0  02:22      0.50    0.03    0.10
  HS02004852HS02004856 CONDUIT     23.06     0  02:23      0.25    0.03    0.13
  HS02004802HS02004478 CONDUIT    117.15     0  02:25      0.45    0.10    0.38
  HS02004478WS02006287 CONDUIT    441.14     0  02:22      1.79    0.12    0.27
  HS02004817HS02004807 CONDUIT     87.98     0  02:26      0.20    0.05    0.65
  HS02004807HS02004802 CONDUIT    116.78     0  02:24      0.39    0.22    0.43
  YS02001759YS02001757 CONDUIT    696.67     0  02:37      0.89    0.50    1.00
  YS02001762YS02001759 CONDUIT    353.96     0  02:37      0.45    0.41    1.00
  YS02001765YS02001762 CONDUIT    353.97     0  02:37      0.45    0.33    1.00
  YS02001770YS02001767 CONDUIT    353.65     0  02:37      0.45    1.40    1.00
  YS02001774YS02001770 CONDUIT    414.62     0  03:09      0.53    0.26    1.00
  YS02001779YS02001774 CONDUIT    414.81     0  03:09      0.53    0.21    1.00
  YS02001649YS02001757 CONDUIT   1002.19     0  02:30      1.28    0.61    1.00
  YS02001767YS02001765 CONDUIT    354.15     0  02:37      0.45    0.45    1.00
  YS02006561YS02001783 CONDUIT   1139.43     0  02:49      2.27    0.59    1.00
  YS02001783YS02001784 CONDUIT   1139.56     0  02:43      2.27    1.57    1.00
  YS02001784YS02001785 CONDUIT   1140.53     0  02:43      2.27    2.65    1.00
  YS02001788YS02001790 CONDUIT   1154.27     0  02:48      2.69    0.85    0.99
  YS02001790YS02001791 CONDUIT   1259.38     0  03:01      3.42    1.37    1.00
  YS02001791YS02001793 CONDUIT   1207.89     0  03:01      6.66    0.52    1.00
  YS02001910YS02001907 CONDUIT    425.40     0  03:07      0.54    0.24    1.00
  YS02001786YS02001788 CONDUIT   1140.57     0  02:45      2.44    2.20    0.99
  YS02001915YS02001910 CONDUIT    425.30     0  03:07      0.56    0.21    1.00
  YS02001918YS02001915 CONDUIT    207.77     0  03:18      0.44    0.11    1.00
  YS02001923YS02001920 CONDUIT    187.14     0  03:08      0.71    0.08    1.00
  YS02001926YS02001923 CONDUIT    171.56     0  03:08      0.84    0.24    0.84
  YS02001929YS02001926 CONDUIT    148.45     0  03:07      0.89    0.07    0.73
  YS02001920YS02001918 CONDUIT    190.04     0  03:08      0.69    0.18    1.00
  YS02001629YS02163301 CONDUIT    222.50     0  02:28      0.28    0.27    1.00
  YS02001619YS02001622 CONDUIT    257.30     0  02:57      0.61    0.38    1.00
  YS02001622YS02001625 CONDUIT    257.11     0  02:57      0.33    0.14    1.00
  YS02001625YS02001629 CONDUIT    222.40     0  02:28      0.28    0.11    1.00
  YS02163301YS02001633 CONDUIT    222.87     0  02:28      0.28    0.21    1.00
  YS02163601YS02164001 CONDUIT    466.64     0  02:28      0.59    0.41    1.00
  YS02164001YS02001641 CONDUIT    466.27     0  02:28      0.59    0.64    1.00
  YS02001641YS02001644 CONDUIT    466.38     0  02:28      0.59    1.51    1.00
  YS02001647YS02001649 CONDUIT    707.96     0  02:29      0.90    0.37    1.00
  YS02006553YS02006556 CONDUIT    787.20     0  03:04      1.00    0.67    1.00
  YS02006556YS02006558 CONDUIT    787.20     0  03:05      1.00    0.62    1.00
  YSB6556YSB1171       CONDUIT     28.30     0  02:22      0.10    0.03    0.71
  YS02001907YS02006553 CONDUIT    787.20     0  03:04      0.87    0.93    1.00
  YS02006558YS02006561 CONDUIT   1139.57     0  02:43      4.03    2.52    1.00
  YS02001633YS02163601 CONDUIT    466.64     0  02:28      0.59    0.49    1.00
  YS02001644YS02001647 CONDUIT    707.93     0  02:29      0.90    0.42    1.00
  YS02001745YS02001748 CONDUIT    552.17     0  02:24      1.50    0.21    0.95
  YS02001748YS02001751 CONDUIT    309.20     0  02:52      1.05    0.16    1.00
  YS02001751YS02001754 CONDUIT    309.07     0  02:52      0.88    0.15    1.00
  YS02001754YS02001757 CONDUIT    309.29     0  02:52      0.39    0.12    1.00
  YS02001882YS02001884 CONDUIT     15.51     0  02:24      0.12    0.02    1.00
  YS02001884YS02001887 CONDUIT     28.33     0  02:18      0.08    0.04    1.00
  YS02001890YS02001895 CONDUIT    437.38     0  02:41      0.56    0.20    1.00
  YS02001895YS02001898 CONDUIT    437.40     0  02:42      0.61    0.76    1.00
  YS02001898YS02001901 CONDUIT    437.41     0  02:41      0.56    0.28    1.00
  YS02001901YS02001904 CONDUIT    437.43     0  02:42      0.56    0.68    1.00
  YS02001904YS02001907 CONDUIT    437.47     0  02:42      0.56    0.15    1.00
  YS02001887YS02001890 CONDUIT    437.31     0  02:41      0.56    0.75    1.00
  YS02001652YS02001649 CONDUIT    368.25     0  02:39      0.58    0.18    1.00
  YS02001655YS02001652 CONDUIT    365.16     0  02:39      0.94    0.18    1.00
  YS02001658YS02001655 CONDUIT    364.97     0  02:39      1.20    0.15    1.00
  YS02001661YS02001658 CONDUIT    496.75     0  02:23      1.58    0.19    1.00
  YS02001664YS02001661 CONDUIT    708.06     0  02:36      1.69    0.22    0.73
  YSB1154YSB6556       CONDUIT     28.29     0  02:20      0.16    0.05    0.60
  YSB1174YSB1171       CONDUIT     22.69     0  02:18      0.08    0.03    0.72
  YSB1171HS02004479    CONDUIT     50.40     0  02:22      0.54    0.03    0.57
  HS02004881HS02006253 CONDUIT     91.09     0  02:22      2.31    0.02    0.06
  YS02001793JiankangQianchi CONDUIT   1216.08     0  02:54     20.78    0.10    1.00
  YS02001757CaochengTiaoxuchi CONDUIT   1907.31     0  02:30      2.82    0.84    1.00
  WSF200WS02003060     CONDUIT    391.53     0  02:32      2.00    0.09    0.23
  1                    CONDUIT    366.04     0  02:35      2.51    0.13    0.24
  CC-Pump-1            PUMP         0.00     0  00:00              0.00
  CC-Pump-2            PUMP       200.00     0  01:49              1.00
  JK-Pump-1            PUMP       300.00     0  00:00              1.00
  JK-Pump-2            PUMP       683.00     0  00:00              1.00
  XR-Pump-1            PUMP        95.00     0  00:00              1.00
  XR-Pump-2            PUMP         0.00     0  00:00              0.00
  XR-Pump-3            PUMP         0.00     0  00:00              0.00
  XR-Pump-4            PUMP         0.00     0  00:00              0.00
  3                    WEIR       245.95     0  02:22                      0.18
  5                    WEIR       408.75     0  02:25                      0.25
  6                    WEIR       146.08     0  02:36                      0.12
  
  
  ***************************
  Flow Classification Summary
  ***************************
  
  -------------------------------------------------------------------------------------
                      Adjusted    ---------- Fraction of Time in Flow Class ---------- 
                       /Actual         Up    Down  Sub   Sup   Up    Down  Norm  Inlet 
  Conduit               Length    Dry  Dry   Dry   Crit  Crit  Crit  Crit  Ltd   Ctrl  
  -------------------------------------------------------------------------------------
  WS02003066WSF200        1.00   0.06  0.00  0.00  0.00  0.94  0.00  0.00  0.77  0.00
  WS02006287WS02006284    1.00   0.02  0.01  0.00  0.62  0.35  0.00  0.00  0.65  0.00
  WS02006284WS02006280    1.00   0.02  0.00  0.00  0.00  0.00  0.00  0.98  0.00  0.00
  WS02006280WS02006229    1.00   0.02  0.00  0.00  0.00  0.00  0.00  0.98  0.00  0.00
  WS02006229WS02006228    1.00   0.00  0.00  0.00  1.00  0.00  0.00  0.00  0.00  0.00
  WS02006256WS02006235    1.00   0.00  0.00  0.00  0.04  0.96  0.00  0.00  0.01  0.00
  WS02006253WS02006251    1.00   0.01  0.01  0.00  0.85  0.00  0.13  0.00  0.00  0.00
  WS02006252WS02006251    1.00   0.05  0.00  0.00  0.00  0.00  0.95  0.00  0.00  0.00
  WS02006251WS02006249    1.00   0.00  0.00  0.00  1.00  0.00  0.00  0.00  0.81  0.00
  WS02006249WS02006248    1.00   0.00  0.03  0.00  0.12  0.00  0.86  0.00  0.00  0.00
  WS02006248WS02006247    1.00   0.03  0.00  0.00  0.97  0.00  0.00  0.01  0.75  0.00
  WS02006247WS02006245    1.00   0.03  0.00  0.00  0.96  0.00  0.00  0.02  0.00  0.00
  WS02006245WS02006243    1.00   0.03  0.00  0.00  0.94  0.00  0.00  0.03  0.00  0.00
  WS02006243WS02006242    1.00   0.03  0.00  0.00  0.96  0.00  0.00  0.01  0.77  0.00
  WS02006242WS02006240    1.00   0.00  0.03  0.00  0.96  0.00  0.00  0.00  0.21  0.00
  WS02006240WS02006239    1.00   0.00  0.00  0.00  0.96  0.00  0.00  0.04  0.00  0.00
  WS02006239WS02006238    1.00   0.00  0.01  0.00  0.99  0.00  0.00  0.00  0.19  0.00
  WS02006238WS02006235    1.00   0.00  0.00  0.00  1.00  0.00  0.00  0.00  0.00  0.00
  WS02006235WS02006234    1.00   0.03  0.00  0.00  0.96  0.00  0.01  0.00  0.00  0.00
  WS02006234WS02006232    1.00   0.00  0.00  0.00  1.00  0.00  0.00  0.00  0.17  0.00
  WS02006232WS02006231    1.00   0.00  0.00  0.00  1.00  0.00  0.00  0.00  0.00  0.00
  WS02006231WS02006230    1.00   0.00  0.00  0.00  0.25  0.00  0.75  0.00  0.00  0.00
  WS02006230WS02006229    1.00   0.00  0.00  0.00  0.99  0.00  0.00  0.01  0.01  0.00
  WS02006228WS02006109    1.00   0.00  0.00  0.00  1.00  0.00  0.00  0.00  0.00  0.00
  WS02006116WS02004401    1.00   0.02  0.00  0.00  0.98  0.00  0.00  0.00  0.00  0.00
  WS02006115WS02006116    1.00   0.02  0.00  0.00  0.96  0.00  0.00  0.02  0.00  0.00
  WS02006113WS02006111    1.00   0.01  0.00  0.00  0.00  0.98  0.00  0.00  0.04  0.00
  WS02006112WS02006115    1.00   0.01  0.01  0.00  0.98  0.00  0.00  0.00  0.00  0.00
  WS02006111WS02006112    1.00   0.01  0.00  0.00  0.99  0.00  0.00  0.00  0.93  0.00
  WS02006110WS02006113    1.00   0.00  0.01  0.00  0.99  0.00  0.00  0.00  0.00  0.00
  WS02006109WS02006110    1.00   0.00  0.00  0.00  1.00  0.00  0.00  0.00  0.00  0.00
  WS02004411WS02004412    1.00   0.04  0.00  0.00  0.96  0.00  0.00  0.00  0.00  0.00
  WS02004401WS02004402    1.00   0.02  0.00  0.00  0.98  0.00  0.00  0.00  0.04  0.00
  WS02004413WS02003067    1.00   0.04  0.01  0.00  0.00  0.00  0.95  0.00  0.00  0.00
  WS02004412WS02004413    1.00   0.04  0.00  0.00  0.96  0.00  0.00  0.00  0.00  0.00
  WS02004410WS02004411    1.00   0.04  0.00  0.00  0.96  0.00  0.00  0.00  0.00  0.00
  WS02004409WS02004410    1.00   0.04  0.00  0.00  0.96  0.00  0.00  0.00  0.00  0.00
  WS02004407WS02004409    1.00   0.04  0.00  0.00  0.96  0.00  0.00  0.00  0.79  0.00
  WS02004406WS02004407    1.00   0.00  0.04  0.00  0.96  0.00  0.00  0.00  0.00  0.00
  WS02004405WS02004406    1.00   0.00  0.00  0.00  1.00  0.00  0.00  0.00  0.04  0.00
  WS02004404WS02004405    1.00   0.00  0.00  0.00  1.00  0.00  0.00  0.00  0.00  0.00
  WS02004403WS02004404    1.00   0.00  0.02  0.00  0.98  0.00  0.00  0.00  0.04  0.00
  WS02004402WS02004403    1.00   0.02  0.00  0.00  0.98  0.00  0.00  0.00  0.00  0.00
  WS02004139WS02001211    1.00   0.00  0.00  0.00  1.00  0.00  0.00  0.00  0.00  0.00
  WS02004138WS02004139    1.00   0.00  0.00  0.00  0.00  0.00  0.00  1.00  0.00  0.00
  WS02003067WS02003066    1.00   0.05  0.01  0.00  0.94  0.00  0.00  0.00  0.00  0.00
  WS02001213WS02003059    1.00   0.00  0.00  0.00  1.00  0.00  0.00  0.00  0.00  0.00
  WS02001212WS02001213    1.00   0.34  0.25  0.00  0.41  0.00  0.00  0.00  0.47  0.00
  WS02001211WS02001212    1.00   0.00  0.34  0.00  0.66  0.00  0.00  0.00  0.76  0.00
  WS02003072WS02003073    1.00   0.00  0.00  0.00  0.00  0.00  0.00  1.00  0.00  0.00
  WS02003069WS02003072    1.00   0.00  0.00  0.00  1.00  0.00  0.00  0.00  0.98  0.00
  WS02003060WS02003069    1.00   0.00  0.00  0.00  0.98  0.02  0.00  0.00  0.82  0.00
  WS02003059WS02003060    1.00   0.00  0.00  0.00  1.00  0.00  0.00  0.00  0.08  0.00
  HS02004901HS02004770    1.00   0.02  0.00  0.00  0.98  0.00  0.00  0.00  0.00  0.00
  HS02004876HS02004881    1.00   0.00  0.00  0.00  0.88  0.11  0.00  0.00  0.00  0.00
  HS02004870HS02004876    1.00   0.00  0.00  0.00  1.00  0.00  0.00  0.00  0.95  0.00
  HS02004842HS02004848    1.00   0.00  0.02  0.00  0.98  0.00  0.00  0.00  0.58  0.00
  HS02004837HS02004842    1.00   0.00  0.00  0.00  1.00  0.00  0.00  0.00  0.11  0.00
  HS02004830HS02004837    1.00   0.00  0.00  0.00  1.00  0.00  0.00  0.00  0.99  0.00
  HS02004824HS02004830    1.00   0.00  0.00  0.00  1.00  0.00  0.00  0.00  0.00  0.00
  HS02004817HS02004824    1.00   0.00  0.00  0.00  1.00  0.00  0.00  0.00  1.00  0.00
  HS02004770HS02004777    1.00   0.00  0.02  0.00  0.98  0.00  0.00  0.00  0.03  0.00
  HS02004799HS02004480    1.00   0.00  0.01  0.00  0.97  0.00  0.02  0.00  0.00  0.00
  HS02004792HS02004799    1.00   0.00  0.00  0.00  1.00  0.00  0.00  0.00  0.98  0.00
  HS02004788HS02004792    1.00   0.00  0.00  0.00  1.00  0.00  0.00  0.00  0.98  0.00
  HS02004785HS02004788    1.00   0.00  0.00  0.00  1.00  0.00  0.00  0.00  0.00  0.00
  HS02004777HS02004785    1.00   0.00  0.00  0.00  1.00  0.00  0.00  0.00  0.12  0.00
  HS02004480HS02004478    1.00   0.02  0.00  0.00  0.68  0.00  0.00  0.29  0.00  0.00
  HS02004479HS02004480    1.00   0.01  0.00  0.00  0.99  0.00  0.00  0.00  0.11  0.00
  HS02004862HS02004870    1.00   0.00  0.00  0.00  1.00  0.00  0.00  0.00  0.04  0.00
  HS02004848HS02004852    1.00   0.02  0.00  0.00  0.98  0.00  0.00  0.00  0.72  0.00
  HS02004856HS02004862    1.00   0.00  0.03  0.00  0.97  0.00  0.00  0.00  0.83  0.00
  HS02004852HS02004856    1.00   0.02  0.00  0.00  0.98  0.00  0.00  0.00  0.82  0.00
  HS02004802HS02004478    1.00   0.02  0.00  0.00  0.98  0.00  0.00  0.00  0.02  0.00
  HS02004478WS02006287    1.00   0.03  0.00  0.00  0.75  0.23  0.00  0.00  0.67  0.00
  HS02004817HS02004807    1.00   0.00  0.02  0.00  0.98  0.00  0.00  0.00  0.01  0.00
  HS02004807HS02004802    1.00   0.02  0.00  0.00  0.97  0.00  0.00  0.00  0.00  0.00
  YS02001759YS02001757    1.00   0.00  0.00  0.00  1.00  0.00  0.00  0.00  0.15  0.00
  YS02001762YS02001759    1.00   0.00  0.00  0.00  1.00  0.00  0.00  0.00  0.03  0.00
  YS02001765YS02001762    1.00   0.00  0.00  0.00  1.00  0.00  0.00  0.00  0.14  0.00
  YS02001770YS02001767    1.00   0.00  0.00  0.00  1.00  0.00  0.00  0.00  0.00  0.00
  YS02001774YS02001770    1.00   0.00  0.02  0.00  0.98  0.00  0.00  0.00  0.03  0.00
  YS02001779YS02001774    1.00   0.00  0.00  0.00  1.00  0.00  0.00  0.00  0.18  0.00
  YS02001649YS02001757    1.00   0.00  0.00  0.00  1.00  0.00  0.00  0.00  0.16  0.00
  YS02001767YS02001765    1.00   0.00  0.00  0.00  1.00  0.00  0.00  0.00  0.00  0.00
  YS02006561YS02001783    1.00   0.03  0.00  0.00  0.22  0.74  0.00  0.00  0.49  0.00
  YS02001783YS02001784    1.00   0.00  0.03  0.00  0.97  0.00  0.00  0.00  0.00  0.00
  YS02001784YS02001785    1.00   0.00  0.00  0.00  1.00  0.00  0.00  0.00  0.17  0.00
  YS02001788YS02001790    1.00   0.00  0.00  0.00  0.10  0.90  0.00  0.00  0.48  0.00
  YS02001790YS02001791    1.00   0.00  0.00  0.00  0.05  0.95  0.00  0.00  0.61  0.00
  YS02001791YS02001793    1.00   0.00  0.00  0.00  0.06  0.94  0.00  0.00  0.00  0.00
  YS02001910YS02001907    1.00   0.00  0.00  0.00  0.99  0.00  0.00  0.01  0.12  0.00
  YS02001786YS02001788    1.00   0.00  0.00  0.00  0.20  0.80  0.00  0.00  0.00  0.00
  YS02001915YS02001910    1.00   0.00  0.00  0.00  0.99  0.01  0.00  0.00  0.16  0.00
  YS02001918YS02001915    1.00   0.00  0.00  0.00  1.00  0.00  0.00  0.00  0.58  0.00
  YS02001923YS02001920    1.00   0.00  0.00  0.00  1.00  0.00  0.00  0.00  0.84  0.00
  YS02001926YS02001923    1.00   0.00  0.01  0.00  0.15  0.00  0.84  0.00  0.00  0.00
  YS02001929YS02001926    1.00   0.00  0.02  0.00  0.98  0.00  0.00  0.00  0.78  0.00
  YS02001920YS02001918    1.00   0.00  0.00  0.00  1.00  0.00  0.00  0.00  0.00  0.00
  YS02001629YS02163301    1.00   0.03  0.00  0.00  0.97  0.00  0.00  0.00  0.00  0.00
  YS02001619YS02001622    1.00   0.02  0.00  0.00  0.98  0.00  0.00  0.00  0.00  0.00
  YS02001622YS02001625    1.00   0.02  0.00  0.00  0.98  0.00  0.00  0.00  0.05  0.00
  YS02001625YS02001629    1.00   0.02  0.01  0.00  0.95  0.00  0.01  0.00  0.00  0.00
  YS02163301YS02001633    1.00   0.00  0.03  0.00  0.97  0.00  0.00  0.00  0.00  0.00
  YS02163601YS02164001    1.00   0.00  0.01  0.00  0.99  0.00  0.00  0.00  0.00  0.00
  YS02164001YS02001641    1.00   0.00  0.01  0.00  0.99  0.00  0.00  0.00  0.06  0.00
  YS02001641YS02001644    1.00   0.00  0.00  0.00  1.00  0.00  0.00  0.00  0.00  0.00
  YS02001647YS02001649    1.00   0.00  0.03  0.00  0.97  0.00  0.00  0.00  0.01  0.00
  YS02006553YS02006556    1.00   0.00  0.00  0.00  1.00  0.00  0.00  0.00  0.03  0.00
  YS02006556YS02006558    1.00   0.00  0.00  0.00  1.00  0.00  0.00  0.00  0.00  0.00
  YSB6556YSB1171          1.00   0.01  0.01  0.00  0.98  0.00  0.00  0.00  0.00  0.00
  YS02001907YS02006553    1.00   0.00  0.00  0.00  1.00  0.00  0.00  0.00  0.00  0.00
  YS02006558YS02006561    1.00   0.03  0.00  0.00  0.13  0.84  0.00  0.00  0.49  0.00
  YS02001633YS02163601    1.00   0.00  0.00  0.00  1.00  0.00  0.00  0.00  0.15  0.00
  YS02001644YS02001647    1.00   0.00  0.03  0.00  0.97  0.00  0.00  0.00  0.00  0.00
  YS02001745YS02001748    1.00   0.00  0.00  0.00  0.92  0.01  0.00  0.07  0.04  0.00
  YS02001748YS02001751    1.00   0.00  0.00  0.00  0.98  0.02  0.00  0.00  0.15  0.00
  YS02001751YS02001754    1.00   0.00  0.00  0.00  0.96  0.00  0.00  0.04  0.02  0.00
  YS02001754YS02001757    1.00   0.00  0.00  0.00  1.00  0.00  0.00  0.00  0.18  0.00
  YS02001882YS02001884    1.00   0.03  0.00  0.00  0.97  0.00  0.00  0.00  0.00  0.00
  YS02001884YS02001887    1.00   0.01  0.01  0.00  0.98  0.00  0.00  0.00  0.00  0.00
  YS02001890YS02001895    1.00   0.00  0.03  0.00  0.97  0.00  0.00  0.00  0.00  0.00
  YS02001895YS02001898    1.00   0.03  0.00  0.00  0.96  0.00  0.01  0.00  0.00  0.00
  YS02001898YS02001901    1.00   0.03  0.00  0.00  0.97  0.00  0.00  0.00  0.01  0.00
  YS02001901YS02001904    1.00   0.03  0.00  0.00  0.97  0.00  0.00  0.00  0.00  0.00
  YS02001904YS02001907    1.00   0.00  0.03  0.00  0.97  0.00  0.00  0.00  0.00  0.00
  YS02001887YS02001890    1.00   0.00  0.00  0.00  0.99  0.00  0.01  0.00  0.00  0.00
  YS02001652YS02001649    1.00   0.00  0.00  0.00  1.00  0.00  0.00  0.00  0.16  0.00
  YS02001655YS02001652    1.00   0.00  0.00  0.00  0.96  0.00  0.00  0.04  0.02  0.00
  YS02001658YS02001655    1.00   0.00  0.02  0.00  0.95  0.02  0.00  0.00  0.09  0.00
  YS02001661YS02001658    1.00   0.02  0.00  0.00  0.92  0.06  0.00  0.00  0.06  0.00
  YS02001664YS02001661    1.00   0.02  0.00  0.00  0.90  0.08  0.00  0.00  0.18  0.00
  YSB1154YSB6556          1.00   0.02  0.00  0.00  0.98  0.00  0.00  0.00  0.02  0.00
  YSB1174YSB1171          1.00   0.01  0.01  0.00  0.98  0.00  0.00  0.00  0.00  0.00
  YSB1171HS02004479       1.00   0.01  0.00  0.00  0.99  0.00  0.00  0.00  0.10  0.00
  HS02004881HS02006253    1.00   0.01  0.00  0.00  0.00  0.00  0.00  0.99  0.00  0.00
  YS02001793JiankangQianchi    1.00   0.00  0.00  0.00  0.14  0.86  0.00  0.00  0.08  0.00
  YS02001757CaochengTiaoxuchi    1.00   0.00  0.05  0.00  0.91  0.05  0.00  0.00  0.00  0.00
  WSF200WS02003060        1.00   0.00  0.06  0.00  0.00  0.94  0.00  0.00  0.59  0.00
  1                       1.00   0.00  0.00  0.00  0.00  1.00  0.00  0.00  0.38  0.00
  
  
  *************************
  Conduit Surcharge Summary
  *************************
  
  ----------------------------------------------------------------------------
                                                           Hours        Hours 
                         --------- Hours Full --------   Above Full   Capacity
  Conduit                Both Ends  Upstream  Dnstream   Normal Flow   Limited
  ----------------------------------------------------------------------------
  WS02006229WS02006228        0.01      0.01      0.01      0.73         0.01
  WS02006256WS02006235        0.01      0.01      6.47      6.44         0.01
  WS02006231WS02006230        0.01      0.01      0.01      0.16         0.01
  WS02006230WS02006229        0.28      0.28      0.29      1.77         0.01
  WS02006228WS02006109        0.01      0.10      0.01      1.28         0.01
  WS02006111WS02006112        0.01      0.01      0.98      0.01         0.01
  WS02006109WS02006110        0.01      0.01      0.10      0.01         0.01
  WS02004404WS02004405        0.01      0.01      0.01      2.01         0.01
  HS02004480HS02004478        0.01      0.01      0.01      0.58         0.01
  YS02001759YS02001757        5.99      5.99      6.07      0.01         0.01
  YS02001762YS02001759        5.98      5.98      5.99      0.01         0.01
  YS02001765YS02001762        5.96      5.96      5.98      0.01         0.01
  YS02001770YS02001767        5.93      5.93      5.94      0.42         0.81
  YS02001774YS02001770        5.92      5.92      5.97      0.01         0.01
  YS02001779YS02001774        5.77      5.77      5.97      0.01         0.01
  YS02001649YS02001757        5.98      5.98      6.07      0.01         0.01
  YS02001767YS02001765        5.94      5.94      5.96      0.01         0.01
  YS02006561YS02001783        0.49      0.49      1.06      0.01         0.01
  YS02001783YS02001784        1.01      1.06      1.01      1.42         1.01
  YS02001784YS02001785        0.78      1.01      0.78      2.23         0.78
  YS02001788YS02001790        0.01      0.01      0.22      0.01         0.01
  YS02001790YS02001791        0.21      0.22      0.21      0.98         0.21
  YS02001791YS02001793        0.21      0.21      0.42      0.01         0.01
  YS02001910YS02001907        1.13      1.13      1.68      0.01         0.01
  YS02001786YS02001788        0.01      0.78      0.01      1.85         0.01
  YS02001915YS02001910        0.90      0.90      1.13      0.01         0.01
  YS02001918YS02001915        0.57      0.57      0.90      0.01         0.01
  YS02001923YS02001920        0.41      0.41      0.62      0.01         0.01
  YS02001920YS02001918        0.57      0.57      0.62      0.01         0.01
  YS02001629YS02163301        5.92      5.92      5.93      0.01         0.01
  YS02001619YS02001622        5.70      5.70      5.71      0.01         0.01
  YS02001622YS02001625        5.71      5.71      5.90      0.01         0.01
  YS02001625YS02001629        5.70      5.70      5.90      0.01         0.01
  YS02163301YS02001633        5.93      5.93      5.96      0.01         0.01
  YS02163601YS02164001        5.95      5.95      5.98      0.01         0.01
  YS02164001YS02001641        5.95      5.95      5.96      0.01         0.01
  YS02001641YS02001644        5.96      5.96      5.96      1.52         1.50
  YS02001647YS02001649        5.81      5.81      5.98      0.01         0.01
  YS02006553YS02006556        1.35      1.35      1.74      0.01         0.01
  YS02006556YS02006558        1.50      1.50      1.81      0.01         0.01
  YS02001907YS02006553        2.24      2.24      2.44      0.01         0.01
  YS02006558YS02006561        0.79      1.32      0.79      2.10         0.79
  YS02001633YS02163601        5.94      5.94      5.98      0.01         0.01
  YS02001644YS02001647        5.81      5.81      5.96      0.01         0.01
  YS02001745YS02001748        0.01      0.01      5.54      0.01         0.01
  YS02001748YS02001751        5.58      5.58      5.68      0.01         0.01
  YS02001751YS02001754        5.68      5.68      5.77      0.01         0.01
  YS02001754YS02001757        5.79      5.79      6.07      0.01         0.01
  YS02001882YS02001884        0.92      0.92      0.95      0.01         0.01
  YS02001884YS02001887        1.02      1.02      1.05      0.01         0.01
  YS02001890YS02001895        0.88      0.88      1.15      0.01         0.01
  YS02001895YS02001898        0.86      0.86      0.88      0.01         0.01
  YS02001898YS02001901        0.89      0.89      1.00      0.01         0.01
  YS02001901YS02001904        0.98      0.98      1.00      0.01         0.01
  YS02001904YS02001907        0.98      0.98      1.78      0.01         0.01
  YS02001887YS02001890        1.08      1.08      1.11      0.01         0.01
  YS02001652YS02001649        5.82      5.82      5.98      0.01         0.01
  YS02001655YS02001652        5.70      5.70      5.79      0.01         0.01
  YS02001658YS02001655        5.56      5.56      5.70      0.01         0.01
  YS02001661YS02001658        0.24      0.24      5.56      0.01         0.01
  YS02001664YS02001661        0.01      0.01      1.32      0.01         0.01
  YS02001793JiankangQianchi        0.36      0.36      1.12      0.01         0.01
  YS02001757CaochengTiaoxuchi        5.35      5.35      6.07      0.01         0.01
  
  
  ***************
  Pumping Summary
  ***************
  
  ---------------------------------------------------------------------------------------------------------
                                                  Min       Avg       Max     Total     Power    % Time Off
                        Percent   Number of      Flow      Flow      Flow    Volume     Usage    Pump Curve
  Pump                 Utilized   Start-Ups       LPS       LPS       LPS  10^6 ltr     Kw-hr    Low   High
  ---------------------------------------------------------------------------------------------------------
  CC-Pump-1                0.00           0      0.00      0.00      0.00     0.000      0.00    0.0    0.0
  CC-Pump-2               78.29           1      0.00    199.16    200.00     4.474      4.79    0.0    8.9
  JK-Pump-1              100.00           1      0.00    222.29    300.00     5.318    108.81    0.0    0.0
  JK-Pump-2              100.00           1      0.00    343.86    683.00     8.220    158.93    0.0   97.9
  XR-Pump-1              100.00           1      0.00     95.00     95.00     2.736     13.21    0.0    0.0
  XR-Pump-2                0.00           0      0.00      0.00      0.00     0.000      0.00    0.0    0.0
  XR-Pump-3                0.00           0      0.00      0.00      0.00     0.000      0.00    0.0    0.0
  XR-Pump-4                0.00           0      0.00      0.00      0.00     0.000      0.00    0.0    0.0
  
  
  ***************************
  Link Pollutant Load Summary
  ***************************
  
  ------------------------------------------------------------------------------------------
                                 COD            SS            TN            TP         NH4-N
  Link                            kg            kg            kg            kg            kg
  ------------------------------------------------------------------------------------------
  WS02003066WSF200           286.515       536.337         9.649         0.964         5.355
  WS02006287WS02006284       275.390       515.798         9.570         0.967         5.340
  WS02006284WS02006280       275.864       516.562         9.616         0.973         5.369
  WS02006280WS02006229       275.839       516.518         9.614         0.972         5.368
  WS02006229WS02006228       278.583       520.762         9.602         0.966         5.352
  WS02006256WS02006235       167.748       320.214         3.243         0.234         1.586
  WS02006253WS02006251        45.035        88.547         0.969         0.071         0.476
  WS02006252WS02006251       394.336       726.039         7.864         0.548         3.813
  WS02006251WS02006249        65.912       122.220         1.329         0.093         0.646
  WS02006249WS02006248        65.732       121.896         1.324         0.093         0.643
  WS02006248WS02006247        65.635       121.722         1.322         0.093         0.643
  WS02006247WS02006245        65.490       121.460         1.319         0.093         0.641
  WS02006245WS02006243        65.305       121.124         1.315         0.092         0.639
  WS02006243WS02006242        65.154       120.851         1.312         0.092         0.637
  WS02006242WS02006240        64.844       120.291         1.305         0.092         0.634
  WS02006240WS02006239        64.670       119.975         1.302         0.091         0.632
  WS02006239WS02006238        64.442       119.557         1.297         0.091         0.630
  WS02006238WS02006235        64.437       119.554         1.297         0.091         0.630
  WS02006235WS02006234        23.037        44.147         0.485         0.037         0.241
  WS02006234WS02006232        23.656        45.392         0.499         0.038         0.248
  WS02006232WS02006231        24.508        47.092         0.518         0.040         0.258
  WS02006231WS02006230        24.984        48.044         0.529         0.041         0.263
  WS02006230WS02006229        27.124        52.287         0.578         0.045         0.288
  WS02006228WS02006109       277.964       519.746         9.547         0.959         5.318
  WS02006116WS02004401       292.716       546.247        10.210         1.034         5.704
  WS02006115WS02006116       293.277       547.155        10.264         1.041         5.738
  WS02006113WS02006111       285.143       531.235        10.243         1.046         5.752
  WS02006112WS02006115       293.788       547.960        10.312         1.047         5.768
  WS02006111WS02006112       284.975       530.975        10.223         1.044         5.740
  WS02006110WS02006113       285.276       531.437        10.256         1.048         5.761
  WS02006109WS02006110       285.966       532.525        10.322         1.056         5.802
  WS02004411WS02004412       287.976       538.544         9.799         0.983         5.449
  WS02004401WS02004402       292.004       545.110        10.147         1.026         5.665
  WS02004413WS02003067       286.968       537.104         9.683         0.969         5.376
  WS02004412WS02004413       287.400       537.621         9.746         0.977         5.416
  WS02004410WS02004411       288.377       539.195         9.836         0.988         5.472
  WS02004409WS02004410       288.664       539.639         9.865         0.992         5.490
  WS02004407WS02004409       288.946       540.118         9.888         0.994         5.505
  WS02004406WS02004407       289.098       540.403         9.897         0.995         5.510
  WS02004405WS02004406       290.583       542.751        10.037         1.013         5.597
  WS02004404WS02004405       291.298       543.971        10.091         1.019         5.631
  WS02004403WS02004404       290.630       542.901        10.024         1.011         5.588
  WS02004402WS02004403       291.271       543.919        10.082         1.018         5.624
  WS02004139WS02001211        70.804       117.036         5.936         0.731         3.677
  WS02004138WS02004139       386.042       635.291        32.409         3.976        20.035
  WS02003067WS02003066       286.505       536.297         9.652         0.965         5.357
  WS02001213WS02003059        22.549        39.902         1.287         0.149         0.771
  WS02001212WS02001213        19.702        35.452         0.995         0.113         0.588
  WS02001211WS02001212        19.203        34.422         0.992         0.113         0.588
  WS02003072WS02003073       380.821       681.994        19.858         2.256        11.779
  WS02003069WS02003072       381.950       683.633        19.993         2.273        11.864
  WS02003060WS02003069       380.183       680.819        19.821         2.251        11.757
  WS02003059WS02003060        26.632        47.799         1.403         0.160         0.834
  HS02004901HS02004770        10.664        20.428         0.202         0.015         0.095
  HS02004876HS02004881        38.219        74.995         0.858         0.064         0.424
  HS02004870HS02004876        28.877        56.512         0.690         0.053         0.345
  HS02004842HS02004848         5.509        10.440         0.115         0.008         0.053
  HS02004837HS02004842        10.114        17.748         0.584         0.067         0.347
  HS02004830HS02004837        66.951       115.333         4.653         0.558         2.844
  HS02004824HS02004830        67.725       116.574         4.727         0.567         2.890
  HS02004817HS02004824        89.789       160.462         5.185         0.597         3.114
  HS02004770HS02004777        40.734        78.997         0.843         0.057         0.388
  HS02004799HS02004480       136.135       256.527         3.784         0.345         1.987
  HS02004792HS02004799       123.591       231.152         3.597         0.336         1.906
  HS02004788HS02004792        70.680       132.234         2.448         0.241         1.342
  HS02004785HS02004788        42.219        81.374         0.997         0.076         0.485
  HS02004777HS02004785        41.540        80.276         0.935         0.069         0.447
  HS02004480HS02004478       171.373       325.750         4.357         0.385         2.255
  HS02004479HS02004480        38.883        75.035         0.902         0.081         0.472
  HS02004862HS02004870        21.643        41.689         0.548         0.044         0.277
  HS02004848HS02004852         8.384        16.061         0.172         0.012         0.079
  HS02004856HS02004862        14.496        28.430         0.290         0.019         0.136
  HS02004852HS02004856         8.388        16.068         0.172         0.012         0.079
  HS02004802HS02004478       104.681       191.121         5.266         0.588         3.119
  HS02004478WS02006287       275.579       516.111         9.586         0.969         5.351
  HS02004817HS02004807        88.538       158.456         5.065         0.582         3.039
  HS02004807HS02004802       104.958       191.560         5.300         0.593         3.140
  YS02001759YS02001757       370.557       681.149         7.382         0.511         3.605
  YS02001762YS02001759       157.521       289.421         3.388         0.238         1.680
  YS02001765YS02001762       158.010       290.931         3.419         0.241         1.698
  YS02001770YS02001767       157.809       292.235         3.203         0.209         1.554
  YS02001774YS02001770       137.899       263.517         2.697         0.176         1.303
  YS02001779YS02001774       136.792       261.338         2.756         0.186         1.346
  YS02001649YS02001757       317.288       572.020         6.290         0.441         3.012
  YS02001767YS02001765       158.947       293.183         3.454         0.243         1.718
  YS02006561YS02001783       976.577      1799.880        20.604         1.548        10.282
  YS02001783YS02001784       976.454      1799.688        20.599         1.548        10.279
  YS02001784YS02001785       983.944      1811.699        21.327         1.639        10.734
  YS02001788YS02001790       984.548      1812.684        21.399         1.648        10.780
  YS02001790YS02001791       985.511      1814.256        21.499         1.661        10.843
  YS02001791YS02001793       985.510      1814.289        21.495         1.660        10.840
  YS02001910YS02001907       325.305       590.208         8.160         0.640         4.223
  YS02001786YS02001788       984.140      1812.027        21.355         1.643        10.752
  YS02001915YS02001910       325.334       590.242         8.114         0.633         4.193
  YS02001918YS02001915       154.188       266.931         4.566         0.429         2.495
  YS02001923YS02001920       133.956       234.668         2.575         0.179         1.249
  YS02001926YS02001923       133.666       234.225         2.537         0.174         1.225
  YS02001929YS02001926       133.423       233.820         2.505         0.170         1.204
  YS02001920YS02001918       154.247       267.119         4.535         0.424         2.474
  YS02001629YS02163301       103.771       184.447         2.171         0.140         1.013
  YS02001619YS02001622       144.499       259.815         2.989         0.194         1.394
  YS02001622YS02001625       143.364       258.025         2.961         0.192         1.382
  YS02001625YS02001629       104.902       186.314         2.196         0.142         1.024
  YS02163301YS02001633       103.589       184.152         2.166         0.140         1.011
  YS02163601YS02164001       358.473       640.591         7.046         0.498         3.371
  YS02164001YS02001641       357.999       639.801         7.026         0.496         3.360
  YS02001641YS02001644       358.229       640.122         7.025         0.496         3.358
  YS02001647YS02001649       325.682       588.164         6.423         0.449         3.069
  YS02006553YS02006556       699.873      1285.395        15.045         1.157         7.581
  YS02006556YS02006558       699.824      1285.295        15.015         1.153         7.561
  YSB6556YSB1171              22.383        43.408         0.460         0.039         0.234
  YS02001907YS02006553       699.992      1285.631        15.057         1.158         7.588
  YS02006558YS02006561       976.595      1799.904        20.604         1.548        10.282
  YS02001633YS02163601       359.124       641.581         7.025         0.494         3.354
  YS02001644YS02001647       332.233       600.321         6.537         0.457         3.123
  YS02001745YS02001748       202.117       373.245         4.186         0.266         2.031
  YS02001748YS02001751       201.978       372.698         4.313         0.285         2.116
  YS02001751YS02001754       201.022       371.126         4.296         0.284         2.108
  YS02001754YS02001757       201.838       372.366         4.464         0.307         2.217
  YS02001882YS02001884         2.816         4.880         0.057         0.004         0.029
  YS02001884YS02001887         6.740        12.001         0.132         0.010         0.066
  YS02001890YS02001895       387.728       720.017         7.153         0.538         3.491
  YS02001895YS02001898       387.570       719.805         7.147         0.537         3.488
  YS02001898YS02001901       387.347       719.419         7.142         0.537         3.485
  YS02001901YS02001904       387.221       719.250         7.148         0.538         3.490
  YS02001904YS02001907       387.453       719.614         7.201         0.545         3.524
  YS02001887YS02001890       388.490       721.140         7.207         0.544         3.525
  YS02001652YS02001649       150.523       277.025         3.054         0.220         1.434
  YS02001655YS02001652       150.903       277.655         3.065         0.221         1.439
  YS02001658YS02001655       150.299       276.747         2.974         0.209         1.381
  YS02001661YS02001658       150.718       277.493         2.983         0.210         1.385
  YS02001664YS02001661       178.029       322.909         3.591         0.251         1.662
  YSB1154YSB6556              21.958        42.734         0.410         0.032         0.202
  YSB1174YSB1171              14.963        29.156         0.304         0.025         0.152
  YSB1171HS02004479           38.851        74.987         0.905         0.081         0.474
  HS02004881HS02006253        43.018        84.607         0.948         0.070         0.467
  YS02001793JiankangQianchi       985.768      1814.882        21.497         1.660        10.841
  YS02001757CaochengTiaoxuchi       676.505      1234.234        13.723         0.955         6.670
  WSF200WS02003060           286.362       536.045         9.642         0.964         5.351
  1                          392.897       700.903        21.085         2.410        12.548
  CC-Pump-1                    0.000         0.000         0.000         0.000         0.000
  CC-Pump-2                  394.370       726.099         7.865         0.548         3.813
  JK-Pump-1                  180.021       343.527         3.482         0.252         1.703
  JK-Pump-2                  409.849       782.095         7.927         0.573         3.876
  XR-Pump-1                  386.552       636.124        32.453         3.981        20.062
  XR-Pump-2                    0.000         0.000         0.000         0.000         0.000
  XR-Pump-3                    0.000         0.000         0.000         0.000         0.000
  XR-Pump-4                    0.000         0.000         0.000         0.000         0.000
  3                          373.840       692.938         7.555         0.532         3.674
  5                          228.254       433.467         4.486         0.324         2.193
  6                          458.983       755.752        38.548         4.732        23.840
  

  Analysis begun on:  Thu Jul  8 15:37:12 2021
  Analysis ended on:  Thu Jul  8 15:37:17 2021
  Total elapsed time: 00:00:05