
  EPA STORM WATER MANAGEMENT MODEL - VERSION 5.1 (Build 5.3.0.dev0)
  --------------------------------------------------------------

  WARNING 04: minimum elevation drop used for Conduit WS02004404WS02004405
  WARNING 03: negative offset ignored for Link YS02001904YS02001907
  
  *********************************************************
  NOTE: The summary statistics displayed in this report are
  based on results found at every computational time step,  
  not just on results from each reporting time step.
  *********************************************************
  
  ****************
  Analysis Options
  ****************
  Flow Units ............... LPS
  Process Models:
    Rainfall/Runoff ........ YES
    RDII ................... NO
    Snowmelt ............... NO
    Groundwater ............ NO
    Flow Routing ........... YES
    Ponding Allowed ........ NO
    Water Quality .......... YES
  Infiltration Method ...... HORTON
  Flow Routing Method ...... DYNWAVE
  Surcharge Method ......... EXTRAN
  Starting Date ............ 08/28/2015 08:00:00
  Ending Date .............. 08/28/2015 16:00:00
  Antecedent Dry Days ...... 8.0
  Report Time Step ......... 00:01:00
  Wet Time Step ............ 00:01:00
  Dry Time Step ............ 00:01:00
  Routing Time Step ........ 5.00 sec
  Variable Time Step ....... YES
  Maximum Trials ........... 8
  Number of Threads ........ 4
  Head Tolerance ........... 0.001500 m
  
  
  **************************        Volume         Depth
  Runoff Quantity Continuity     hectare-m            mm
  **************************     ---------       -------
  Total Precipitation ......         6.807        14.903
  Evaporation Loss .........         0.000         0.000
  Infiltration Loss ........         1.119         2.450
  Surface Runoff ...........         4.789        10.485
  Final Storage ............         0.900         1.970
  Continuity Error (%) .....        -0.016
  
  
  **************************           COD            SS            TN            TP         NH4-N
  Runoff Quality Continuity             kg            kg            kg            kg            kg
  **************************    ----------    ----------    ----------    ----------    ----------
  Initial Buildup ..........     41378.656     70582.865      1804.177       168.684      1032.807
  Surface Buildup ..........        28.178        57.078         2.435         0.220         1.400
  Wet Deposition ...........         0.000         0.000         0.000         0.000         0.000
  Sweeping Removal .........         0.000         0.000         0.000         0.000         0.000
  Infiltration Loss ........       113.297       216.848         2.161         0.153         1.032
  BMP Removal ..............         0.000         0.000         0.000         0.000         0.000
  Surface Runoff ...........      4563.682      8626.863        88.076         6.045        41.925
  Remaining Buildup ........     36728.222     61793.113      1716.342       162.704       991.235
  Continuity Error (%) .....         0.004         0.004         0.002         0.001         0.001
  
  
  **************************        Volume        Volume
  Flow Routing Continuity        hectare-m      10^6 ltr
  **************************     ---------     ---------
  Dry Weather Inflow .......         0.630         6.296
  Wet Weather Inflow .......         4.788        47.881
  Groundwater Inflow .......         0.000         0.000
  RDII Inflow ..............         0.000         0.000
  External Inflow ..........         0.105         1.045
  External Outflow .........         1.590        15.899
  Flooding Loss ............         3.750        37.496
  Evaporation Loss .........         0.000         0.000
  Exfiltration Loss ........         0.000         0.000
  Initial Stored Volume ....         0.076         0.761
  Final Stored Volume ......         0.603         6.032
  Continuity Error (%) .....        -6.150
  
  
  **************************           COD            SS            TN            TP         NH4-N
  Quality Routing Continuity            kg            kg            kg            kg            kg
  **************************    ----------    ----------    ----------    ----------    ----------
  Dry Weather Inflow .......      1573.993      2518.389       151.103        18.888        94.440
  Wet Weather Inflow .......      4563.293      8626.285        88.066         6.044        41.920
  Groundwater Inflow .......         0.000         0.000         0.000         0.000         0.000
  RDII Inflow ..............         0.000         0.000         0.000         0.000         0.000
  External Inflow ..........       187.321       299.713        17.983         2.248        11.239
  External Outflow .........      1635.356      2902.401        94.997        11.012        56.997
  Flooding Loss ............      3701.961      6792.839       127.465        12.728        71.193
  Exfiltration Loss ........         0.000         0.000         0.000         0.000         0.000
  Mass Reacted .............         0.000         0.000         0.000         0.000         0.000
  Initial Stored Mass ......         0.000         0.000         0.000         0.000         0.000
  Final Stored Mass ........       640.007      1154.101        24.939         2.595        14.230
  Continuity Error (%) .....         5.491         5.199         3.792         3.107         3.509
  
  
  *************************
  Highest Continuity Errors
  *************************
  Node JK-storage (-29.84%)
  Node HS02004842 (12.18%)
  Node YS02001884 (8.60%)
  Node WS02003059 (7.03%)
  Node HS02004817 (2.32%)
  
  
  ***************************
  Time-Step Critical Elements
  ***************************
  Link YS02001793JiankangQianchi (54.88%)
  Link WS02006280WS02006229 (25.94%)
  Link YS02006556YS02006558 (4.61%)
  Link YS02001661YS02001658 (1.54%)
  Link YS02006558YS02006561 (1.54%)
  
  
  ********************************
  Highest Flow Instability Indexes
  ********************************
  Link YS02001619YS02001622 (35)
  Link YS02001629YS02163301 (32)
  Link WS02006113WS02006111 (32)
  Link YS02163301YS02001633 (32)
  Link YS02163601YS02164001 (32)
  
  
  *************************
  Routing Time Step Summary
  *************************
  Minimum Time Step           :     0.50 sec
  Average Time Step           :     2.11 sec
  Maximum Time Step           :     5.00 sec
  Percent in Steady State     :    -0.00
  Average Iterations per Step :     4.05
  Percent Not Converging      :    15.75
  
  
  ***************************
  Subcatchment Runoff Summary
  ***************************
  
  ------------------------------------------------------------------------------------------------------------------------------
                            Total      Total      Total      Total     Imperv       Perv      Total       Total     Peak  Runoff
                           Precip      Runon       Evap      Infil     Runoff     Runoff     Runoff      Runoff   Runoff   Coeff
  Subcatchment                 mm         mm         mm         mm         mm         mm         mm    10^6 ltr      LPS
  ------------------------------------------------------------------------------------------------------------------------------
  sub0                      14.90       0.00       0.00       0.68      13.82       0.36      14.18        0.01     3.07   0.951
  sub1                      14.90       0.00       0.00       1.14      13.18       0.50      13.68        0.09    21.19   0.918
  sub2                      14.90       0.00       0.00       4.57       9.31       0.94      10.25        0.10    20.29   0.688
  sub3                      14.90       0.00       0.00       4.74       9.27       0.78      10.05        0.23    44.96   0.674
  sub4                      14.90       0.00       0.00       1.24      13.03       0.40      13.43        0.28    53.12   0.901
  sub5                      14.90       0.00       0.00       0.71      13.77       0.34      14.11        0.16    37.33   0.947
  sub7                      14.90       0.00       0.00       0.90      13.50       0.44      13.95        0.05    11.78   0.936
  sub8                      14.90       0.00       0.00       0.91      13.49       0.44      13.93        0.09    21.75   0.935
  sub9                      14.90       0.00       0.00       0.91      13.49       0.43      13.92        0.07    16.28   0.934
  sub10                     14.90       0.00       0.00       0.81      13.63       0.38      14.01        0.15    36.60   0.940
  sub11                     14.90       0.00       0.00       0.80      13.64       0.39      14.04        0.16    40.20   0.942
  sub12                     14.90       0.00       0.00       1.30      12.92       0.64      13.56        0.12    30.90   0.910
  sub14                     14.90       0.00       0.00       0.91      13.49       0.43      13.92        0.13    32.05   0.934
  sub15                     14.90       0.00       0.00       3.42      10.37       1.05      11.42        0.20    45.30   0.767
  sub16                     14.90       0.00       0.00       3.60       9.95       1.32      11.26        0.12    28.95   0.756
  sub17                     14.90       0.00       0.00       3.51      10.09       1.26      11.35        0.10    23.75   0.762
  sub22                     14.90       0.00       0.00       5.07       8.45       1.34       9.79        0.62   142.18   0.657
  sub23                     14.90       0.00       0.00       4.22       9.35       1.29      10.64        0.51   119.36   0.714
  sub60                     14.90       0.00       0.00       1.62      11.27       0.17      11.44        3.47   367.87   0.768
  sub61                     14.90       0.00       0.00       2.29      11.27       0.24      11.51        3.55   432.75   0.772
  sub62                     14.90       0.00       0.00       1.01      12.31       0.18      12.49        3.84   448.33   0.838
  sub63                     14.90       0.00       0.00       4.04       9.80       0.28      10.08        3.05   394.14   0.676
  sub64                     14.90       0.00       0.00       2.06      10.83       0.17      11.01        3.35   351.63   0.739
  sub65                     14.90       0.00       0.00       1.77      11.03       0.17      11.20        3.44   358.24   0.751
  sub66                     14.90       0.00       0.00       4.14       9.24       0.19       9.43        2.89   316.84   0.633
  sub67                     14.90       0.00       0.00       0.97      12.82       0.22      13.04        4.02   539.35   0.875
  sub68                     14.90       0.00       0.00       1.84      11.81       0.25      12.06        3.71   469.45   0.809
  sub69                     14.90       0.00       0.00       1.90      12.09       0.34      12.43        2.90   431.58   0.834
  sub70                     14.90      12.69       0.00       7.93      16.74       1.45      18.18        4.16   466.45   0.659
  sub71                     14.90       0.00       0.00       1.02      12.06       0.17      12.22        2.89   320.55   0.820
  sub72                     14.90       0.00       0.00       0.95      10.07       0.09      10.16        2.07   179.11   0.682
  1                         14.90      17.71       0.00       1.40      19.41       5.98      25.39        5.97   519.67   0.779
  2                         14.90       0.00       0.00       3.09       3.59       2.60       6.19        2.48   265.52   0.415
  
  
  ****************************
  Subcatchment Washoff Summary
  ****************************
  
  ------------------------------------------------------------------------------------------
                                 COD            SS            TN            TP         NH4-N
  Subcatchment                    kg            kg            kg            kg            kg
  ------------------------------------------------------------------------------------------
  sub0                         3.044         5.931         0.053         0.004         0.026
  sub1                        13.114        26.308         0.246         0.017         0.119
  sub2                         8.368        16.390         0.175         0.012         0.081
  sub3                        20.563        39.958         0.422         0.029         0.195
  sub4                        30.338        61.600         0.599         0.037         0.288
  sub5                        29.995        59.276         0.539         0.041         0.262
  sub7                         6.630        13.476         0.125         0.008         0.061
  sub8                         9.909        20.618         0.197         0.012         0.095
  sub9                         8.507        17.452         0.165         0.011         0.079
  sub10                       24.629        49.306         0.454         0.033         0.220
  sub11                       23.862        48.293         0.448         0.031         0.217
  sub12                       20.375        40.440         0.371         0.028         0.179
  sub14                       18.226        37.031         0.346         0.023         0.167
  sub15                       24.223        47.370         0.466         0.034         0.219
  sub16                       15.603        30.437         0.297         0.022         0.140
  sub17                       14.338        27.720         0.266         0.021         0.126
  sub22                       76.535       146.971         1.451         0.110         0.680
  sub23                       44.105        87.620         0.930         0.062         0.428
  sub60                      292.646       554.294         5.802         0.359         2.784
  sub61                      362.480       683.512         6.749         0.466         3.253
  sub62                      373.931       716.786         7.282         0.466         3.501
  sub63                      268.976       499.870         5.358         0.379         2.494
  sub64                      369.891       675.998         6.806         0.498         3.255
  sub65                      378.298       694.130         7.004         0.504         3.355
  sub66                      212.720       392.139         4.335         0.285         2.030
  sub67                      554.350      1051.982         9.982         0.739         4.832
  sub68                      396.803       755.428         7.579         0.516         3.628
  sub69                      355.691       683.967         6.671         0.472         3.196
  sub70                      617.662      1191.433        12.342         0.865         5.807
  sub71                      246.621       477.095         5.042         0.295         2.415
  sub72                      202.372       364.226         3.775         0.260         1.818
  1                          459.001       890.299         9.322         0.654         4.344
  2                           53.230        94.905         1.491         0.090         0.637
  ------------------------------------------------------------------------------------------
  System                    5537.036     10502.263       107.089         7.383        50.928
  
  
  ******************
  Node Depth Summary
  ******************
  
  ---------------------------------------------------------------------------------
                                 Average  Maximum  Maximum  Time of Max    Reported
                                   Depth    Depth      HGL   Occurrence   Max Depth
  Node                 Type       Meters   Meters   Meters  days hr:min      Meters
  ---------------------------------------------------------------------------------
  WS02001211           JUNCTION     0.24     0.32     5.16     0  02:10        0.32
  WS02001212           JUNCTION     0.03     0.15     5.21     0  02:08        0.15
  WS02001213           JUNCTION     0.34     0.50     5.26     0  02:07        0.50
  WS02003069           JUNCTION     0.19     0.37     4.95     0  02:08        0.37
  WS02003072           JUNCTION     0.25     0.44     4.81     0  02:09        0.44
  WS02003073           JUNCTION     0.14     0.26     4.32     0  02:10        0.26
  WS02003060           JUNCTION     0.17     0.33     5.26     0  02:07        0.33
  WS02003066           JUNCTION     0.15     0.28     5.83     0  02:06        0.28
  WS02003059           JUNCTION     0.41     0.58     5.26     0  02:06        0.58
  WS02003067           JUNCTION     0.41     0.67     5.99     0  02:06        0.67
  WS02004401           JUNCTION     0.48     0.81     6.81     0  02:02        0.81
  WS02004402           JUNCTION     0.51     0.84     6.80     0  02:02        0.84
  WS02004403           JUNCTION     0.54     0.86     6.79     0  02:02        0.86
  WS02004404           JUNCTION     0.61     0.95     6.80     0  02:01        0.94
  WS02004406           JUNCTION     0.62     0.92     6.75     0  02:03        0.92
  WS02004409           JUNCTION     0.29     0.62     6.39     0  02:05        0.62
  WS02004410           JUNCTION     0.31     0.63     6.35     0  02:05        0.63
  WS02004411           JUNCTION     0.33     0.64     6.32     0  02:06        0.64
  WS02004412           JUNCTION     0.36     0.66     6.30     0  02:06        0.66
  WS02004413           JUNCTION     0.51     0.82     6.29     0  02:06        0.82
  WS02004405           JUNCTION     0.61     0.92     6.77     0  02:02        0.91
  WS02006109           JUNCTION     0.53     0.87     7.49     0  01:59        0.87
  WS02006110           JUNCTION     0.55     0.85     7.44     0  01:59        0.85
  WS02006111           JUNCTION     0.13     0.26     6.97     0  01:59        0.26
  WS02006112           JUNCTION     0.62     0.99     6.88     0  02:01        0.99
  WS02006113           JUNCTION     0.20     0.41     7.30     0  01:59        0.41
  WS02006115           JUNCTION     0.36     0.71     6.85     0  02:02        0.71
  WS02006116           JUNCTION     0.45     0.79     6.83     0  02:03        0.79
  WS02006230           JUNCTION     0.42     0.82     7.56     0  01:59        0.82
  WS02006231           JUNCTION     0.19     0.42     7.54     0  01:59        0.42
  WS02006232           JUNCTION     0.28     0.49     7.53     0  01:59        0.49
  WS02006234           JUNCTION     0.16     0.34     7.49     0  01:59        0.34
  WS02006235           JUNCTION     0.17     0.26     7.43     0  02:01        0.26
  WS02006238           JUNCTION     0.19     0.28     7.43     0  02:01        0.28
  WS02006240           JUNCTION     0.05     0.14     7.43     0  02:01        0.14
  WS02006242           JUNCTION     0.08     0.18     7.45     0  02:02        0.18
  WS02006243           JUNCTION     0.02     0.09     7.51     0  02:02        0.09
  WS02006245           JUNCTION     0.03     0.11     7.59     0  02:01        0.11
  WS02006247           JUNCTION     0.04     0.12     7.62     0  02:00        0.12
  WS02006248           JUNCTION     0.03     0.09     7.68     0  01:59        0.09
  WS02006249           JUNCTION     0.04     0.13     7.73     0  01:59        0.13
  WS02006239           JUNCTION     0.13     0.22     7.43     0  02:00        0.22
  WS02006251           JUNCTION     0.03     0.10     7.77     0  01:58        0.10
  WS02006252           JUNCTION     0.00     0.00     8.24     0  00:00        0.00
  WS02006253           JUNCTION     0.13     0.33     7.98     0  01:57        0.33
  WS02006256           JUNCTION     2.12     2.35     9.28     0  00:00        2.35
  WS02004138           JUNCTION     0.14     0.14     7.39     0  00:00        0.14
  WS02004139           JUNCTION     0.16     0.18     5.09     0  02:10        0.18
  WS02004407           JUNCTION     0.13     0.28     6.59     0  02:03        0.28
  WS02006228           JUNCTION     0.51     0.89     7.54     0  01:59        0.89
  WS02006229           JUNCTION     0.47     0.88     7.57     0  01:59        0.88
  WS02006280           JUNCTION     0.09     0.24     8.51     0  01:58        0.24
  WS02006284           JUNCTION     0.39     0.62     9.01     0  01:58        0.62
  WS02006287           JUNCTION     0.13     0.36     9.31     0  01:57        0.36
  WSF200               JUNCTION     0.12     0.27     5.50     0  02:06        0.27
  HS02004901           JUNCTION     0.15     0.34    10.17     0  01:56        0.34
  HS02004881           JUNCTION     0.01     0.05     9.08     0  01:57        0.05
  HS02004876           JUNCTION     0.05     0.15     9.18     0  01:57        0.15
  HS02004870           JUNCTION     0.02     0.08     9.37     0  01:57        0.08
  HS02004862           JUNCTION     0.03     0.10     9.48     0  01:58        0.10
  HS02004856           JUNCTION     0.08     0.14     9.57     0  01:58        0.14
  HS02004852           JUNCTION     0.02     0.07     9.58     0  01:58        0.07
  HS02004848           JUNCTION     0.02     0.06     9.66     0  01:58        0.06
  HS02004842           JUNCTION     0.34     0.39     9.66     0  01:58        0.39
  HS02004837           JUNCTION     0.04     0.08     9.66     0  01:58        0.08
  HS02004830           JUNCTION     0.05     0.10     9.57     0  01:58        0.10
  HS02004824           JUNCTION     0.03     0.10     9.50     0  01:58        0.10
  HS02004817           JUNCTION     0.46     0.66     9.51     0  01:58        0.66
  HS02004807           JUNCTION     0.15     0.33     9.50     0  01:58        0.33
  HS02004802           JUNCTION     0.18     0.37     9.49     0  01:58        0.37
  HS02004799           JUNCTION     0.16     0.42     9.63     0  01:56        0.42
  HS02004792           JUNCTION     0.05     0.19     9.71     0  01:56        0.19
  HS02004788           JUNCTION     0.04     0.14    10.04     0  01:57        0.14
  HS02004785           JUNCTION     0.07     0.22    10.12     0  01:56        0.22
  HS02004777           JUNCTION     0.17     0.36    10.16     0  01:56        0.36
  HS02004770           JUNCTION     0.14     0.33    10.16     0  01:56        0.33
  HS02004480           JUNCTION     0.11     0.34     9.58     0  01:56        0.34
  HS02004479           JUNCTION     0.15     0.38     9.58     0  01:56        0.38
  HS02004478           JUNCTION     0.08     0.25     9.48     0  01:57        0.25
  YS02001745           JUNCTION     0.73     0.96     8.48     0  02:46        0.96
  YS02001748           JUNCTION     1.12     1.39     8.47     0  02:47        1.39
  YS02001751           JUNCTION     1.29     1.59     8.46     0  02:47        1.59
  YS02001754           JUNCTION     1.54     1.85     8.46     0  02:46        1.85
  YS02001762           JUNCTION     1.73     2.05     8.45     0  02:45        2.05
  YS02001765           JUNCTION     1.68     1.99     8.44     0  02:45        1.99
  YS02001767           JUNCTION     1.65     1.95     8.44     0  02:36        1.95
  YS02001770           JUNCTION     1.64     1.93     8.43     0  02:45        1.93
  YS02001774           JUNCTION     1.71     1.98     8.41     0  02:36        1.98
  YS02001779           JUNCTION     1.46     1.68     8.37     0  02:01        1.68
  YS02001882           JUNCTION     0.67     1.63     8.34     0  02:02        1.62
  YS02001884           JUNCTION     0.77     1.73     8.35     0  02:17        1.72
  YS02001759           JUNCTION     1.77     2.09     8.45     0  02:45        2.09
  YS02001887           JUNCTION     0.84     1.81     8.34     0  02:23        1.80
  YS02001890           JUNCTION     0.87     1.81     8.32     0  02:02        1.81
  YS02001898           JUNCTION     0.64     1.56     8.30     0  02:22        1.56
  YS02001901           JUNCTION     0.75     1.68     8.29     0  02:21        1.67
  YS02001904           JUNCTION     0.73     1.64     8.27     0  02:23        1.63
  YS02001907           JUNCTION     1.05     1.96     8.25     0  02:02        1.96
  YS02001910           JUNCTION     0.85     1.78     8.29     0  02:04        1.77
  YS02001915           JUNCTION     0.65     1.59     8.31     0  02:04        1.57
  YS02001918           JUNCTION     0.40     1.28     8.34     0  02:03        1.25
  YS02001619           JUNCTION     1.25     1.50     8.43     0  01:55        1.48
  YS02001629           JUNCTION     1.59     1.85     8.40     0  02:00        1.84
  YS02001641           JUNCTION     1.69     1.94     8.38     0  02:01        1.93
  YS02001644           JUNCTION     1.69     1.92     8.35     0  01:59        1.92
  YS02001652           JUNCTION     1.55     2.03     8.62     0  02:14        1.85
  YS02001655           JUNCTION     1.32     1.89     8.74     0  02:14        1.64
  YS02001920           JUNCTION     0.49     1.36     8.37     0  02:03        1.32
  YS02001923           JUNCTION     0.32     1.11     8.37     0  02:03        1.08
  YS02001926           JUNCTION     0.35     0.93     8.38     0  02:03        0.92
  YS02001929           JUNCTION     0.21     0.70     8.39     0  02:03        0.68
  YS02001658           JUNCTION     1.06     1.75     8.89     0  02:14        1.39
  YS02001661           JUNCTION     0.84     2.09     9.49     0  02:14        1.18
  YS02001664           JUNCTION     0.38     0.57     8.49     0  02:09        0.55
  YS02001622           JUNCTION     1.27     1.51     8.42     0  01:55        1.49
  YS02001633           JUNCTION     1.68     1.95     8.41     0  02:01        1.94
  YS02001649           JUNCTION     1.74     2.05     8.44     0  02:07        2.05
  YS02001757           JUNCTION     1.86     2.19     8.45     0  02:45        2.19
  YS02001895           JUNCTION     0.63     1.57     8.31     0  02:29        1.56
  YS02001625           JUNCTION     1.55     1.78     8.38     0  01:55        1.78
  YS02163301           JUNCTION     1.62     1.89     8.41     0  02:00        1.88
  YS02163601           JUNCTION     1.73     1.99     8.39     0  02:01        1.98
  YS02164001           JUNCTION     1.67     1.92     8.38     0  02:01        1.91
  YS02001647           JUNCTION     1.53     1.80     8.41     0  02:14        1.79
  YSB1154              JUNCTION     0.28     0.53     9.59     0  01:56        0.53
  YSB6556              JUNCTION     0.18     0.42     9.59     0  01:56        0.42
  YSB1174              JUNCTION     0.24     0.48     9.59     0  01:56        0.48
  YSB1171              JUNCTION     0.44     0.68     9.59     0  01:57        0.68
  YS02006553           JUNCTION     1.05     1.97     8.25     0  02:36        1.96
  YS02006561           JUNCTION     0.37     1.05     7.71     0  02:51        1.05
  YS02006556           JUNCTION     1.02     1.94     8.26     0  02:36        1.91
  YS02006558           JUNCTION     1.06     1.99     8.25     0  02:36        1.95
  YS02001783           JUNCTION     0.58     1.43     7.58     0  02:52        1.43
  YS02001784           JUNCTION     0.58     1.37     7.44     0  02:52        1.37
  YS02001786           JUNCTION     0.49     1.21     7.24     0  02:53        1.21
  YS02001788           JUNCTION     0.38     1.08     7.05     0  02:53        1.08
  YS02001790           JUNCTION     0.45     1.23     6.88     0  02:54        1.23
  YS02001791           JUNCTION     0.34     1.21     6.68     0  02:54        1.21
  YS02001793           JUNCTION     0.36     1.73     6.56     0  02:54        1.73
  WSC                  OUTFALL      0.14     0.26     0.93     0  02:10        0.26
  3                    OUTFALL      0.00     0.00     7.16     0  00:00        0.00
  4                    OUTFALL      0.00     0.00     7.67     0  00:00        0.00
  5                    OUTFALL      0.00     0.00     4.91     0  00:00        0.00
  JK-storage           STORAGE      1.23     5.74     6.54     0  02:54        5.74
  CC-storage           STORAGE      1.11     1.45     8.45     0  02:45        1.45
  XR-storage           STORAGE      7.45     7.72     5.72     0  01:47        7.72
  
  
  *******************
  Node Inflow Summary
  *******************
  
  -------------------------------------------------------------------------------------------------
                                  Maximum  Maximum                  Lateral       Total        Flow
                                  Lateral    Total  Time of Max      Inflow      Inflow     Balance
                                   Inflow   Inflow   Occurrence      Volume      Volume       Error
  Node                 Type           LPS      LPS  days hr:min    10^6 ltr    10^6 ltr     Percent
  -------------------------------------------------------------------------------------------------
  WS02001211           JUNCTION      7.35    67.83     0  02:08       0.212       0.428       1.416
  WS02001212           JUNCTION      0.00    60.60     0  02:07           0       0.213       0.027
  WS02001213           JUNCTION      0.00    60.93     0  02:05           0       0.224       4.084
  WS02003069           JUNCTION      0.32   422.09     0  02:08     0.00922        3.35       0.171
  WS02003072           JUNCTION      0.00   421.98     0  02:08           0        3.35       0.275
  WS02003073           JUNCTION      1.82   423.74     0  02:09      0.0524        3.39       0.237
  WS02003060           JUNCTION     16.53   482.58     0  02:07       0.476         3.6       0.150
  WS02003066           JUNCTION      0.00   466.04     0  02:06           0        3.12       0.057
  WS02003059           JUNCTION      0.00   103.93     0  01:45           0       0.248       7.565
  WS02003067           JUNCTION      0.00   466.02     0  02:06           0        3.12       0.152
  WS02004401           JUNCTION      0.00   469.99     0  02:01           0        3.24       0.359
  WS02004402           JUNCTION      0.00   471.11     0  02:02           0        3.23       0.361
  WS02004403           JUNCTION      0.00   470.90     0  02:01           0        3.21       0.348
  WS02004404           JUNCTION      0.16   481.26     0  01:58     0.00467        3.21       0.287
  WS02004406           JUNCTION      0.00   471.49     0  02:02           0        3.19       0.698
  WS02004409           JUNCTION      0.00   468.33     0  02:03           0        3.16       0.132
  WS02004410           JUNCTION      0.00   467.38     0  02:03           0        3.16       0.190
  WS02004411           JUNCTION      0.00   466.67     0  02:04           0        3.15       0.226
  WS02004412           JUNCTION      0.00   466.28     0  02:05           0        3.15       0.288
  WS02004413           JUNCTION      0.00   466.12     0  02:06           0        3.14       0.501
  WS02004405           JUNCTION      0.04   525.06     0  01:59      0.0011         3.2       0.404
  WS02006109           JUNCTION      1.23   449.60     0  01:59      0.0354         3.2       0.369
  WS02006110           JUNCTION      0.00   449.60     0  01:59           0        3.19       0.329
  WS02006111           JUNCTION      0.00   462.97     0  02:00           0        3.17       0.037
  WS02006112           JUNCTION     23.75   474.19     0  01:59      0.0974        3.27       0.488
  WS02006113           JUNCTION      0.00   449.81     0  01:59           0        3.18       0.079
  WS02006115           JUNCTION      0.00   473.41     0  01:59           0        3.25       0.309
  WS02006116           JUNCTION      0.00   470.87     0  01:58           0        3.24       0.213
  WS02006230           JUNCTION     10.28   141.85     0  01:58       0.296           1       0.525
  WS02006231           JUNCTION      0.00   141.53     0  01:58           0       0.755       0.205
  WS02006232           JUNCTION      0.00   141.17     0  01:59           0       0.757       0.638
  WS02006234           JUNCTION      0.00   141.03     0  01:59           0       0.757       0.065
  WS02006235           JUNCTION      0.00   445.10     0  02:01           0        6.61       0.045
  WS02006238           JUNCTION      0.00    49.26     0  00:00           0      0.0669       2.213
  WS02006240           JUNCTION      0.00    15.74     0  02:04           0      0.0566       0.058
  WS02006242           JUNCTION      0.00    15.59     0  02:02           0      0.0557       0.323
  WS02006243           JUNCTION      0.00    15.62     0  02:01           0      0.0552      -0.366
  WS02006245           JUNCTION      0.00    15.63     0  02:00           0      0.0556       0.704
  WS02006247           JUNCTION      0.00    15.66     0  01:59           0      0.0558       0.238
  WS02006248           JUNCTION      0.00    15.66     0  01:59           0      0.0558       0.034
  WS02006249           JUNCTION      0.00    15.74     0  01:58           0      0.0559       0.137
  WS02006239           JUNCTION      0.00    17.98     0  00:01           0      0.0609       1.974
  WS02006251           JUNCTION      0.08   123.50     0  01:57     0.00222       0.539      -0.006
  WS02006252           JUNCTION      0.00     0.00     0  00:00           0           0       0.000 ltr
  WS02006253           JUNCTION      3.07   123.42     0  01:57      0.0115       0.537       0.036
  WS02006256           JUNCTION      0.00   983.00     0  00:00           0          15      -0.008
  WS02004138           JUNCTION      0.00   190.00     0  00:00           0        5.47       0.071
  WS02004139           JUNCTION      0.32   257.96     0  02:10     0.00924         5.9       0.076
  WS02004407           JUNCTION      0.00   468.55     0  02:03           0        3.16       0.063
  WS02006228           JUNCTION      0.00   448.38     0  01:58           0        3.17       0.232
  WS02006229           JUNCTION      0.00   579.88     0  01:58           0        3.44       0.247
  WS02006280           JUNCTION      0.00   579.87     0  01:58           0        2.74       0.003
  WS02006284           JUNCTION      0.10   579.80     0  01:58     0.00275        2.74       0.017
  WS02006287           JUNCTION      0.00   579.62     0  01:58           0        2.74       0.027
  WSF200               JUNCTION      0.00   466.03     0  02:06           0        3.11       0.028
  HS02004901           JUNCTION     28.95    28.95     0  01:54       0.118       0.118       1.510
  HS02004881           JUNCTION     11.78   120.65     0  01:57       0.047       0.525       0.012
  HS02004876           JUNCTION     21.19   109.35     0  01:57      0.0909       0.479       0.111
  HS02004870           JUNCTION     21.75    88.39     0  01:57       0.089       0.388       0.028
  HS02004862           JUNCTION     20.49    67.35     0  01:58       0.101       0.299       0.057
  HS02004856           JUNCTION     16.28    46.90     0  01:57       0.067       0.199       0.726
  HS02004852           JUNCTION      0.00    31.11     0  01:58           0       0.132       0.040
  HS02004848           JUNCTION     44.96    44.96     0  02:00       0.226       0.226       0.021
  HS02004842           JUNCTION      0.00    14.92     0  02:09           0       0.107      13.873
  HS02004837           JUNCTION     42.95    55.95     0  01:57       0.337       0.431       0.189
  HS02004830           JUNCTION      0.15    56.09     0  01:58     0.00432       0.422       0.293
  HS02004824           JUNCTION     53.17   109.00     0  02:00       0.282       0.702       0.077
  HS02004817           JUNCTION      0.60   110.36     0  02:01      0.0173       0.719       2.374
  HS02004807           JUNCTION     40.20   148.01     0  02:00       0.163       0.866       0.503
  HS02004802           JUNCTION      0.00   148.56     0  02:00           0       0.865       0.460
  HS02004799           JUNCTION     32.05   367.23     0  01:56       0.133        1.62       0.177
  HS02004792           JUNCTION    142.46   335.59     0  01:56       0.627        1.49       0.028
  HS02004788           JUNCTION     46.97   194.07     0  01:56       0.245       0.865       0.045
  HS02004785           JUNCTION      0.15   147.31     0  01:56     0.00432       0.622       0.079
  HS02004777           JUNCTION      0.03   147.39     0  01:55    0.000864       0.622       0.841
  HS02004770           JUNCTION    119.36   147.88     0  01:55       0.507       0.624       0.497
  HS02004480           JUNCTION      0.00   433.58     0  01:56           0         1.9       0.053
  HS02004479           JUNCTION      0.00    66.50     0  01:56           0       0.287       0.256
  HS02004478           JUNCTION      0.00   579.58     0  01:58           0        2.75       0.012
  YS02001745           JUNCTION    367.87   367.87     0  02:37        3.47        3.47       0.330
  YS02001748           JUNCTION      0.04   406.08     0  01:54      0.0013        3.46       0.658
  YS02001751           JUNCTION      0.01   370.29     0  02:35    0.000317        3.44       0.695
  YS02001754           JUNCTION      0.26   371.11     0  02:33     0.00749        3.42       0.725
  YS02001762           JUNCTION      0.00   395.44     0  02:04           0        2.44       0.874
  YS02001765           JUNCTION      0.00   395.28     0  02:05           0        2.44       1.005
  YS02001767           JUNCTION      0.54   395.57     0  02:05      0.0154        2.47       1.459
  YS02001770           JUNCTION    448.49   740.98     0  02:47        3.84        5.09       0.621
  YS02001774           JUNCTION      0.00   741.06     0  02:48           0        3.85       0.650
  YS02001779           JUNCTION      0.01   741.11     0  02:48    0.000144        3.82       0.400
  YS02001882           JUNCTION      0.00    28.22     0  01:56           0      0.0271       6.390
  YS02001884           JUNCTION      0.00    37.89     0  01:54           0      0.0642       9.405
  YS02001759           JUNCTION    432.79   785.60     0  02:05        3.55        4.72       0.486
  YS02001887           JUNCTION    539.80   540.69     0  02:18        4.04        4.07       0.192
  YS02001890           JUNCTION      0.00   540.81     0  02:19           0        4.02       0.207
  YS02001898           JUNCTION      0.00   518.23     0  02:17           0        3.98       0.067
  YS02001901           JUNCTION      0.00   518.34     0  02:17           0        3.98       0.146
  YS02001904           JUNCTION      0.00   518.78     0  02:17           0        3.98       0.124
  YS02001907           JUNCTION      0.00  1017.45     0  02:04           0           9       0.248
  YS02001910           JUNCTION      0.00   510.25     0  02:04           0        5.03       0.228
  YS02001915           JUNCTION    320.57   509.74     0  02:04        2.89        5.05       0.100
  YS02001918           JUNCTION      0.00   237.96     0  02:04           0        2.18       0.053
  YS02001619           JUNCTION    316.84   316.84     0  02:35        2.89        2.89       0.425
  YS02001629           JUNCTION      0.00   234.71     0  01:58           0        1.56       1.884
  YS02001641           JUNCTION      0.00   487.60     0  01:58           0         4.9       0.432
  YS02001644           JUNCTION    351.67  1569.88     0  02:47        3.35        14.9       0.172
  YS02001652           JUNCTION      0.00   435.05     0  02:08           0           3       0.771
  YS02001655           JUNCTION      0.15   433.77     0  02:08     0.00443        3.02       0.828
  YS02001920           JUNCTION      2.87   238.06     0  02:04      0.0827        2.16       0.117
  YS02001923           JUNCTION      0.04   216.26     0  02:04     0.00109        2.07       0.053
  YS02001926           JUNCTION      0.05   183.27     0  02:04      0.0015        2.07       0.150
  YS02001929           JUNCTION    179.11   179.11     0  03:01        2.07        2.07       0.032
  YS02001658           JUNCTION      0.00   481.62     0  02:09           0        3.04       0.809
  YS02001661           JUNCTION      0.00   737.24     0  02:07           0        3.19       0.155
  YS02001664           JUNCTION    394.14   394.14     0  02:21        3.05        3.19       0.192
  YS02001622           JUNCTION      0.00   317.53     0  02:35           0        2.88       1.114
  YS02001633           JUNCTION    358.44   489.21     0  01:58        3.45        4.96       0.647
  YS02001649           JUNCTION      0.00  1074.45     0  01:59           0        8.35       0.440
  YS02001757           JUNCTION      0.00  2068.51     0  02:02           0        8.68       1.071
  YS02001895           JUNCTION      0.00   518.52     0  02:17           0        3.99       0.114
  YS02001625           JUNCTION      0.00   317.08     0  02:34           0        2.85       1.381
  YS02163301           JUNCTION      0.00   234.74     0  01:58           0        1.55       1.556
  YS02163601           JUNCTION      0.11   488.82     0  01:58     0.00317        4.91       0.613
  YS02164001           JUNCTION      0.00   488.36     0  01:58           0        4.89       0.408
  YS02001647           JUNCTION      0.00   841.96     0  02:48           0        7.67       0.371
  YSB1154              JUNCTION     37.33    37.33     0  01:55        0.16        0.16       0.908
  YSB6556              JUNCTION      0.00    37.14     0  01:56           0       0.161       0.783
  YSB1174              JUNCTION     30.90    30.90     0  01:53       0.118       0.119       1.090
  YSB1171              JUNCTION      0.00    66.68     0  01:56           0       0.286       2.268
  YS02006553           JUNCTION      0.00   717.57     0  02:03           0        7.66       0.186
  YS02006561           JUNCTION      0.00  1144.33     0  02:30           0        11.3       0.003
  YS02006556           JUNCTION      0.00   717.77     0  02:03           0        7.67       0.121
  YS02006558           JUNCTION    470.33  1145.21     0  02:30        3.73        11.4       0.041
  YS02001783           JUNCTION      0.00  1144.20     0  02:30           0        11.3       0.016
  YS02001784           JUNCTION      1.06  1145.58     0  02:30      0.0305        11.4       0.029
  YS02001786           JUNCTION      0.06  1145.22     0  02:30     0.00162        11.4       0.029
  YS02001788           JUNCTION      0.07  1145.24     0  02:24     0.00204        11.4       0.017
  YS02001790           JUNCTION      0.15  1160.05     0  02:33     0.00446        11.4       0.024
  YS02001791           JUNCTION      0.00  1274.37     0  02:25           0        11.4      -0.003
  YS02001793           JUNCTION      0.00  1230.14     0  02:27           0        11.4       0.001
  WSC                  OUTFALL       0.00   423.63     0  02:10           0        3.38       0.000
  3                    OUTFALL       0.00   445.10     0  02:01           0        6.14       0.000
  4                    OUTFALL       0.00   107.75     0  01:58           0       0.483       0.000
  5                    OUTFALL       0.00   257.96     0  02:10           0        5.89       0.000
  JK-storage           STORAGE       0.00  1226.78     0  02:18           0        11.5     -22.979
  CC-storage           STORAGE       0.00  2068.29     0  02:02           0        4.12       1.602
  XR-storage           STORAGE     937.70   937.70     0  03:01        14.2        14.8      -0.002
  
  
  **********************
  Node Surcharge Summary
  **********************
  
  Surcharging occurs when water rises above the top of the highest conduit.
  ---------------------------------------------------------------------
                                               Max. Height   Min. Depth
                                   Hours       Above Crown    Below Rim
  Node                 Type      Surcharged         Meters       Meters
  ---------------------------------------------------------------------
  WS02006109           JUNCTION        0.39          0.053        1.767
  WS02006256           JUNCTION        6.60          2.050        0.000
  WS02006228           JUNCTION        0.38          0.060        2.140
  YS02001748           JUNCTION        6.06          0.314        0.876
  YS02001751           JUNCTION        6.14          0.586        0.614
  YS02001754           JUNCTION        6.22          0.800        0.350
  YS02001762           JUNCTION        6.29          1.047        0.103
  YS02001765           JUNCTION        6.28          0.993        0.107
  YS02001767           JUNCTION        6.26          0.948        0.082
  YS02001770           JUNCTION        6.26          0.902        0.018
  YS02001774           JUNCTION        6.29          0.985        0.065
  YS02001779           JUNCTION        6.22          0.680        0.000
  YS02001882           JUNCTION        1.59          0.628        0.202
  YS02001884           JUNCTION        1.61          0.669        0.201
  YS02001759           JUNCTION        6.30          1.087        0.123
  YS02001887           JUNCTION        1.67          0.756        0.194
  YS02001890           JUNCTION        1.70          0.760        0.000
  YS02001898           JUNCTION        1.55          0.534        0.206
  YS02001901           JUNCTION        1.64          0.677        0.193
  YS02001904           JUNCTION        1.63          0.638        0.212
  YS02001907           JUNCTION        2.22          0.950        0.000
  YS02001910           JUNCTION        1.74          0.783        0.317
  YS02001915           JUNCTION        1.58          0.592        0.408
  YS02001918           JUNCTION        1.40          0.277        0.533
  YS02001619           JUNCTION        6.15          0.497        0.113
  YS02001629           JUNCTION        6.15          0.468        0.002
  YS02001641           JUNCTION        6.27          0.938        0.162
  YS02001644           JUNCTION        6.27          0.920        0.000
  YS02001652           JUNCTION        6.23          0.996        0.134
  YS02001655           JUNCTION        6.16          0.891        0.309
  YS02001920           JUNCTION        1.43          0.358        0.782
  YS02001658           JUNCTION        6.08          0.745        0.555
  YS02001661           JUNCTION        0.07          1.017        0.373
  YS02001622           JUNCTION        6.16          0.511        0.109
  YS02001633           JUNCTION        6.27          0.934        0.126
  YS02001649           JUNCTION        6.29          1.050        0.000
  YS02001757           JUNCTION        6.33          1.190        0.020
  YS02001895           JUNCTION        1.56          0.567        0.183
  YS02001625           JUNCTION        6.24          0.780        0.000
  YS02163301           JUNCTION        6.26          0.889        0.141
  YS02163601           JUNCTION        6.29          0.993        0.087
  YS02164001           JUNCTION        6.27          0.924        0.176
  YS02001647           JUNCTION        6.24          0.802        0.098
  YS02006553           JUNCTION        2.30          0.967        0.223
  YS02006561           JUNCTION        1.41          0.250        0.900
  YS02006556           JUNCTION        1.92          0.905        0.445
  YS02006558           JUNCTION        1.89          0.886        0.514
  YS02001783           JUNCTION        1.69          0.635        0.965
  YS02001784           JUNCTION        1.66          0.574        0.916
  YS02001786           JUNCTION        1.52          0.413        1.017
  YS02001788           JUNCTION        0.88          0.276        1.204
  YS02001790           JUNCTION        0.98          0.434        0.723
  YS02001791           JUNCTION        0.97          0.409        1.511
  YS02001793           JUNCTION        1.09          0.733        1.867
  
  
  *********************
  Node Flooding Summary
  *********************
  
  Flooding refers to all water that overflows a node, whether it ponds or not.
  --------------------------------------------------------------------------
                                                             Total   Maximum
                                 Maximum   Time of Max       Flood    Ponded
                        Hours       Rate    Occurrence      Volume     Depth
  Node                 Flooded       LPS   days hr:min    10^6 ltr    Meters
  --------------------------------------------------------------------------
  WS02006256              5.54    978.40      0  00:00       8.708     0.000
  YS02001779              3.61    741.10      0  02:48       3.802     0.000
  YS02001890              0.53     24.55      0  02:19       0.026     0.000
  YS02001907              1.25    432.99      0  02:42       1.328     0.000
  YS02001644              5.99   1569.87      0  02:47      13.965     0.000
  YS02001649              0.01     22.95      0  02:09       0.000     0.000
  YS02001625              1.83    295.84      0  02:35       1.264     0.000
  XR-storage              6.21    747.69      0  03:01       8.401     0.000
  
  
  **********************
  Storage Volume Summary
  **********************
  
  --------------------------------------------------------------------------------------------------
                         Average     Avg  Evap Exfil       Maximum     Max    Time of Max    Maximum
                          Volume    Pcnt  Pcnt  Pcnt        Volume    Pcnt     Occurrence    Outflow
  Storage Unit           1000 m3    Full  Loss  Loss       1000 m3    Full    days hr:min        LPS
  --------------------------------------------------------------------------------------------------
  JK-storage               0.062      21     0     0         0.288      99       0  02:54     983.00
  CC-storage               3.093      20     0     0         4.048      26       0  02:45     104.52
  XR-storage               0.894      96     0     0         0.926     100       0  01:47     190.00
  
  
  ***********************
  Outfall Loading Summary
  ***********************
  
  ---------------------------------------------------------------------------------------------------------------------------------
                         Flow       Avg       Max       Total         Total         Total         Total         Total         Total
                         Freq      Flow      Flow      Volume           COD            SS            TN            TP         NH4-N
  Outfall Node           Pcnt       LPS       LPS    10^6 ltr            kg            kg            kg            kg            kg
  ---------------------------------------------------------------------------------------------------------------------------------
  WSC                   99.97    140.74    423.63       3.384       452.853       825.806        22.060         2.470        12.979
  3                     99.98    244.69    445.10       6.141       288.603       561.463         5.666         0.417         2.778
  4                     99.97     22.50    107.75       0.483        56.955       113.540         1.249         0.094         0.618
  5                     99.99    207.14    257.96       5.891       837.022      1401.703        66.030         8.033        40.627
  ---------------------------------------------------------------------------------------------------------------------------------
  System                99.98    615.07   1205.58      15.899      1635.433      2902.511        95.006        11.013        57.003
  
  
  ********************
  Link Flow Summary
  ********************
  
  -----------------------------------------------------------------------------
                                 Maximum  Time of Max   Maximum    Max/    Max/
                                  |Flow|   Occurrence   |Veloc|    Full    Full
  Link                 Type          LPS  days hr:min     m/sec    Flow   Depth
  -----------------------------------------------------------------------------
  WS02003066WSF200     CONDUIT    466.03     0  02:06      2.78    0.08    0.21
  WS02006287WS02006284 CONDUIT    579.70     0  01:58      2.27    0.27    0.36
  WS02006284WS02006280 CONDUIT    579.87     0  01:58      2.51    0.24    0.34
  WS02006280WS02006229 CONDUIT    579.88     0  01:58      4.06    0.12    0.24
  WS02006229WS02006228 CONDUIT    448.38     0  01:58      0.89    1.49    1.00
  WS02006256WS02006235 CONDUIT    289.81     0  02:09      4.46    3.07    0.94
  WS02006253WS02006251 CONDUIT    123.42     0  01:57      0.89    0.37    0.39
  WS02006252WS02006251 CONDUIT      0.00     0  00:00      0.00    0.00    0.00
  WS02006251WS02006249 CONDUIT     15.74     0  01:58      0.38    0.05    0.17
  WS02006249WS02006248 CONDUIT     15.66     0  01:59      0.45    0.09    0.15
  WS02006248WS02006247 CONDUIT     15.66     0  01:59      0.46    0.03    0.14
  WS02006247WS02006245 CONDUIT     15.63     0  02:00      0.40    0.12    0.16
  WS02006245WS02006243 CONDUIT     15.62     0  02:01      0.53    0.05    0.13
  WS02006243WS02006242 CONDUIT     15.59     0  02:02      0.36    0.03    0.17
  WS02006242WS02006240 CONDUIT     15.74     0  02:04      0.25    0.06    0.22
  WS02006240WS02006239 CONDUIT     16.10     0  02:05      0.25    0.05    0.23
  WS02006239WS02006238 CONDUIT     17.98     0  00:01      0.45    0.06    0.34
  WS02006238WS02006235 CONDUIT     49.26     0  00:00      1.17    0.11    0.39
  WS02006235WS02006234 CONDUIT    140.97     0  02:00      0.96    1.49    0.41
  WS02006234WS02006232 CONDUIT    141.03     0  01:59      0.82    0.29    0.59
  WS02006232WS02006231 CONDUIT    141.17     0  01:59      0.54    0.30    0.64
  WS02006231WS02006230 CONDUIT    141.53     0  01:58      0.58    2.15    0.61
  WS02006230WS02006229 CONDUIT    131.57     0  01:58      0.40    2.93    1.00
  WS02006228WS02006109 CONDUIT    448.37     0  01:59      0.89    1.96    1.00
  WS02006116WS02004401 CONDUIT    469.99     0  02:01      0.73    0.65    0.80
  WS02006115WS02006116 CONDUIT    470.87     0  01:58      0.96    0.60    0.72
  WS02006113WS02006111 CONDUIT    462.97     0  02:00      2.31    0.55    0.42
  WS02006112WS02006115 CONDUIT    473.41     0  01:59      0.67    0.28    0.85
  WS02006111WS02006112 CONDUIT    451.77     0  01:59      1.29    0.21    0.66
  WS02006110WS02006113 CONDUIT    449.81     0  01:59      1.10    0.41    0.76
  WS02006109WS02006110 CONDUIT    449.60     0  01:59      0.90    0.86    0.96
  WS02004411WS02004412 CONDUIT    466.28     0  02:05      0.99    0.66    0.65
  WS02004401WS02004402 CONDUIT    471.11     0  02:02      0.68    0.57    0.83
  WS02004413WS02003067 CONDUIT    466.02     0  02:06      1.03    0.20    0.56
  WS02004412WS02004413 CONDUIT    466.12     0  02:06      0.93    0.31    0.74
  WS02004410WS02004411 CONDUIT    466.67     0  02:04      0.89    0.64    0.64
  WS02004409WS02004410 CONDUIT    467.38     0  02:03      0.91    0.60    0.62
  WS02004407WS02004409 CONDUIT    468.33     0  02:03      1.39    0.17    0.45
  WS02004406WS02004407 CONDUIT    468.55     0  02:03      0.96    0.21    0.60
  WS02004405WS02004406 CONDUIT    471.49     0  02:02      0.63    0.93    0.92
  WS02004404WS02004405 CONDUIT    525.03     0  01:59      0.70    5.14    0.93
  WS02004403WS02004404 CONDUIT    481.10     0  01:58      0.65    0.35    0.90
  WS02004402WS02004403 CONDUIT    470.90     0  02:01      0.67    0.68    0.85
  WS02004139WS02001211 CONDUIT     67.64     0  02:10      0.55    0.09    0.17
  WS02004138WS02004139 CONDUIT    191.49     0  00:01      2.95    0.04    0.14
  WS02003067WS02003066 CONDUIT    466.04     0  02:06      1.11    0.15    0.40
  WS02001213WS02003059 CONDUIT     60.93     0  02:05      0.24    0.10    0.53
  WS02001212WS02001213 CONDUIT     60.60     0  02:07      0.76    0.09    0.16
  WS02001211WS02001212 CONDUIT     60.48     0  02:08      0.44    0.05    0.23
  WS02003072WS02003073 CONDUIT    421.92     0  02:09      1.31    0.91    0.33
  WS02003069WS02003072 CONDUIT    421.98     0  02:08      1.26    0.20    0.34
  WS02003060WS02003069 CONDUIT    421.77     0  02:08      1.54    0.17    0.29
  WS02003059WS02003060 CONDUIT    103.93     0  01:45      0.56    0.07    0.45
  HS02004901HS02004770 CONDUIT     28.58     0  01:55      0.08    0.11    0.48
  HS02004876HS02004881 CONDUIT    109.36     0  01:57      1.12    1.16    0.14
  HS02004870HS02004876 CONDUIT     88.37     0  01:57      0.77    0.06    0.16
  HS02004842HS02004848 CONDUIT     14.92     0  02:09      0.07    0.01    0.32
  HS02004837HS02004842 CONDUIT     15.29     0  02:10      0.42    0.01    0.34
  HS02004830HS02004837 CONDUIT     55.94     0  01:58      0.63    0.06    0.13
  HS02004824HS02004830 CONDUIT     56.05     0  01:58      0.62    0.07    0.14
  HS02004817HS02004824 CONDUIT    109.76     0  02:01      0.29    0.05    0.54
  HS02004770HS02004777 CONDUIT    147.36     0  01:55      0.43    0.27    0.49
  HS02004799HS02004480 CONDUIT    367.12     0  01:56      0.97    0.46    0.54
  HS02004792HS02004799 CONDUIT    335.51     0  01:56      1.10    0.21    0.44
  HS02004788HS02004792 CONDUIT    194.02     0  01:57      1.19    0.13    0.23
  HS02004785HS02004788 CONDUIT    147.29     0  01:57      0.82    1.11    0.26
  HS02004777HS02004785 CONDUIT    147.16     0  01:56      0.51    0.18    0.41
  HS02004480HS02004478 CONDUIT    433.61     0  01:57      1.45    1.83    0.43
  HS02004479HS02004480 CONDUIT     66.55     0  01:57      0.34    0.06    0.52
  HS02004862HS02004870 CONDUIT     67.33     0  01:58      0.75    0.07    0.13
  HS02004848HS02004852 CONDUIT     31.11     0  01:58      0.50    0.04    0.09
  HS02004856HS02004862 CONDUIT     46.86     0  01:58      0.56    0.05    0.12
  HS02004852HS02004856 CONDUIT     31.15     0  01:59      0.30    0.04    0.15
  HS02004802HS02004478 CONDUIT    149.18     0  02:01      0.49    0.13    0.44
  HS02004478WS02006287 CONDUIT    579.62     0  01:58      1.99    0.16    0.32
  HS02004817HS02004807 CONDUIT    111.27     0  02:02      0.23    0.07    0.71
  HS02004807HS02004802 CONDUIT    148.56     0  02:00      0.43    0.28    0.49
  YS02001759YS02001757 CONDUIT    784.93     0  02:05      1.00    0.56    1.00
  YS02001762YS02001759 CONDUIT    395.28     0  02:04      0.50    0.46    1.00
  YS02001765YS02001762 CONDUIT    395.44     0  02:04      0.50    0.37    1.00
  YS02001770YS02001767 CONDUIT    395.04     0  02:05      0.50    1.56    1.00
  YS02001774YS02001770 CONDUIT    741.06     0  02:48      0.94    0.47    1.00
  YS02001779YS02001774 CONDUIT    741.10     0  02:48      0.94    0.37    1.00
  YS02001649YS02001757 CONDUIT   1074.92     0  01:59      1.37    0.65    1.00
  YS02001767YS02001765 CONDUIT    395.28     0  02:05      0.50    0.50    1.00
  YS02006561YS02001783 CONDUIT   1144.20     0  02:30      2.28    0.59    1.00
  YS02001783YS02001784 CONDUIT   1144.52     0  02:30      2.28    1.58    1.00
  YS02001784YS02001785 CONDUIT   1145.17     0  02:30      2.28    2.66    1.00
  YS02001788YS02001790 CONDUIT   1159.89     0  02:33      2.70    0.85    1.00
  YS02001790YS02001791 CONDUIT   1274.37     0  02:25      3.42    1.39    1.00
  YS02001791YS02001793 CONDUIT   1230.14     0  02:27      6.76    0.53    1.00
  YS02001910YS02001907 CONDUIT    509.90     0  02:04      0.65    0.29    1.00
  YS02001786YS02001788 CONDUIT   1145.16     0  02:24      2.45    2.21    1.00
  YS02001915YS02001910 CONDUIT    510.25     0  02:04      0.65    0.25    1.00
  YS02001918YS02001915 CONDUIT    265.34     0  03:31      0.46    0.15    1.00
  YS02001923YS02001920 CONDUIT    235.19     0  02:04      0.78    0.11    1.00
  YS02001926YS02001923 CONDUIT    216.23     0  02:04      0.89    0.31    0.92
  YS02001929YS02001926 CONDUIT    183.22     0  02:04      0.95    0.09    0.81
  YS02001920YS02001918 CONDUIT    237.96     0  02:04      0.74    0.23    1.00
  YS02001629YS02163301 CONDUIT    234.74     0  01:58      0.30    0.29    1.00
  YS02001619YS02001622 CONDUIT    317.53     0  02:35      0.70    0.47    1.00
  YS02001622YS02001625 CONDUIT    317.08     0  02:34      0.40    0.17    1.00
  YS02001625YS02001629 CONDUIT    234.71     0  01:58      0.30    0.11    1.00
  YS02163301YS02001633 CONDUIT    234.45     0  01:58      0.30    0.22    1.00
  YS02163601YS02164001 CONDUIT    488.36     0  01:58      0.62    0.43    1.00
  YS02164001YS02001641 CONDUIT    487.60     0  01:58      0.62    0.67    1.00
  YS02001641YS02001644 CONDUIT    487.97     0  01:58      0.62    1.58    1.00
  YS02001647YS02001649 CONDUIT    841.96     0  02:48      1.07    0.44    1.00
  YS02006553YS02006556 CONDUIT    717.77     0  02:03      0.91    0.61    1.00
  YS02006556YS02006558 CONDUIT    717.84     0  02:03      0.91    0.57    1.00
  YSB6556YSB1171       CONDUIT     37.18     0  01:57      0.11    0.04    0.79
  YS02001907YS02006553 CONDUIT    717.57     0  02:03      0.80    0.84    1.00
  YS02006558YS02006561 CONDUIT   1144.33     0  02:30      4.05    2.53    1.00
  YS02001633YS02163601 CONDUIT    488.71     0  01:58      0.62    0.51    1.00
  YS02001644YS02001647 CONDUIT    842.02     0  02:48      1.07    0.49    1.00
  YS02001745YS02001748 CONDUIT    406.04     0  01:54      1.62    0.16    0.98
  YS02001748YS02001751 CONDUIT    370.28     0  02:35      1.17    0.19    1.00
  YS02001751YS02001754 CONDUIT    370.85     0  02:33      0.98    0.18    1.00
  YS02001754YS02001757 CONDUIT    370.45     0  02:34      0.47    0.15    1.00
  YS02001882YS02001884 CONDUIT     28.22     0  01:56      0.15    0.03    1.00
  YS02001884YS02001887 CONDUIT     37.89     0  01:54      0.11    0.05    1.00
  YS02001890YS02001895 CONDUIT    518.52     0  02:17      0.66    0.24    1.00
  YS02001895YS02001898 CONDUIT    518.23     0  02:17      0.66    0.90    1.00
  YS02001898YS02001901 CONDUIT    518.34     0  02:17      0.66    0.33    1.00
  YS02001901YS02001904 CONDUIT    518.78     0  02:17      0.66    0.80    1.00
  YS02001904YS02001907 CONDUIT    518.60     0  02:11      0.66    0.18    1.00
  YS02001887YS02001890 CONDUIT    540.81     0  02:19      0.69    0.93    1.00
  YS02001652YS02001649 CONDUIT    437.27     0  02:08      0.67    0.22    1.00
  YS02001655YS02001652 CONDUIT    435.05     0  02:08      1.06    0.21    1.00
  YS02001658YS02001655 CONDUIT    433.61     0  02:08      1.35    0.18    1.00
  YS02001661YS02001658 CONDUIT    481.62     0  02:09      1.72    0.19    1.00
  YS02001664YS02001661 CONDUIT    737.24     0  02:07      1.63    0.23    0.77
  YSB1154YSB6556       CONDUIT     37.14     0  01:56      0.14    0.07    0.68
  YSB1174YSB1171       CONDUIT     30.20     0  01:53      0.09    0.05    0.79
  YSB1171HS02004479    CONDUIT     66.50     0  01:56      0.54    0.04    0.63
  HS02004881HS02006253 CONDUIT    120.65     0  01:57      2.57    0.02    0.07
  YS02001793JiankangQianchi CONDUIT   1226.78     0  02:18     20.77    0.10    1.00
  YS02001757CaochengTiaoxuchi CONDUIT   2068.29     0  02:02      3.19    0.91    1.00
  WSF200WS02003060     CONDUIT    466.05     0  02:07      2.12    0.10    0.25
  1                    CONDUIT    423.63     0  02:10      2.62    0.15    0.26
  CC-Pump-1            PUMP         0.00     0  00:00              0.00
  CC-Pump-2            PUMP         0.00     0  00:00              0.00
  JK-Pump-1            PUMP       300.00     0  00:00              1.00
  JK-Pump-2            PUMP       683.00     0  00:00              1.00
  XR-Pump-1            PUMP         0.00     0  00:00              0.00
  XR-Pump-2            PUMP        95.00     0  00:00              1.00
  XR-Pump-3            PUMP        95.00     0  00:00              1.00
  XR-Pump-4            PUMP         0.00     0  00:00              0.00
  3                    WEIR       107.75     0  01:58                      0.10
  5                    WEIR       445.10     0  02:01                      0.26
  6                    WEIR       257.96     0  02:10                      0.18
  
  
  ***************************
  Flow Classification Summary
  ***************************
  
  -------------------------------------------------------------------------------------
                      Adjusted    ---------- Fraction of Time in Flow Class ---------- 
                       /Actual         Up    Down  Sub   Sup   Up    Down  Norm  Inlet 
  Conduit               Length    Dry  Dry   Dry   Crit  Crit  Crit  Crit  Ltd   Ctrl  
  -------------------------------------------------------------------------------------
  WS02003066WSF200        1.00   0.12  0.00  0.00  0.00  0.88  0.00  0.00  0.78  0.00
  WS02006287WS02006284    1.00   0.05  0.02  0.00  0.52  0.41  0.00  0.00  0.63  0.00
  WS02006284WS02006280    1.00   0.06  0.00  0.00  0.00  0.00  0.00  0.94  0.00  0.00
  WS02006280WS02006229    1.00   0.06  0.00  0.00  0.00  0.00  0.00  0.94  0.00  0.00
  WS02006229WS02006228    1.00   0.00  0.00  0.00  0.99  0.00  0.00  0.01  0.00  0.00
  WS02006256WS02006235    1.00   0.00  0.00  0.00  0.08  0.92  0.00  0.00  0.01  0.00
  WS02006253WS02006251    1.00   0.02  0.03  0.00  0.00  0.00  0.95  0.00  0.00  0.00
  WS02006252WS02006251    1.00   1.00  0.00  0.00  0.00  0.00  0.00  0.00  0.00  0.00
  WS02006251WS02006249    1.00   0.00  0.00  0.00  1.00  0.00  0.00  0.00  0.97  0.00
  WS02006249WS02006248    1.00   0.00  0.06  0.00  0.00  0.00  0.94  0.00  0.00  0.00
  WS02006248WS02006247    1.00   0.07  0.00  0.00  0.79  0.00  0.00  0.14  0.34  0.00
  WS02006247WS02006245    1.00   0.07  0.00  0.00  0.66  0.00  0.00  0.27  0.00  0.00
  WS02006245WS02006243    1.00   0.07  0.00  0.00  0.35  0.00  0.00  0.58  0.00  0.00
  WS02006243WS02006242    1.00   0.07  0.00  0.00  0.90  0.00  0.00  0.03  0.80  0.00
  WS02006242WS02006240    1.00   0.00  0.07  0.00  0.92  0.00  0.00  0.00  0.18  0.00
  WS02006240WS02006239    1.00   0.00  0.00  0.00  0.91  0.00  0.00  0.09  0.00  0.00
  WS02006239WS02006238    1.00   0.00  0.00  0.00  1.00  0.00  0.00  0.00  0.17  0.00
  WS02006238WS02006235    1.00   0.00  0.00  0.00  1.00  0.00  0.00  0.00  0.00  0.00
  WS02006235WS02006234    1.00   0.07  0.00  0.00  0.90  0.00  0.02  0.01  0.00  0.00
  WS02006234WS02006232    1.00   0.00  0.00  0.00  1.00  0.00  0.00  0.00  0.14  0.00
  WS02006232WS02006231    1.00   0.00  0.00  0.00  0.99  0.00  0.00  0.00  0.01  0.00
  WS02006231WS02006230    1.00   0.00  0.00  0.00  0.31  0.00  0.69  0.00  0.00  0.00
  WS02006230WS02006229    1.00   0.00  0.00  0.00  0.98  0.00  0.00  0.02  0.02  0.00
  WS02006228WS02006109    1.00   0.00  0.00  0.00  1.00  0.00  0.00  0.00  0.00  0.00
  WS02006116WS02004401    1.00   0.05  0.00  0.00  0.95  0.00  0.00  0.00  0.00  0.00
  WS02006115WS02006116    1.00   0.05  0.00  0.00  0.91  0.00  0.00  0.04  0.00  0.00
  WS02006113WS02006111    1.00   0.03  0.00  0.00  0.01  0.96  0.00  0.00  0.09  0.00
  WS02006112WS02006115    1.00   0.03  0.02  0.00  0.95  0.00  0.00  0.00  0.00  0.00
  WS02006111WS02006112    1.00   0.03  0.00  0.00  0.97  0.00  0.00  0.00  0.93  0.00
  WS02006110WS02006113    1.00   0.01  0.02  0.00  0.97  0.00  0.00  0.00  0.00  0.00
  WS02006109WS02006110    1.00   0.00  0.01  0.00  0.99  0.00  0.00  0.00  0.00  0.00
  WS02004411WS02004412    1.00   0.10  0.00  0.00  0.90  0.00  0.00  0.00  0.00  0.00
  WS02004401WS02004402    1.00   0.05  0.00  0.00  0.95  0.00  0.00  0.00  0.04  0.00
  WS02004413WS02003067    1.00   0.10  0.01  0.00  0.00  0.00  0.89  0.00  0.00  0.00
  WS02004412WS02004413    1.00   0.10  0.00  0.00  0.90  0.00  0.00  0.00  0.00  0.00
  WS02004410WS02004411    1.00   0.10  0.00  0.00  0.90  0.00  0.00  0.00  0.00  0.00
  WS02004409WS02004410    1.00   0.10  0.00  0.00  0.90  0.00  0.00  0.00  0.00  0.00
  WS02004407WS02004409    1.00   0.09  0.00  0.00  0.89  0.01  0.00  0.00  0.81  0.00
  WS02004406WS02004407    1.00   0.00  0.09  0.00  0.91  0.00  0.00  0.00  0.00  0.00
  WS02004405WS02004406    1.00   0.00  0.00  0.00  1.00  0.00  0.00  0.00  0.04  0.00
  WS02004404WS02004405    1.00   0.00  0.00  0.00  1.00  0.00  0.00  0.00  0.01  0.00
  WS02004403WS02004404    1.00   0.00  0.05  0.00  0.95  0.00  0.00  0.00  0.04  0.00
  WS02004402WS02004403    1.00   0.05  0.00  0.00  0.95  0.00  0.00  0.00  0.00  0.00
  WS02004139WS02001211    1.00   0.00  0.00  0.00  1.00  0.00  0.00  0.00  0.00  0.00
  WS02004138WS02004139    1.00   0.00  0.00  0.00  0.00  0.00  0.00  1.00  0.00  0.00
  WS02003067WS02003066    1.00   0.11  0.00  0.00  0.88  0.00  0.00  0.00  0.00  0.00
  WS02001213WS02003059    1.00   0.00  0.00  0.00  0.99  0.00  0.00  0.00  0.00  0.00
  WS02001212WS02001213    1.00   0.01  0.57  0.00  0.42  0.01  0.00  0.00  0.50  0.00
  WS02001211WS02001212    1.00   0.00  0.01  0.00  0.99  0.00  0.00  0.00  0.50  0.00
  WS02003072WS02003073    1.00   0.00  0.00  0.00  0.00  0.00  0.00  1.00  0.00  0.00
  WS02003069WS02003072    1.00   0.00  0.00  0.00  1.00  0.00  0.00  0.00  0.92  0.00
  WS02003060WS02003069    1.00   0.00  0.00  0.00  0.98  0.02  0.00  0.00  0.82  0.00
  WS02003059WS02003060    1.00   0.00  0.00  0.00  1.00  0.00  0.00  0.00  0.08  0.00
  HS02004901HS02004770    1.00   0.06  0.00  0.00  0.94  0.00  0.00  0.00  0.00  0.00
  HS02004876HS02004881    1.00   0.01  0.00  0.00  0.80  0.19  0.00  0.00  0.00  0.00
  HS02004870HS02004876    1.00   0.00  0.00  0.00  0.99  0.00  0.00  0.00  0.95  0.00
  HS02004842HS02004848    1.00   0.00  0.06  0.00  0.94  0.00  0.00  0.00  0.57  0.00
  HS02004837HS02004842    1.00   0.00  0.00  0.00  1.00  0.00  0.00  0.00  0.11  0.00
  HS02004830HS02004837    1.00   0.00  0.00  0.00  1.00  0.00  0.00  0.00  0.99  0.00
  HS02004824HS02004830    1.00   0.00  0.00  0.00  1.00  0.00  0.00  0.00  0.01  0.00
  HS02004817HS02004824    1.00   0.00  0.00  0.00  1.00  0.00  0.00  0.00  0.95  0.00
  HS02004770HS02004777    1.00   0.00  0.06  0.00  0.94  0.00  0.00  0.00  0.02  0.00
  HS02004799HS02004480    1.00   0.00  0.02  0.00  0.93  0.00  0.05  0.00  0.00  0.00
  HS02004792HS02004799    1.00   0.00  0.00  0.00  0.99  0.01  0.00  0.00  0.98  0.00
  HS02004788HS02004792    1.00   0.00  0.00  0.00  0.99  0.01  0.00  0.00  0.98  0.00
  HS02004785HS02004788    1.00   0.00  0.00  0.00  1.00  0.00  0.00  0.00  0.00  0.00
  HS02004777HS02004785    1.00   0.00  0.00  0.00  1.00  0.00  0.00  0.00  0.11  0.00
  HS02004480HS02004478    1.00   0.06  0.00  0.00  0.58  0.00  0.00  0.36  0.00  0.00
  HS02004479HS02004480    1.00   0.02  0.00  0.00  0.98  0.00  0.00  0.00  0.11  0.00
  HS02004862HS02004870    1.00   0.00  0.00  0.00  1.00  0.00  0.00  0.00  0.03  0.00
  HS02004848HS02004852    1.00   0.06  0.00  0.00  0.94  0.00  0.00  0.00  0.78  0.00
  HS02004856HS02004862    1.00   0.00  0.07  0.00  0.93  0.00  0.00  0.00  0.84  0.00
  HS02004852HS02004856    1.00   0.06  0.00  0.00  0.94  0.00  0.00  0.00  0.79  0.00
  HS02004802HS02004478    1.00   0.06  0.00  0.00  0.94  0.00  0.00  0.00  0.02  0.00
  HS02004478WS02006287    1.00   0.07  0.00  0.00  0.64  0.30  0.00  0.00  0.64  0.00
  HS02004817HS02004807    1.00   0.00  0.06  0.00  0.94  0.00  0.00  0.00  0.01  0.00
  HS02004807HS02004802    1.00   0.06  0.00  0.00  0.94  0.00  0.00  0.01  0.00  0.00
  YS02001759YS02001757    1.00   0.00  0.00  0.00  1.00  0.00  0.00  0.00  0.15  0.00
  YS02001762YS02001759    1.00   0.00  0.00  0.00  1.00  0.00  0.00  0.00  0.02  0.00
  YS02001765YS02001762    1.00   0.00  0.00  0.00  1.00  0.00  0.00  0.00  0.13  0.00
  YS02001770YS02001767    1.00   0.00  0.00  0.00  1.00  0.00  0.00  0.00  0.00  0.00
  YS02001774YS02001770    1.00   0.00  0.06  0.00  0.94  0.00  0.00  0.00  0.02  0.00
  YS02001779YS02001774    1.00   0.00  0.00  0.00  1.00  0.00  0.00  0.00  0.17  0.00
  YS02001649YS02001757    1.00   0.00  0.00  0.00  1.00  0.00  0.00  0.00  0.15  0.00
  YS02001767YS02001765    1.00   0.00  0.00  0.00  1.00  0.00  0.00  0.00  0.00  0.00
  YS02006561YS02001783    1.00   0.08  0.00  0.00  0.31  0.62  0.00  0.00  0.45  0.00
  YS02001783YS02001784    1.00   0.00  0.08  0.00  0.92  0.00  0.00  0.00  0.00  0.00
  YS02001784YS02001785    1.00   0.00  0.00  0.00  1.00  0.00  0.00  0.00  0.16  0.00
  YS02001788YS02001790    1.00   0.00  0.00  0.00  0.28  0.72  0.00  0.00  0.44  0.00
  YS02001790YS02001791    1.00   0.00  0.00  0.00  0.15  0.85  0.00  0.00  0.58  0.00
  YS02001791YS02001793    1.00   0.00  0.00  0.00  0.16  0.84  0.00  0.00  0.01  0.00
  YS02001910YS02001907    1.00   0.00  0.00  0.00  0.99  0.00  0.00  0.01  0.12  0.00
  YS02001786YS02001788    1.00   0.00  0.00  0.00  0.35  0.65  0.00  0.00  0.00  0.00
  YS02001915YS02001910    1.00   0.00  0.00  0.00  0.99  0.01  0.00  0.00  0.13  0.00
  YS02001918YS02001915    1.00   0.00  0.00  0.00  0.99  0.01  0.00  0.00  0.53  0.00
  YS02001923YS02001920    1.00   0.00  0.00  0.00  1.00  0.00  0.00  0.00  0.77  0.00
  YS02001926YS02001923    1.00   0.00  0.03  0.00  0.25  0.00  0.72  0.00  0.00  0.00
  YS02001929YS02001926    1.00   0.00  0.06  0.00  0.94  0.00  0.00  0.00  0.69  0.00
  YS02001920YS02001918    1.00   0.00  0.00  0.00  1.00  0.00  0.00  0.00  0.00  0.00
  YS02001629YS02163301    1.00   0.06  0.00  0.00  0.93  0.00  0.00  0.00  0.00  0.00
  YS02001619YS02001622    1.00   0.06  0.00  0.00  0.94  0.00  0.00  0.00  0.00  0.00
  YS02001622YS02001625    1.00   0.06  0.00  0.00  0.94  0.00  0.00  0.00  0.03  0.00
  YS02001625YS02001629    1.00   0.06  0.02  0.00  0.90  0.00  0.02  0.00  0.00  0.00
  YS02163301YS02001633    1.00   0.00  0.06  0.00  0.94  0.00  0.00  0.00  0.00  0.00
  YS02163601YS02164001    1.00   0.00  0.04  0.00  0.96  0.00  0.00  0.00  0.00  0.00
  YS02164001YS02001641    1.00   0.01  0.03  0.00  0.96  0.00  0.00  0.00  0.05  0.00
  YS02001641YS02001644    1.00   0.00  0.00  0.00  1.00  0.00  0.00  0.00  0.00  0.00
  YS02001647YS02001649    1.00   0.00  0.07  0.00  0.93  0.00  0.00  0.00  0.01  0.00
  YS02006553YS02006556    1.00   0.01  0.00  0.00  0.99  0.00  0.00  0.00  0.03  0.00
  YS02006556YS02006558    1.00   0.00  0.00  0.00  1.00  0.00  0.00  0.00  0.00  0.00
  YSB6556YSB1171          1.00   0.02  0.04  0.00  0.95  0.00  0.00  0.00  0.00  0.00
  YS02001907YS02006553    1.00   0.00  0.01  0.00  0.99  0.00  0.00  0.00  0.00  0.00
  YS02006558YS02006561    1.00   0.08  0.00  0.00  0.23  0.69  0.00  0.00  0.48  0.00
  YS02001633YS02163601    1.00   0.00  0.01  0.00  0.99  0.00  0.00  0.00  0.14  0.00
  YS02001644YS02001647    1.00   0.00  0.07  0.00  0.93  0.00  0.00  0.00  0.00  0.00
  YS02001745YS02001748    1.00   0.00  0.00  0.00  0.87  0.00  0.00  0.12  0.01  0.00
  YS02001748YS02001751    1.00   0.00  0.00  0.00  0.95  0.05  0.00  0.00  0.14  0.00
  YS02001751YS02001754    1.00   0.00  0.00  0.00  0.91  0.00  0.00  0.08  0.02  0.00
  YS02001754YS02001757    1.00   0.00  0.00  0.00  1.00  0.00  0.00  0.00  0.17  0.00
  YS02001882YS02001884    1.00   0.06  0.00  0.00  0.93  0.00  0.00  0.00  0.00  0.00
  YS02001884YS02001887    1.00   0.03  0.02  0.00  0.95  0.00  0.00  0.00  0.00  0.00
  YS02001890YS02001895    1.00   0.00  0.06  0.00  0.93  0.00  0.00  0.00  0.00  0.00
  YS02001895YS02001898    1.00   0.07  0.00  0.00  0.92  0.00  0.01  0.00  0.00  0.00
  YS02001898YS02001901    1.00   0.07  0.00  0.00  0.93  0.00  0.00  0.00  0.01  0.00
  YS02001901YS02001904    1.00   0.07  0.00  0.00  0.93  0.00  0.00  0.00  0.00  0.00
  YS02001904YS02001907    1.00   0.00  0.07  0.00  0.93  0.00  0.00  0.00  0.00  0.00
  YS02001887YS02001890    1.00   0.00  0.00  0.00  0.98  0.00  0.01  0.00  0.00  0.00
  YS02001652YS02001649    1.00   0.00  0.00  0.00  1.00  0.00  0.00  0.00  0.15  0.00
  YS02001655YS02001652    1.00   0.00  0.00  0.00  0.91  0.00  0.00  0.08  0.02  0.00
  YS02001658YS02001655    1.00   0.00  0.06  0.00  0.90  0.04  0.00  0.00  0.02  0.00
  YS02001661YS02001658    1.00   0.06  0.00  0.00  0.87  0.07  0.00  0.00  0.01  0.00
  YS02001664YS02001661    1.00   0.06  0.00  0.00  0.89  0.05  0.00  0.00  0.12  0.00
  YSB1154YSB6556          1.00   0.05  0.00  0.00  0.95  0.00  0.00  0.00  0.01  0.00
  YSB1174YSB1171          1.00   0.02  0.02  0.00  0.96  0.00  0.00  0.00  0.00  0.00
  YSB1171HS02004479       1.00   0.02  0.00  0.00  0.97  0.00  0.00  0.01  0.10  0.00
  HS02004881HS02006253    1.00   0.03  0.00  0.00  0.00  0.00  0.00  0.97  0.00  0.00
  YS02001793JiankangQianchi    1.00   0.00  0.00  0.00  0.23  0.77  0.00  0.00  0.07  0.00
  YS02001757CaochengTiaoxuchi    1.00   0.00  0.10  0.00  0.84  0.06  0.00  0.00  0.00  0.00
  WSF200WS02003060        1.00   0.00  0.12  0.00  0.00  0.88  0.00  0.00  0.59  0.00
  1                       1.00   0.00  0.00  0.00  0.00  1.00  0.00  0.00  0.29  0.00
  
  
  *************************
  Conduit Surcharge Summary
  *************************
  
  ----------------------------------------------------------------------------
                                                           Hours        Hours 
                         --------- Hours Full --------   Above Full   Capacity
  Conduit                Both Ends  Upstream  Dnstream   Normal Flow   Limited
  ----------------------------------------------------------------------------
  WS02006229WS02006228        0.38      0.41      0.38      1.01         0.38
  WS02006256WS02006235        0.01      0.01      6.60      6.58         0.01
  WS02006235WS02006234        0.01      0.01      0.01      0.38         0.01
  WS02006231WS02006230        0.01      0.01      0.01      0.57         0.01
  WS02006230WS02006229        0.62      0.62      0.63      0.66         0.01
  WS02006228WS02006109        0.39      0.51      0.39      1.59         0.39
  WS02006111WS02006112        0.01      0.01      1.27      0.01         0.01
  WS02006110WS02006113        0.01      0.01      0.46      0.01         0.01
  WS02006109WS02006110        0.01      0.01      0.51      0.01         0.01
  WS02004404WS02004405        0.01      0.01      0.01      2.12         0.01
  HS02004876HS02004881        0.01      0.01      0.01      0.34         0.01
  HS02004785HS02004788        0.01      0.01      0.01      0.25         0.01
  HS02004480HS02004478        0.01      0.01      0.01      0.93         0.01
  YS02001759YS02001757        6.30      6.30      6.33      0.01         0.01
  YS02001762YS02001759        6.29      6.29      6.30      0.01         0.01
  YS02001765YS02001762        6.28      6.28      6.29      0.01         0.01
  YS02001770YS02001767        6.26      6.26      6.26      1.00         0.57
  YS02001774YS02001770        6.26      6.26      6.29      0.01         0.01
  YS02001779YS02001774        6.22      6.22      6.29      0.01         0.01
  YS02001649YS02001757        6.29      6.29      6.33      0.01         0.01
  YS02001767YS02001765        6.26      6.26      6.28      0.01         0.01
  YS02006561YS02001783        1.41      1.41      1.69      0.01         0.01
  YS02001783YS02001784        1.66      1.69      1.66      1.97         1.66
  YS02001784YS02001785        1.52      1.66      1.52      2.73         1.52
  YS02001788YS02001790        0.88      0.88      0.98      0.01         0.01
  YS02001790YS02001791        0.97      0.98      0.97      1.64         0.97
  YS02001791YS02001793        0.97      0.97      1.14      0.01         0.01
  YS02001910YS02001907        1.74      1.74      2.22      0.01         0.01
  YS02001786YS02001788        0.88      1.52      0.88      2.36         0.88
  YS02001915YS02001910        1.58      1.58      1.74      0.01         0.01
  YS02001918YS02001915        1.40      1.40      1.58      0.01         0.01
  YS02001923YS02001920        1.23      1.23      1.43      0.01         0.01
  YS02001920YS02001918        1.40      1.40      1.43      0.01         0.01
  YS02001629YS02163301        6.25      6.25      6.26      0.01         0.01
  YS02001619YS02001622        6.15      6.15      6.16      0.01         0.01
  YS02001622YS02001625        6.16      6.16      6.24      0.01         0.01
  YS02001625YS02001629        6.15      6.15      6.24      0.01         0.01
  YS02163301YS02001633        6.26      6.26      6.27      0.01         0.01
  YS02163601YS02164001        6.27      6.27      6.29      0.01         0.01
  YS02164001YS02001641        6.27      6.27      6.27      0.01         0.01
  YS02001641YS02001644        6.27      6.27      6.27      2.15         2.21
  YS02001647YS02001649        6.24      6.24      6.29      0.01         0.01
  YS02006553YS02006556        1.92      1.92      2.30      0.01         0.01
  YS02006556YS02006558        2.02      2.02      2.35      0.01         0.01
  YS02001907YS02006553        2.74      2.74      2.94      0.01         0.01
  YS02006558YS02006561        1.51      1.89      1.51      2.60         1.51
  YS02001633YS02163601        6.27      6.27      6.29      0.01         0.01
  YS02001644YS02001647        6.24      6.24      6.27      0.01         0.01
  YS02001745YS02001748        0.01      0.01      6.05      0.01         0.01
  YS02001748YS02001751        6.09      6.09      6.14      0.01         0.01
  YS02001751YS02001754        6.14      6.14      6.22      0.01         0.01
  YS02001754YS02001757        6.23      6.23      6.33      0.01         0.01
  YS02001882YS02001884        1.59      1.59      1.61      0.01         0.01
  YS02001884YS02001887        1.66      1.66      1.67      0.01         0.01
  YS02001890YS02001895        1.56      1.56      1.75      0.01         0.01
  YS02001895YS02001898        1.55      1.55      1.56      0.01         0.01
  YS02001898YS02001901        1.57      1.57      1.64      0.01         0.01
  YS02001901YS02001904        1.63      1.63      1.64      0.01         0.01
  YS02001904YS02001907        1.63      1.63      2.32      0.01         0.01
  YS02001887YS02001890        1.70      1.70      1.72      0.01         0.01
  YS02001652YS02001649        6.24      6.24      6.29      0.01         0.01
  YS02001655YS02001652        6.16      6.16      6.23      0.01         0.01
  YS02001658YS02001655        6.08      6.08      6.16      0.01         0.01
  YS02001661YS02001658        0.06      0.06      6.08      0.01         0.01
  YS02001664YS02001661        0.01      0.01      1.35      0.01         0.01
  YS02001793JiankangQianchi        1.09      1.09      1.81      0.01         0.01
  YS02001757CaochengTiaoxuchi        5.82      5.82      6.33      0.01         0.01
  
  
  ***************
  Pumping Summary
  ***************
  
  ---------------------------------------------------------------------------------------------------------
                                                  Min       Avg       Max     Total     Power    % Time Off
                        Percent   Number of      Flow      Flow      Flow    Volume     Usage    Pump Curve
  Pump                 Utilized   Start-Ups       LPS       LPS       LPS  10^6 ltr     Kw-hr    Low   High
  ---------------------------------------------------------------------------------------------------------
  CC-Pump-1                0.00           0      0.00      0.00      0.00     0.000      0.00    0.0    0.0
  CC-Pump-2                0.00           0      0.00      0.00      0.00     0.000      0.00    0.0    0.0
  JK-Pump-1              100.00           1      0.00    229.47    300.00     5.675    105.45    0.0    0.0
  JK-Pump-2              100.00           1      0.00    388.76    683.00     9.274    156.48    0.0   98.0
  XR-Pump-1                0.00           0      0.00      0.00      0.00     0.000      0.00    0.0    0.0
  XR-Pump-2              100.00           1      0.00     95.00     95.00     2.736     16.11    0.0    0.0
  XR-Pump-3              100.00           1      0.00     95.00     95.00     2.736     16.11    0.0    0.0
  XR-Pump-4                0.00           0      0.00      0.00      0.00     0.000      0.00    0.0    0.0
  
  
  ***************************
  Link Pollutant Load Summary
  ***************************
  
  ------------------------------------------------------------------------------------------
                                 COD            SS            TN            TP         NH4-N
  Link                            kg            kg            kg            kg            kg
  ------------------------------------------------------------------------------------------
  WS02003066WSF200           356.890       682.329        10.879         1.047         5.919
  WS02006287WS02006284       370.438       711.226        11.375         1.097         6.199
  WS02006284WS02006280       370.964       712.073        11.424         1.103         6.230
  WS02006280WS02006229       370.945       712.045        11.422         1.103         6.228
  WS02006229WS02006228       343.488       655.700        10.764         1.045         5.889
  WS02006256WS02006235       255.114       492.627         4.923         0.355         2.404
  WS02006253WS02006251        63.323       126.612         1.338         0.097         0.654
  WS02006252WS02006251         0.000         0.000         0.000         0.000         0.000
  WS02006251WS02006249         6.967        14.058         0.143         0.010         0.069
  WS02006249WS02006248         6.921        13.968         0.141         0.010         0.068
  WS02006248WS02006247         6.933        13.994         0.141         0.010         0.068
  WS02006247WS02006245         6.918        13.968         0.140         0.010         0.068
  WS02006245WS02006243         6.874        13.883         0.139         0.010         0.067
  WS02006243WS02006242         6.915        13.972         0.140         0.010         0.067
  WS02006242WS02006240         6.853        13.854         0.138         0.010         0.066
  WS02006240WS02006239         6.829        13.812         0.137         0.010         0.066
  WS02006239WS02006238         6.663        13.503         0.133         0.009         0.064
  WS02006238WS02006235         6.728        13.642         0.134         0.009         0.065
  WS02006235WS02006234        45.976        91.323         0.997         0.080         0.500
  WS02006234WS02006232        46.473        92.291         1.008         0.081         0.506
  WS02006232WS02006231        47.197        93.707         1.025         0.083         0.514
  WS02006231WS02006230        47.562        94.416         1.034         0.083         0.519
  WS02006230WS02006229        49.583        98.355         1.082         0.087         0.544
  WS02006228WS02006109       342.932       654.820        10.707         1.038         5.854
  WS02006116WS02004401       362.636       691.299        11.450         1.118         6.276
  WS02006115WS02006116       363.049       691.916        11.504         1.125         6.310
  WS02006113WS02006111       350.237       666.546        11.403         1.125         6.288
  WS02006112WS02006115       363.563       692.733        11.552         1.131         6.340
  WS02006111WS02006112       350.098       666.361        11.381         1.122         6.274
  WS02006110WS02006113       350.352       666.719        11.416         1.127         6.296
  WS02006109WS02006110       351.009       667.750        11.481         1.135         6.337
  WS02004411WS02004412       358.392       684.604        11.034         1.066         6.016
  WS02004401WS02004402       361.942       690.188        11.387         1.110         6.237
  WS02004413WS02003067       357.346       683.093        10.916         1.051         5.941
  WS02004412WS02004413       357.870       683.795        10.978         1.059         5.981
  WS02004410WS02004411       358.739       685.146        11.072         1.071         6.040
  WS02004409WS02004410       358.985       685.507        11.101         1.075         6.058
  WS02004407WS02004409       359.215       685.876        11.125         1.078         6.073
  WS02004406WS02004407       359.323       686.063        11.134         1.079         6.079
  WS02004405WS02004406       360.821       688.440        11.274         1.096         6.166
  WS02004404WS02004405       361.338       689.263        11.329         1.103         6.201
  WS02004403WS02004404       360.627       688.096        11.263         1.095         6.159
  WS02004402WS02004403       361.266       689.112        11.321         1.102         6.195
  WS02004139WS02001211        80.872       137.687         6.129         0.745         3.771
  WS02004138WS02004139       754.190      1260.871        59.714         7.264        36.739
  WS02003067WS02003066       356.881       682.292        10.882         1.047         5.921
  WS02001213WS02003059        33.129        61.383         1.525         0.169         0.892
  WS02001212WS02001213        30.272        56.954         1.228         0.132         0.706
  WS02001211WS02001212        29.665        55.691         1.224         0.132         0.706
  WS02003072WS02003073       440.720       806.734        20.844         2.317        12.217
  WS02003069WS02003072       441.850       808.383        20.977         2.334        12.302
  WS02003060WS02003069       440.057       805.500        20.809         2.313        12.196
  WS02003059WS02003060        37.309        69.481         1.642         0.180         0.955
  HS02004901HS02004770        15.671        30.626         0.297         0.022         0.140
  HS02004876HS02004881        53.718       107.334         1.163         0.085         0.570
  HS02004870HS02004876        40.726        81.239         0.926         0.068         0.457
  HS02004842HS02004848         7.748        14.977         0.160         0.011         0.074
  HS02004837HS02004842        12.378        22.333         0.630         0.070         0.369
  HS02004830HS02004837        75.994       134.020         4.827         0.571         2.928
  HS02004824HS02004830        76.779       135.287         4.901         0.580         2.974
  HS02004817HS02004824       107.395       197.355         5.522         0.619         3.276
  HS02004770HS02004777        59.675       118.079         1.224         0.084         0.567
  HS02004799HS02004480       193.056       372.475         4.884         0.426         2.508
  HS02004792HS02004799       175.566       336.637         4.603         0.411         2.381
  HS02004788HS02004792        97.104       186.568         2.972         0.278         1.588
  HS02004785HS02004788        61.127       120.399         1.375         0.103         0.662
  HS02004777HS02004785        60.435       119.286         1.312         0.095         0.623
  HS02004480HS02004478       242.430       470.776         5.718         0.486         2.903
  HS02004479HS02004480        52.970       104.079         1.147         0.099         0.589
  HS02004862HS02004870        30.811        60.597         0.730         0.057         0.363
  HS02004848HS02004852        12.611        24.657         0.257         0.018         0.119
  HS02004856HS02004862        21.035        41.960         0.419         0.028         0.197
  HS02004852HS02004856        12.622        24.675         0.257         0.018         0.119
  HS02004802HS02004478       128.912       241.913         5.721         0.619         3.336
  HS02004478WS02006287       370.613       711.503        11.392         1.099         6.210
  HS02004817HS02004807       106.091       195.284         5.389         0.603         3.193
  HS02004807HS02004802       129.113       242.225         5.754         0.623         3.358
  YS02001759YS02001757       322.055       601.864         6.345         0.444         3.098
  YS02001762YS02001759       237.223       445.345         4.769         0.336         2.340
  YS02001765YS02001762       238.921       449.584         4.817         0.340         2.366
  YS02001770YS02001767       243.976       462.101         4.787         0.329         2.329
  YS02001774YS02001770       414.953       799.838         8.039         0.539         3.890
  YS02001779YS02001774       414.290       798.664         8.102         0.549         3.935
  YS02001649YS02001757       514.114       948.021        10.371         0.707         5.015
  YS02001767YS02001765       241.367       455.292         4.875         0.345         2.396
  YS02006561YS02001783      1230.883      2310.142        25.369         1.880        12.574
  YS02001783YS02001784      1230.857      2310.145        25.366         1.880        12.572
  YS02001784YS02001785      1238.441      2322.351        26.096         1.971        13.028
  YS02001788YS02001790      1239.189      2323.643        26.171         1.981        13.076
  YS02001790YS02001791      1240.289      2325.519        26.273         1.994        13.139
  YS02001791YS02001793      1240.432      2325.833        26.272         1.993        13.138
  YS02001910YS02001907       469.769       874.707        10.925         0.820         5.554
  YS02001786YS02001788      1238.747      2322.915        26.126         1.975        13.047
  YS02001915YS02001910       469.779       874.684        10.882         0.814         5.526
  YS02001918YS02001915       226.994       404.828         5.921         0.524         3.151
  YS02001923YS02001920       203.990       366.910         3.892         0.274         1.890
  YS02001926YS02001923       202.628       364.626         3.810         0.264         1.839
  YS02001929YS02001926       202.199       363.899         3.771         0.260         1.816
  YS02001920YS02001918       224.591       399.989         5.848         0.518         3.111
  YS02001629YS02163301        96.071       170.781         2.029         0.132         0.948
  YS02001619YS02001622       212.687       392.253         4.331         0.285         2.028
  YS02001622YS02001625       211.588       390.527         4.304         0.283         2.016
  YS02001625YS02001629        96.036       170.711         2.031         0.132         0.948
  YS02163301YS02001633        97.292       172.974         2.048         0.133         0.958
  YS02163601YS02164001       472.030       861.337         9.130         0.654         4.379
  YS02164001YS02001641       471.862       861.058         9.116         0.652         4.371
  YS02001641YS02001644       472.648       862.362         9.124         0.652         4.374
  YS02001647YS02001649       641.800      1185.882        12.951         0.892         6.223
  YS02006553YS02006556       831.837      1550.821        17.489         1.325         8.753
  YS02006556YS02006558       832.169      1551.446        17.460         1.320         8.732
  YSB6556YSB1171              30.692        60.494         0.608         0.050         0.305
  YS02001907YS02006553       831.710      1550.591        17.508         1.328         8.766
  YS02006558YS02006561      1230.806      2309.979        25.367         1.880        12.573
  YS02001633YS02163601       472.613       862.231         9.106         0.649         4.360
  YS02001644YS02001647       647.740      1197.522        13.044         0.898         6.266
  YS02001745YS02001748       292.753       554.739         5.802         0.360         2.784
  YS02001748YS02001751       292.105       553.651         5.811         0.362         2.793
  YS02001751YS02001754       291.208       552.195         5.795         0.362         2.786
  YS02001754YS02001757       292.075       553.523         5.963         0.384         2.895
  YS02001882YS02001884         3.783         6.677         0.073         0.006         0.036
  YS02001884YS02001887         7.341        13.204         0.140         0.011         0.069
  YS02001890YS02001895       551.366      1045.598        10.139         0.764         4.944
  YS02001895YS02001898       551.314      1045.598        10.135         0.764         4.942
  YS02001898YS02001901       551.187      1045.375        10.131         0.763         4.940
  YS02001901YS02001904       551.176      1045.426        10.141         0.765         4.947
  YS02001904YS02001907       551.601      1046.117        10.199         0.772         4.983
  YS02001887YS02001890       556.701      1055.774        10.273         0.776         5.016
  YS02001652YS02001649       260.112       486.352         5.211         0.375         2.444
  YS02001655YS02001652       260.736       487.345         5.229         0.376         2.453
  YS02001658YS02001655       260.343       486.710         5.144         0.365         2.397
  YS02001661YS02001658       261.122       487.984         5.162         0.366         2.405
  YS02001664YS02001661       267.130       497.274         5.308         0.376         2.472
  YSB1154YSB6556              30.272        59.822         0.561         0.044         0.276
  YSB1174YSB1171              20.761        41.154         0.408         0.033         0.202
  YSB1171HS02004479           52.901       103.958         1.151         0.099         0.592
  HS02004881HS02006253        60.320       120.757         1.287         0.093         0.630
  YS02001793JiankangQianchi      1240.769      2326.575        26.276         1.994        13.139
  YS02001757CaochengTiaoxuchi       461.110       875.096         8.679         0.596         4.156
  WSF200WS02003060           356.753       682.073        10.871         1.046         5.914
  1                          452.853       825.806        22.060         2.470        12.979
  CC-Pump-1                    0.000         0.000         0.000         0.000         0.000
  CC-Pump-2                    0.000         0.000         0.000         0.000         0.000
  JK-Pump-1                  276.843       534.217         5.348         0.386         2.612
  JK-Pump-2                  630.278      1216.235        12.176         0.879         5.946
  XR-Pump-1                    0.000         0.000         0.000         0.000         0.000
  XR-Pump-2                  377.525       631.143        29.893         3.637        18.392
  XR-Pump-3                  377.525       631.143        29.893         3.637        18.392
  XR-Pump-4                    0.000         0.000         0.000         0.000         0.000
  3                           56.955       113.540         1.249         0.094         0.618
  5                          288.603       561.463         5.666         0.417         2.778
  6                          837.022      1401.703        66.030         8.033        40.627
  

  Analysis begun on:  Thu Jul  8 15:20:11 2021
  Analysis ended on:  Thu Jul  8 15:20:13 2021
  Total elapsed time: 00:00:02