
  EPA STORM WATER MANAGEMENT MODEL - VERSION 5.1 (Build 5.3.0.dev0)
  --------------------------------------------------------------

  WARNING 04: minimum elevation drop used for Conduit WS02004404WS02004405
  WARNING 03: negative offset ignored for Link YS02001904YS02001907
  
  *********************************************************
  NOTE: The summary statistics displayed in this report are
  based on results found at every computational time step,  
  not just on results from each reporting time step.
  *********************************************************
  
  ****************
  Analysis Options
  ****************
  Flow Units ............... LPS
  Process Models:
    Rainfall/Runoff ........ YES
    RDII ................... NO
    Snowmelt ............... NO
    Groundwater ............ NO
    Flow Routing ........... YES
    Ponding Allowed ........ NO
    Water Quality .......... YES
  Infiltration Method ...... HORTON
  Flow Routing Method ...... DYNWAVE
  Surcharge Method ......... EXTRAN
  Starting Date ............ 08/28/2015 08:00:00
  Ending Date .............. 08/28/2015 16:00:00
  Antecedent Dry Days ...... 8.0
  Report Time Step ......... 00:01:00
  Wet Time Step ............ 00:01:00
  Dry Time Step ............ 00:01:00
  Routing Time Step ........ 5.00 sec
  Variable Time Step ....... YES
  Maximum Trials ........... 8
  Number of Threads ........ 4
  Head Tolerance ........... 0.001500 m
  
  
  **************************        Volume         Depth
  Runoff Quantity Continuity     hectare-m            mm
  **************************     ---------       -------
  Total Precipitation ......         4.641        10.160
  Evaporation Loss .........         0.000         0.000
  Infiltration Loss ........         0.873         1.911
  Surface Runoff ...........         3.010         6.591
  Final Storage ............         0.758         1.660
  Continuity Error (%) .....        -0.019
  
  
  **************************           COD            SS            TN            TP         NH4-N
  Runoff Quality Continuity             kg            kg            kg            kg            kg
  **************************    ----------    ----------    ----------    ----------    ----------
  Initial Buildup ..........     41378.656     70582.865      1804.177       168.684      1032.807
  Surface Buildup ..........        18.757        32.326         2.441         0.223         1.428
  Wet Deposition ...........         0.000         0.000         0.000         0.000         0.000
  Sweeping Removal .........         0.000         0.000         0.000         0.000         0.000
  Infiltration Loss ........        68.198       126.707         1.300         0.090         0.617
  BMP Removal ..............         0.000         0.000         0.000         0.000         0.000
  Surface Runoff ...........      2381.028      4324.937        46.464         3.115        22.017
  Remaining Buildup ........     38947.358     66162.017      1758.837       165.701      1011.594
  Continuity Error (%) .....         0.002         0.002         0.001         0.001         0.001
  
  
  **************************        Volume        Volume
  Flow Routing Continuity        hectare-m      10^6 ltr
  **************************     ---------     ---------
  Dry Weather Inflow .......         0.630         6.296
  Wet Weather Inflow .......         3.009        30.094
  Groundwater Inflow .......         0.000         0.000
  RDII Inflow ..............         0.000         0.000
  External Inflow ..........         0.105         1.045
  External Outflow .........         2.876        28.757
  Flooding Loss ............         1.031        10.308
  Evaporation Loss .........         0.000         0.000
  Exfiltration Loss ........         0.000         0.000
  Initial Stored Volume ....         0.076         0.761
  Final Stored Volume ......         0.407         4.067
  Continuity Error (%) .....       -12.922
  
  
  **************************           COD            SS            TN            TP         NH4-N
  Quality Routing Continuity            kg            kg            kg            kg            kg
  **************************    ----------    ----------    ----------    ----------    ----------
  Dry Weather Inflow .......      1573.993      2518.389       151.103        18.888        94.440
  Wet Weather Inflow .......      2380.597      4324.250        46.455         3.115        22.012
  Groundwater Inflow .......         0.000         0.000         0.000         0.000         0.000
  RDII Inflow ..............         0.000         0.000         0.000         0.000         0.000
  External Inflow ..........       187.321       299.713        17.983         2.248        11.239
  External Outflow .........      2495.373      4279.458       151.001        17.559        90.887
  Flooding Loss ............       517.587       937.280        13.936         1.253         7.402
  Exfiltration Loss ........         0.000         0.000         0.000         0.000         0.000
  Mass Reacted .............         0.000         0.000         0.000         0.000         0.000
  Initial Stored Mass ......         0.000         0.000         0.000         0.000         0.000
  Final Stored Mass ........       304.297       509.389        14.048         1.505         8.154
  Continuity Error (%) .....        19.910        19.829        16.960        16.218        16.640
  
  
  *************************
  Highest Continuity Errors
  *************************
  Node JK-storage (-50.38%)
  Node HS02004842 (16.63%)
  Node YS02001884 (11.37%)
  Node YS02001774 (10.76%)
  Node WS02003059 (7.44%)
  
  
  ***************************
  Time-Step Critical Elements
  ***************************
  Link YS02001793JiankangQianchi (71.68%)
  Link WS02006280WS02006229 (7.98%)
  Link YS02006556YS02006558 (4.22%)
  Link WS02006252WS02006251 (3.01%)
  Link YS02006558YS02006561 (1.40%)
  
  
  ********************************
  Highest Flow Instability Indexes
  ********************************
  Link WS02006252WS02006251 (54)
  Link YS02001619YS02001622 (42)
  Link YS02163601YS02164001 (41)
  Link YS02001629YS02163301 (41)
  Link YS02163301YS02001633 (39)
  
  
  *************************
  Routing Time Step Summary
  *************************
  Minimum Time Step           :     0.50 sec
  Average Time Step           :     2.09 sec
  Maximum Time Step           :     5.00 sec
  Percent in Steady State     :     0.00
  Average Iterations per Step :     4.88
  Percent Not Converging      :    33.52
  
  
  ***************************
  Subcatchment Runoff Summary
  ***************************
  
  ------------------------------------------------------------------------------------------------------------------------------
                            Total      Total      Total      Total     Imperv       Perv      Total       Total     Peak  Runoff
                           Precip      Runon       Evap      Infil     Runoff     Runoff     Runoff      Runoff   Runoff   Coeff
  Subcatchment                 mm         mm         mm         mm         mm         mm         mm    10^6 ltr      LPS
  ------------------------------------------------------------------------------------------------------------------------------
  sub0                      10.16       0.00       0.00       0.56       9.40       0.15       9.55        0.01     2.01   0.940
  sub1                      10.16       0.00       0.00       0.96       8.95       0.16       9.11        0.06    13.91   0.897
  sub2                      10.16       0.00       0.00       3.57       6.32       0.19       6.51        0.06    13.29   0.640
  sub3                      10.16       0.00       0.00       3.62       6.28       0.14       6.42        0.14    29.89   0.632
  sub4                      10.16       0.00       0.00       1.02       8.80       0.10       8.90        0.19    36.10   0.876
  sub5                      10.16       0.00       0.00       0.59       9.36       0.12       9.48        0.11    24.63   0.933
  sub7                      10.16       0.00       0.00       0.75       9.18       0.16       9.35        0.03     7.70   0.920
  sub8                      10.16       0.00       0.00       0.76       9.18       0.16       9.33        0.06    14.24   0.918
  sub9                      10.16       0.00       0.00       0.76       9.17       0.16       9.33        0.04    10.66   0.918
  sub10                     10.16       0.00       0.00       0.68       9.26       0.14       9.40        0.10    24.07   0.925
  sub11                     10.16       0.00       0.00       0.67       9.28       0.15       9.43        0.11    26.33   0.928
  sub12                     10.16       0.00       0.00       1.08       8.79       0.24       9.03        0.08    20.04   0.889
  sub14                     10.16       0.00       0.00       0.76       9.17       0.15       9.32        0.09    21.00   0.918
  sub15                     10.16       0.00       0.00       2.79       7.05       0.26       7.31        0.13    29.30   0.719
  sub16                     10.16       0.00       0.00       2.99       6.77       0.36       7.13        0.07    18.47   0.702
  sub17                     10.16       0.00       0.00       2.91       6.87       0.34       7.21        0.06    15.18   0.710
  sub22                     10.16       0.00       0.00       4.07       5.75       0.30       6.05        0.38    91.01   0.595
  sub23                     10.16       0.00       0.00       3.44       6.36       0.32       6.67        0.32    76.48   0.657
  sub60                     10.16       0.00       0.00       1.19       7.22       0.03       7.25        2.20   257.10   0.713
  sub61                     10.16       0.00       0.00       1.69       7.37       0.04       7.41        2.28   305.62   0.729
  sub62                     10.16       0.00       0.00       0.78       8.00       0.03       8.04        2.47   318.12   0.791
  sub63                     10.16       0.00       0.00       2.91       6.46       0.04       6.50        1.97   277.08   0.640
  sub64                     10.16       0.00       0.00       1.50       6.93       0.03       6.95        2.11   244.90   0.684
  sub65                     10.16       0.00       0.00       1.29       7.04       0.03       7.07        2.17   249.06   0.695
  sub66                     10.16       0.00       0.00       2.92       5.95       0.03       5.98        1.83   221.96   0.588
  sub67                     10.16       0.00       0.00       0.77       8.47       0.05       8.52        2.63   381.02   0.838
  sub68                     10.16       0.00       0.00       1.38       7.76       0.04       7.80        2.40   331.38   0.768
  sub69                     10.16       0.00       0.00       1.46       8.06       0.06       8.13        1.90   301.50   0.800
  sub70                     10.16       8.29       0.00       5.97      10.75       0.30      11.05        2.53   305.45   0.599
  sub71                     10.16       0.00       0.00       0.78       7.78       0.03       7.82        1.85   226.53   0.769
  sub72                     10.16       0.00       0.00       0.70       6.14       0.01       6.16        1.26   114.18   0.606
  1                         10.16      10.76       0.00       1.40      11.83       2.91      14.74        3.46   299.72   0.705
  2                         10.16       0.00       0.00       3.09       2.40       1.16       3.57        1.43   187.32   0.351
  
  
  ****************************
  Subcatchment Washoff Summary
  ****************************
  
  ------------------------------------------------------------------------------------------
                                 COD            SS            TN            TP         NH4-N
  Subcatchment                    kg            kg            kg            kg            kg
  ------------------------------------------------------------------------------------------
  sub0                         1.781         3.391         0.030         0.002         0.014
  sub1                         7.557        14.760         0.141         0.010         0.067
  sub2                         4.477         8.471         0.096         0.006         0.044
  sub3                        11.015        20.655         0.231         0.015         0.106
  sub4                        17.309        34.048         0.345         0.021         0.165
  sub5                        17.393        33.518         0.306         0.023         0.148
  sub7                         3.887         7.703         0.073         0.005         0.035
  sub8                         5.847        11.844         0.117         0.007         0.056
  sub9                         4.990         9.972         0.096         0.006         0.046
  sub10                       14.325        27.955         0.261         0.018         0.126
  sub11                       13.987        27.604         0.260         0.018         0.125
  sub12                       11.753        22.748         0.211         0.016         0.101
  sub14                       10.648        21.081         0.201         0.013         0.097
  sub15                       13.078        24.773         0.252         0.018         0.118
  sub16                        8.326        15.731         0.158         0.012         0.074
  sub17                        7.644        14.317         0.141         0.011         0.066
  sub22                       39.188        72.625         0.748         0.056         0.348
  sub23                       23.510        45.163         0.506         0.033         0.231
  sub60                      154.465       280.286         3.126         0.188         1.496
  sub61                      192.340       347.893         3.611         0.243         1.735
  sub62                      201.308       370.534         3.977         0.247         1.906
  sub63                      142.245       253.525         2.901         0.201         1.339
  sub64                      190.679       333.490         3.537         0.254         1.684
  sub65                      195.370       343.140         3.650         0.257         1.741
  sub66                      111.045       195.907         2.331         0.150         1.085
  sub67                      300.083       548.249         5.375         0.391         2.593
  sub68                      212.998       389.511         4.113         0.273         1.961
  sub69                      193.555       358.619         3.645         0.253         1.738
  sub70                      313.242       581.477         6.309         0.432         2.942
  sub71                      132.922       246.666         2.781         0.158         1.328
  sub72                      100.082       172.060         1.893         0.127         0.909
  1                          204.562       382.234         4.218         0.289         1.944
  2                           26.214        45.084         0.778         0.047         0.329
  ------------------------------------------------------------------------------------------
  System                    2887.825      5265.033        56.419         3.800        26.697
  
  
  ******************
  Node Depth Summary
  ******************
  
  ---------------------------------------------------------------------------------
                                 Average  Maximum  Maximum  Time of Max    Reported
                                   Depth    Depth      HGL   Occurrence   Max Depth
  Node                 Type       Meters   Meters   Meters  days hr:min      Meters
  ---------------------------------------------------------------------------------
  WS02001211           JUNCTION     0.31     0.34     5.17     0  02:46        0.34
  WS02001212           JUNCTION     0.09     0.12     5.18     0  02:46        0.12
  WS02001213           JUNCTION     0.34     0.47     5.23     0  02:45        0.47
  WS02003069           JUNCTION     0.19     0.33     4.91     0  02:46        0.33
  WS02003072           JUNCTION     0.25     0.40     4.77     0  02:46        0.40
  WS02003073           JUNCTION     0.14     0.23     4.30     0  02:47        0.23
  WS02003060           JUNCTION     0.17     0.30     5.23     0  02:45        0.30
  WS02003066           JUNCTION     0.15     0.25     5.81     0  02:44        0.25
  WS02003059           JUNCTION     0.42     0.54     5.23     0  02:45        0.54
  WS02003067           JUNCTION     0.40     0.62     5.94     0  02:43        0.62
  WS02004401           JUNCTION     0.46     0.71     6.71     0  02:39        0.71
  WS02004402           JUNCTION     0.50     0.75     6.71     0  02:40        0.75
  WS02004403           JUNCTION     0.52     0.77     6.70     0  02:40        0.77
  WS02004404           JUNCTION     0.60     0.85     6.70     0  02:40        0.85
  WS02004406           JUNCTION     0.62     0.85     6.68     0  02:40        0.85
  WS02004409           JUNCTION     0.28     0.54     6.31     0  02:42        0.53
  WS02004410           JUNCTION     0.30     0.56     6.28     0  02:42        0.56
  WS02004411           JUNCTION     0.32     0.57     6.25     0  02:43        0.57
  WS02004412           JUNCTION     0.35     0.59     6.23     0  02:43        0.59
  WS02004413           JUNCTION     0.50     0.75     6.22     0  02:43        0.75
  WS02004405           JUNCTION     0.60     0.84     6.69     0  02:40        0.84
  WS02006109           JUNCTION     0.52     0.78     7.40     0  02:36        0.78
  WS02006110           JUNCTION     0.54     0.77     7.36     0  02:36        0.77
  WS02006111           JUNCTION     0.13     0.23     6.94     0  02:37        0.23
  WS02006112           JUNCTION     0.61     0.89     6.77     0  02:39        0.89
  WS02006113           JUNCTION     0.19     0.36     7.25     0  02:36        0.36
  WS02006115           JUNCTION     0.35     0.60     6.74     0  02:39        0.60
  WS02006116           JUNCTION     0.43     0.69     6.73     0  02:39        0.69
  WS02006230           JUNCTION     0.41     0.69     7.44     0  02:36        0.69
  WS02006231           JUNCTION     0.19     0.31     7.43     0  02:36        0.31
  WS02006232           JUNCTION     0.28     0.39     7.43     0  02:36        0.39
  WS02006234           JUNCTION     0.17     0.27     7.42     0  02:37        0.27
  WS02006235           JUNCTION     0.19     0.25     7.41     0  02:37        0.25
  WS02006238           JUNCTION     0.22     0.28     7.43     0  02:38        0.28
  WS02006240           JUNCTION     0.19     0.24     7.53     0  02:39        0.24
  WS02006242           JUNCTION     0.25     0.32     7.59     0  02:38        0.32
  WS02006243           JUNCTION     0.16     0.20     7.62     0  02:37        0.20
  WS02006245           JUNCTION     0.18     0.23     7.71     0  02:36        0.23
  WS02006247           JUNCTION     0.21     0.26     7.76     0  02:36        0.26
  WS02006248           JUNCTION     0.17     0.21     7.80     0  02:36        0.21
  WS02006249           JUNCTION     0.21     0.26     7.86     0  02:35        0.26
  WS02006239           JUNCTION     0.20     0.26     7.47     0  02:38        0.26
  WS02006251           JUNCTION     0.19     0.24     7.91     0  02:34        0.24
  WS02006252           JUNCTION     0.51     0.59     8.84     0  03:37        0.59
  WS02006253           JUNCTION     0.23     0.30     7.95     0  02:34        0.30
  WS02006256           JUNCTION     2.03     2.35     9.28     0  00:00        2.35
  WS02004138           JUNCTION     0.19     0.20     7.45     0  00:00        0.19
  WS02004139           JUNCTION     0.24     0.25     5.16     0  02:47        0.25
  WS02004407           JUNCTION     0.13     0.24     6.56     0  02:40        0.24
  WS02006228           JUNCTION     0.49     0.77     7.42     0  02:36        0.77
  WS02006229           JUNCTION     0.46     0.74     7.44     0  02:36        0.74
  WS02006280           JUNCTION     0.08     0.19     8.46     0  02:35        0.19
  WS02006284           JUNCTION     0.38     0.55     8.95     0  02:35        0.55
  WS02006287           JUNCTION     0.11     0.29     9.24     0  02:35        0.29
  WSF200               JUNCTION     0.12     0.23     5.47     0  02:43        0.23
  HS02004901           JUNCTION     0.14     0.28    10.11     0  02:33        0.28
  HS02004881           JUNCTION     0.01     0.04     9.06     0  02:34        0.04
  HS02004876           JUNCTION     0.05     0.12     9.15     0  02:34        0.12
  HS02004870           JUNCTION     0.02     0.06     9.35     0  02:35        0.06
  HS02004862           JUNCTION     0.02     0.07     9.46     0  02:35        0.07
  HS02004856           JUNCTION     0.08     0.12     9.55     0  02:35        0.12
  HS02004852           JUNCTION     0.01     0.05     9.56     0  02:35        0.05
  HS02004848           JUNCTION     0.01     0.04     9.65     0  02:34        0.04
  HS02004842           JUNCTION     0.33     0.38     9.65     0  02:35        0.38
  HS02004837           JUNCTION     0.03     0.07     9.65     0  02:34        0.07
  HS02004830           JUNCTION     0.04     0.08     9.55     0  02:35        0.08
  HS02004824           JUNCTION     0.03     0.06     9.46     0  02:37        0.06
  HS02004817           JUNCTION     0.45     0.59     9.44     0  02:35        0.59
  HS02004807           JUNCTION     0.13     0.27     9.44     0  02:35        0.27
  HS02004802           JUNCTION     0.17     0.30     9.43     0  02:35        0.30
  HS02004799           JUNCTION     0.14     0.34     9.55     0  02:33        0.34
  HS02004792           JUNCTION     0.04     0.14     9.66     0  02:33        0.14
  HS02004788           JUNCTION     0.03     0.10    10.00     0  02:34        0.10
  HS02004785           JUNCTION     0.06     0.18    10.08     0  02:33        0.18
  HS02004777           JUNCTION     0.16     0.30    10.10     0  02:33        0.30
  HS02004770           JUNCTION     0.13     0.28    10.11     0  02:33        0.28
  HS02004480           JUNCTION     0.10     0.27     9.51     0  02:34        0.27
  HS02004479           JUNCTION     0.13     0.31     9.51     0  02:34        0.31
  HS02004478           JUNCTION     0.07     0.19     9.41     0  02:35        0.19
  YS02001745           JUNCTION     0.57     0.86     8.38     0  03:19        0.86
  YS02001748           JUNCTION     0.93     1.76     8.83     0  02:44        1.30
  YS02001751           JUNCTION     1.10     1.62     8.49     0  02:44        1.51
  YS02001754           JUNCTION     1.34     1.82     8.43     0  03:13        1.79
  YS02001762           JUNCTION     1.54     2.05     8.45     0  03:13        2.02
  YS02001765           JUNCTION     1.49     2.00     8.45     0  03:13        1.96
  YS02001767           JUNCTION     1.46     1.95     8.44     0  03:13        1.92
  YS02001770           JUNCTION     1.45     1.92     8.41     0  03:13        1.90
  YS02001774           JUNCTION     1.52     1.98     8.40     0  03:38        1.96
  YS02001779           JUNCTION     1.27     1.68     8.37     0  02:53        1.68
  YS02001882           JUNCTION     0.46     1.20     7.91     0  03:00        1.19
  YS02001884           JUNCTION     0.56     1.30     7.91     0  03:00        1.29
  YS02001759           JUNCTION     1.57     2.08     8.45     0  03:13        2.05
  YS02001887           JUNCTION     0.63     1.38     7.91     0  03:00        1.37
  YS02001890           JUNCTION     0.66     1.41     7.91     0  03:00        1.39
  YS02001898           JUNCTION     0.43     1.15     7.89     0  03:00        1.15
  YS02001901           JUNCTION     0.55     1.28     7.89     0  03:00        1.27
  YS02001904           JUNCTION     0.53     1.24     7.87     0  03:01        1.24
  YS02001907           JUNCTION     0.85     1.59     7.88     0  03:00        1.58
  YS02001910           JUNCTION     0.64     1.38     7.88     0  03:00        1.37
  YS02001915           JUNCTION     0.45     1.16     7.88     0  03:00        1.16
  YS02001918           JUNCTION     0.20     0.81     7.88     0  03:01        0.81
  YS02001619           JUNCTION     1.08     1.61     8.54     0  02:40        1.47
  YS02001629           JUNCTION     1.41     1.85     8.40     0  02:40        1.84
  YS02001641           JUNCTION     1.51     1.94     8.38     0  02:54        1.93
  YS02001644           JUNCTION     1.51     1.92     8.35     0  02:51        1.92
  YS02001652           JUNCTION     1.35     2.08     8.68     0  03:39        1.88
  YS02001655           JUNCTION     1.13     2.06     8.91     0  03:39        1.69
  YS02001920           JUNCTION     0.30     0.87     7.88     0  03:01        0.87
  YS02001923           JUNCTION     0.14     0.62     7.88     0  03:01        0.62
  YS02001926           JUNCTION     0.20     0.44     7.89     0  03:02        0.44
  YS02001929           JUNCTION     0.10     0.17     7.87     0  03:01        0.17
  YS02001658           JUNCTION     0.88     2.04     9.18     0  03:39        1.49
  YS02001661           JUNCTION     0.68     1.99     9.39     0  03:39        1.35
  YS02001664           JUNCTION     0.27     0.58     8.50     0  03:09        0.56
  YS02001622           JUNCTION     1.10     1.62     8.52     0  02:42        1.49
  YS02001633           JUNCTION     1.50     1.95     8.40     0  02:51        1.94
  YS02001649           JUNCTION     1.54     2.05     8.44     0  03:01        2.04
  YS02001757           JUNCTION     1.66     2.17     8.43     0  03:13        2.15
  YS02001895           JUNCTION     0.43     1.15     7.90     0  03:00        1.14
  YS02001625           JUNCTION     1.37     1.78     8.38     0  02:40        1.78
  YS02163301           JUNCTION     1.44     1.89     8.41     0  02:45        1.87
  YS02163601           JUNCTION     1.55     1.99     8.39     0  02:51        1.98
  YS02164001           JUNCTION     1.49     1.92     8.38     0  02:54        1.91
  YS02001647           JUNCTION     1.34     1.80     8.41     0  03:23        1.79
  YSB1154              JUNCTION     0.27     0.46     9.51     0  02:33        0.46
  YSB6556              JUNCTION     0.16     0.34     9.51     0  02:34        0.34
  YSB1174              JUNCTION     0.22     0.40     9.51     0  02:34        0.40
  YSB1171              JUNCTION     0.42     0.61     9.51     0  02:34        0.61
  YS02006553           JUNCTION     0.85     1.57     7.86     0  03:00        1.56
  YS02006561           JUNCTION     0.23     0.59     7.25     0  03:00        0.59
  YS02006556           JUNCTION     0.82     1.51     7.83     0  03:00        1.51
  YS02006558           JUNCTION     0.86     1.55     7.82     0  03:00        1.54
  YS02001783           JUNCTION     0.41     1.03     7.17     0  03:00        1.01
  YS02001784           JUNCTION     0.43     0.94     7.01     0  03:00        0.94
  YS02001786           JUNCTION     0.36     0.77     6.80     0  03:00        0.77
  YS02001788           JUNCTION     0.27     0.58     6.55     0  03:00        0.57
  YS02001790           JUNCTION     0.33     0.67     6.31     0  03:00        0.67
  YS02001791           JUNCTION     0.20     0.40     5.87     0  03:01        0.39
  YS02001793           JUNCTION     0.13     0.23     5.06     0  02:52        0.23
  WSC                  OUTFALL      0.14     0.23     0.90     0  02:48        0.23
  3                    OUTFALL      0.00     0.00     7.16     0  00:00        0.00
  4                    OUTFALL      0.00     0.00     7.67     0  00:00        0.00
  5                    OUTFALL      0.00     0.00     4.91     0  00:00        0.00
  JK-storage           STORAGE      0.04     3.00     3.80     0  00:00        2.00
  CC-storage           STORAGE      0.88     1.34     8.34     0  03:38        1.34
  XR-storage           STORAGE      4.87     7.72     5.72     0  03:28        7.72
  
  
  *******************
  Node Inflow Summary
  *******************
  
  -------------------------------------------------------------------------------------------------
                                  Maximum  Maximum                  Lateral       Total        Flow
                                  Lateral    Total  Time of Max      Inflow      Inflow     Balance
                                   Inflow   Inflow   Occurrence      Volume      Volume       Error
  Node                 Type           LPS      LPS  days hr:min    10^6 ltr    10^6 ltr     Percent
  -------------------------------------------------------------------------------------------------
  WS02001211           JUNCTION      7.35    55.09     0  00:02       0.212       0.338       2.946
  WS02001212           JUNCTION      0.00    37.13     0  02:45           0       0.227       1.042
  WS02001213           JUNCTION      0.00    37.30     0  02:43           0       0.229       4.162
  WS02003069           JUNCTION      0.32   340.68     0  02:45     0.00922        3.11       0.205
  WS02003072           JUNCTION      0.00   340.59     0  02:46           0        3.11       0.325
  WS02003073           JUNCTION      1.82   342.38     0  02:47      0.0524        3.15       0.287
  WS02003060           JUNCTION     16.53   377.79     0  02:44       0.476        3.25       0.188
  WS02003066           JUNCTION      0.00   361.26     0  02:43           0        2.67       0.069
  WS02003059           JUNCTION      0.00    51.63     0  01:59           0       0.245       8.038
  WS02003067           JUNCTION      0.00   361.25     0  02:43           0        2.68       0.183
  WS02004401           JUNCTION      0.00   363.22     0  02:38           0         2.8       0.426
  WS02004402           JUNCTION      0.00   362.90     0  02:38           0        2.79       0.428
  WS02004403           JUNCTION      0.00   362.68     0  02:39           0        2.77       0.411
  WS02004404           JUNCTION      0.16   362.74     0  02:39     0.00467        2.77       0.333
  WS02004406           JUNCTION      0.00   362.68     0  02:40           0        2.75       0.824
  WS02004409           JUNCTION      0.00   362.64     0  02:40           0        2.72       0.168
  WS02004410           JUNCTION      0.00   362.18     0  02:41           0        2.72       0.236
  WS02004411           JUNCTION      0.00   361.78     0  02:41           0        2.71       0.278
  WS02004412           JUNCTION      0.00   361.50     0  02:42           0         2.7       0.350
  WS02004413           JUNCTION      0.00   361.32     0  02:43           0        2.69       0.600
  WS02004405           JUNCTION      0.04   362.73     0  02:39      0.0011        2.76       0.513
  WS02006109           JUNCTION      1.23   350.76     0  02:35      0.0354         2.8       0.443
  WS02006110           JUNCTION      0.00   350.73     0  02:36           0        2.79       0.391
  WS02006111           JUNCTION      0.00   356.43     0  02:35           0        2.77       0.046
  WS02006112           JUNCTION     15.18   365.26     0  02:36      0.0619        2.83       0.578
  WS02006113           JUNCTION      0.00   350.72     0  02:36           0        2.77       0.101
  WS02006115           JUNCTION      0.00   364.44     0  02:36           0        2.82       0.347
  WS02006116           JUNCTION      0.00   363.70     0  02:37           0        2.81       0.289
  WS02006230           JUNCTION     10.28    50.97     0  03:13       0.296        1.02       0.597
  WS02006231           JUNCTION      0.00    42.39     0  02:36           0       0.746       0.229
  WS02006232           JUNCTION      0.00    42.33     0  02:36           0       0.752       0.716
  WS02006234           JUNCTION      0.00    42.32     0  02:37           0       0.753       0.121
  WS02006235           JUNCTION      0.00   417.21     0  02:37           0        7.65       0.042
  WS02006238           JUNCTION      0.00    85.46     0  02:40           0        1.55       0.163
  WS02006240           JUNCTION      0.00    85.43     0  02:38           0        1.55       0.251
  WS02006242           JUNCTION      0.00    85.46     0  02:37           0        1.56       0.377
  WS02006243           JUNCTION      0.00    85.49     0  02:37           0        1.56       0.153
  WS02006245           JUNCTION      0.00    85.49     0  02:36           0        1.56       0.257
  WS02006247           JUNCTION      0.00    85.50     0  02:36           0        1.57       0.217
  WS02006248           JUNCTION      0.00    85.51     0  02:35           0        1.57       0.093
  WS02006249           JUNCTION      0.00    85.55     0  02:35           0        1.57       0.337
  WS02006239           JUNCTION      0.00    85.42     0  02:39           0        1.55       0.217
  WS02006251           JUNCTION      0.08   480.93     0  02:34     0.00222        9.12       0.037
  WS02006252           JUNCTION      0.00   400.00     0  01:58           0        8.77       0.006
  WS02006253           JUNCTION      2.01    80.26     0  02:34     0.00774       0.348       0.720
  WS02006256           JUNCTION      0.00   983.00     0  00:00           0        12.5      -0.011
  WS02004138           JUNCTION      0.00   380.00     0  00:00           0        10.9       0.058
  WS02004139           JUNCTION      0.32   424.77     0  02:47     0.00924        11.2       0.079
  WS02004407           JUNCTION      0.00   362.66     0  02:40           0        2.72       0.081
  WS02006228           JUNCTION      0.00   349.54     0  02:35           0        2.77       0.277
  WS02006229           JUNCTION      0.00   381.77     0  02:35           0        2.81       0.302
  WS02006280           JUNCTION      0.00   381.76     0  02:35           0        1.84       0.004
  WS02006284           JUNCTION      0.10   381.75     0  02:35     0.00275        1.84       0.065
  WS02006287           JUNCTION      0.00   381.62     0  02:35           0        1.84       0.038
  WSF200               JUNCTION      0.00   361.25     0  02:44           0        2.67       0.041
  HS02004901           JUNCTION     18.47    18.47     0  02:30      0.0746      0.0748       2.406
  HS02004881           JUNCTION      7.70    78.43     0  02:34      0.0315        0.34       0.018
  HS02004876           JUNCTION     13.91    71.00     0  02:34      0.0606       0.309       0.175
  HS02004870           JUNCTION     14.24    57.22     0  02:34      0.0596       0.249       0.043
  HS02004862           JUNCTION     13.49    43.36     0  02:34      0.0664       0.189       0.091
  HS02004856           JUNCTION     10.66    29.91     0  02:34      0.0449       0.124       1.174
  HS02004852           JUNCTION      0.00    19.52     0  02:34           0      0.0794       0.068
  HS02004848           JUNCTION     29.89    29.89     0  02:36       0.145       0.145       0.031
  HS02004842           JUNCTION      0.00    10.79     0  02:44           0      0.0782      19.943
  HS02004837           JUNCTION     30.42    40.44     0  02:34       0.287       0.352       0.231
  HS02004830           JUNCTION      0.15    40.57     0  02:34     0.00432       0.342       0.362
  HS02004824           JUNCTION     36.15    76.63     0  02:37       0.187       0.528       0.102
  HS02004817           JUNCTION      0.60    77.22     0  02:37      0.0173       0.545       3.156
  HS02004807           JUNCTION     26.33   102.46     0  02:36        0.11       0.638       0.679
  HS02004802           JUNCTION      0.00   102.66     0  02:37           0       0.635       0.631
  HS02004799           JUNCTION     21.00   236.27     0  02:33      0.0888        1.04       0.251
  HS02004792           JUNCTION     91.29   215.48     0  02:33        0.39       0.951       0.043
  HS02004788           JUNCTION     30.97   124.94     0  02:33       0.174       0.562       0.070
  HS02004785           JUNCTION      0.15    94.16     0  02:33     0.00432        0.39       0.124
  HS02004777           JUNCTION      0.03    94.20     0  02:32    0.000864        0.39       1.347
  HS02004770           JUNCTION     76.48    94.59     0  02:31       0.318       0.391       0.797
  HS02004480           JUNCTION      0.00   279.72     0  02:34           0        1.22       0.098
  HS02004479           JUNCTION      0.00    43.67     0  02:34           0       0.195       0.376
  HS02004478           JUNCTION      0.00   381.60     0  02:35           0        1.84       0.018
  YS02001745           JUNCTION    257.10   432.15     0  02:42         2.2        2.21       0.213
  YS02001748           JUNCTION      0.04   638.65     0  02:43      0.0013        2.21       0.674
  YS02001751           JUNCTION      0.01   320.66     0  02:37    0.000317        2.18       1.039
  YS02001754           JUNCTION      0.26   289.08     0  02:44     0.00749        2.16       1.141
  YS02001762           JUNCTION      0.00   324.15     0  02:59           0        2.22       0.940
  YS02001765           JUNCTION      0.00   323.39     0  02:59           0        2.22       1.077
  YS02001767           JUNCTION      0.54   322.46     0  02:59      0.0154        2.25       1.597
  YS02001770           JUNCTION    318.27   320.12     0  02:59        2.47        2.48       1.231
  YS02001774           JUNCTION      0.00    93.41     0  03:24           0       0.229      12.056
  YS02001779           JUNCTION      0.01    94.49     0  03:23    0.000144       0.197       8.156
  YS02001882           JUNCTION      0.00    10.14     0  02:43           0      0.0159      15.410
  YS02001884           JUNCTION      0.00    19.13     0  02:33           0      0.0511      12.823
  YS02001759           JUNCTION    305.66   630.74     0  02:59        2.28        4.47       0.500
  YS02001887           JUNCTION    381.47   382.55     0  02:53        2.64        2.67       0.307
  YS02001890           JUNCTION      0.00   382.52     0  02:53           0        2.62       0.338
  YS02001898           JUNCTION      0.00   382.09     0  02:49           0        2.61       0.117
  YS02001901           JUNCTION      0.00   382.61     0  02:51           0        2.61       0.253
  YS02001904           JUNCTION      0.00   382.60     0  02:51           0        2.61       0.230
  YS02001907           JUNCTION      0.00   721.16     0  03:02           0        5.76       0.411
  YS02001910           JUNCTION      0.00   369.77     0  03:07           0        3.17       0.360
  YS02001915           JUNCTION    226.55   368.71     0  03:07        1.85        3.18       0.183
  YS02001918           JUNCTION      0.00   148.46     0  03:07           0        1.33       0.136
  YS02001619           JUNCTION    221.96   221.96     0  03:01        1.83        1.83       0.602
  YS02001629           JUNCTION      0.00   216.14     0  02:51           0        1.65       1.609
  YS02001641           JUNCTION      0.00   459.20     0  02:51           0        3.73       0.546
  YS02001644           JUNCTION    244.93   714.40     0  03:30        2.11         6.3       0.406
  YS02001652           JUNCTION      0.00   333.13     0  03:02           0        1.96       1.151
  YS02001655           JUNCTION      0.15   332.35     0  03:02     0.00443        1.99       1.246
  YS02001920           JUNCTION      2.87   137.87     0  03:07      0.0827        1.34       0.211
  YS02001923           JUNCTION      0.04   122.37     0  03:03     0.00109        1.25       0.051
  YS02001926           JUNCTION      0.05   117.77     0  03:03      0.0015        1.26       0.249
  YS02001929           JUNCTION    114.18   114.18     0  03:01        1.25        1.25       0.040
  YS02001658           JUNCTION      0.00   588.46     0  02:40           0           2       0.903
  YS02001661           JUNCTION      0.00   663.65     0  02:59           0         2.3      -1.560
  YS02001664           JUNCTION    277.08   355.18     0  02:58        1.97         2.3       0.157
  YS02001622           JUNCTION      0.00   222.53     0  03:01           0        1.82       1.674
  YS02001633           JUNCTION    249.26   456.27     0  02:51        2.18        3.78       0.843
  YS02001649           JUNCTION      0.00   966.86     0  02:52           0        5.22       0.699
  YS02001757           JUNCTION      0.00  1815.09     0  02:53           0        11.3       0.820
  YS02001895           JUNCTION      0.00   382.53     0  02:49           0        2.62       0.179
  YS02001625           JUNCTION      0.00   222.14     0  03:01           0        1.79       2.163
  YS02163301           JUNCTION      0.00   235.97     0  02:40           0        1.63       1.452
  YS02163601           JUNCTION      0.11   456.87     0  02:51     0.00317        3.75       0.793
  YS02164001           JUNCTION      0.00   457.44     0  02:51           0        3.73       0.509
  YS02001647           JUNCTION      0.00   693.93     0  02:51           0         3.7       0.743
  YSB1154              JUNCTION     24.63    24.63     0  02:32       0.107       0.108       1.354
  YSB6556              JUNCTION      0.00    24.52     0  02:33           0       0.109       1.158
  YSB1174              JUNCTION     20.04    20.04     0  02:29      0.0789      0.0794       1.644
  YSB1171              JUNCTION      0.00    43.70     0  02:33           0       0.194       3.375
  YS02006553           JUNCTION      0.00   721.25     0  03:03           0        5.75       0.269
  YS02006561           JUNCTION      0.00  1047.58     0  03:00           0        8.12       0.011
  YS02006556           JUNCTION      0.00   720.77     0  03:02           0        5.75       0.191
  YS02006558           JUNCTION    332.26  1048.33     0  02:59        2.42        8.15       0.059
  YS02001783           JUNCTION      0.00  1047.18     0  03:01           0        8.12       0.027
  YS02001784           JUNCTION      1.06  1048.04     0  03:00      0.0305        8.15       0.042
  YS02001786           JUNCTION      0.06  1048.11     0  03:01     0.00162        8.15       0.041
  YS02001788           JUNCTION      0.07  1049.99     0  03:01     0.00204        8.15       0.024
  YS02001790           JUNCTION      0.15  1055.38     0  03:00     0.00446        8.15       0.030
  YS02001791           JUNCTION      0.00  1147.93     0  03:00           0        8.15       0.012
  YS02001793           JUNCTION      0.00  1088.57     0  03:00           0        8.15       0.006
  WSC                  OUTFALL       0.00   342.31     0  02:48           0        3.14       0.000
  3                    OUTFALL       0.00   417.21     0  02:37           0        6.93       0.000
  4                    OUTFALL       0.00   394.89     0  02:34           0        7.54       0.000
  5                    OUTFALL       0.00   424.76     0  02:47           0        11.1       0.000
  JK-storage           STORAGE       0.00  1086.68     0  03:00           0         8.3     -33.503
  CC-storage           STORAGE       0.00  1815.61     0  02:53           0        11.1      -0.487
  XR-storage           STORAGE     683.19   683.19     0  03:01        10.6        11.2      -5.136
  
  
  **********************
  Node Surcharge Summary
  **********************
  
  Surcharging occurs when water rises above the top of the highest conduit.
  ---------------------------------------------------------------------
                                               Max. Height   Min. Depth
                                   Hours       Above Crown    Below Rim
  Node                 Type      Surcharged         Meters       Meters
  ---------------------------------------------------------------------
  WS02006252           JUNCTION        6.08          0.193        0.907
  WS02006256           JUNCTION        6.40          2.050        0.000
  YS02001748           JUNCTION        4.05          0.677        0.513
  YS02001751           JUNCTION        5.28          0.616        0.584
  YS02001754           JUNCTION        5.53          0.772        0.378
  YS02001762           JUNCTION        5.78          1.046        0.104
  YS02001765           JUNCTION        5.75          1.002        0.098
  YS02001767           JUNCTION        5.72          0.954        0.076
  YS02001770           JUNCTION        5.62          0.889        0.031
  YS02001774           JUNCTION        5.77          0.976        0.074
  YS02001779           JUNCTION        5.53          0.680        0.000
  YS02001882           JUNCTION        0.42          0.199        0.631
  YS02001884           JUNCTION        0.48          0.236        0.634
  YS02001759           JUNCTION        5.80          1.084        0.126
  YS02001887           JUNCTION        0.61          0.327        0.623
  YS02001890           JUNCTION        0.66          0.356        0.404
  YS02001898           JUNCTION        0.32          0.122        0.618
  YS02001901           JUNCTION        0.55          0.276        0.594
  YS02001904           JUNCTION        0.51          0.245        0.605
  YS02001907           JUNCTION        1.34          0.577        0.373
  YS02001910           JUNCTION        0.71          0.378        0.722
  YS02001915           JUNCTION        0.38          0.163        0.837
  YS02001619           JUNCTION        5.15          0.610        0.000
  YS02001629           JUNCTION        5.17          0.470        0.000
  YS02001641           JUNCTION        5.76          0.938        0.162
  YS02001644           JUNCTION        5.76          0.920        0.000
  YS02001652           JUNCTION        5.55          1.054        0.076
  YS02001655           JUNCTION        5.44          1.063        0.137
  YS02001658           JUNCTION        4.15          1.036        0.264
  YS02001661           JUNCTION        0.14          0.916        0.474
  YS02001622           JUNCTION        5.28          0.620        0.000
  YS02001633           JUNCTION        5.74          0.929        0.131
  YS02001649           JUNCTION        5.79          1.050        0.000
  YS02001757           JUNCTION        5.89          1.173        0.037
  YS02001895           JUNCTION        0.36          0.150        0.600
  YS02001625           JUNCTION        5.57          0.780        0.000
  YS02163301           JUNCTION        5.72          0.890        0.140
  YS02163601           JUNCTION        5.79          0.992        0.088
  YS02164001           JUNCTION        5.75          0.924        0.176
  YS02001647           JUNCTION        5.56          0.802        0.098
  YS02006553           JUNCTION        1.44          0.572        0.618
  YS02006556           JUNCTION        0.98          0.474        0.876
  YS02006558           JUNCTION        0.94          0.451        0.949
  YS02001783           JUNCTION        0.63          0.226        1.374
  YS02001784           JUNCTION        0.55          0.143        1.347
  
  
  *********************
  Node Flooding Summary
  *********************
  
  Flooding refers to all water that overflows a node, whether it ponds or not.
  --------------------------------------------------------------------------
                                                             Total   Maximum
                                 Maximum   Time of Max       Flood    Ponded
                        Hours       Rate    Occurrence      Volume     Depth
  Node                 Flooded       LPS   days hr:min    10^6 ltr    Meters
  --------------------------------------------------------------------------
  WS02006256              4.70    978.40      0  00:00       6.426     0.000
  YS02001779              1.67     94.07      0  03:23       0.178     0.000
  YS02001619              0.01     23.63      0  02:42       0.000     0.000
  YS02001629              0.01     19.34      0  02:40       0.000     0.000
  YS02001644              2.61    714.20      0  03:33       3.038     0.000
  YS02001622              0.01     30.88      0  02:42       0.000     0.000
  YS02001649              0.02     26.15      0  03:39       0.000     0.000
  YS02001625              0.62    100.92      0  03:01       0.106     0.000
  XR-storage              1.88    195.95      0  03:28       0.557     0.000
  
  
  **********************
  Storage Volume Summary
  **********************
  
  --------------------------------------------------------------------------------------------------
                         Average     Avg  Evap Exfil       Maximum     Max    Time of Max    Maximum
                          Volume    Pcnt  Pcnt  Pcnt        Volume    Pcnt     Occurrence    Outflow
  Storage Unit           1000 m3    Full  Loss  Loss       1000 m3    Full    days hr:min        LPS
  --------------------------------------------------------------------------------------------------
  JK-storage               0.002       1     0     0         0.151      52       0  00:00     983.00
  CC-storage               2.454      16     0     0         3.722      24       0  03:38     400.00
  XR-storage               0.585      63     0     0         0.926     100       0  03:28     380.00
  
  
  ***********************
  Outfall Loading Summary
  ***********************
  
  ---------------------------------------------------------------------------------------------------------------------------------
                         Flow       Avg       Max       Total         Total         Total         Total         Total         Total
                         Freq      Flow      Flow      Volume           COD            SS            TN            TP         NH4-N
  Outfall Node           Pcnt       LPS       LPS    10^6 ltr            kg            kg            kg            kg            kg
  ---------------------------------------------------------------------------------------------------------------------------------
  WSC                   99.97    135.09    342.31       3.141       378.239       662.863        22.177         2.579        13.322
  3                     99.98    279.00    417.21       6.930       178.822       331.058         3.638         0.263         1.784
  4                     99.97    299.83    394.89       7.541       602.837      1095.139        12.671         0.914         6.225
  5                     99.99    389.72    424.76      11.145      1335.577      2190.561       112.522        13.805        69.562
  ---------------------------------------------------------------------------------------------------------------------------------
  System                99.98   1103.64   1562.47      28.757      2495.475      4279.621       151.009        17.560        90.892
  
  
  ********************
  Link Flow Summary
  ********************
  
  -----------------------------------------------------------------------------
                                 Maximum  Time of Max   Maximum    Max/    Max/
                                  |Flow|   Occurrence   |Veloc|    Full    Full
  Link                 Type          LPS  days hr:min     m/sec    Flow   Depth
  -----------------------------------------------------------------------------
  WS02003066WSF200     CONDUIT    361.25     0  02:44      2.59    0.06    0.18
  WS02006287WS02006284 CONDUIT    381.65     0  02:35      1.99    0.18    0.29
  WS02006284WS02006280 CONDUIT    381.76     0  02:35      2.23    0.16    0.27
  WS02006280WS02006229 CONDUIT    381.77     0  02:35      3.59    0.08    0.19
  WS02006229WS02006228 CONDUIT    349.54     0  02:35      0.72    1.16    0.93
  WS02006256WS02006235 CONDUIT    289.65     0  02:37      4.46    3.07    0.92
  WS02006253WS02006251 CONDUIT     80.29     0  02:35      0.60    0.24    0.38
  WS02006252WS02006251 CONDUIT    400.93     0  05:32      3.19    1.47    1.00
  WS02006251WS02006249 CONDUIT     85.55     0  02:35      0.69    0.25    0.36
  WS02006249WS02006248 CONDUIT     85.51     0  02:35      0.80    0.47    0.32
  WS02006248WS02006247 CONDUIT     85.50     0  02:36      0.77    0.19    0.33
  WS02006247WS02006245 CONDUIT     85.49     0  02:36      0.73    0.68    0.34
  WS02006245WS02006243 CONDUIT     85.49     0  02:37      0.87    0.25    0.30
  WS02006243WS02006242 CONDUIT     85.46     0  02:37      0.74    0.18    0.35
  WS02006242WS02006240 CONDUIT     85.43     0  02:38      0.62    0.34    0.39
  WS02006240WS02006239 CONDUIT     85.42     0  02:39      0.80    0.27    0.32
  WS02006239WS02006238 CONDUIT     85.46     0  02:40      0.72    0.27    0.37
  WS02006238WS02006235 CONDUIT     85.56     0  02:41      1.17    0.19    0.38
  WS02006235WS02006234 CONDUIT     42.33     0  02:37      0.53    0.45    0.35
  WS02006234WS02006232 CONDUIT     42.32     0  02:37      0.82    0.09    0.47
  WS02006232WS02006231 CONDUIT     42.33     0  02:36      0.33    0.09    0.49
  WS02006231WS02006230 CONDUIT     42.39     0  02:36      0.60    0.64    0.44
  WS02006230WS02006229 CONDUIT     58.56     0  06:23      0.40    1.30    0.99
  WS02006228WS02006109 CONDUIT    349.53     0  02:35      0.71    1.53    0.96
  WS02006116WS02004401 CONDUIT    363.22     0  02:38      0.62    0.50    0.70
  WS02006115WS02006116 CONDUIT    363.70     0  02:37      0.77    0.47    0.62
  WS02006113WS02006111 CONDUIT    356.43     0  02:35      2.12    0.43    0.37
  WS02006112WS02006115 CONDUIT    364.44     0  02:36      0.59    0.22    0.74
  WS02006111WS02006112 CONDUIT    350.90     0  02:37      1.04    0.17    0.64
  WS02006110WS02006113 CONDUIT    350.72     0  02:36      0.92    0.32    0.71
  WS02006109WS02006110 CONDUIT    350.73     0  02:36      0.74    0.67    0.90
  WS02004411WS02004412 CONDUIT    361.50     0  02:42      0.81    0.51    0.58
  WS02004401WS02004402 CONDUIT    362.90     0  02:38      0.59    0.44    0.73
  WS02004413WS02003067 CONDUIT    361.25     0  02:43      0.90    0.15    0.51
  WS02004412WS02004413 CONDUIT    361.32     0  02:43      0.79    0.24    0.67
  WS02004410WS02004411 CONDUIT    361.78     0  02:41      0.79    0.49    0.56
  WS02004409WS02004410 CONDUIT    362.18     0  02:41      0.83    0.47    0.55
  WS02004407WS02004409 CONDUIT    362.64     0  02:40      1.29    0.13    0.39
  WS02004406WS02004407 CONDUIT    362.66     0  02:40      0.82    0.16    0.55
  WS02004405WS02004406 CONDUIT    362.68     0  02:40      0.51    0.72    0.85
  WS02004404WS02004405 CONDUIT    362.69     0  02:39      0.51    3.55    0.84
  WS02004403WS02004404 CONDUIT    362.58     0  02:39      0.53    0.26    0.81
  WS02004402WS02004403 CONDUIT    362.68     0  02:39      0.57    0.52    0.76
  WS02004139WS02001211 CONDUIT     47.74     0  00:02      0.48    0.06    0.20
  WS02004138WS02004139 CONDUIT    396.29     0  00:00      3.67    0.08    0.20
  WS02003067WS02003066 CONDUIT    361.26     0  02:43      0.96    0.12    0.37
  WS02001213WS02003059 CONDUIT     37.30     0  02:43      0.14    0.06    0.49
  WS02001212WS02001213 CONDUIT     37.13     0  02:45      0.61    0.06    0.13
  WS02001211WS02001212 CONDUIT     37.08     0  02:46      0.28    0.03    0.23
  WS02003072WS02003073 CONDUIT    340.56     0  02:47      1.21    0.74    0.30
  WS02003069WS02003072 CONDUIT    340.59     0  02:46      1.17    0.16    0.30
  WS02003060WS02003069 CONDUIT    340.36     0  02:45      1.45    0.13    0.26
  WS02003059WS02003060 CONDUIT     51.63     0  01:59      0.56    0.03    0.42
  HS02004901HS02004770 CONDUIT     18.20     0  02:32      0.07    0.07    0.40
  HS02004876HS02004881 CONDUIT     71.00     0  02:35      0.92    0.76    0.11
  HS02004870HS02004876 CONDUIT     57.21     0  02:35      0.63    0.04    0.13
  HS02004842HS02004848 CONDUIT     10.79     0  02:44      0.05    0.01    0.30
  HS02004837HS02004842 CONDUIT     11.02     0  02:45      0.42    0.01    0.32
  HS02004830HS02004837 CONDUIT     40.42     0  02:34      0.55    0.04    0.10
  HS02004824HS02004830 CONDUIT     40.56     0  02:35      0.58    0.05    0.10
  HS02004817HS02004824 CONDUIT     76.62     0  02:37      0.23    0.03    0.47
  HS02004770HS02004777 CONDUIT     94.17     0  02:32      0.33    0.17    0.41
  HS02004799HS02004480 CONDUIT    236.16     0  02:33      0.79    0.30    0.43
  HS02004792HS02004799 CONDUIT    215.43     0  02:33      0.90    0.13    0.34
  HS02004788HS02004792 CONDUIT    124.90     0  02:34      1.02    0.08    0.17
  HS02004785HS02004788 CONDUIT     94.13     0  02:34      0.67    0.71    0.20
  HS02004777HS02004785 CONDUIT     94.01     0  02:33      0.39    0.12    0.34
  HS02004480HS02004478 CONDUIT    279.74     0  02:34      1.22    1.18    0.33
  HS02004479HS02004480 CONDUIT     43.76     0  02:35      0.27    0.04    0.41
  HS02004862HS02004870 CONDUIT     43.34     0  02:35      0.63    0.05    0.10
  HS02004848HS02004852 CONDUIT     19.52     0  02:34      0.43    0.02    0.06
  HS02004856HS02004862 CONDUIT     29.88     0  02:35      0.47    0.03    0.09
  HS02004852HS02004856 CONDUIT     19.49     0  02:36      0.23    0.02    0.12
  HS02004802HS02004478 CONDUIT    102.98     0  02:37      0.43    0.09    0.35
  HS02004478WS02006287 CONDUIT    381.62     0  02:35      1.69    0.11    0.25
  HS02004817HS02004807 CONDUIT     77.64     0  02:38      0.18    0.05    0.62
  HS02004807HS02004802 CONDUIT    102.66     0  02:37      0.37    0.20    0.40
  YS02001759YS02001757 CONDUIT    632.27     0  02:56      0.81    0.45    1.00
  YS02001762YS02001759 CONDUIT    326.36     0  02:44      0.42    0.38    1.00
  YS02001765YS02001762 CONDUIT    324.15     0  02:59      0.41    0.30    1.00
  YS02001770YS02001767 CONDUIT    321.92     0  02:59      0.41    1.28    1.00
  YS02001774YS02001770 CONDUIT     93.41     0  03:24      0.21    0.06    1.00
  YS02001779YS02001774 CONDUIT     94.48     0  03:23      0.12    0.05    1.00
  YS02001649YS02001757 CONDUIT    967.67     0  02:52      1.23    0.59    1.00
  YS02001767YS02001765 CONDUIT    323.39     0  02:59      0.41    0.41    1.00
  YS02006561YS02001783 CONDUIT   1047.18     0  03:01      2.26    0.54    0.87
  YS02001783YS02001784 CONDUIT   1046.98     0  03:00      2.08    1.44    1.00
  YS02001784YS02001785 CONDUIT   1048.06     0  03:01      2.10    2.44    0.98
  YS02001788YS02001790 CONDUIT   1055.23     0  03:00      2.57    0.78    0.78
  YS02001790YS02001791 CONDUIT   1147.93     0  03:00      3.28    1.25    0.66
  YS02001791YS02001793 CONDUIT   1088.57     0  03:00      6.54    0.47    0.39
  YS02001910YS02001907 CONDUIT    369.57     0  03:07      0.49    0.21    1.00
  YS02001786YS02001788 CONDUIT   1049.92     0  03:01      2.36    2.02    0.84
  YS02001915YS02001910 CONDUIT    369.77     0  03:07      0.54    0.18    1.00
  YS02001918YS02001915 CONDUIT    161.89     0  03:07      0.44    0.09    0.91
  YS02001923YS02001920 CONDUIT    135.00     0  03:07      0.66    0.06    0.75
  YS02001926YS02001923 CONDUIT    122.33     0  03:03      0.79    0.17    0.43
  YS02001929YS02001926 CONDUIT    117.72     0  03:03      0.85    0.06    0.31
  YS02001920YS02001918 CONDUIT    148.46     0  03:07      0.65    0.14    0.84
  YS02001629YS02163301 CONDUIT    235.97     0  02:40      0.30    0.29    1.00
  YS02001619YS02001622 CONDUIT    222.53     0  03:01      0.57    0.33    1.00
  YS02001622YS02001625 CONDUIT    222.14     0  03:01      0.28    0.12    1.00
  YS02001625YS02001629 CONDUIT    216.14     0  02:51      0.28    0.10    1.00
  YS02163301YS02001633 CONDUIT    237.22     0  02:40      0.30    0.22    1.00
  YS02163601YS02164001 CONDUIT    457.44     0  02:51      0.58    0.41    1.00
  YS02164001YS02001641 CONDUIT    459.20     0  02:51      0.58    0.63    1.00
  YS02001641YS02001644 CONDUIT    461.04     0  02:44      0.59    1.49    1.00
  YS02001647YS02001649 CONDUIT    693.81     0  02:51      0.88    0.37    1.00
  YS02006553YS02006556 CONDUIT    720.77     0  03:02      0.92    0.62    1.00
  YS02006556YS02006558 CONDUIT    721.55     0  03:02      0.92    0.57    1.00
  YSB6556YSB1171       CONDUIT     24.57     0  02:35      0.09    0.03    0.68
  YS02001907YS02006553 CONDUIT    721.25     0  03:03      0.80    0.85    1.00
  YS02006558YS02006561 CONDUIT   1047.58     0  03:00      3.71    2.32    0.99
  YS02001633YS02163601 CONDUIT    456.76     0  02:51      0.58    0.48    1.00
  YS02001644YS02001647 CONDUIT    693.93     0  02:51      0.88    0.41    1.00
  YS02001745YS02001748 CONDUIT    638.61     0  02:43      1.46    0.25    0.93
  YS02001748YS02001751 CONDUIT    320.65     0  02:37      1.00    0.16    1.00
  YS02001751YS02001754 CONDUIT    288.82     0  02:44      0.84    0.14    1.00
  YS02001754YS02001757 CONDUIT    289.43     0  02:44      0.37    0.12    1.00
  YS02001882YS02001884 CONDUIT     10.14     0  02:43      0.10    0.01    1.00
  YS02001884YS02001887 CONDUIT     19.13     0  02:33      0.07    0.03    1.00
  YS02001890YS02001895 CONDUIT    382.53     0  02:49      0.49    0.18    1.00
  YS02001895YS02001898 CONDUIT    382.09     0  02:49      0.59    0.66    1.00
  YS02001898YS02001901 CONDUIT    382.61     0  02:51      0.51    0.25    1.00
  YS02001901YS02001904 CONDUIT    382.60     0  02:51      0.49    0.59    1.00
  YS02001904YS02001907 CONDUIT    383.34     0  02:51      0.49    0.13    1.00
  YS02001887YS02001890 CONDUIT    382.52     0  02:53      0.49    0.65    1.00
  YS02001652YS02001649 CONDUIT    335.23     0  03:02      0.54    0.17    1.00
  YS02001655YS02001652 CONDUIT    333.13     0  03:02      0.89    0.16    1.00
  YS02001658YS02001655 CONDUIT    332.20     0  03:02      1.14    0.14    1.00
  YS02001661YS02001658 CONDUIT    588.46     0  02:40      1.53    0.23    1.00
  YS02001664YS02001661 CONDUIT    663.65     0  02:59      1.67    0.21    0.71
  YSB1154YSB6556       CONDUIT     24.52     0  02:33      0.17    0.04    0.57
  YSB1174YSB1171       CONDUIT     19.60     0  02:31      0.07    0.03    0.69
  YSB1171HS02004479    CONDUIT     43.67     0  02:34      0.54    0.03    0.54
  HS02004881HS02006253 CONDUIT     78.42     0  02:34      2.18    0.02    0.05
  YS02001793JiankangQianchi CONDUIT   1086.68     0  03:00     20.73    0.09    0.50
  YS02001757CaochengTiaoxuchi CONDUIT   1815.61     0  02:53      2.84    0.80    1.00
  WSF200WS02003060     CONDUIT    361.26     0  02:44      1.95    0.08    0.22
  1                    CONDUIT    342.31     0  02:48      2.46    0.12    0.23
  CC-Pump-1            PUMP       200.00     0  01:58              1.00
  CC-Pump-2            PUMP       200.00     0  01:58              1.00
  JK-Pump-1            PUMP       300.00     0  00:00              1.00
  JK-Pump-2            PUMP       683.00     0  00:00              1.00
  XR-Pump-1            PUMP        95.00     0  00:00              1.00
  XR-Pump-2            PUMP        95.00     0  00:00              1.00
  XR-Pump-3            PUMP        95.00     0  00:00              1.00
  XR-Pump-4            PUMP        95.00     0  00:00              1.00
  3                    WEIR       394.89     0  02:34                      0.24
  5                    WEIR       417.21     0  02:37                      0.25
  6                    WEIR       424.76     0  02:47                      0.25
  
  
  ***************************
  Flow Classification Summary
  ***************************
  
  -------------------------------------------------------------------------------------
                      Adjusted    ---------- Fraction of Time in Flow Class ---------- 
                       /Actual         Up    Down  Sub   Sup   Up    Down  Norm  Inlet 
  Conduit               Length    Dry  Dry   Dry   Crit  Crit  Crit  Crit  Ltd   Ctrl  
  -------------------------------------------------------------------------------------
  WS02003066WSF200        1.00   0.15  0.00  0.00  0.00  0.85  0.00  0.00  0.75  0.00
  WS02006287WS02006284    1.00   0.05  0.03  0.00  0.49  0.44  0.00  0.00  0.69  0.00
  WS02006284WS02006280    1.00   0.06  0.00  0.00  0.00  0.00  0.00  0.94  0.00  0.00
  WS02006280WS02006229    1.00   0.06  0.00  0.00  0.00  0.00  0.00  0.94  0.00  0.00
  WS02006229WS02006228    1.00   0.00  0.00  0.00  0.99  0.00  0.00  0.01  0.00  0.00
  WS02006256WS02006235    1.00   0.00  0.00  0.00  0.10  0.90  0.00  0.00  0.01  0.00
  WS02006253WS02006251    1.00   0.02  0.03  0.00  0.87  0.00  0.08  0.00  0.00  0.00
  WS02006252WS02006251    1.00   0.12  0.00  0.00  0.00  0.00  0.88  0.00  0.00  0.00
  WS02006251WS02006249    1.00   0.00  0.00  0.00  1.00  0.00  0.00  0.00  0.22  0.00
  WS02006249WS02006248    1.00   0.00  0.07  0.00  0.85  0.00  0.09  0.00  0.00  0.00
  WS02006248WS02006247    1.00   0.07  0.00  0.00  0.91  0.00  0.00  0.02  0.03  0.00
  WS02006247WS02006245    1.00   0.07  0.00  0.00  0.88  0.00  0.00  0.05  0.00  0.00
  WS02006245WS02006243    1.00   0.07  0.00  0.00  0.85  0.00  0.00  0.08  0.00  0.00
  WS02006243WS02006242    1.00   0.08  0.00  0.00  0.88  0.00  0.00  0.04  0.71  0.00
  WS02006242WS02006240    1.00   0.00  0.09  0.00  0.90  0.00  0.00  0.00  0.22  0.00
  WS02006240WS02006239    1.00   0.00  0.00  0.00  0.90  0.00  0.00  0.10  0.01  0.00
  WS02006239WS02006238    1.00   0.00  0.02  0.00  0.98  0.00  0.00  0.00  0.20  0.00
  WS02006238WS02006235    1.00   0.00  0.00  0.00  1.00  0.00  0.00  0.00  0.00  0.00
  WS02006235WS02006234    1.00   0.08  0.00  0.00  0.88  0.00  0.03  0.01  0.00  0.00
  WS02006234WS02006232    1.00   0.00  0.01  0.00  0.99  0.00  0.00  0.00  0.18  0.00
  WS02006232WS02006231    1.00   0.00  0.00  0.00  0.99  0.00  0.00  0.00  0.00  0.00
  WS02006231WS02006230    1.00   0.00  0.00  0.00  0.29  0.00  0.71  0.00  0.00  0.00
  WS02006230WS02006229    1.00   0.00  0.00  0.00  0.99  0.00  0.00  0.01  0.02  0.00
  WS02006228WS02006109    1.00   0.00  0.00  0.00  1.00  0.00  0.00  0.00  0.00  0.00
  WS02006116WS02004401    1.00   0.05  0.00  0.00  0.95  0.00  0.00  0.00  0.01  0.00
  WS02006115WS02006116    1.00   0.04  0.00  0.00  0.91  0.00  0.00  0.05  0.00  0.00
  WS02006113WS02006111    1.00   0.03  0.00  0.00  0.01  0.96  0.00  0.00  0.08  0.00
  WS02006112WS02006115    1.00   0.03  0.02  0.00  0.95  0.00  0.00  0.00  0.00  0.00
  WS02006111WS02006112    1.00   0.03  0.00  0.00  0.97  0.00  0.00  0.00  0.93  0.00
  WS02006110WS02006113    1.00   0.01  0.02  0.00  0.97  0.00  0.00  0.00  0.00  0.00
  WS02006109WS02006110    1.00   0.00  0.01  0.00  0.99  0.00  0.00  0.00  0.00  0.00
  WS02004411WS02004412    1.00   0.11  0.00  0.00  0.89  0.00  0.00  0.00  0.00  0.00
  WS02004401WS02004402    1.00   0.05  0.00  0.00  0.95  0.00  0.00  0.00  0.04  0.00
  WS02004413WS02003067    1.00   0.11  0.01  0.00  0.00  0.00  0.88  0.00  0.00  0.00
  WS02004412WS02004413    1.00   0.11  0.00  0.00  0.89  0.00  0.00  0.00  0.00  0.00
  WS02004410WS02004411    1.00   0.10  0.00  0.00  0.90  0.00  0.00  0.00  0.00  0.00
  WS02004409WS02004410    1.00   0.10  0.00  0.00  0.90  0.00  0.00  0.00  0.00  0.00
  WS02004407WS02004409    1.00   0.10  0.00  0.00  0.89  0.01  0.00  0.00  0.78  0.00
  WS02004406WS02004407    1.00   0.00  0.10  0.00  0.90  0.00  0.00  0.00  0.00  0.00
  WS02004405WS02004406    1.00   0.00  0.00  0.00  1.00  0.00  0.00  0.00  0.04  0.00
  WS02004404WS02004405    1.00   0.00  0.00  0.00  1.00  0.00  0.00  0.00  0.00  0.00
  WS02004403WS02004404    1.00   0.00  0.05  0.00  0.95  0.00  0.00  0.00  0.04  0.00
  WS02004402WS02004403    1.00   0.05  0.00  0.00  0.95  0.00  0.00  0.00  0.00  0.00
  WS02004139WS02001211    1.00   0.00  0.00  0.00  1.00  0.00  0.00  0.00  0.00  0.00
  WS02004138WS02004139    1.00   0.00  0.00  0.00  0.00  0.24  0.00  0.76  0.16  0.00
  WS02003067WS02003066    1.00   0.12  0.02  0.00  0.86  0.00  0.00  0.00  0.00  0.00
  WS02001213WS02003059    1.00   0.00  0.00  0.00  0.99  0.00  0.00  0.00  0.00  0.00
  WS02001212WS02001213    1.00   0.00  0.00  0.00  0.34  0.00  0.65  0.00  0.00  0.00
  WS02001211WS02001212    1.00   0.00  0.00  0.00  1.00  0.00  0.00  0.00  0.04  0.00
  WS02003072WS02003073    1.00   0.00  0.00  0.00  0.00  0.00  0.00  1.00  0.00  0.00
  WS02003069WS02003072    1.00   0.00  0.00  0.00  1.00  0.00  0.00  0.00  0.98  0.00
  WS02003060WS02003069    1.00   0.00  0.00  0.00  0.98  0.02  0.00  0.00  0.83  0.00
  WS02003059WS02003060    1.00   0.00  0.00  0.00  1.00  0.00  0.00  0.00  0.05  0.00
  HS02004901HS02004770    1.00   0.05  0.00  0.00  0.94  0.00  0.00  0.00  0.00  0.00
  HS02004876HS02004881    1.00   0.01  0.00  0.00  0.88  0.11  0.00  0.00  0.00  0.00
  HS02004870HS02004876    1.00   0.00  0.00  0.00  0.99  0.00  0.00  0.00  0.95  0.00
  HS02004842HS02004848    1.00   0.00  0.06  0.00  0.94  0.00  0.00  0.00  0.58  0.00
  HS02004837HS02004842    1.00   0.00  0.00  0.00  1.00  0.00  0.00  0.00  0.11  0.00
  HS02004830HS02004837    1.00   0.00  0.00  0.00  1.00  0.00  0.00  0.00  0.99  0.00
  HS02004824HS02004830    1.00   0.00  0.00  0.00  1.00  0.00  0.00  0.00  0.00  0.00
  HS02004817HS02004824    1.00   0.00  0.00  0.00  1.00  0.00  0.00  0.00  1.00  0.00
  HS02004770HS02004777    1.00   0.00  0.06  0.00  0.94  0.00  0.00  0.00  0.03  0.00
  HS02004799HS02004480    1.00   0.00  0.02  0.00  0.93  0.00  0.05  0.00  0.00  0.00
  HS02004792HS02004799    1.00   0.00  0.00  0.00  0.99  0.01  0.00  0.00  0.98  0.00
  HS02004788HS02004792    1.00   0.00  0.00  0.00  0.99  0.01  0.00  0.00  0.98  0.00
  HS02004785HS02004788    1.00   0.00  0.00  0.00  1.00  0.00  0.00  0.00  0.00  0.00
  HS02004777HS02004785    1.00   0.00  0.00  0.00  1.00  0.00  0.00  0.00  0.13  0.00
  HS02004480HS02004478    1.00   0.06  0.00  0.00  0.57  0.00  0.00  0.38  0.00  0.00
  HS02004479HS02004480    1.00   0.02  0.00  0.00  0.98  0.00  0.00  0.00  0.12  0.00
  HS02004862HS02004870    1.00   0.00  0.00  0.00  1.00  0.00  0.00  0.00  0.04  0.00
  HS02004848HS02004852    1.00   0.06  0.00  0.00  0.94  0.00  0.00  0.00  0.68  0.00
  HS02004856HS02004862    1.00   0.00  0.08  0.00  0.92  0.00  0.00  0.00  0.82  0.00
  HS02004852HS02004856    1.00   0.06  0.01  0.00  0.94  0.00  0.00  0.00  0.86  0.00
  HS02004802HS02004478    1.00   0.06  0.00  0.00  0.94  0.00  0.00  0.00  0.03  0.00
  HS02004478WS02006287    1.00   0.07  0.00  0.00  0.68  0.25  0.00  0.00  0.70  0.00
  HS02004817HS02004807    1.00   0.00  0.06  0.00  0.94  0.00  0.00  0.00  0.01  0.00
  HS02004807HS02004802    1.00   0.06  0.00  0.00  0.94  0.00  0.00  0.01  0.00  0.00
  YS02001759YS02001757    1.00   0.00  0.00  0.00  1.00  0.00  0.00  0.00  0.16  0.00
  YS02001762YS02001759    1.00   0.00  0.00  0.00  1.00  0.00  0.00  0.00  0.03  0.00
  YS02001765YS02001762    1.00   0.00  0.00  0.00  1.00  0.00  0.00  0.00  0.15  0.00
  YS02001770YS02001767    1.00   0.00  0.00  0.00  1.00  0.00  0.00  0.00  0.00  0.00
  YS02001774YS02001770    1.00   0.00  0.06  0.00  0.94  0.00  0.00  0.00  0.03  0.00
  YS02001779YS02001774    1.00   0.00  0.00  0.00  1.00  0.00  0.00  0.00  0.19  0.00
  YS02001649YS02001757    1.00   0.00  0.00  0.00  1.00  0.00  0.00  0.00  0.16  0.00
  YS02001767YS02001765    1.00   0.00  0.00  0.00  1.00  0.00  0.00  0.00  0.00  0.00
  YS02006561YS02001783    1.00   0.09  0.00  0.00  0.21  0.71  0.00  0.00  0.53  0.00
  YS02001783YS02001784    1.00   0.00  0.09  0.00  0.91  0.00  0.00  0.00  0.01  0.00
  YS02001784YS02001785    1.00   0.00  0.00  0.00  1.00  0.00  0.00  0.00  0.18  0.00
  YS02001788YS02001790    1.00   0.00  0.00  0.00  0.09  0.91  0.00  0.00  0.52  0.00
  YS02001790YS02001791    1.00   0.00  0.00  0.00  0.01  0.99  0.00  0.00  0.66  0.00
  YS02001791YS02001793    1.00   0.00  0.00  0.00  0.00  1.00  0.00  0.00  0.00  0.00
  YS02001910YS02001907    1.00   0.00  0.00  0.00  0.99  0.00  0.00  0.01  0.12  0.00
  YS02001786YS02001788    1.00   0.00  0.00  0.00  0.19  0.81  0.00  0.00  0.00  0.00
  YS02001915YS02001910    1.00   0.00  0.00  0.00  0.99  0.01  0.00  0.00  0.17  0.00
  YS02001918YS02001915    1.00   0.00  0.00  0.00  0.99  0.01  0.00  0.00  0.61  0.00
  YS02001923YS02001920    1.00   0.00  0.00  0.00  1.00  0.00  0.00  0.00  0.89  0.00
  YS02001926YS02001923    1.00   0.00  0.03  0.00  0.09  0.00  0.88  0.00  0.00  0.00
  YS02001929YS02001926    1.00   0.00  0.06  0.00  0.94  0.00  0.00  0.00  0.86  0.00
  YS02001920YS02001918    1.00   0.00  0.00  0.00  1.00  0.00  0.00  0.00  0.00  0.00
  YS02001629YS02163301    1.00   0.07  0.00  0.00  0.93  0.00  0.00  0.00  0.00  0.00
  YS02001619YS02001622    1.00   0.05  0.00  0.00  0.95  0.00  0.00  0.00  0.00  0.00
  YS02001622YS02001625    1.00   0.06  0.00  0.00  0.94  0.00  0.00  0.00  0.06  0.00
  YS02001625YS02001629    1.00   0.06  0.03  0.00  0.88  0.00  0.03  0.00  0.00  0.00
  YS02163301YS02001633    1.00   0.00  0.07  0.00  0.93  0.00  0.00  0.00  0.00  0.00
  YS02163601YS02164001    1.00   0.00  0.04  0.00  0.96  0.00  0.00  0.00  0.00  0.00
  YS02164001YS02001641    1.00   0.01  0.03  0.00  0.96  0.00  0.00  0.00  0.06  0.00
  YS02001641YS02001644    1.00   0.00  0.00  0.00  1.00  0.00  0.00  0.00  0.00  0.00
  YS02001647YS02001649    1.00   0.00  0.08  0.00  0.92  0.00  0.00  0.00  0.01  0.00
  YS02006553YS02006556    1.00   0.01  0.00  0.00  0.99  0.00  0.00  0.00  0.03  0.00
  YS02006556YS02006558    1.00   0.00  0.00  0.00  1.00  0.00  0.00  0.00  0.00  0.00
  YSB6556YSB1171          1.00   0.02  0.04  0.00  0.95  0.00  0.00  0.00  0.00  0.00
  YS02001907YS02006553    1.00   0.00  0.01  0.00  0.99  0.00  0.00  0.00  0.00  0.00
  YS02006558YS02006561    1.00   0.09  0.00  0.00  0.02  0.89  0.00  0.00  0.56  0.00
  YS02001633YS02163601    1.00   0.00  0.01  0.00  0.99  0.00  0.00  0.00  0.15  0.00
  YS02001644YS02001647    1.00   0.00  0.08  0.00  0.92  0.00  0.00  0.00  0.00  0.00
  YS02001745YS02001748    1.00   0.00  0.00  0.00  0.81  0.01  0.00  0.18  0.05  0.00
  YS02001748YS02001751    1.00   0.00  0.00  0.00  0.94  0.06  0.00  0.00  0.15  0.00
  YS02001751YS02001754    1.00   0.00  0.00  0.00  0.90  0.00  0.00  0.10  0.02  0.00
  YS02001754YS02001757    1.00   0.00  0.00  0.00  1.00  0.00  0.00  0.00  0.19  0.00
  YS02001882YS02001884    1.00   0.07  0.00  0.00  0.93  0.00  0.00  0.00  0.00  0.00
  YS02001884YS02001887    1.00   0.03  0.02  0.00  0.95  0.00  0.00  0.00  0.00  0.00
  YS02001890YS02001895    1.00   0.00  0.07  0.00  0.93  0.00  0.00  0.00  0.00  0.00
  YS02001895YS02001898    1.00   0.07  0.00  0.00  0.91  0.00  0.02  0.00  0.00  0.00
  YS02001898YS02001901    1.00   0.07  0.00  0.00  0.93  0.00  0.00  0.00  0.02  0.00
  YS02001901YS02001904    1.00   0.07  0.00  0.00  0.93  0.00  0.00  0.00  0.00  0.00
  YS02001904YS02001907    1.00   0.00  0.07  0.00  0.93  0.00  0.00  0.00  0.00  0.00
  YS02001887YS02001890    1.00   0.00  0.00  0.00  0.98  0.00  0.01  0.00  0.00  0.00
  YS02001652YS02001649    1.00   0.00  0.00  0.00  0.99  0.01  0.00  0.00  0.17  0.00
  YS02001655YS02001652    1.00   0.00  0.00  0.00  0.90  0.00  0.00  0.09  0.03  0.00
  YS02001658YS02001655    1.00   0.00  0.06  0.00  0.88  0.06  0.00  0.00  0.11  0.00
  YS02001661YS02001658    1.00   0.06  0.00  0.00  0.81  0.12  0.00  0.00  0.14  0.00
  YS02001664YS02001661    1.00   0.05  0.00  0.00  0.85  0.10  0.00  0.00  0.27  0.00
  YSB1154YSB6556          1.00   0.05  0.00  0.00  0.95  0.00  0.00  0.00  0.02  0.00
  YSB1174YSB1171          1.00   0.02  0.02  0.00  0.96  0.00  0.00  0.00  0.00  0.00
  YSB1171HS02004479       1.00   0.02  0.00  0.00  0.98  0.00  0.00  0.01  0.10  0.00
  HS02004881HS02006253    1.00   0.03  0.00  0.00  0.00  0.00  0.00  0.97  0.00  0.00
  YS02001793JiankangQianchi    1.00   0.00  0.00  0.00  0.00  1.00  0.00  0.00  0.05  0.00
  YS02001757CaochengTiaoxuchi    1.00   0.00  0.12  0.00  0.79  0.08  0.00  0.00  0.00  0.00
  WSF200WS02003060        1.00   0.00  0.15  0.00  0.01  0.85  0.00  0.00  0.59  0.00
  1                       1.00   0.00  0.00  0.00  0.00  1.00  0.00  0.00  0.25  0.00
  
  
  *************************
  Conduit Surcharge Summary
  *************************
  
  ----------------------------------------------------------------------------
                                                           Hours        Hours 
                         --------- Hours Full --------   Above Full   Capacity
  Conduit                Both Ends  Upstream  Dnstream   Normal Flow   Limited
  ----------------------------------------------------------------------------
  WS02006229WS02006228        0.01      0.01      0.01      0.61         0.01
  WS02006256WS02006235        0.01      0.01      6.39      6.35         0.01
  WS02006252WS02006251        6.05      6.05      6.08      6.08         0.01
  WS02006230WS02006229        0.01      0.01      0.01      2.89         0.01
  WS02006228WS02006109        0.01      0.01      0.01      1.08         0.01
  WS02006111WS02006112        0.01      0.01      0.78      0.01         0.01
  WS02004404WS02004405        0.01      0.01      0.01      1.98         0.01
  HS02004480HS02004478        0.01      0.01      0.01      0.37         0.01
  YS02001759YS02001757        5.80      5.80      5.89      0.01         0.01
  YS02001762YS02001759        5.78      5.78      5.80      0.01         0.01
  YS02001765YS02001762        5.75      5.75      5.78      0.01         0.01
  YS02001770YS02001767        5.71      5.71      5.72      0.58         1.05
  YS02001774YS02001770        5.62      5.62      5.77      0.01         0.01
  YS02001779YS02001774        5.53      5.53      5.77      0.01         0.01
  YS02001649YS02001757        5.79      5.79      5.89      0.01         0.01
  YS02001767YS02001765        5.72      5.72      5.75      0.01         0.01
  YS02006561YS02001783        0.01      0.01      0.63      0.01         0.01
  YS02001783YS02001784        0.55      0.63      0.55      1.06         0.55
  YS02001784YS02001785        0.01      0.55      0.01      1.89         0.01
  YS02001790YS02001791        0.01      0.01      0.01      0.46         0.01
  YS02001910YS02001907        0.71      0.71      1.34      0.01         0.01
  YS02001786YS02001788        0.01      0.01      0.01      1.50         0.01
  YS02001915YS02001910        0.38      0.38      0.71      0.01         0.01
  YS02001918YS02001915        0.01      0.01      0.38      0.01         0.01
  YS02001629YS02163301        5.62      5.62      5.72      0.01         0.01
  YS02001619YS02001622        5.15      5.15      5.28      0.01         0.01
  YS02001622YS02001625        5.28      5.28      5.57      0.01         0.01
  YS02001625YS02001629        5.17      5.17      5.57      0.01         0.01
  YS02163301YS02001633        5.72      5.72      5.75      0.01         0.01
  YS02163601YS02164001        5.75      5.75      5.79      0.01         0.01
  YS02164001YS02001641        5.75      5.75      5.76      0.01         0.04
  YS02001641YS02001644        5.76      5.76      5.76      1.09         1.37
  YS02001647YS02001649        5.56      5.56      5.79      0.01         0.01
  YS02006553YS02006556        0.98      0.98      1.44      0.01         0.01
  YS02006556YS02006558        1.13      1.13      1.49      0.01         0.01
  YS02001907YS02006553        1.91      1.91      2.10      0.01         0.01
  YS02006558YS02006561        0.01      0.94      0.01      1.75         0.01
  YS02001633YS02163601        5.74      5.74      5.79      0.01         0.01
  YS02001644YS02001647        5.56      5.56      5.76      0.01         0.01
  YS02001745YS02001748        0.01      0.01      4.05      0.01         0.01
  YS02001748YS02001751        4.44      4.44      5.28      0.01         0.01
  YS02001751YS02001754        5.28      5.28      5.53      0.01         0.01
  YS02001754YS02001757        5.55      5.55      5.89      0.01         0.01
  YS02001882YS02001884        0.42      0.42      0.48      0.01         0.01
  YS02001884YS02001887        0.57      0.57      0.61      0.01         0.01
  YS02001890YS02001895        0.36      0.36      0.75      0.01         0.01
  YS02001895YS02001898        0.32      0.32      0.36      0.01         0.01
  YS02001898YS02001901        0.37      0.37      0.55      0.01         0.01
  YS02001901YS02001904        0.51      0.51      0.55      0.01         0.01
  YS02001904YS02001907        0.51      0.51      1.45      0.01         0.01
  YS02001887YS02001890        0.66      0.66      0.70      0.01         0.01
  YS02001652YS02001649        5.56      5.56      5.79      0.01         0.01
  YS02001655YS02001652        5.44      5.44      5.55      0.01         0.01
  YS02001658YS02001655        4.15      4.15      5.44      0.01         0.01
  YS02001661YS02001658        0.13      0.13      4.15      0.01         0.01
  YS02001664YS02001661        0.01      0.01      0.72      0.01         0.01
  YS02001793JiankangQianchi        0.01      0.01      0.02      0.01         0.01
  YS02001757CaochengTiaoxuchi        4.44      4.44      5.89      0.01         0.01
  
  
  ***************
  Pumping Summary
  ***************
  
  ---------------------------------------------------------------------------------------------------------
                                                  Min       Avg       Max     Total     Power    % Time Off
                        Percent   Number of      Flow      Flow      Flow    Volume     Usage    Pump Curve
  Pump                 Utilized   Start-Ups       LPS       LPS       LPS  10^6 ltr     Kw-hr    Low   High
  ---------------------------------------------------------------------------------------------------------
  CC-Pump-1               76.78           1      0.00    196.74    200.00     4.385      9.20    0.0   12.0
  CC-Pump-2               76.78           1      0.00    196.74    200.00     4.385      9.20    0.0   12.0
  JK-Pump-1              100.00           1      0.00    212.52    300.00     5.044    114.49    0.0    0.0
  JK-Pump-2              100.00           1      0.00    334.13    683.00     7.432    168.52    0.0   99.8
  XR-Pump-1              100.00           1      0.00     95.00     95.00     2.736     36.13    0.0    0.0
  XR-Pump-2              100.00           1      0.00     95.00     95.00     2.736     36.13    0.0    0.0
  XR-Pump-3              100.00           1      0.00     95.00     95.00     2.736     36.13    0.0    0.0
  XR-Pump-4              100.00           1      0.00     95.00     95.00     2.736     36.13    0.0    0.0
  
  
  ***************************
  Link Pollutant Load Summary
  ***************************
  
  ------------------------------------------------------------------------------------------
                                 COD            SS            TN            TP         NH4-N
  Link                            kg            kg            kg            kg            kg
  ------------------------------------------------------------------------------------------
  WS02003066WSF200           246.355       454.087         8.972         0.921         5.048
  WS02006287WS02006284       228.584       420.879         8.684         0.903         4.919
  WS02006284WS02006280       229.054       421.640         8.729         0.909         4.948
  WS02006280WS02006229       229.027       421.593         8.727         0.908         4.946
  WS02006229WS02006228       241.081       443.771         8.931         0.920         5.039
  WS02006256WS02006235        68.865       131.241         1.326         0.096         0.648
  WS02006253WS02006251        35.915        69.799         0.786         0.058         0.388
  WS02006252WS02006251       692.198      1253.063        14.472         1.040         7.100
  WS02006251WS02006249       125.486       228.016         2.634         0.190         1.293
  WS02006249WS02006248       125.256       227.614         2.628         0.189         1.290
  WS02006248WS02006247       125.086       227.323         2.624         0.189         1.288
  WS02006247WS02006245       124.887       226.976         2.619         0.189         1.286
  WS02006245WS02006243       124.628       226.524         2.614         0.188         1.283
  WS02006243WS02006242       124.347       226.040         2.608         0.188         1.280
  WS02006242WS02006240       123.937       225.326         2.598         0.187         1.276
  WS02006240WS02006239       123.699       224.911         2.593         0.187         1.273
  WS02006239WS02006238       123.417       224.417         2.587         0.186         1.270
  WS02006238WS02006235       123.358       224.315         2.585         0.186         1.269
  WS02006235WS02006234        16.215        29.938         0.339         0.025         0.167
  WS02006234WS02006232        16.565        30.669         0.347         0.026         0.171
  WS02006232WS02006231        17.127        31.812         0.360         0.027         0.178
  WS02006231WS02006230        17.504        32.578         0.369         0.028         0.183
  WS02006230WS02006229        19.326        36.194         0.412         0.031         0.205
  WS02006228WS02006109       240.468       442.759         8.881         0.914         5.008
  WS02006116WS02004401       252.924       464.699         9.518         0.987         5.386
  WS02006115WS02006116       253.527       465.687         9.571         0.994         5.418
  WS02006113WS02006111       247.590       454.141         9.579         1.001         5.445
  WS02006112WS02006115       254.050       466.514         9.617         1.000         5.447
  WS02006111WS02006112       247.435       453.895         9.563         0.999         5.435
  WS02006110WS02006113       247.741       454.374         9.594         1.003         5.454
  WS02006109WS02006110       248.456       455.507         9.658         1.011         5.494
  WS02004411WS02004412       247.934       456.513         9.122         0.939         5.141
  WS02004401WS02004402       252.201       463.539         9.457         0.980         5.348
  WS02004413WS02003067       246.839       454.912         9.006         0.925         5.069
  WS02004412WS02004413       247.311       455.503         9.070         0.933         5.109
  WS02004410WS02004411       248.376       457.241         9.158         0.944         5.164
  WS02004409WS02004410       248.703       457.758         9.188         0.947         5.182
  WS02004407WS02004409       249.015       458.294         9.211         0.950         5.196
  WS02004406WS02004407       249.183       458.611         9.220         0.951         5.201
  WS02004405WS02004406       250.704       461.025         9.358         0.968         5.288
  WS02004404WS02004405       251.452       462.313         9.408         0.974         5.318
  WS02004403WS02004404       250.795       461.265         9.339         0.965         5.275
  WS02004402WS02004403       251.449       462.309         9.395         0.972         5.310
  WS02004139WS02001211        38.748        63.733         3.264         0.402         2.023
  WS02004138WS02004139      1294.919      2123.769       109.075        13.380        67.425
  WS02003067WS02003066       246.366       454.085         8.976         0.921         5.050
  WS02001213WS02003059        35.161        59.430         2.604         0.315         1.598
  WS02001212WS02001213        38.171        63.463         3.065         0.375         1.892
  WS02001211WS02001212        39.547        65.319         3.273         0.402         2.025
  WS02003072WS02003073       366.233       644.067        20.952         2.424        12.554
  WS02003069WS02003072       367.537       645.997        21.101         2.443        12.647
  WS02003060WS02003069       365.867       643.349        20.935         2.423        12.543
  WS02003059WS02003060        37.469        64.730         2.481         0.295         1.509
  HS02004901HS02004770         8.254        15.604         0.157         0.012         0.073
  HS02004876HS02004881        30.484        59.062         0.707         0.053         0.353
  HS02004870HS02004876        23.030        44.472         0.575         0.045         0.290
  HS02004842HS02004848         4.405         8.225         0.093         0.006         0.043
  HS02004837HS02004842         9.003        15.521         0.561         0.065         0.337
  HS02004830HS02004837        62.318       105.861         4.565         0.552         2.802
  HS02004824HS02004830        63.091       107.100         4.639         0.561         2.848
  HS02004817HS02004824        80.707       141.636         5.013         0.585         3.032
  HS02004770HS02004777        31.661        60.592         0.661         0.044         0.303
  HS02004799HS02004480       109.023       202.176         3.263         0.307         1.742
  HS02004792HS02004799        99.049       182.171         3.125         0.302         1.685
  HS02004788HS02004792        57.959       106.505         2.196         0.223         1.224
  HS02004785HS02004788        33.161        62.995         0.816         0.064         0.401
  HS02004777HS02004785        32.490        61.906         0.755         0.056         0.363
  HS02004480HS02004478       137.009       256.647         3.706         0.337         1.947
  HS02004479HS02004480        31.674        60.336         0.781         0.072         0.415
  HS02004862HS02004870        17.187        32.631         0.459         0.038         0.235
  HS02004848HS02004852         6.385        12.064         0.133         0.009         0.061
  HS02004856HS02004862        11.298        21.903         0.227         0.015         0.106
  HS02004852HS02004856         6.386        12.065         0.133         0.009         0.061
  HS02004802HS02004478        92.160       165.184         5.027         0.572         3.003
  HS02004478WS02006287       228.778       421.204         8.700         0.905         4.930
  HS02004817HS02004807        79.455       139.629         4.894         0.570         2.957
  HS02004807HS02004802        92.504       165.729         5.065         0.577         3.027
  YS02001759YS02001757       374.764       683.850         7.550         0.516         3.687
  YS02001762YS02001759       185.453       340.692         3.982         0.274         1.969
  YS02001765YS02001762       185.191       340.264         3.995         0.276         1.978
  YS02001770YS02001767       182.931       336.686         3.689         0.235         1.782
  YS02001774YS02001770        19.242        35.342         0.391         0.025         0.189
  YS02001779YS02001774        17.537        31.967         0.443         0.035         0.230
  YS02001649YS02001757       340.976       598.225         6.826         0.487         3.250
  YS02001767YS02001765       185.327       340.502         4.008         0.277         1.985
  YS02006561YS02001783       768.689      1392.944        16.746         1.279         8.422
  YS02001783YS02001784       768.582      1392.785        16.742         1.279         8.420
  YS02001784YS02001785       776.068      1404.782        17.470         1.370         8.875
  YS02001788YS02001790       776.696      1405.813        17.544         1.379         8.922
  YS02001790YS02001791       777.674      1407.390        17.644         1.392         8.985
  YS02001791YS02001793       777.616      1407.310        17.639         1.391         8.982
  YS02001910YS02001907       253.628       451.631         6.788         0.551         3.564
  YS02001786YS02001788       776.274      1405.125        17.498         1.373         8.893
  YS02001915YS02001910       253.626       451.609         6.741         0.545         3.532
  YS02001918YS02001915       120.803       205.099         3.954         0.386         2.200
  YS02001923YS02001920       100.524       172.752         1.961         0.136         0.953
  YS02001926YS02001923       100.231       172.310         1.923         0.131         0.929
  YS02001929YS02001926        99.993       171.918         1.892         0.127         0.908
  YS02001920YS02001918       120.837       205.245         3.921         0.381         2.178
  YS02001629YS02163301        99.216       175.046         2.081         0.134         0.969
  YS02001619YS02001622       110.987       195.956         2.327         0.149         1.083
  YS02001622YS02001625       109.896       194.232         2.301         0.148         1.071
  YS02001625YS02001629       100.325       176.889         2.105         0.135         0.980
  YS02163301YS02001633        98.896       174.509         2.074         0.134         0.967
  YS02163601YS02164001       293.361       516.389         5.851         0.411         2.797
  YS02164001YS02001641       292.911       515.630         5.833         0.409         2.786
  YS02001641YS02001644       292.940       515.616         5.828         0.408         2.783
  YS02001647YS02001649       269.152       468.602         5.306         0.376         2.533
  YS02006553YS02006556       553.517       999.772        12.345         0.968         6.278
  YS02006556YS02006558       553.455       999.648        12.319         0.964         6.261
  YSB6556YSB1171              18.071        34.636         0.385         0.033         0.198
  YS02001907YS02006553       553.663      1000.054        12.354         0.969         6.283
  YS02006558YS02006561       768.703      1392.955        16.746         1.279         8.422
  YS02001633YS02163601       293.975       517.315         5.830         0.407         2.780
  YS02001644YS02001647       274.594       478.529         5.403         0.383         2.579
  YS02001745YS02001748       162.996       293.948         3.982         0.296         2.032
  YS02001748YS02001751       161.476       290.548         4.125         0.319         2.133
  YS02001751YS02001754       160.553       289.029         4.108         0.318         2.125
  YS02001754YS02001757       161.388       290.298         4.277         0.341         2.235
  YS02001882YS02001884         2.377         4.081         0.050         0.004         0.025
  YS02001884YS02001887         6.547        11.609         0.131         0.010         0.065
  YS02001890YS02001895       301.643       550.868         5.610         0.422         2.743
  YS02001895YS02001898       301.493       550.669         5.604         0.421         2.739
  YS02001898YS02001901       301.310       550.371         5.599         0.421         2.737
  YS02001901YS02001904       301.190       550.213         5.607         0.422         2.743
  YS02001904YS02001907       301.458       550.657         5.660         0.429         2.777
  YS02001887YS02001890       302.424       552.034         5.665         0.428         2.777
  YS02001652YS02001649       106.229       190.758         2.221         0.160         1.042
  YS02001655YS02001652       107.096       192.120         2.243         0.162         1.053
  YS02001658YS02001655       106.941       191.873         2.163         0.150         0.999
  YS02001661YS02001658       108.459       194.547         2.195         0.153         1.014
  YS02001664YS02001661       131.107       233.775         2.671         0.185         1.233
  YSB1154YSB6556              17.653        33.975         0.334         0.027         0.165
  YSB1174YSB1171              12.028        23.165         0.252         0.021         0.128
  YSB1171HS02004479           31.662        60.324         0.783         0.072         0.417
  HS02004881HS02006253        34.352        66.732         0.779         0.058         0.387
  YS02001793JiankangQianchi       777.686      1407.495        17.639         1.391         8.982
  YS02001757CaochengTiaoxuchi       859.068      1541.855        18.109         1.297         8.881
  WSF200WS02003060           246.183       453.762         8.965         0.920         5.044
  1                          378.239       662.863        22.177         2.579        13.322
  CC-Pump-1                  346.130       626.583         7.237         0.520         3.550
  CC-Pump-2                  346.130       626.583         7.237         0.520         3.550
  JK-Pump-1                   72.612       138.370         1.399         0.101         0.684
  JK-Pump-2                  165.312       315.022         3.184         0.230         1.557
  XR-Pump-1                  324.060       531.478        27.298         3.349        16.874
  XR-Pump-2                  324.060       531.478        27.298         3.349        16.874
  XR-Pump-3                  324.060       531.478        27.298         3.349        16.874
  XR-Pump-4                  324.060       531.478        27.298         3.349        16.874
  3                          602.837      1095.139        12.671         0.914         6.225
  5                          178.822       331.058         3.638         0.263         1.784
  6                         1335.577      2190.561       112.522        13.805        69.562
  

  Analysis begun on:  Thu Jul  8 15:22:53 2021
  Analysis ended on:  Thu Jul  8 15:22:55 2021
  Total elapsed time: 00:00:02