
  EPA STORM WATER MANAGEMENT MODEL - VERSION 5.1 (Build 5.3.0.dev0)
  --------------------------------------------------------------

  WARNING 04: minimum elevation drop used for Conduit WS02004404WS02004405
  WARNING 03: negative offset ignored for Link YS02001904YS02001907
  
  *********************************************************
  NOTE: The summary statistics displayed in this report are
  based on results found at every computational time step,  
  not just on results from each reporting time step.
  *********************************************************
  
  ****************
  Analysis Options
  ****************
  Flow Units ............... LPS
  Process Models:
    Rainfall/Runoff ........ YES
    RDII ................... NO
    Snowmelt ............... NO
    Groundwater ............ NO
    Flow Routing ........... YES
    Ponding Allowed ........ NO
    Water Quality .......... YES
  Infiltration Method ...... HORTON
  Flow Routing Method ...... DYNWAVE
  Surcharge Method ......... EXTRAN
  Starting Date ............ 08/28/2015 08:00:00
  Ending Date .............. 08/28/2015 16:00:00
  Antecedent Dry Days ...... 8.0
  Report Time Step ......... 00:01:00
  Wet Time Step ............ 00:01:00
  Dry Time Step ............ 00:01:00
  Routing Time Step ........ 5.00 sec
  Variable Time Step ....... YES
  Maximum Trials ........... 8
  Number of Threads ........ 4
  Head Tolerance ........... 0.001500 m
  
  
  **************************        Volume         Depth
  Runoff Quantity Continuity     hectare-m            mm
  **************************     ---------       -------
  Total Precipitation ......         6.931        15.175
  Evaporation Loss .........         0.000         0.000
  Infiltration Loss ........         1.134         2.482
  Surface Runoff ...........         4.853        10.625
  Final Storage ............         0.946         2.071
  Continuity Error (%) .....        -0.017
  
  
  **************************           COD            SS            TN            TP         NH4-N
  Runoff Quality Continuity             kg            kg            kg            kg            kg
  **************************    ----------    ----------    ----------    ----------    ----------
  Initial Buildup ..........     41378.656     70582.865      1804.177       168.684      1032.807
  Surface Buildup ..........        28.184        57.089         2.485         0.224         1.430
  Wet Deposition ...........         0.000         0.000         0.000         0.000         0.000
  Sweeping Removal .........         0.000         0.000         0.000         0.000         0.000
  Infiltration Loss ........       115.883       223.018         2.208         0.156         1.055
  BMP Removal ..............         0.000         0.000         0.000         0.000         0.000
  Surface Runoff ...........      4738.890      9016.401        91.259         6.282        43.466
  Remaining Buildup ........     36550.203     61396.908      1713.157       162.467       989.699
  Continuity Error (%) .....         0.005         0.005         0.002         0.002         0.002
  
  
  **************************        Volume        Volume
  Flow Routing Continuity        hectare-m      10^6 ltr
  **************************     ---------     ---------
  Dry Weather Inflow .......         0.630         6.296
  Wet Weather Inflow .......         4.851        48.514
  Groundwater Inflow .......         0.000         0.000
  RDII Inflow ..............         0.000         0.000
  External Inflow ..........         0.105         1.045
  External Outflow .........         2.323        23.230
  Flooding Loss ............         3.099        30.987
  Evaporation Loss .........         0.000         0.000
  Exfiltration Loss ........         0.000         0.000
  Initial Stored Volume ....         0.076         0.761
  Final Stored Volume ......         0.604         6.038
  Continuity Error (%) .....        -6.428
  
  
  **************************           COD            SS            TN            TP         NH4-N
  Quality Routing Continuity            kg            kg            kg            kg            kg
  **************************    ----------    ----------    ----------    ----------    ----------
  Dry Weather Inflow .......      1573.993      2518.389       151.103        18.888        94.440
  Wet Weather Inflow .......      4738.123      9015.097        91.242         6.281        43.458
  Groundwater Inflow .......         0.000         0.000         0.000         0.000         0.000
  RDII Inflow ..............         0.000         0.000         0.000         0.000         0.000
  External Inflow ..........       187.321       299.713        17.983         2.248        11.239
  External Outflow .........      2459.659      4377.868       135.309        15.488        80.719
  Flooding Loss ............      3093.258      5805.689        90.993         8.565        49.366
  Exfiltration Loss ........         0.000         0.000         0.000         0.000         0.000
  Mass Reacted .............         0.000         0.000         0.000         0.000         0.000
  Initial Stored Mass ......         0.000         0.000         0.000         0.000         0.000
  Final Stored Mass ........       538.991       945.744        23.327         2.472        13.468
  Continuity Error (%) .....         6.270         5.949         4.110         3.254         3.744
  
  
  *************************
  Highest Continuity Errors
  *************************
  Node JK-storage (-32.39%)
  Node HS02004842 (12.05%)
  Node YS02001884 (8.85%)
  Node WS02003059 (6.60%)
  Node HS02004817 (2.29%)
  
  
  ***************************
  Time-Step Critical Elements
  ***************************
  Link WS02006252WS02006251 (94.64%)
  Link WS02006280WS02006229 (1.60%)
  
  
  ********************************
  Highest Flow Instability Indexes
  ********************************
  Link YS02163601YS02164001 (33)
  Link YS02163301YS02001633 (33)
  Link YS02001629YS02163301 (32)
  Link YS02001619YS02001622 (31)
  Link YS02164001YS02001641 (30)
  
  
  *************************
  Routing Time Step Summary
  *************************
  Minimum Time Step           :     0.10 sec
  Average Time Step           :     0.83 sec
  Maximum Time Step           :     5.00 sec
  Percent in Steady State     :    -0.00
  Average Iterations per Step :     3.98
  Percent Not Converging      :    13.95
  
  
  ***************************
  Subcatchment Runoff Summary
  ***************************
  
  ------------------------------------------------------------------------------------------------------------------------------
                            Total      Total      Total      Total     Imperv       Perv      Total       Total     Peak  Runoff
                           Precip      Runon       Evap      Infil     Runoff     Runoff     Runoff      Runoff   Runoff   Coeff
  Subcatchment                 mm         mm         mm         mm         mm         mm         mm    10^6 ltr      LPS
  ------------------------------------------------------------------------------------------------------------------------------
  sub0                      15.17       0.00       0.00       0.64      14.07       0.42      14.49        0.01     3.21   0.955
  sub1                      15.17       0.00       0.00       1.12      13.42       0.55      13.97        0.09    22.74   0.920
  sub2                      15.17       0.00       0.00       4.63       9.48       0.98      10.46        0.10    22.43   0.689
  sub3                      15.17       0.00       0.00       4.81       9.44       0.81      10.25        0.23    50.35   0.675
  sub4                      15.17       0.00       0.00       1.24      13.26       0.43      13.69        0.29    59.98   0.902
  sub5                      15.17       0.00       0.00       0.68      14.02       0.38      14.40        0.16    39.78   0.949
  sub7                      15.17       0.00       0.00       0.86      13.75       0.50      14.25        0.05    12.44   0.939
  sub8                      15.17       0.00       0.00       0.88      13.74       0.49      14.23        0.09    23.06   0.938
  sub9                      15.17       0.00       0.00       0.88      13.74       0.49      14.22        0.07    17.28   0.937
  sub10                     15.17       0.00       0.00       0.78      13.87       0.43      14.31        0.16    38.95   0.943
  sub11                     15.17       0.00       0.00       0.77      13.89       0.45      14.34        0.17    42.47   0.945
  sub12                     15.17       0.00       0.00       1.25      13.15       0.72      13.88        0.12    32.74   0.915
  sub14                     15.17       0.00       0.00       0.88      13.73       0.49      14.22        0.14    34.05   0.937
  sub15                     15.17       0.00       0.00       3.43      10.56       1.12      11.68        0.20    49.54   0.770
  sub16                     15.17       0.00       0.00       3.59      10.13       1.42      11.55        0.12    31.81   0.761
  sub17                     15.17       0.00       0.00       3.50      10.28       1.36      11.64        0.10    26.04   0.767
  sub22                     15.17       0.00       0.00       5.11       8.61       1.41      10.02        0.63   157.18   0.660
  sub23                     15.17       0.00       0.00       4.24       9.52       1.38      10.89        0.52   131.42   0.718
  sub60                     15.17       0.00       0.00       1.64      11.41       0.18      11.59        3.51   455.25   0.764
  sub61                     15.17       0.00       0.00       2.33      11.43       0.25      11.68        3.60   529.80   0.770
  sub62                     15.17       0.00       0.00       1.02      12.48       0.19      12.67        3.89   550.57   0.835
  sub63                     15.17       0.00       0.00       4.11       9.95       0.29      10.24        3.10   479.64   0.675
  sub64                     15.17       0.00       0.00       2.10      10.97       0.18      11.14        3.39   435.19   0.734
  sub65                     15.17       0.00       0.00       1.80      11.16       0.17      11.33        3.49   443.24   0.747
  sub66                     15.17       0.00       0.00       4.21       9.36       0.19       9.55        2.93   391.88   0.630
  sub67                     15.17       0.00       0.00       0.98      13.02       0.23      13.25        4.09   651.79   0.873
  sub68                     15.17       0.00       0.00       1.86      11.98       0.26      12.24        3.77   572.14   0.807
  sub69                     15.17       0.00       0.00       1.93      12.29       0.35      12.64        2.95   514.07   0.833
  sub70                     15.17      12.90       0.00       8.07      16.98       1.48      18.46        4.23   567.23   0.657
  sub71                     15.17       0.00       0.00       1.04      12.22       0.17      12.39        2.93   395.42   0.817
  sub72                     15.17       0.00       0.00       0.97      10.14       0.10      10.23        2.09   211.42   0.674
  1                         15.17      17.97       0.00       1.40      19.64       5.96      25.61        6.02   575.18   0.773
  2                         15.17       0.00       0.00       3.09       3.65       2.57       6.22        2.49   319.08   0.410
  
  
  ****************************
  Subcatchment Washoff Summary
  ****************************
  
  ------------------------------------------------------------------------------------------
                                 COD            SS            TN            TP         NH4-N
  Subcatchment                    kg            kg            kg            kg            kg
  ------------------------------------------------------------------------------------------
  sub0                         3.165         6.185         0.055         0.005         0.027
  sub1                        13.650        27.507         0.256         0.018         0.123
  sub2                         8.731        17.204         0.182         0.012         0.084
  sub3                        21.444        41.934         0.439         0.030         0.203
  sub4                        31.553        64.442         0.622         0.038         0.299
  sub5                        31.185        61.886         0.561         0.043         0.273
  sub7                         6.889        14.056         0.130         0.009         0.063
  sub8                        10.283        21.482         0.204         0.012         0.098
  sub9                         8.835        18.197         0.171         0.011         0.082
  sub10                       25.600        51.462         0.472         0.034         0.229
  sub11                       24.784        50.351         0.466         0.032         0.225
  sub12                       21.266        42.379         0.388         0.029         0.188
  sub14                       18.938        38.635         0.359         0.024         0.174
  sub15                       25.366        49.902         0.487         0.036         0.230
  sub16                       16.439        32.275         0.312         0.024         0.147
  sub17                       15.099        29.381         0.280         0.022         0.132
  sub22                       80.453       155.575         1.523         0.116         0.715
  sub23                       46.239        92.443         0.972         0.064         0.448
  sub60                      303.339       578.212         5.996         0.373         2.878
  sub61                      377.383       716.545         7.015         0.486         3.383
  sub62                      388.402       749.398         7.546         0.484         3.629
  sub63                      280.345       524.740         5.566         0.395         2.593
  sub64                      384.384       707.202         7.062         0.518         3.379
  sub65                      392.900       725.696         7.263         0.524         3.480
  sub66                      220.892       409.929         4.484         0.296         2.101
  sub67                      578.161      1104.830        10.411         0.773         5.041
  sub68                      413.103       791.857         7.874         0.538         3.771
  sub69                      371.031       718.435         6.951         0.494         3.332
  sub70                      641.694      1245.372        12.801         0.900         6.029
  sub71                      255.569       497.537         5.207         0.306         2.495
  sub72                      208.830       378.080         3.888         0.268         1.872
  1                          471.158       919.347         9.551         0.672         4.455
  2                           54.504        97.732         1.515         0.092         0.649
  ------------------------------------------------------------------------------------------
  System                    5751.615     10980.208       111.010         7.676        52.826
  
  
  ******************
  Node Depth Summary
  ******************
  
  ---------------------------------------------------------------------------------
                                 Average  Maximum  Maximum  Time of Max    Reported
                                   Depth    Depth      HGL   Occurrence   Max Depth
  Node                 Type       Meters   Meters   Meters  days hr:min      Meters
  ---------------------------------------------------------------------------------
  WS02001211           JUNCTION     0.28     0.34     5.18     0  02:44        0.34
  WS02001212           JUNCTION     0.06     0.15     5.22     0  02:43        0.15
  WS02001213           JUNCTION     0.35     0.51     5.27     0  02:42        0.51
  WS02003069           JUNCTION     0.20     0.38     4.97     0  02:43        0.38
  WS02003072           JUNCTION     0.26     0.45     4.82     0  02:44        0.45
  WS02003073           JUNCTION     0.14     0.27     4.33     0  02:44        0.27
  WS02003060           JUNCTION     0.18     0.34     5.27     0  02:42        0.34
  WS02003066           JUNCTION     0.16     0.29     5.84     0  02:41        0.29
  WS02003059           JUNCTION     0.42     0.59     5.27     0  02:42        0.59
  WS02003067           JUNCTION     0.43     0.68     6.00     0  02:41        0.68
  WS02004401           JUNCTION     0.49     0.82     6.82     0  02:37        0.82
  WS02004402           JUNCTION     0.53     0.85     6.81     0  02:38        0.85
  WS02004403           JUNCTION     0.56     0.87     6.80     0  02:37        0.87
  WS02004404           JUNCTION     0.63     0.94     6.79     0  02:37        0.94
  WS02004406           JUNCTION     0.65     0.94     6.77     0  02:38        0.94
  WS02004409           JUNCTION     0.30     0.64     6.41     0  02:40        0.64
  WS02004410           JUNCTION     0.33     0.66     6.38     0  02:40        0.65
  WS02004411           JUNCTION     0.35     0.67     6.35     0  02:40        0.67
  WS02004412           JUNCTION     0.38     0.68     6.32     0  02:41        0.68
  WS02004413           JUNCTION     0.54     0.84     6.31     0  02:41        0.84
  WS02004405           JUNCTION     0.63     0.93     6.78     0  02:38        0.93
  WS02006109           JUNCTION     0.53     0.90     7.52     0  02:35        0.90
  WS02006110           JUNCTION     0.55     0.88     7.46     0  02:35        0.88
  WS02006111           JUNCTION     0.13     0.27     6.98     0  02:35        0.27
  WS02006112           JUNCTION     0.64     1.01     6.89     0  02:37        1.01
  WS02006113           JUNCTION     0.20     0.43     7.32     0  02:35        0.43
  WS02006115           JUNCTION     0.37     0.72     6.86     0  02:37        0.72
  WS02006116           JUNCTION     0.46     0.80     6.84     0  02:37        0.80
  WS02006230           JUNCTION     0.43     0.85     7.60     0  02:35        0.85
  WS02006231           JUNCTION     0.21     0.45     7.57     0  02:35        0.45
  WS02006232           JUNCTION     0.30     0.53     7.56     0  02:35        0.53
  WS02006234           JUNCTION     0.18     0.36     7.52     0  02:35        0.36
  WS02006235           JUNCTION     0.19     0.28     7.45     0  02:36        0.28
  WS02006238           JUNCTION     0.22     0.31     7.45     0  02:36        0.31
  WS02006240           JUNCTION     0.14     0.20     7.50     0  02:37        0.20
  WS02006242           JUNCTION     0.21     0.27     7.54     0  02:37        0.27
  WS02006243           JUNCTION     0.12     0.16     7.58     0  02:36        0.16
  WS02006245           JUNCTION     0.14     0.19     7.67     0  02:35        0.19
  WS02006247           JUNCTION     0.16     0.21     7.71     0  02:35        0.21
  WS02006248           JUNCTION     0.12     0.17     7.75     0  02:34        0.17
  WS02006249           JUNCTION     0.17     0.21     7.81     0  02:34        0.21
  WS02006239           JUNCTION     0.17     0.25     7.46     0  02:37        0.25
  WS02006251           JUNCTION     0.14     0.19     7.86     0  02:33        0.19
  WS02006252           JUNCTION     0.33     0.35     8.59     0  01:47        0.35
  WS02006253           JUNCTION     0.19     0.34     7.99     0  02:33        0.34
  WS02006256           JUNCTION     2.22     2.35     9.28     0  00:00        2.35
  WS02004138           JUNCTION     0.17     0.17     7.42     0  00:00        0.17
  WS02004139           JUNCTION     0.20     0.23     5.14     0  02:45        0.23
  WS02004407           JUNCTION     0.13     0.28     6.60     0  02:38        0.28
  WS02006228           JUNCTION     0.51     0.93     7.58     0  02:35        0.93
  WS02006229           JUNCTION     0.47     0.92     7.61     0  02:34        0.92
  WS02006280           JUNCTION     0.08     0.25     8.52     0  02:34        0.25
  WS02006284           JUNCTION     0.39     0.63     9.03     0  02:34        0.63
  WS02006287           JUNCTION     0.12     0.37     9.33     0  02:33        0.37
  WSF200               JUNCTION     0.13     0.28     5.51     0  02:41        0.28
  HS02004901           JUNCTION     0.14     0.36    10.18     0  02:32        0.36
  HS02004881           JUNCTION     0.01     0.05     9.08     0  02:33        0.05
  HS02004876           JUNCTION     0.05     0.15     9.18     0  02:33        0.15
  HS02004870           JUNCTION     0.02     0.09     9.37     0  02:33        0.09
  HS02004862           JUNCTION     0.03     0.10     9.49     0  02:34        0.10
  HS02004856           JUNCTION     0.09     0.15     9.57     0  02:33        0.15
  HS02004852           JUNCTION     0.02     0.07     9.58     0  02:33        0.07
  HS02004848           JUNCTION     0.01     0.06     9.67     0  02:33        0.06
  HS02004842           JUNCTION     0.34     0.40     9.67     0  02:33        0.40
  HS02004837           JUNCTION     0.03     0.08     9.66     0  02:33        0.08
  HS02004830           JUNCTION     0.05     0.10     9.57     0  02:34        0.10
  HS02004824           JUNCTION     0.03     0.12     9.52     0  02:34        0.12
  HS02004817           JUNCTION     0.46     0.68     9.53     0  02:34        0.68
  HS02004807           JUNCTION     0.15     0.35     9.52     0  02:34        0.35
  HS02004802           JUNCTION     0.18     0.38     9.51     0  02:34        0.38
  HS02004799           JUNCTION     0.15     0.44     9.65     0  02:32        0.44
  HS02004792           JUNCTION     0.05     0.20     9.73     0  02:32        0.20
  HS02004788           JUNCTION     0.04     0.15    10.05     0  02:33        0.15
  HS02004785           JUNCTION     0.06     0.23    10.13     0  02:32        0.23
  HS02004777           JUNCTION     0.17     0.37    10.17     0  02:32        0.37
  HS02004770           JUNCTION     0.14     0.35    10.18     0  02:32        0.35
  HS02004480           JUNCTION     0.10     0.36     9.60     0  02:32        0.36
  HS02004479           JUNCTION     0.14     0.40     9.60     0  02:32        0.40
  HS02004478           JUNCTION     0.08     0.26     9.49     0  02:33        0.26
  YS02001745           JUNCTION     0.75     0.96     8.48     0  03:01        0.96
  YS02001748           JUNCTION     1.15     2.27     9.35     0  02:21        1.39
  YS02001751           JUNCTION     1.34     2.20     9.08     0  02:21        1.58
  YS02001754           JUNCTION     1.60     2.14     8.75     0  02:21        1.85
  YS02001762           JUNCTION     1.80     2.05     8.45     0  03:00        2.04
  YS02001765           JUNCTION     1.75     2.01     8.46     0  02:21        1.99
  YS02001767           JUNCTION     1.71     1.95     8.44     0  03:01        1.94
  YS02001770           JUNCTION     1.71     1.95     8.44     0  02:21        1.94
  YS02001774           JUNCTION     1.78     2.01     8.44     0  02:21        1.98
  YS02001779           JUNCTION     1.52     1.68     8.37     0  02:21        1.68
  YS02001882           JUNCTION     0.65     1.64     8.35     0  02:27        1.63
  YS02001884           JUNCTION     0.75     1.74     8.35     0  02:43        1.73
  YS02001759           JUNCTION     1.83     2.10     8.46     0  02:21        2.08
  YS02001887           JUNCTION     0.82     1.81     8.35     0  02:46        1.80
  YS02001890           JUNCTION     0.85     1.81     8.32     0  02:27        1.81
  YS02001898           JUNCTION     0.62     1.56     8.30     0  02:41        1.56
  YS02001901           JUNCTION     0.74     1.68     8.29     0  02:39        1.67
  YS02001904           JUNCTION     0.71     1.64     8.27     0  02:28        1.63
  YS02001907           JUNCTION     1.05     1.96     8.25     0  02:28        1.96
  YS02001910           JUNCTION     0.84     1.80     8.30     0  02:29        1.78
  YS02001915           JUNCTION     0.63     1.62     8.34     0  02:28        1.62
  YS02001918           JUNCTION     0.37     1.33     8.39     0  02:28        1.31
  YS02001619           JUNCTION     1.30     1.61     8.54     0  02:19        1.48
  YS02001629           JUNCTION     1.66     1.85     8.40     0  02:19        1.84
  YS02001641           JUNCTION     1.76     1.94     8.37     0  02:21        1.93
  YS02001644           JUNCTION     1.76     1.92     8.35     0  02:21        1.92
  YS02001652           JUNCTION     1.61     2.09     8.69     0  02:30        2.00
  YS02001655           JUNCTION     1.37     2.20     9.05     0  02:19        1.89
  YS02001920           JUNCTION     0.47     1.42     8.42     0  02:28        1.40
  YS02001923           JUNCTION     0.30     1.19     8.45     0  02:28        1.17
  YS02001926           JUNCTION     0.34     1.15     8.60     0  02:28        0.99
  YS02001929           JUNCTION     0.21     0.79     8.48     0  02:28        0.79
  YS02001658           JUNCTION     1.09     2.18     9.33     0  02:19        1.61
  YS02001661           JUNCTION     0.86     2.28     9.68     0  02:32        1.27
  YS02001664           JUNCTION     0.39     0.57     8.49     0  04:05        0.56
  YS02001622           JUNCTION     1.32     1.62     8.52     0  02:19        1.50
  YS02001633           JUNCTION     1.75     1.96     8.41     0  02:22        1.94
  YS02001649           JUNCTION     1.81     2.05     8.44     0  02:27        2.05
  YS02001757           JUNCTION     1.93     2.18     8.44     0  03:01        2.17
  YS02001895           JUNCTION     0.61     1.57     8.31     0  03:01        1.56
  YS02001625           JUNCTION     1.61     1.78     8.38     0  02:19        1.78
  YS02163301           JUNCTION     1.69     1.90     8.42     0  02:22        1.88
  YS02163601           JUNCTION     1.80     1.99     8.39     0  02:22        1.98
  YS02164001           JUNCTION     1.74     1.92     8.38     0  02:21        1.91
  YS02001647           JUNCTION     1.59     1.81     8.42     0  02:33        1.79
  YSB1154              JUNCTION     0.28     0.55     9.61     0  02:32        0.55
  YSB6556              JUNCTION     0.17     0.44     9.61     0  02:32        0.44
  YSB1174              JUNCTION     0.23     0.50     9.61     0  02:32        0.50
  YSB1171              JUNCTION     0.44     0.70     9.61     0  02:32        0.70
  YS02006553           JUNCTION     1.05     2.00     8.28     0  03:01        1.96
  YS02006561           JUNCTION     0.36     1.08     7.74     0  03:01        1.05
  YS02006556           JUNCTION     1.01     2.00     8.31     0  03:01        1.92
  YS02006558           JUNCTION     1.05     2.04     8.31     0  03:01        1.96
  YS02001783           JUNCTION     0.56     1.47     7.61     0  03:01        1.43
  YS02001784           JUNCTION     0.57     1.41     7.47     0  03:01        1.37
  YS02001786           JUNCTION     0.48     1.25     7.28     0  03:01        1.21
  YS02001788           JUNCTION     0.37     1.14     7.12     0  03:01        1.07
  YS02001790           JUNCTION     0.44     1.23     6.88     0  03:15        1.23
  YS02001791           JUNCTION     0.33     1.21     6.68     0  03:15        1.21
  YS02001793           JUNCTION     0.35     1.73     6.56     0  03:15        1.73
  WSC                  OUTFALL      0.14     0.27     0.94     0  02:45        0.27
  3                    OUTFALL      0.00     0.00     7.16     0  00:00        0.00
  4                    OUTFALL      0.00     0.00     7.67     0  00:00        0.00
  5                    OUTFALL      0.00     0.00     4.91     0  00:00        0.00
  JK-storage           STORAGE      1.14     5.74     6.54     0  03:15        5.74
  CC-storage           STORAGE      1.15     1.43     8.43     0  03:09        1.43
  XR-storage           STORAGE      6.89     7.72     5.72     0  02:35        7.72
  
  
  *******************
  Node Inflow Summary
  *******************
  
  -------------------------------------------------------------------------------------------------
                                  Maximum  Maximum                  Lateral       Total        Flow
                                  Lateral    Total  Time of Max      Inflow      Inflow     Balance
                                   Inflow   Inflow   Occurrence      Volume      Volume       Error
  Node                 Type           LPS      LPS  days hr:min    10^6 ltr    10^6 ltr     Percent
  -------------------------------------------------------------------------------------------------
  WS02001211           JUNCTION      7.35    75.37     0  02:43       0.212       0.446       1.791
  WS02001212           JUNCTION      0.00    68.11     0  02:42           0       0.242       0.423
  WS02001213           JUNCTION      0.00    68.39     0  02:41           0        0.25       3.766
  WS02003069           JUNCTION      0.32   445.85     0  02:42     0.00922        3.47       0.179
  WS02003072           JUNCTION      0.00   445.82     0  02:43           0        3.47       0.283
  WS02003073           JUNCTION      1.82   447.61     0  02:44      0.0524        3.51       0.249
  WS02003060           JUNCTION     16.53   514.15     0  02:41       0.476        3.73       0.158
  WS02003066           JUNCTION      0.00   497.61     0  02:41           0        3.24       0.058
  WS02003059           JUNCTION      0.00    72.10     0  01:52           0       0.272       7.065
  WS02003067           JUNCTION      0.00   497.58     0  02:41           0        3.24       0.152
  WS02004401           JUNCTION      0.00   500.69     0  02:37           0        3.36       0.355
  WS02004402           JUNCTION      0.00   500.25     0  02:37           0        3.35       0.356
  WS02004403           JUNCTION      0.00   500.09     0  02:37           0        3.34       0.342
  WS02004404           JUNCTION      0.16   500.08     0  02:37     0.00467        3.33       0.277
  WS02004406           JUNCTION      0.00   500.11     0  02:38           0        3.31       0.684
  WS02004409           JUNCTION      0.00   500.00     0  02:38           0        3.28       0.140
  WS02004410           JUNCTION      0.00   499.06     0  02:39           0        3.28       0.196
  WS02004411           JUNCTION      0.00   498.38     0  02:39           0        3.27       0.231
  WS02004412           JUNCTION      0.00   497.93     0  02:40           0        3.27       0.290
  WS02004413           JUNCTION      0.00   497.67     0  02:40           0        3.26       0.497
  WS02004405           JUNCTION      0.04   500.11     0  02:37      0.0011        3.32       0.426
  WS02006109           JUNCTION      1.23   478.17     0  02:34      0.0354        3.32       0.372
  WS02006110           JUNCTION      0.00   478.18     0  02:35           0        3.31       0.330
  WS02006111           JUNCTION      0.00   493.16     0  02:35           0         3.3       0.038
  WS02006112           JUNCTION     26.04   504.77     0  02:35      0.0998         3.4       0.482
  WS02006113           JUNCTION      0.00   478.30     0  02:35           0         3.3       0.085
  WS02006115           JUNCTION      0.00   504.52     0  02:34           0        3.38       0.300
  WS02006116           JUNCTION      0.00   501.36     0  02:36           0        3.37       0.229
  WS02006230           JUNCTION     10.28   167.80     0  02:34       0.296        1.16       0.453
  WS02006231           JUNCTION      0.00   167.49     0  02:34           0       0.902       0.216
  WS02006232           JUNCTION      0.00   167.21     0  02:34           0       0.907       0.591
  WS02006234           JUNCTION      0.00   167.18     0  02:35           0       0.908       0.097
  WS02006235           JUNCTION      0.00   505.61     0  02:36           0        7.39       0.044
  WS02006238           JUNCTION      0.00    55.57     0  02:39           0       0.757       0.245
  WS02006240           JUNCTION      0.00    55.18     0  02:37           0       0.752       0.310
  WS02006242           JUNCTION      0.00    55.26     0  02:36           0       0.754       0.502
  WS02006243           JUNCTION      0.00    55.28     0  02:35           0       0.755       0.155
  WS02006245           JUNCTION      0.00    55.29     0  02:35           0       0.758       0.340
  WS02006247           JUNCTION      0.00    55.31     0  02:34           0        0.76       0.280
  WS02006248           JUNCTION      0.00    55.32     0  02:34           0       0.761       0.088
  WS02006249           JUNCTION      0.00    55.34     0  02:33           0       0.764       0.437
  WS02006239           JUNCTION      0.00    55.25     0  02:39           0       0.753       0.288
  WS02006251           JUNCTION      0.08   333.86     0  02:33     0.00222        5.06       0.029
  WS02006252           JUNCTION      0.00   200.00     0  01:47           0        4.51       0.009
  WS02006253           JUNCTION      3.21   133.79     0  02:33      0.0117       0.548       0.366
  WS02006256           JUNCTION      0.00   983.00     0  00:00           0        14.9      -0.007
  WS02004138           JUNCTION      0.00   285.00     0  00:00           0        8.21       0.063
  WS02004139           JUNCTION      0.32   360.61     0  02:44     0.00924        8.63       0.078
  WS02004407           JUNCTION      0.00   500.05     0  02:38           0        3.29       0.067
  WS02006228           JUNCTION      0.00   476.94     0  02:34           0         3.3       0.231
  WS02006229           JUNCTION      0.00   634.33     0  02:34           0        3.61       0.245
  WS02006280           JUNCTION      0.00   634.33     0  02:34           0         2.8       0.003
  WS02006284           JUNCTION      0.10   634.27     0  02:34     0.00275         2.8       0.036
  WS02006287           JUNCTION      0.00   634.13     0  02:34           0         2.8       0.025
  WSF200               JUNCTION      0.00   497.60     0  02:41           0        3.23       0.032
  HS02004901           JUNCTION     31.81    31.81     0  02:30       0.121       0.121       1.476
  HS02004881           JUNCTION     12.44   130.86     0  02:33       0.048       0.537       0.012
  HS02004876           JUNCTION     22.74   118.86     0  02:33      0.0929       0.489       0.110
  HS02004870           JUNCTION     23.06    96.36     0  02:33      0.0909       0.397       0.028
  HS02004862           JUNCTION     22.63    73.96     0  02:33       0.103       0.306       0.057
  HS02004856           JUNCTION     17.28    51.38     0  02:33      0.0684       0.204       0.714
  HS02004852           JUNCTION      0.00    34.55     0  02:33           0       0.136       0.041
  HS02004848           JUNCTION     50.35    50.35     0  02:35       0.231       0.231       0.021
  HS02004842           JUNCTION      0.00    16.75     0  02:44           0       0.108      13.703
  HS02004837           JUNCTION     45.30    60.39     0  02:33       0.341       0.436       0.188
  HS02004830           JUNCTION      0.15    60.51     0  02:33     0.00432       0.426       0.290
  HS02004824           JUNCTION     60.03   120.43     0  02:35       0.287       0.712       0.076
  HS02004817           JUNCTION      0.60   121.57     0  02:36      0.0173       0.728       2.342
  HS02004807           JUNCTION     42.47   161.71     0  02:35       0.167       0.879       0.498
  HS02004802           JUNCTION      0.00   162.22     0  02:36           0       0.876       0.454
  HS02004799           JUNCTION     34.05   403.33     0  02:32       0.135        1.66       0.163
  HS02004792           JUNCTION    157.46   369.78     0  02:32       0.641        1.52       0.027
  HS02004788           JUNCTION     51.21   213.18     0  02:32       0.249       0.885       0.045
  HS02004785           JUNCTION      0.15   162.22     0  02:32     0.00432       0.637       0.077
  HS02004777           JUNCTION      0.03   162.27     0  02:31    0.000864       0.637       0.821
  HS02004770           JUNCTION    131.42   162.77     0  02:31       0.519       0.639       0.487
  HS02004480           JUNCTION      0.00   473.80     0  02:32           0        1.94       0.059
  HS02004479           JUNCTION      0.00    70.63     0  02:32           0       0.293       0.251
  HS02004478           JUNCTION      0.00   634.10     0  02:34           0         2.8       0.011
  YS02001745           JUNCTION    455.26   455.26     0  03:01        3.51        3.52       0.319
  YS02001748           JUNCTION      0.04   629.96     0  02:21      0.0013        3.51       0.651
  YS02001751           JUNCTION      0.01   456.48     0  03:01    0.000317        3.48       0.683
  YS02001754           JUNCTION      0.26   456.43     0  03:01     0.00749        3.46       0.718
  YS02001762           JUNCTION      0.00   406.29     0  02:27           0        2.19       0.964
  YS02001765           JUNCTION      0.00   406.54     0  02:28           0        2.19       1.106
  YS02001767           JUNCTION      0.54   406.56     0  02:28      0.0154        2.22       1.623
  YS02001770           JUNCTION    550.72   739.77     0  03:01         3.9        4.51       0.704
  YS02001774           JUNCTION      0.00   739.84     0  03:01           0         2.9       0.870
  YS02001779           JUNCTION      0.01   740.05     0  03:01    0.000144        2.87       0.540
  YS02001882           JUNCTION      0.00    28.10     0  02:22           0      0.0286       8.307
  YS02001884           JUNCTION      0.00    26.87     0  02:21           0      0.0672       9.704
  YS02001759           JUNCTION    529.84   813.19     0  02:28         3.6        5.15       0.442
  YS02001887           JUNCTION    652.24   652.73     0  02:47         4.1        4.13       0.202
  YS02001890           JUNCTION      0.00   652.65     0  02:48           0        4.08       0.227
  YS02001898           JUNCTION      0.00   525.49     0  02:27           0        3.83       0.067
  YS02001901           JUNCTION      0.00   525.90     0  02:27           0        3.83       0.184
  YS02001904           JUNCTION      0.00   526.33     0  02:27           0        3.82       0.162
  YS02001907           JUNCTION      0.00  1131.72     0  02:29           0        8.89       0.274
  YS02001910           JUNCTION      0.00   614.14     0  02:29           0        5.08       0.223
  YS02001915           JUNCTION    395.44   613.99     0  02:29        2.93        5.11       0.119
  YS02001918           JUNCTION      0.00   313.78     0  02:29           0        2.21       0.066
  YS02001619           JUNCTION    391.88   391.88     0  03:01        2.93        2.93       0.419
  YS02001629           JUNCTION      0.00   235.21     0  02:24           0        1.56       1.883
  YS02001641           JUNCTION      0.00   490.72     0  02:24           0         4.8       0.437
  YS02001644           JUNCTION    435.23  1604.09     0  03:01        3.39        12.1       0.214
  YS02001652           JUNCTION      0.00   500.47     0  02:43           0        3.05       0.762
  YS02001655           JUNCTION      0.15   500.71     0  02:43     0.00443        3.07       0.819
  YS02001920           JUNCTION      2.87   313.85     0  02:29      0.0827        2.19       0.133
  YS02001923           JUNCTION      0.04   271.92     0  02:30     0.00109         2.1       0.050
  YS02001926           JUNCTION      0.05   213.72     0  03:01      0.0015        2.09       0.158
  YS02001929           JUNCTION    211.42   211.42     0  03:01        2.08        2.08       0.031
  YS02001658           JUNCTION      0.00   617.91     0  02:19           0        3.09       0.746
  YS02001661           JUNCTION      0.00   749.51     0  02:30           0         3.8       0.059
  YS02001664           JUNCTION    479.64   479.64     0  02:51         3.1        3.81       0.163
  YS02001622           JUNCTION      0.00   392.17     0  03:01           0        2.92       1.100
  YS02001633           JUNCTION    443.44   491.97     0  02:24        3.49        4.93       0.651
  YS02001649           JUNCTION      0.00  1045.91     0  02:25           0        6.42       0.575
  YS02001757           JUNCTION      0.00  2082.17     0  02:26           0        10.3       0.899
  YS02001895           JUNCTION      0.00   525.20     0  02:27           0        3.83       0.134
  YS02001625           JUNCTION      0.00   451.56     0  03:01           0        2.96       1.320
  YS02163301           JUNCTION      0.00   234.66     0  02:24           0        1.54       1.567
  YS02163601           JUNCTION      0.11   491.83     0  02:24     0.00317        4.82       0.626
  YS02164001           JUNCTION      0.00   491.43     0  02:24           0         4.8       0.415
  YS02001647           JUNCTION      0.00   786.57     0  03:01           0        5.46       0.517
  YSB1154              JUNCTION     39.78    39.78     0  02:31       0.163       0.164       0.891
  YSB6556              JUNCTION      0.00    39.56     0  02:32           0       0.165       0.764
  YSB1174              JUNCTION     32.74    32.74     0  02:29       0.121       0.122       1.067
  YSB1171              JUNCTION      0.00    70.81     0  02:31           0       0.292       2.218
  YS02006553           JUNCTION      0.00   714.29     0  03:45           0        7.33       0.213
  YS02006561           JUNCTION      0.00  1148.48     0  02:59           0        11.1       0.006
  YS02006556           JUNCTION      0.00   714.38     0  03:45           0        7.33       0.156
  YS02006558           JUNCTION    573.02  1148.87     0  02:49        3.79        11.1       0.048
  YS02001783           JUNCTION      0.00  1148.49     0  02:49           0        11.1       0.021
  YS02001784           JUNCTION      1.06  1149.64     0  02:47      0.0305        11.1       0.034
  YS02001786           JUNCTION      0.06  1149.57     0  02:49     0.00162        11.1       0.032
  YS02001788           JUNCTION      0.07  1149.90     0  02:58     0.00204        11.1       0.019
  YS02001790           JUNCTION      0.15  1161.43     0  02:43     0.00446        11.1       0.029
  YS02001791           JUNCTION      0.00  1265.52     0  02:40           0        11.1       0.004
  YS02001793           JUNCTION      0.00  1218.07     0  02:40           0        11.1       0.002
  WSC                  OUTFALL       0.00   447.52     0  02:45           0         3.5       0.000
  3                    OUTFALL       0.00   505.60     0  02:36           0        6.82       0.000
  4                    OUTFALL       0.00   278.52     0  02:33           0        4.29       0.000
  5                    OUTFALL       0.00   360.59     0  02:45           0        8.62       0.000
  JK-storage           STORAGE       0.00  1216.52     0  02:40           0        11.2     -24.468
  CC-storage           STORAGE       0.00  2082.07     0  02:26           0        8.31       0.783
  XR-storage           STORAGE    1080.52  1080.52     0  03:01        14.3        14.9      -0.000
  
  
  **********************
  Node Surcharge Summary
  **********************
  
  Surcharging occurs when water rises above the top of the highest conduit.
  ---------------------------------------------------------------------
                                               Max. Height   Min. Depth
                                   Hours       Above Crown    Below Rim
  Node                 Type      Surcharged         Meters       Meters
  ---------------------------------------------------------------------
  WS02006109           JUNCTION        0.53          0.083        1.737
  WS02006112           JUNCTION        0.14          0.011        1.669
  WS02006256           JUNCTION        6.51          2.050        0.000
  WS02006228           JUNCTION        0.51          0.097        2.103
  YS02001748           JUNCTION        5.61          1.190        0.000
  YS02001751           JUNCTION        5.69          1.200        0.000
  YS02001754           JUNCTION        5.80          1.089        0.061
  YS02001762           JUNCTION        6.02          1.046        0.104
  YS02001765           JUNCTION        6.00          1.009        0.091
  YS02001767           JUNCTION        5.98          0.953        0.077
  YS02001770           JUNCTION        5.97          0.920        0.000
  YS02001774           JUNCTION        6.02          1.014        0.036
  YS02001779           JUNCTION        5.80          0.680        0.000
  YS02001882           JUNCTION        1.40          0.638        0.192
  YS02001884           JUNCTION        1.42          0.675        0.195
  YS02001759           JUNCTION        6.04          1.097        0.113
  YS02001887           JUNCTION        1.48          0.763        0.187
  YS02001890           JUNCTION        1.51          0.760        0.000
  YS02001898           JUNCTION        1.36          0.533        0.207
  YS02001901           JUNCTION        1.45          0.677        0.193
  YS02001904           JUNCTION        1.43          0.637        0.213
  YS02001907           JUNCTION        2.09          0.950        0.000
  YS02001910           JUNCTION        1.54          0.796        0.304
  YS02001915           JUNCTION        1.38          0.622        0.378
  YS02001918           JUNCTION        1.21          0.327        0.483
  YS02001619           JUNCTION        5.70          0.610        0.000
  YS02001629           JUNCTION        5.71          0.470        0.000
  YS02001641           JUNCTION        6.01          0.935        0.165
  YS02001644           JUNCTION        6.01          0.920        0.000
  YS02001652           JUNCTION        5.81          1.061        0.069
  YS02001655           JUNCTION        5.71          1.200        0.000
  YS02001920           JUNCTION        1.24          0.416        0.724
  YS02001926           JUNCTION        0.01          0.152        0.748
  YS02001658           JUNCTION        5.63          1.185        0.115
  YS02001661           JUNCTION        0.23          1.210        0.180
  YS02001622           JUNCTION        5.71          0.620        0.000
  YS02001633           JUNCTION        5.99          0.938        0.122
  YS02001649           JUNCTION        6.03          1.050        0.000
  YS02001757           JUNCTION        6.12          1.182        0.028
  YS02001895           JUNCTION        1.37          0.567        0.183
  YS02001625           JUNCTION        5.89          0.780        0.000
  YS02163301           JUNCTION        5.97          0.901        0.129
  YS02163601           JUNCTION        6.03          0.994        0.086
  YS02164001           JUNCTION        6.00          0.925        0.175
  YS02001647           JUNCTION        5.82          0.807        0.093
  YS02006553           JUNCTION        2.15          0.997        0.193
  YS02006561           JUNCTION        1.23          0.280        0.870
  YS02006556           JUNCTION        1.75          0.955        0.395
  YS02006558           JUNCTION        1.71          0.943        0.457
  YS02001783           JUNCTION        1.50          0.671        0.929
  YS02001784           JUNCTION        1.46          0.605        0.885
  YS02001786           JUNCTION        1.34          0.447        0.983
  YS02001788           JUNCTION        0.71          0.340        1.140
  YS02001790           JUNCTION        0.81          0.432        0.725
  YS02001791           JUNCTION        0.80          0.407        1.513
  YS02001793           JUNCTION        0.93          0.731        1.869
  
  
  *********************
  Node Flooding Summary
  *********************
  
  Flooding refers to all water that overflows a node, whether it ponds or not.
  --------------------------------------------------------------------------
                                                             Total   Maximum
                                 Maximum   Time of Max       Flood    Ponded
                        Hours       Rate    Occurrence      Volume     Depth
  Node                 Flooded       LPS   days hr:min    10^6 ltr    Meters
  --------------------------------------------------------------------------
  WS02006256              5.58    978.40      0  00:00       8.581     0.000
  YS02001748              0.01    352.01      0  02:21       0.001     0.000
  YS02001751              0.01     29.77      0  02:21       0.000     0.000
  YS02001770              0.01      4.99      0  02:21       0.000     0.000
  YS02001779              3.16    739.96      0  03:01       2.851     0.000
  YS02001890              0.68    136.21      0  02:48       0.241     0.000
  YS02001907              1.09    606.63      0  03:02       1.549     0.000
  YS02001619              0.01     17.38      0  02:19       0.000     0.000
  YS02001629              0.01     32.37      0  02:19       0.000     0.000
  YS02001644              5.48   1603.99      0  03:01      10.599     0.000
  YS02001655              0.01     12.74      0  02:19       0.000     0.000
  YS02001622              0.01     20.11      0  02:19       0.000     0.000
  YS02001649              0.04     39.28      0  02:32       0.002     0.000
  YS02001625              1.70    451.43      0  03:01       1.435     0.000
  XR-storage              5.40    795.51      0  03:01       5.728     0.000
  
  
  **********************
  Storage Volume Summary
  **********************
  
  --------------------------------------------------------------------------------------------------
                         Average     Avg  Evap Exfil       Maximum     Max    Time of Max    Maximum
                          Volume    Pcnt  Pcnt  Pcnt        Volume    Pcnt     Occurrence    Outflow
  Storage Unit           1000 m3    Full  Loss  Loss       1000 m3    Full    days hr:min        LPS
  --------------------------------------------------------------------------------------------------
  JK-storage               0.057      20     0     0         0.288      99       0  03:15     983.00
  CC-storage               3.203      20     0     0         3.997      25       0  03:09     200.00
  XR-storage               0.827      89     0     0         0.926     100       0  02:35     285.00
  
  
  ***********************
  Outfall Loading Summary
  ***********************
  
  ---------------------------------------------------------------------------------------------------------------------------------
                         Flow       Avg       Max       Total         Total         Total         Total         Total         Total
                         Freq      Flow      Flow      Volume           COD            SS            TN            TP         NH4-N
  Outfall Node           Pcnt       LPS       LPS    10^6 ltr            kg            kg            kg            kg            kg
  ---------------------------------------------------------------------------------------------------------------------------------
  WSC                   99.99    145.12    447.52       3.499       467.804       856.648        22.556         2.520        13.258
  3                     99.99    283.47    505.60       6.819       336.968       656.166         6.622         0.482         3.237
  4                     99.99    180.42    278.52       4.291       419.945       796.384         8.412         0.594         4.093
  5                    100.00    301.66    360.59       8.621      1235.113      2068.945        97.734        11.894        60.142
  ---------------------------------------------------------------------------------------------------------------------------------
  System                99.99    910.66   1564.58      23.230      2459.830      4378.144       135.324        15.490        80.729
  
  
  ********************
  Link Flow Summary
  ********************
  
  -----------------------------------------------------------------------------
                                 Maximum  Time of Max   Maximum    Max/    Max/
                                  |Flow|   Occurrence   |Veloc|    Full    Full
  Link                 Type          LPS  days hr:min     m/sec    Flow   Depth
  -----------------------------------------------------------------------------
  WS02003066WSF200     CONDUIT    497.60     0  02:41      2.83    0.08    0.21
  WS02006287WS02006284 CONDUIT    634.17     0  02:34      2.34    0.29    0.38
  WS02006284WS02006280 CONDUIT    634.33     0  02:34      2.57    0.27    0.35
  WS02006280WS02006229 CONDUIT    634.33     0  02:34      4.17    0.14    0.25
  WS02006229WS02006228 CONDUIT    476.94     0  02:34      0.95    1.58    1.00
  WS02006256WS02006235 CONDUIT    289.81     0  02:59      4.46    3.07    0.97
  WS02006253WS02006251 CONDUIT    133.79     0  02:33      0.91    0.40    0.41
  WS02006252WS02006251 CONDUIT    200.40     0  01:47      1.97    0.74    0.76
  WS02006251WS02006249 CONDUIT     55.34     0  02:33      0.60    0.16    0.29
  WS02006249WS02006248 CONDUIT     55.32     0  02:34      0.71    0.30    0.26
  WS02006248WS02006247 CONDUIT     55.31     0  02:34      0.68    0.12    0.26
  WS02006247WS02006245 CONDUIT     55.29     0  02:35      0.63    0.44    0.28
  WS02006245WS02006243 CONDUIT     55.28     0  02:35      0.77    0.16    0.24
  WS02006243WS02006242 CONDUIT     55.26     0  02:36      0.63    0.12    0.29
  WS02006242WS02006240 CONDUIT     55.18     0  02:37      0.50    0.22    0.33
  WS02006240WS02006239 CONDUIT     55.25     0  02:39      0.63    0.17    0.30
  WS02006239WS02006238 CONDUIT     55.57     0  02:39      0.46    0.18    0.39
  WS02006238WS02006235 CONDUIT     55.85     0  02:40      1.17    0.12    0.42
  WS02006235WS02006234 CONDUIT    167.18     0  02:35      1.02    1.76    0.44
  WS02006234WS02006232 CONDUIT    167.18     0  02:35      0.82    0.34    0.64
  WS02006232WS02006231 CONDUIT    167.21     0  02:34      0.59    0.35    0.69
  WS02006231WS02006230 CONDUIT    167.49     0  02:34      0.62    2.54    0.66
  WS02006230WS02006229 CONDUIT    157.52     0  02:34      0.41    3.51    1.00
  WS02006228WS02006109 CONDUIT    476.94     0  02:34      0.95    2.08    1.00
  WS02006116WS02004401 CONDUIT    500.69     0  02:37      0.74    0.69    0.81
  WS02006115WS02006116 CONDUIT    501.36     0  02:36      0.86    0.64    0.73
  WS02006113WS02006111 CONDUIT    493.16     0  02:35      2.36    0.59    0.43
  WS02006112WS02006115 CONDUIT    504.52     0  02:34      0.71    0.30    0.85
  WS02006111WS02006112 CONDUIT    480.07     0  02:35      1.36    0.23    0.66
  WS02006110WS02006113 CONDUIT    478.30     0  02:35      1.16    0.44    0.77
  WS02006109WS02006110 CONDUIT    478.18     0  02:35      0.96    0.92    0.98
  WS02004411WS02004412 CONDUIT    497.93     0  02:40      0.89    0.71    0.67
  WS02004401WS02004402 CONDUIT    500.25     0  02:37      0.71    0.60    0.83
  WS02004413WS02003067 CONDUIT    497.58     0  02:41      1.07    0.21    0.57
  WS02004412WS02004413 CONDUIT    497.67     0  02:40      0.85    0.33    0.76
  WS02004410WS02004411 CONDUIT    498.38     0  02:39      0.91    0.68    0.66
  WS02004409WS02004410 CONDUIT    499.06     0  02:39      0.93    0.65    0.65
  WS02004407WS02004409 CONDUIT    500.00     0  02:38      1.42    0.18    0.46
  WS02004406WS02004407 CONDUIT    500.05     0  02:38      1.00    0.22    0.61
  WS02004405WS02004406 CONDUIT    500.11     0  02:38      0.66    0.99    0.93
  WS02004404WS02004405 CONDUIT    500.07     0  02:37      0.65    4.90    0.94
  WS02004403WS02004404 CONDUIT    499.92     0  02:37      0.67    0.36    0.90
  WS02004402WS02004403 CONDUIT    500.09     0  02:37      0.70    0.72    0.86
  WS02004139WS02001211 CONDUIT     75.29     0  02:44      0.49    0.10    0.19
  WS02004138WS02004139 CONDUIT    292.33     0  00:00      3.35    0.06    0.17
  WS02003067WS02003066 CONDUIT    497.61     0  02:41      1.16    0.16    0.41
  WS02001213WS02003059 CONDUIT     68.39     0  02:41      0.18    0.11    0.54
  WS02001212WS02001213 CONDUIT     68.11     0  02:42      0.76    0.11    0.17
  WS02001211WS02001212 CONDUIT     68.02     0  02:43      0.45    0.05    0.25
  WS02003072WS02003073 CONDUIT    445.79     0  02:44      1.33    0.96    0.34
  WS02003069WS02003072 CONDUIT    445.82     0  02:43      1.28    0.21    0.35
  WS02003060WS02003069 CONDUIT    445.53     0  02:42      1.56    0.17    0.30
  WS02003059WS02003060 CONDUIT     72.10     0  01:52      0.56    0.05    0.46
  HS02004901HS02004770 CONDUIT     31.41     0  02:31      0.09    0.12    0.50
  HS02004876HS02004881 CONDUIT    118.87     0  02:33      1.17    1.26    0.15
  HS02004870HS02004876 CONDUIT     96.33     0  02:33      0.80    0.06    0.17
  HS02004842HS02004848 CONDUIT     16.75     0  02:44      0.07    0.01    0.33
  HS02004837HS02004842 CONDUIT     17.13     0  02:44      0.42    0.01    0.34
  HS02004830HS02004837 CONDUIT     60.36     0  02:33      0.65    0.06    0.13
  HS02004824HS02004830 CONDUIT     60.47     0  02:34      0.62    0.08    0.15
  HS02004817HS02004824 CONDUIT    120.97     0  02:36      0.31    0.05    0.57
  HS02004770HS02004777 CONDUIT    162.24     0  02:31      0.45    0.30    0.51
  HS02004799HS02004480 CONDUIT    403.23     0  02:32      1.02    0.51    0.57
  HS02004792HS02004799 CONDUIT    369.71     0  02:32      1.15    0.23    0.46
  HS02004788HS02004792 CONDUIT    213.13     0  02:33      1.22    0.14    0.25
  HS02004785HS02004788 CONDUIT    162.19     0  02:33      0.86    1.22    0.27
  HS02004777HS02004785 CONDUIT    162.07     0  02:32      0.54    0.20    0.43
  HS02004480HS02004478 CONDUIT    473.84     0  02:33      1.50    2.00    0.45
  HS02004479HS02004480 CONDUIT     70.61     0  02:33      0.30    0.07    0.54
  HS02004862HS02004870 CONDUIT     73.95     0  02:34      0.78    0.08    0.14
  HS02004848HS02004852 CONDUIT     34.55     0  02:33      0.51    0.04    0.10
  HS02004856HS02004862 CONDUIT     51.34     0  02:33      0.58    0.05    0.13
  HS02004852HS02004856 CONDUIT     34.59     0  02:34      0.32    0.04    0.15
  HS02004802HS02004478 CONDUIT    162.82     0  02:36      0.51    0.14    0.46
  HS02004478WS02006287 CONDUIT    634.13     0  02:34      2.06    0.18    0.34
  HS02004817HS02004807 CONDUIT    122.40     0  02:37      0.24    0.07    0.74
  HS02004807HS02004802 CONDUIT    162.22     0  02:36      0.45    0.31    0.52
  YS02001759YS02001757 CONDUIT    813.00     0  02:28      1.04    0.58    1.00
  YS02001762YS02001759 CONDUIT    406.23     0  02:28      0.52    0.47    1.00
  YS02001765YS02001762 CONDUIT    406.29     0  02:27      0.52    0.38    1.00
  YS02001770YS02001767 CONDUIT    406.03     0  02:28      0.52    1.61    1.00
  YS02001774YS02001770 CONDUIT    739.84     0  03:01      0.94    0.47    1.00
  YS02001779YS02001774 CONDUIT    740.05     0  03:01      0.94    0.37    1.00
  YS02001649YS02001757 CONDUIT   1046.00     0  02:25      1.33    0.63    1.00
  YS02001767YS02001765 CONDUIT    406.54     0  02:28      0.52    0.51    1.00
  YS02006561YS02001783 CONDUIT   1148.49     0  02:49      2.28    0.59    1.00
  YS02001783YS02001784 CONDUIT   1148.58     0  02:47      2.29    1.58    1.00
  YS02001784YS02001785 CONDUIT   1149.52     0  02:49      2.29    2.68    1.00
  YS02001788YS02001790 CONDUIT   1161.28     0  02:43      2.71    0.86    1.00
  YS02001790YS02001791 CONDUIT   1265.52     0  02:40      3.40    1.38    1.00
  YS02001791YS02001793 CONDUIT   1218.07     0  02:40      6.73    0.52    1.00
  YS02001910YS02001907 CONDUIT    614.06     0  02:29      0.78    0.35    1.00
  YS02001786YS02001788 CONDUIT   1149.83     0  02:58      2.46    2.22    1.00
  YS02001915YS02001910 CONDUIT    614.14     0  02:29      0.78    0.31    1.00
  YS02001918YS02001915 CONDUIT    314.22     0  02:29      0.46    0.17    1.00
  YS02001923YS02001920 CONDUIT    310.98     0  02:29      0.79    0.14    1.00
  YS02001926YS02001923 CONDUIT    271.89     0  02:30      0.90    0.39    0.98
  YS02001929YS02001926 CONDUIT    213.67     0  03:01      0.96    0.10    0.89
  YS02001920YS02001918 CONDUIT    313.78     0  02:29      0.75    0.30    1.00
  YS02001629YS02163301 CONDUIT    234.66     0  02:24      0.30    0.29    1.00
  YS02001619YS02001622 CONDUIT    392.17     0  03:01      0.61    0.58    1.00
  YS02001622YS02001625 CONDUIT    391.96     0  03:01      0.50    0.21    1.00
  YS02001625YS02001629 CONDUIT    235.21     0  02:24      0.30    0.11    1.00
  YS02163301YS02001633 CONDUIT    234.50     0  02:24      0.30    0.22    1.00
  YS02163601YS02164001 CONDUIT    491.43     0  02:24      0.63    0.44    1.00
  YS02164001YS02001641 CONDUIT    490.72     0  02:24      0.62    0.67    1.00
  YS02001641YS02001644 CONDUIT    491.26     0  02:24      0.63    1.59    1.00
  YS02001647YS02001649 CONDUIT    786.57     0  03:01      1.00    0.42    1.00
  YS02006553YS02006556 CONDUIT    714.38     0  03:45      0.91    0.61    1.00
  YS02006556YS02006558 CONDUIT    714.58     0  03:45      0.91    0.56    1.00
  YSB6556YSB1171       CONDUIT     39.49     0  02:33      0.12    0.04    0.81
  YS02001907YS02006553 CONDUIT    714.29     0  03:45      0.79    0.84    1.00
  YS02006558YS02006561 CONDUIT   1148.48     0  02:59      4.06    2.54    1.00
  YS02001633YS02163601 CONDUIT    491.72     0  02:24      0.63    0.52    1.00
  YS02001644YS02001647 CONDUIT    786.56     0  03:01      1.00    0.46    1.00
  YS02001745YS02001748 CONDUIT    629.92     0  02:21      1.50    0.24    0.98
  YS02001748YS02001751 CONDUIT    456.47     0  03:01      1.06    0.23    1.00
  YS02001751YS02001754 CONDUIT    456.17     0  03:01      0.90    0.22    1.00
  YS02001754YS02001757 CONDUIT    456.47     0  03:01      0.58    0.18    1.00
  YS02001882YS02001884 CONDUIT     28.10     0  02:22      0.12    0.03    1.00
  YS02001884YS02001887 CONDUIT     26.87     0  02:21      0.09    0.04    1.00
  YS02001890YS02001895 CONDUIT    525.20     0  02:27      0.67    0.24    1.00
  YS02001895YS02001898 CONDUIT    525.49     0  02:27      0.67    0.91    1.00
  YS02001898YS02001901 CONDUIT    525.90     0  02:27      0.67    0.34    1.00
  YS02001901YS02001904 CONDUIT    526.33     0  02:27      0.67    0.82    1.00
  YS02001904YS02001907 CONDUIT    527.28     0  02:27      0.67    0.18    1.00
  YS02001887YS02001890 CONDUIT    652.65     0  02:48      0.83    1.12    1.00
  YS02001652YS02001649 CONDUIT    500.61     0  02:43      0.64    0.25    1.00
  YS02001655YS02001652 CONDUIT    500.47     0  02:43      0.96    0.24    1.00
  YS02001658YS02001655 CONDUIT    500.56     0  02:43      1.22    0.21    1.00
  YS02001661YS02001658 CONDUIT    617.91     0  02:19      1.58    0.24    1.00
  YS02001664YS02001661 CONDUIT    749.51     0  02:30      1.65    0.24    0.77
  YSB1154YSB6556       CONDUIT     39.56     0  02:32      0.15    0.07    0.70
  YSB1174YSB1171       CONDUIT     32.02     0  02:29      0.10    0.05    0.82
  YSB1171HS02004479    CONDUIT     70.63     0  02:32      0.54    0.05    0.66
  HS02004881HS02006253 CONDUIT    130.86     0  02:33      2.65    0.03    0.07
  YS02001793JiankangQianchi CONDUIT   1216.52     0  02:40     20.55    0.10    1.00
  YS02001757CaochengTiaoxuchi CONDUIT   2082.07     0  02:26      3.03    0.91    1.00
  WSF200WS02003060     CONDUIT    497.62     0  02:41      2.17    0.11    0.26
  1                    CONDUIT    447.52     0  02:45      2.66    0.16    0.27
  CC-Pump-1            PUMP       200.00     0  01:47              1.00
  CC-Pump-2            PUMP         0.00     0  00:00              0.00
  JK-Pump-1            PUMP       300.00     0  00:00              1.00
  JK-Pump-2            PUMP       683.00     0  00:00              1.00
  XR-Pump-1            PUMP        95.00     0  00:00              1.00
  XR-Pump-2            PUMP        95.00     0  00:00              1.00
  XR-Pump-3            PUMP         0.00     0  00:00              0.00
  XR-Pump-4            PUMP        95.00     0  00:00              1.00
  3                    WEIR       278.52     0  02:33                      0.19
  5                    WEIR       505.60     0  02:36                      0.28
  6                    WEIR       360.59     0  02:45                      0.23
  
  
  ***************************
  Flow Classification Summary
  ***************************
  
  -------------------------------------------------------------------------------------
                      Adjusted    ---------- Fraction of Time in Flow Class ---------- 
                       /Actual         Up    Down  Sub   Sup   Up    Down  Norm  Inlet 
  Conduit               Length    Dry  Dry   Dry   Crit  Crit  Crit  Crit  Ltd   Ctrl  
  -------------------------------------------------------------------------------------
  WS02003066WSF200        1.00   0.06  0.00  0.00  0.00  0.94  0.00  0.00  0.76  0.00
  WS02006287WS02006284    1.00   0.02  0.01  0.00  0.60  0.37  0.00  0.00  0.64  0.00
  WS02006284WS02006280    1.00   0.02  0.00  0.00  0.00  0.00  0.00  0.98  0.00  0.00
  WS02006280WS02006229    1.00   0.02  0.00  0.00  0.00  0.00  0.00  0.98  0.00  0.00
  WS02006229WS02006228    1.00   0.00  0.00  0.00  1.00  0.00  0.00  0.00  0.00  0.00
  WS02006256WS02006235    1.00   0.00  0.00  0.00  0.04  0.96  0.00  0.00  0.01  0.00
  WS02006253WS02006251    1.00   0.01  0.01  0.00  0.81  0.00  0.17  0.00  0.00  0.00
  WS02006252WS02006251    1.00   0.04  0.00  0.00  0.00  0.00  0.96  0.00  0.00  0.00
  WS02006251WS02006249    1.00   0.00  0.00  0.00  1.00  0.00  0.00  0.00  0.79  0.00
  WS02006249WS02006248    1.00   0.00  0.03  0.00  0.16  0.00  0.81  0.00  0.00  0.00
  WS02006248WS02006247    1.00   0.03  0.00  0.00  0.97  0.00  0.00  0.01  0.70  0.00
  WS02006247WS02006245    1.00   0.03  0.00  0.00  0.96  0.00  0.00  0.02  0.00  0.00
  WS02006245WS02006243    1.00   0.03  0.00  0.00  0.94  0.00  0.00  0.03  0.00  0.00
  WS02006243WS02006242    1.00   0.03  0.00  0.00  0.96  0.00  0.00  0.01  0.78  0.00
  WS02006242WS02006240    1.00   0.00  0.03  0.00  0.97  0.00  0.00  0.00  0.20  0.00
  WS02006240WS02006239    1.00   0.00  0.00  0.00  0.96  0.00  0.00  0.04  0.00  0.00
  WS02006239WS02006238    1.00   0.00  0.00  0.00  1.00  0.00  0.00  0.00  0.18  0.00
  WS02006238WS02006235    1.00   0.00  0.00  0.00  1.00  0.00  0.00  0.00  0.00  0.00
  WS02006235WS02006234    1.00   0.03  0.00  0.00  0.96  0.00  0.01  0.00  0.00  0.00
  WS02006234WS02006232    1.00   0.00  0.00  0.00  1.00  0.00  0.00  0.00  0.16  0.00
  WS02006232WS02006231    1.00   0.00  0.00  0.00  1.00  0.00  0.00  0.00  0.00  0.00
  WS02006231WS02006230    1.00   0.00  0.00  0.00  0.27  0.00  0.73  0.00  0.00  0.00
  WS02006230WS02006229    1.00   0.00  0.00  0.00  0.99  0.00  0.00  0.01  0.01  0.00
  WS02006228WS02006109    1.00   0.00  0.00  0.00  1.00  0.00  0.00  0.00  0.00  0.00
  WS02006116WS02004401    1.00   0.02  0.00  0.00  0.98  0.00  0.00  0.00  0.00  0.00
  WS02006115WS02006116    1.00   0.02  0.00  0.00  0.96  0.00  0.00  0.02  0.00  0.00
  WS02006113WS02006111    1.00   0.01  0.00  0.00  0.00  0.98  0.00  0.00  0.04  0.00
  WS02006112WS02006115    1.00   0.01  0.01  0.00  0.98  0.00  0.00  0.00  0.00  0.00
  WS02006111WS02006112    1.00   0.01  0.00  0.00  0.99  0.00  0.00  0.00  0.93  0.00
  WS02006110WS02006113    1.00   0.00  0.01  0.00  0.99  0.00  0.00  0.00  0.00  0.00
  WS02006109WS02006110    1.00   0.00  0.00  0.00  1.00  0.00  0.00  0.00  0.00  0.00
  WS02004411WS02004412    1.00   0.04  0.00  0.00  0.96  0.00  0.00  0.00  0.00  0.00
  WS02004401WS02004402    1.00   0.02  0.00  0.00  0.98  0.00  0.00  0.00  0.04  0.00
  WS02004413WS02003067    1.00   0.04  0.01  0.00  0.00  0.00  0.95  0.00  0.00  0.00
  WS02004412WS02004413    1.00   0.04  0.00  0.00  0.96  0.00  0.00  0.00  0.00  0.00
  WS02004410WS02004411    1.00   0.04  0.00  0.00  0.96  0.00  0.00  0.00  0.00  0.00
  WS02004409WS02004410    1.00   0.04  0.00  0.00  0.96  0.00  0.00  0.00  0.00  0.00
  WS02004407WS02004409    1.00   0.04  0.00  0.00  0.96  0.00  0.00  0.00  0.80  0.00
  WS02004406WS02004407    1.00   0.00  0.04  0.00  0.96  0.00  0.00  0.00  0.00  0.00
  WS02004405WS02004406    1.00   0.00  0.00  0.00  1.00  0.00  0.00  0.00  0.04  0.00
  WS02004404WS02004405    1.00   0.00  0.00  0.00  1.00  0.00  0.00  0.00  0.00  0.00
  WS02004403WS02004404    1.00   0.00  0.02  0.00  0.98  0.00  0.00  0.00  0.04  0.00
  WS02004402WS02004403    1.00   0.02  0.00  0.00  0.98  0.00  0.00  0.00  0.00  0.00
  WS02004139WS02001211    1.00   0.00  0.00  0.00  1.00  0.00  0.00  0.00  0.00  0.00
  WS02004138WS02004139    1.00   0.00  0.00  0.00  0.00  0.11  0.00  0.89  0.08  0.00
  WS02003067WS02003066    1.00   0.05  0.01  0.00  0.94  0.00  0.00  0.00  0.00  0.00
  WS02001213WS02003059    1.00   0.00  0.00  0.00  1.00  0.00  0.00  0.00  0.00  0.00
  WS02001212WS02001213    1.00   0.00  0.00  0.00  0.40  0.00  0.60  0.00  0.01  0.00
  WS02001211WS02001212    1.00   0.00  0.00  0.00  1.00  0.00  0.00  0.00  0.21  0.00
  WS02003072WS02003073    1.00   0.00  0.00  0.00  0.00  0.00  0.00  1.00  0.00  0.00
  WS02003069WS02003072    1.00   0.00  0.00  0.00  1.00  0.00  0.00  0.00  0.91  0.00
  WS02003060WS02003069    1.00   0.00  0.00  0.00  0.98  0.02  0.00  0.00  0.81  0.00
  WS02003059WS02003060    1.00   0.00  0.00  0.00  1.00  0.00  0.00  0.00  0.08  0.00
  HS02004901HS02004770    1.00   0.02  0.00  0.00  0.98  0.00  0.00  0.00  0.00  0.00
  HS02004876HS02004881    1.00   0.00  0.00  0.00  0.84  0.15  0.00  0.00  0.00  0.00
  HS02004870HS02004876    1.00   0.00  0.00  0.00  1.00  0.00  0.00  0.00  0.95  0.00
  HS02004842HS02004848    1.00   0.00  0.02  0.00  0.98  0.00  0.00  0.00  0.56  0.00
  HS02004837HS02004842    1.00   0.00  0.00  0.00  1.00  0.00  0.00  0.00  0.11  0.00
  HS02004830HS02004837    1.00   0.00  0.00  0.00  1.00  0.00  0.00  0.00  0.99  0.00
  HS02004824HS02004830    1.00   0.00  0.00  0.00  1.00  0.00  0.00  0.00  0.03  0.00
  HS02004817HS02004824    1.00   0.00  0.00  0.00  1.00  0.00  0.00  0.00  0.94  0.00
  HS02004770HS02004777    1.00   0.00  0.02  0.00  0.98  0.00  0.00  0.00  0.02  0.00
  HS02004799HS02004480    1.00   0.00  0.01  0.00  0.97  0.00  0.02  0.00  0.00  0.00
  HS02004792HS02004799    1.00   0.00  0.00  0.00  1.00  0.00  0.00  0.00  0.98  0.00
  HS02004788HS02004792    1.00   0.00  0.00  0.00  1.00  0.00  0.00  0.00  0.98  0.00
  HS02004785HS02004788    1.00   0.00  0.00  0.00  1.00  0.00  0.00  0.00  0.00  0.00
  HS02004777HS02004785    1.00   0.00  0.00  0.00  1.00  0.00  0.00  0.00  0.12  0.00
  HS02004480HS02004478    1.00   0.02  0.00  0.00  0.66  0.00  0.00  0.31  0.00  0.00
  HS02004479HS02004480    1.00   0.01  0.00  0.00  0.99  0.00  0.00  0.00  0.11  0.00
  HS02004862HS02004870    1.00   0.00  0.00  0.00  1.00  0.00  0.00  0.00  0.03  0.00
  HS02004848HS02004852    1.00   0.02  0.00  0.00  0.98  0.00  0.00  0.00  0.71  0.00
  HS02004856HS02004862    1.00   0.00  0.03  0.00  0.97  0.00  0.00  0.00  0.83  0.00
  HS02004852HS02004856    1.00   0.02  0.00  0.00  0.98  0.00  0.00  0.00  0.77  0.00
  HS02004802HS02004478    1.00   0.02  0.00  0.00  0.98  0.00  0.00  0.00  0.02  0.00
  HS02004478WS02006287    1.00   0.03  0.00  0.00  0.72  0.25  0.00  0.00  0.65  0.00
  HS02004817HS02004807    1.00   0.00  0.02  0.00  0.98  0.00  0.00  0.00  0.01  0.00
  HS02004807HS02004802    1.00   0.02  0.00  0.00  0.97  0.00  0.00  0.00  0.00  0.00
  YS02001759YS02001757    1.00   0.00  0.00  0.00  1.00  0.00  0.00  0.00  0.15  0.00
  YS02001762YS02001759    1.00   0.00  0.00  0.00  1.00  0.00  0.00  0.00  0.03  0.00
  YS02001765YS02001762    1.00   0.00  0.00  0.00  1.00  0.00  0.00  0.00  0.13  0.00
  YS02001770YS02001767    1.00   0.00  0.00  0.00  1.00  0.00  0.00  0.00  0.00  0.00
  YS02001774YS02001770    1.00   0.00  0.02  0.00  0.98  0.00  0.00  0.00  0.03  0.00
  YS02001779YS02001774    1.00   0.00  0.00  0.00  1.00  0.00  0.00  0.00  0.18  0.00
  YS02001649YS02001757    1.00   0.00  0.00  0.00  1.00  0.00  0.00  0.00  0.15  0.00
  YS02001767YS02001765    1.00   0.00  0.00  0.00  1.00  0.00  0.00  0.00  0.00  0.00
  YS02006561YS02001783    1.00   0.03  0.00  0.00  0.28  0.68  0.00  0.00  0.44  0.00
  YS02001783YS02001784    1.00   0.00  0.03  0.00  0.97  0.00  0.00  0.00  0.00  0.00
  YS02001784YS02001785    1.00   0.00  0.00  0.00  1.00  0.00  0.00  0.00  0.17  0.00
  YS02001788YS02001790    1.00   0.00  0.00  0.00  0.18  0.82  0.00  0.00  0.42  0.00
  YS02001790YS02001791    1.00   0.00  0.00  0.00  0.14  0.86  0.00  0.00  0.56  0.00
  YS02001791YS02001793    1.00   0.00  0.00  0.00  0.15  0.85  0.00  0.00  0.00  0.00
  YS02001910YS02001907    1.00   0.00  0.00  0.00  0.99  0.00  0.00  0.01  0.12  0.00
  YS02001786YS02001788    1.00   0.00  0.00  0.00  0.26  0.74  0.00  0.00  0.00  0.00
  YS02001915YS02001910    1.00   0.00  0.00  0.00  0.99  0.01  0.00  0.00  0.15  0.00
  YS02001918YS02001915    1.00   0.00  0.00  0.00  1.00  0.00  0.00  0.00  0.54  0.00
  YS02001923YS02001920    1.00   0.00  0.00  0.00  1.00  0.00  0.00  0.00  0.79  0.00
  YS02001926YS02001923    1.00   0.00  0.01  0.00  0.21  0.00  0.77  0.00  0.00  0.00
  YS02001929YS02001926    1.00   0.00  0.02  0.00  0.98  0.00  0.00  0.00  0.71  0.00
  YS02001920YS02001918    1.00   0.00  0.00  0.00  1.00  0.00  0.00  0.00  0.00  0.00
  YS02001629YS02163301    1.00   0.03  0.00  0.00  0.97  0.00  0.00  0.00  0.00  0.00
  YS02001619YS02001622    1.00   0.02  0.00  0.00  0.98  0.00  0.00  0.00  0.00  0.00
  YS02001622YS02001625    1.00   0.02  0.00  0.00  0.98  0.00  0.00  0.00  0.04  0.00
  YS02001625YS02001629    1.00   0.02  0.01  0.00  0.96  0.00  0.01  0.00  0.00  0.00
  YS02163301YS02001633    1.00   0.00  0.03  0.00  0.97  0.00  0.00  0.00  0.00  0.00
  YS02163601YS02164001    1.00   0.00  0.01  0.00  0.99  0.00  0.00  0.00  0.00  0.00
  YS02164001YS02001641    1.00   0.00  0.01  0.00  0.99  0.00  0.00  0.00  0.06  0.00
  YS02001641YS02001644    1.00   0.00  0.00  0.00  1.00  0.00  0.00  0.00  0.00  0.00
  YS02001647YS02001649    1.00   0.00  0.03  0.00  0.97  0.00  0.00  0.00  0.01  0.00
  YS02006553YS02006556    1.00   0.00  0.00  0.00  1.00  0.00  0.00  0.00  0.03  0.00
  YS02006556YS02006558    1.00   0.00  0.00  0.00  1.00  0.00  0.00  0.00  0.00  0.00
  YSB6556YSB1171          1.00   0.01  0.01  0.00  0.98  0.00  0.00  0.00  0.00  0.00
  YS02001907YS02006553    1.00   0.00  0.00  0.00  1.00  0.00  0.00  0.00  0.00  0.00
  YS02006558YS02006561    1.00   0.03  0.00  0.00  0.21  0.76  0.00  0.00  0.44  0.00
  YS02001633YS02163601    1.00   0.00  0.00  0.00  1.00  0.00  0.00  0.00  0.15  0.00
  YS02001644YS02001647    1.00   0.00  0.03  0.00  0.97  0.00  0.00  0.00  0.00  0.00
  YS02001745YS02001748    1.00   0.00  0.00  0.00  0.92  0.01  0.00  0.07  0.04  0.00
  YS02001748YS02001751    1.00   0.00  0.00  0.00  0.98  0.02  0.00  0.00  0.15  0.00
  YS02001751YS02001754    1.00   0.00  0.00  0.00  0.96  0.00  0.00  0.04  0.02  0.00
  YS02001754YS02001757    1.00   0.00  0.00  0.00  1.00  0.00  0.00  0.00  0.18  0.00
  YS02001882YS02001884    1.00   0.03  0.00  0.00  0.97  0.00  0.00  0.00  0.00  0.00
  YS02001884YS02001887    1.00   0.01  0.01  0.00  0.98  0.00  0.00  0.00  0.00  0.00
  YS02001890YS02001895    1.00   0.00  0.03  0.00  0.97  0.00  0.00  0.00  0.00  0.00
  YS02001895YS02001898    1.00   0.03  0.00  0.00  0.97  0.00  0.01  0.00  0.00  0.00
  YS02001898YS02001901    1.00   0.03  0.00  0.00  0.97  0.00  0.00  0.00  0.01  0.00
  YS02001901YS02001904    1.00   0.03  0.00  0.00  0.97  0.00  0.00  0.00  0.00  0.00
  YS02001904YS02001907    1.00   0.00  0.03  0.00  0.97  0.00  0.00  0.00  0.00  0.00
  YS02001887YS02001890    1.00   0.00  0.00  0.00  0.99  0.00  0.01  0.00  0.00  0.00
  YS02001652YS02001649    1.00   0.00  0.00  0.00  1.00  0.00  0.00  0.00  0.16  0.00
  YS02001655YS02001652    1.00   0.00  0.00  0.00  0.96  0.00  0.00  0.03  0.02  0.00
  YS02001658YS02001655    1.00   0.00  0.02  0.00  0.96  0.02  0.00  0.00  0.08  0.00
  YS02001661YS02001658    1.00   0.02  0.00  0.00  0.92  0.06  0.00  0.00  0.05  0.00
  YS02001664YS02001661    1.00   0.02  0.00  0.00  0.90  0.08  0.00  0.00  0.17  0.00
  YSB1154YSB6556          1.00   0.02  0.00  0.00  0.98  0.00  0.00  0.00  0.02  0.00
  YSB1174YSB1171          1.00   0.01  0.01  0.00  0.98  0.00  0.00  0.00  0.00  0.00
  YSB1171HS02004479       1.00   0.01  0.00  0.00  0.99  0.00  0.00  0.00  0.10  0.00
  HS02004881HS02006253    1.00   0.01  0.00  0.00  0.00  0.00  0.00  0.99  0.00  0.00
  YS02001793JiankangQianchi    1.00   0.00  0.00  0.00  0.21  0.79  0.00  0.00  0.07  0.00
  YS02001757CaochengTiaoxuchi    1.00   0.00  0.04  0.00  0.91  0.05  0.00  0.00  0.00  0.00
  WSF200WS02003060        1.00   0.00  0.06  0.00  0.00  0.94  0.00  0.00  0.57  0.00
  1                       1.00   0.00  0.00  0.00  0.00  1.00  0.00  0.00  0.43  0.00
  
  
  *************************
  Conduit Surcharge Summary
  *************************
  
  ----------------------------------------------------------------------------
                                                           Hours        Hours 
                         --------- Hours Full --------   Above Full   Capacity
  Conduit                Both Ends  Upstream  Dnstream   Normal Flow   Limited
  ----------------------------------------------------------------------------
  WS02006229WS02006228        0.51      0.55      0.51      1.01         0.51
  WS02006256WS02006235        0.01      0.01      6.50      6.48         0.01
  WS02006235WS02006234        0.01      0.01      0.01      0.49         0.01
  WS02006231WS02006230        0.01      0.01      0.01      0.69         0.01
  WS02006230WS02006229        0.75      0.75      0.75      2.40         0.01
  WS02006228WS02006109        0.53      0.66      0.53      1.46         0.53
  WS02006112WS02006115        0.01      0.01      0.14      0.01         0.01
  WS02006111WS02006112        0.01      0.01      1.17      0.01         0.01
  WS02006110WS02006113        0.01      0.01      0.60      0.01         0.01
  WS02006109WS02006110        0.01      0.01      0.66      0.01         0.01
  WS02004404WS02004405        0.01      0.01      0.01      2.18         0.01
  HS02004876HS02004881        0.01      0.01      0.01      0.44         0.01
  HS02004785HS02004788        0.01      0.01      0.01      0.37         0.01
  HS02004480HS02004478        0.01      0.01      0.01      0.92         0.01
  YS02001759YS02001757        6.04      6.04      6.12      0.01         0.01
  YS02001762YS02001759        6.02      6.02      6.04      0.01         0.01
  YS02001765YS02001762        6.00      6.00      6.02      0.01         0.01
  YS02001770YS02001767        5.98      5.98      5.98      0.32         0.67
  YS02001774YS02001770        5.97      5.97      6.02      0.01         0.01
  YS02001779YS02001774        5.80      5.80      6.02      0.01         0.01
  YS02001649YS02001757        6.03      6.03      6.12      0.01         0.01
  YS02001767YS02001765        5.98      5.98      6.00      0.01         0.01
  YS02006561YS02001783        1.23      1.23      1.50      0.01         0.01
  YS02001783YS02001784        1.46      1.50      1.46      1.83         1.46
  YS02001784YS02001785        1.34      1.46      1.34      2.67         1.34
  YS02001788YS02001790        0.71      0.71      0.81      0.01         0.01
  YS02001790YS02001791        0.80      0.81      0.80      1.44         0.80
  YS02001791YS02001793        0.80      0.80      0.97      0.01         0.01
  YS02001910YS02001907        1.54      1.54      2.09      0.01         0.01
  YS02001786YS02001788        0.71      1.34      0.71      2.30         0.71
  YS02001915YS02001910        1.38      1.38      1.54      0.01         0.01
  YS02001918YS02001915        1.21      1.21      1.38      0.01         0.01
  YS02001923YS02001920        1.07      1.07      1.24      0.01         0.01
  YS02001926YS02001923        0.01      0.01      0.01      0.01         0.01
  YS02001929YS02001926        0.01      0.01      0.01      0.01         0.01
  YS02001920YS02001918        1.21      1.21      1.24      0.01         0.01
  YS02001629YS02163301        5.97      5.97      5.97      0.01         0.01
  YS02001619YS02001622        5.70      5.70      5.71      0.01         0.01
  YS02001622YS02001625        5.71      5.71      5.89      0.01         0.01
  YS02001625YS02001629        5.71      5.71      5.89      0.01         0.01
  YS02163301YS02001633        5.97      5.97      6.00      0.01         0.01
  YS02163601YS02164001        6.00      6.00      6.03      0.01         0.01
  YS02164001YS02001641        6.00      6.00      6.01      0.01         0.02
  YS02001641YS02001644        6.01      6.01      6.01      2.01         2.11
  YS02001647YS02001649        5.82      5.82      6.03      0.01         0.01
  YS02006553YS02006556        1.75      1.75      2.15      0.01         0.01
  YS02006556YS02006558        1.89      1.89      2.23      0.01         0.01
  YSB6556YSB1171              0.01      0.01      0.05      0.01         0.01
  YS02001907YS02006553        2.68      2.68      2.90      0.01         0.01
  YS02006558YS02006561        1.32      1.71      1.32      2.54         1.32
  YS02001633YS02163601        5.99      5.99      6.03      0.01         0.01
  YS02001644YS02001647        5.82      5.82      6.01      0.01         0.01
  YS02001745YS02001748        0.01      0.01      5.61      0.01         0.01
  YS02001748YS02001751        5.64      5.64      5.69      0.01         0.01
  YS02001751YS02001754        5.69      5.69      5.80      0.01         0.01
  YS02001754YS02001757        5.82      5.82      6.12      0.01         0.01
  YS02001882YS02001884        1.40      1.40      1.42      0.01         0.01
  YS02001884YS02001887        1.46      1.46      1.48      0.01         0.01
  YS02001890YS02001895        1.37      1.37      1.56      0.01         0.01
  YS02001895YS02001898        1.36      1.36      1.37      0.01         0.01
  YS02001898YS02001901        1.37      1.37      1.45      0.01         0.01
  YS02001901YS02001904        1.43      1.43      1.45      0.01         0.01
  YS02001904YS02001907        1.43      1.43      2.20      0.01         0.01
  YS02001887YS02001890        1.51      1.51      1.53      0.52         0.01
  YS02001652YS02001649        5.84      5.84      6.03      0.01         0.01
  YS02001655YS02001652        5.71      5.71      5.81      0.01         0.01
  YS02001658YS02001655        5.63      5.63      5.71      0.01         0.01
  YS02001661YS02001658        0.21      0.21      5.63      0.01         0.01
  YS02001664YS02001661        0.01      0.01      1.80      0.01         0.01
  YS02001793JiankangQianchi        0.93      0.93      1.63      0.01         0.01
  YS02001757CaochengTiaoxuchi        5.40      5.40      6.12      0.01         0.01
  
  
  ***************
  Pumping Summary
  ***************
  
  ---------------------------------------------------------------------------------------------------------
                                                  Min       Avg       Max     Total     Power    % Time Off
                        Percent   Number of      Flow      Flow      Flow    Volume     Usage    Pump Curve
  Pump                 Utilized   Start-Ups       LPS       LPS       LPS  10^6 ltr     Kw-hr    Low   High
  ---------------------------------------------------------------------------------------------------------
  CC-Pump-1               78.87           1      0.00    199.17    200.00     4.508      4.73    0.0    9.0
  CC-Pump-2                0.00           0      0.00      0.00      0.00     0.000      0.00    0.0    0.0
  JK-Pump-1              100.00           1      0.00    236.79    300.00     5.690    108.79    0.0    0.0
  JK-Pump-2              100.00           1      0.00    382.95    683.00     9.190    161.27    0.0   98.0
  XR-Pump-1              100.00           1      0.00     95.00     95.00     2.736     24.09    0.0    0.0
  XR-Pump-2              100.00           1      0.00     95.00     95.00     2.736     24.09    0.0    0.0
  XR-Pump-3                0.00           0      0.00      0.00      0.00     0.000      0.00    0.0    0.0
  XR-Pump-4              100.00           1      0.00     95.00     95.00     2.736     24.09    0.0    0.0
  
  
  ***************************
  Link Pollutant Load Summary
  ***************************
  
  ------------------------------------------------------------------------------------------
                                 COD            SS            TN            TP         NH4-N
  Link                            kg            kg            kg            kg            kg
  ------------------------------------------------------------------------------------------
  WS02003066WSF200           371.757       713.658        11.280         1.084         6.134
  WS02006287WS02006284       384.673       742.754        11.669         1.121         6.346
  WS02006284WS02006280       385.154       743.524        11.716         1.127         6.375
  WS02006280WS02006229       385.130       743.482        11.715         1.127         6.374
  WS02006229WS02006228       357.913       686.301        11.076         1.071         6.048
  WS02006256WS02006235       237.749       462.071         4.588         0.331         2.239
  WS02006253WS02006251        65.804       132.289         1.375         0.099         0.670
  WS02006252WS02006251       428.597       805.548         8.483         0.594         4.118
  WS02006251WS02006249        74.819       141.982         1.496         0.106         0.727
  WS02006249WS02006248        74.629       141.639         1.491         0.105         0.725
  WS02006248WS02006247        74.525       141.446         1.489         0.105         0.724
  WS02006247WS02006245        74.370       141.160         1.485         0.105         0.722
  WS02006245WS02006243        74.171       140.792         1.481         0.104         0.720
  WS02006243WS02006242        74.003       140.479         1.478         0.104         0.718
  WS02006242WS02006240        73.673       139.872         1.471         0.104         0.715
  WS02006240WS02006239        73.485       139.522         1.467         0.103         0.713
  WS02006239WS02006238        73.225       139.034         1.461         0.103         0.710
  WS02006238WS02006235        73.219       139.034         1.461         0.103         0.710
  WS02006235WS02006234        59.652       118.675         1.247         0.097         0.618
  WS02006234WS02006232        60.397       120.166         1.264         0.098         0.626
  WS02006232WS02006231        61.498       122.362         1.289         0.100         0.639
  WS02006231WS02006230        62.274       123.903         1.307         0.102         0.648
  WS02006230WS02006229        64.540       128.386         1.358         0.106         0.674
  WS02006228WS02006109       357.352       685.381        11.026         1.065         6.017
  WS02006116WS02004401       377.664       723.089        11.812         1.150         6.466
  WS02006115WS02006116       378.159       723.891        11.862         1.156         6.497
  WS02006113WS02006111       364.620       697.015        11.729         1.153         6.456
  WS02006112WS02006115       378.643       724.653        11.906         1.162         6.525
  WS02006111WS02006112       364.482       696.804        11.712         1.151         6.446
  WS02006110WS02006113       364.754       697.218        11.743         1.154         6.465
  WS02006109WS02006110       365.407       698.247        11.805         1.162         6.504
  WS02004411WS02004412       373.176       715.760        11.428         1.103         6.228
  WS02004401WS02004402       376.998       722.023        11.754         1.143         6.429
  WS02004413WS02003067       372.227       714.465        11.314         1.088         6.155
  WS02004412WS02004413       372.615       714.866        11.376         1.096         6.195
  WS02004410WS02004411       373.571       716.404        11.464         1.107         6.250
  WS02004409WS02004410       373.847       716.825        11.493         1.111         6.268
  WS02004407WS02004409       374.133       717.318        11.517         1.114         6.283
  WS02004406WS02004407       374.295       717.627        11.526         1.115         6.288
  WS02004405WS02004406       375.747       719.919        11.662         1.132         6.373
  WS02004404WS02004405       376.411       721.072        11.710         1.138         6.403
  WS02004403WS02004404       375.714       719.957        11.640         1.129         6.359
  WS02004402WS02004403       376.315       720.910        11.694         1.136         6.392
  WS02004139WS02001211        78.732       134.486         5.867         0.712         3.605
  WS02004138WS02004139      1154.566      1931.544        91.694        11.160        56.429
  WS02003067WS02003066       371.742       713.604        11.283         1.085         6.136
  WS02001213WS02003059        35.953        66.807         1.618         0.179         0.944
  WS02001212WS02001213        33.896        63.481         1.432         0.156         0.828
  WS02001211WS02001212        33.899        63.018         1.515         0.167         0.883
  WS02003072WS02003073       455.864       838.105        21.328         2.366        12.487
  WS02003069WS02003072       456.968       839.650        21.465         2.383        12.574
  WS02003060WS02003069       455.207       836.851        21.293         2.362        12.466
  WS02003059WS02003060        40.571        75.987         1.739         0.190         1.007
  HS02004901HS02004770        16.446        32.328         0.311         0.023         0.147
  HS02004876HS02004881        55.968       112.405         1.207         0.088         0.591
  HS02004870HS02004876        42.435        85.100         0.959         0.071         0.473
  HS02004842HS02004848         7.980        15.508         0.164         0.011         0.076
  HS02004837HS02004842        12.590        22.825         0.633         0.070         0.370
  HS02004830HS02004837        77.180       136.671         4.849         0.572         2.939
  HS02004824HS02004830        77.967       137.946         4.923         0.581         2.985
  HS02004817HS02004824       109.832       202.899         5.572         0.623         3.301
  HS02004770HS02004777        62.574       124.581         1.280         0.088         0.594
  HS02004799HS02004480       201.749       391.741         5.050         0.439         2.588
  HS02004792HS02004799       183.522       354.256         4.754         0.423         2.454
  HS02004788HS02004792       101.156       195.617         3.050         0.284         1.626
  HS02004785HS02004788        64.051       126.942         1.434         0.107         0.690
  HS02004777HS02004785        63.365       125.832         1.371         0.099         0.651
  HS02004480HS02004478       253.170       494.506         5.926         0.503         3.004
  HS02004479HS02004480        55.048       108.566         1.199         0.104         0.617
  HS02004862HS02004870        32.151        63.608         0.756         0.059         0.375
  HS02004848HS02004852        13.257        26.097         0.269         0.018         0.125
  HS02004856HS02004862        22.012        44.156         0.438         0.029         0.206
  HS02004852HS02004856        13.262        26.104         0.269         0.018         0.125
  HS02004802HS02004478       132.222       249.408         5.800         0.626         3.378
  HS02004478WS02006287       384.855       743.050        11.686         1.123         6.356
  HS02004817HS02004807       108.593       200.910         5.452         0.608         3.227
  HS02004807HS02004802       132.481       249.819         5.833         0.630         3.399
  YS02001759YS02001757       428.225       802.767         8.425         0.588         4.110
  YS02001762YS02001759       200.401       373.887         4.174         0.294         2.059
  YS02001765YS02001762       201.726       377.405         4.215         0.298         2.082
  YS02001770YS02001767       204.779       386.152         4.087         0.274         1.986
  YS02001774YS02001770       337.779       663.742         6.489         0.434         3.137
  YS02001779YS02001774       336.948       662.081         6.556         0.445         3.185
  YS02001649YS02001757       376.896       696.358         7.442         0.516         3.572
  YS02001767YS02001765       203.710       382.170         4.263         0.301         2.107
  YS02006561YS02001783      1199.421      2255.124        24.823         1.842        12.312
  YS02001783YS02001784      1199.301      2254.938        24.818         1.842        12.309
  YS02001784YS02001785      1206.800      2266.970        25.545         1.933        12.764
  YS02001788YS02001790      1207.439      2268.038        25.619         1.942        12.810
  YS02001790YS02001791      1208.463      2269.769        25.719         1.955        12.873
  YS02001791YS02001793      1208.470      2269.814        25.716         1.954        12.871
  YS02001910YS02001907       484.960       908.573        11.208         0.840         5.693
  YS02001786YS02001788      1207.055      2267.439        25.574         1.937        12.782
  YS02001915YS02001910       484.965       908.572        11.159         0.833         5.660
  YS02001918YS02001915       235.071       421.864         6.068         0.535         3.222
  YS02001923YS02001920       211.654       382.929         4.031         0.284         1.957
  YS02001926YS02001923       209.566       379.320         3.936         0.274         1.902
  YS02001929YS02001926       208.663       377.773         3.884         0.268         1.870
  YS02001920YS02001918       232.505       416.531         5.993         0.529         3.182
  YS02001629YS02163301        98.143       174.766         2.059         0.135         0.964
  YS02001619YS02001622       220.776       409.878         4.478         0.296         2.099
  YS02001622YS02001625       219.624       408.054         4.450         0.294         2.086
  YS02001625YS02001629        96.783       171.595         2.045         0.133         0.956
  YS02163301YS02001633       101.158       181.002         2.105         0.139         0.987
  YS02163601YS02164001       471.908       864.369         9.112         0.655         4.374
  YS02164001YS02001641       471.450       863.603         9.093         0.653         4.363
  YS02001641YS02001644       471.725       863.997         9.092         0.652         4.362
  YS02001647YS02001649       483.017       901.746         9.488         0.663         4.530
  YS02006553YS02006556       784.336      1459.942        16.657         1.266         8.354
  YS02006556YS02006558       784.280      1459.829        16.626         1.262         8.333
  YSB6556YSB1171              31.915        63.151         0.636         0.052         0.320
  YS02001907YS02006553       784.438      1460.155        16.669         1.268         8.361
  YS02006558YS02006561      1199.426      2255.127        24.822         1.842        12.311
  YS02001633YS02163601       472.567       865.380         9.090         0.650         4.356
  YS02001644YS02001647       490.365       915.668         9.614         0.672         4.590
  YS02001745YS02001748       305.767       582.241         6.250         0.405         3.038
  YS02001748YS02001751       305.076       580.727         6.345         0.420         3.104
  YS02001751YS02001754       304.116       579.145         6.328         0.419         3.096
  YS02001754YS02001757       304.945       580.398         6.496         0.442         3.206
  YS02001882YS02001884         3.957         6.932         0.078         0.006         0.039
  YS02001884YS02001887         7.295        12.992         0.142         0.011         0.071
  YS02001890YS02001895       532.903      1013.681         9.821         0.741         4.792
  YS02001895YS02001898       532.783      1013.552         9.815         0.741         4.788
  YS02001898YS02001901       532.609      1013.235         9.812         0.740         4.787
  YS02001901YS02001904       532.467      1013.051         9.818         0.741         4.791
  YS02001904YS02001907       532.707      1013.411         9.871         0.748         4.825
  YS02001887YS02001890       580.382      1108.392        10.699         0.810         5.224
  YS02001652YS02001649       256.123       484.894         5.087         0.368         2.390
  YS02001655YS02001652       256.515       485.549         5.098         0.369         2.396
  YS02001658YS02001655       255.869       484.569         5.006         0.357         2.337
  YS02001661YS02001658       256.973       486.599         5.028         0.358         2.347
  YS02001664YS02001661       278.610       521.637         5.531         0.392         2.577
  YSB1154YSB6556              31.502        62.504         0.587         0.046         0.289
  YSB1174YSB1171              21.612        42.979         0.428         0.035         0.213
  YSB1171HS02004479           55.007       108.501         1.202         0.104         0.619
  HS02004881HS02006253        62.830       126.409         1.336         0.096         0.653
  YS02001793JiankangQianchi      1208.710      2270.338        25.717         1.954        12.871
  YS02001757CaochengTiaoxuchi       733.512      1365.980        14.774         1.031         7.187
  WSF200WS02003060           371.588       713.327        11.272         1.083         6.130
  1                          467.804       856.648        22.556         2.520        13.258
  CC-Pump-1                  428.633       805.614         8.484         0.594         4.118
  CC-Pump-2                    0.000         0.000         0.000         0.000         0.000
  JK-Pump-1                  254.251       493.802         4.911         0.354         2.397
  JK-Pump-2                  578.845      1124.223        11.180         0.806         5.457
  XR-Pump-1                  385.247       644.494        30.598         3.724        18.830
  XR-Pump-2                  385.247       644.494        30.598         3.724        18.830
  XR-Pump-3                    0.000         0.000         0.000         0.000         0.000
  XR-Pump-4                  385.247       644.494        30.598         3.724        18.830
  3                          419.945       796.384         8.412         0.594         4.093
  5                          336.968       656.166         6.622         0.482         3.237
  6                         1235.113      2068.945        97.734        11.894        60.142
  

  Analysis begun on:  Thu Jul  8 15:40:36 2021
  Analysis ended on:  Thu Jul  8 15:40:41 2021
  Total elapsed time: 00:00:05