
  EPA STORM WATER MANAGEMENT MODEL - VERSION 5.1 (Build 5.3.0.dev0)
  --------------------------------------------------------------

  WARNING 04: minimum elevation drop used for Conduit WS02004404WS02004405
  WARNING 03: negative offset ignored for Link YS02001904YS02001907
  
  *********************************************************
  NOTE: The summary statistics displayed in this report are
  based on results found at every computational time step,  
  not just on results from each reporting time step.
  *********************************************************
  
  ****************
  Analysis Options
  ****************
  Flow Units ............... LPS
  Process Models:
    Rainfall/Runoff ........ YES
    RDII ................... NO
    Snowmelt ............... NO
    Groundwater ............ NO
    Flow Routing ........... YES
    Ponding Allowed ........ NO
    Water Quality .......... NO
  Infiltration Method ...... HORTON
  Flow Routing Method ...... DYNWAVE
  Surcharge Method ......... EXTRAN
  Starting Date ............ 08/28/2015 08:00:00
  Ending Date .............. 08/28/2015 18:00:00
  Antecedent Dry Days ...... 8.0
  Report Time Step ......... 00:01:00
  Wet Time Step ............ 00:01:00
  Dry Time Step ............ 00:01:00
  Routing Time Step ........ 5.00 sec
  Variable Time Step ....... YES
  Maximum Trials ........... 8
  Number of Threads ........ 4
  Head Tolerance ........... 0.001500 m
  
  
  **************************        Volume         Depth
  Runoff Quantity Continuity     hectare-m            mm
  **************************     ---------       -------
  Total Precipitation ......         5.556        12.164
  Evaporation Loss .........         0.000         0.000
  Infiltration Loss ........         1.434         3.139
  Surface Runoff ...........         3.246         7.107
  Final Storage ............         0.877         1.919
  Continuity Error (%) .....        -0.009
  
  
  **************************        Volume        Volume
  Flow Routing Continuity        hectare-m      10^6 ltr
  **************************     ---------     ---------
  Dry Weather Inflow .......         0.787         7.870
  Wet Weather Inflow .......         3.245        32.454
  Groundwater Inflow .......         0.000         0.000
  RDII Inflow ..............         0.000         0.000
  External Inflow ..........         0.131         1.307
  External Outflow .........         2.634        26.341
  Flooding Loss ............         1.288        12.876
  Evaporation Loss .........         0.000         0.000
  Exfiltration Loss ........         0.000         0.000
  Initial Stored Volume ....         0.076         0.761
  Final Stored Volume ......         0.603         6.028
  Continuity Error (%) .....        -6.735
  
  
  *************************
  Highest Continuity Errors
  *************************
  Node JK-storage (-30.68%)
  Node HS02004842 (16.11%)
  Node YS02001884 (8.48%)
  Node YSB1171 (3.10%)
  Node YS02001774 (2.73%)
  
  
  ***************************
  Time-Step Critical Elements
  ***************************
  Link 3 (63.51%)
  Link WS02006252WS02006251 (31.46%)
  
  
  ********************************
  Highest Flow Instability Indexes
  ********************************
  Link WS02006113WS02006111 (35)
  Link YS02163301YS02001633 (29)
  Link YS02163601YS02164001 (28)
  Link YS02001629YS02163301 (28)
  Link YS02001619YS02001622 (27)
  
  
  *************************
  Routing Time Step Summary
  *************************
  Minimum Time Step           :     0.50 sec
  Average Time Step           :     0.75 sec
  Maximum Time Step           :     5.00 sec
  Percent in Steady State     :    -0.00
  Average Iterations per Step :     3.90
  Percent Not Converging      :    14.94
  
  
  ***************************
  Subcatchment Runoff Summary
  ***************************
  
  ------------------------------------------------------------------------------------------------------------------------------
                            Total      Total      Total      Total     Imperv       Perv      Total       Total     Peak  Runoff
                           Precip      Runon       Evap      Infil     Runoff     Runoff     Runoff      Runoff   Runoff   Coeff
  Subcatchment                 mm         mm         mm         mm         mm         mm         mm    10^6 ltr      LPS
  ------------------------------------------------------------------------------------------------------------------------------
  sub0                      12.16       0.00       0.00       0.85      10.05       0.00      10.05        0.01     1.91   0.826
  sub1                      12.16       0.00       0.00       1.34       9.59       0.00       9.59        0.06    14.15   0.788
  sub2                      12.16       0.00       0.00       4.50       6.78       0.00       6.78        0.06    13.75   0.557
  sub3                      12.16       0.00       0.00       4.50       6.75       0.00       6.75        0.15    32.07   0.555
  sub4                      12.16       0.00       0.00       1.34       9.49       0.00       9.49        0.20    40.20   0.780
  sub5                      12.16       0.00       0.00       0.85      10.02       0.00      10.02        0.11    25.19   0.824
  sub7                      12.16       0.00       0.00       1.09       9.82       0.00       9.82        0.03     7.55   0.808
  sub8                      12.16       0.00       0.00       1.09       9.82       0.00       9.82        0.06    14.17   0.807
  sub9                      12.16       0.00       0.00       1.09       9.82       0.00       9.82        0.05    10.64   0.807
  sub10                     12.16       0.00       0.00       0.97       9.92       0.00       9.92        0.11    24.40   0.815
  sub11                     12.16       0.00       0.00       0.97       9.93       0.00       9.93        0.12    26.15   0.816
  sub12                     12.16       0.00       0.00       1.58       9.40       0.00       9.40        0.08    19.06   0.773
  sub14                     12.16       0.00       0.00       1.09       9.82       0.00       9.82        0.09    21.02   0.807
  sub15                     12.16       0.00       0.00       3.65       7.55       0.00       7.55        0.13    29.11   0.621
  sub16                     12.16       0.00       0.00       4.01       7.24       0.00       7.24        0.08    17.47   0.595
  sub17                     12.16       0.00       0.00       3.89       7.34       0.00       7.34        0.06    14.47   0.604
  sub22                     12.16       0.00       0.00       5.23       6.15       0.00       6.15        0.39    88.27   0.506
  sub23                     12.16       0.00       0.00       4.50       6.80       0.00       6.80        0.32    73.89   0.559
  sub60                     12.16       0.00       0.00       1.46       8.26       0.00       8.26        2.50   297.17   0.679
  sub61                     12.16       0.00       0.00       2.07       8.23       0.00       8.23        2.54   359.80   0.677
  sub62                     12.16       0.00       0.00       0.97       9.00       0.00       9.00        2.77   372.87   0.740
  sub63                     12.16       0.00       0.00       3.53       7.16       0.00       7.16        2.17   327.80   0.589
  sub64                     12.16       0.00       0.00       1.82       7.94       0.00       7.94        2.41   282.66   0.653
  sub65                     12.16       0.00       0.00       1.58       8.08       0.00       8.08        2.49   287.20   0.665
  sub66                     12.16       0.00       0.00       3.53       6.77       0.00       6.77        2.07   257.27   0.556
  sub67                     12.16       0.00       0.00       0.97       9.36       0.00       9.36        2.89   452.90   0.769
  sub68                     12.16       0.00       0.00       1.70       8.63       0.00       8.63        2.65   391.99   0.709
  sub69                     12.16       0.00       0.00       1.82       8.82       0.00       8.82        2.06   355.79   0.725
  sub70                     12.16       9.00       0.00       7.10      12.09       0.10      12.19        2.79   335.00   0.576
  sub71                     12.16       0.00       0.00       0.97       8.83       0.00       8.83        2.08   263.63   0.726
  sub72                     12.16       0.00       0.00       0.85       7.42       0.00       7.42        1.51   129.40   0.610
  sub73                     12.16      11.86       0.00       8.09      13.55       0.08      13.63        3.20   300.52   0.567
  sub74                     12.16       0.00       0.00       9.12       2.62       0.00       2.62        1.05   189.59   0.215
  
  
  ******************
  Node Depth Summary
  ******************
  
  ---------------------------------------------------------------------------------
                                 Average  Maximum  Maximum  Time of Max    Reported
                                   Depth    Depth      HGL   Occurrence   Max Depth
  Node                 Type       Meters   Meters   Meters  days hr:min      Meters
  ---------------------------------------------------------------------------------
  WS02001211           JUNCTION     0.62     0.69     5.53     0  09:51        0.69
  WS02001212           JUNCTION     0.35     0.41     5.47     0  03:08        0.41
  WS02001213           JUNCTION     0.59     0.69     5.45     0  03:08        0.69
  WS02003069           JUNCTION     0.43     0.56     5.14     0  03:07        0.56
  WS02003072           JUNCTION     0.50     0.62     4.99     0  03:08        0.62
  WS02003073           JUNCTION     0.30     0.38     4.44     0  03:08        0.38
  WS02003060           JUNCTION     0.38     0.49     5.43     0  03:06        0.49
  WS02003066           JUNCTION     0.24     0.33     5.88     0  03:06        0.33
  WS02003059           JUNCTION     0.66     0.75     5.44     0  03:07        0.75
  WS02003067           JUNCTION     0.60     0.75     6.07     0  03:05        0.75
  WS02004401           JUNCTION     0.70     0.98     6.98     0  03:04        0.98
  WS02004402           JUNCTION     0.73     1.00     6.96     0  03:03        1.00
  WS02004403           JUNCTION     0.75     1.00     6.93     0  03:03        1.00
  WS02004404           JUNCTION     0.83     1.06     6.91     0  03:03        1.06
  WS02004406           JUNCTION     0.83     1.03     6.86     0  03:03        1.03
  WS02004409           JUNCTION     0.52     0.76     6.53     0  03:05        0.76
  WS02004410           JUNCTION     0.54     0.76     6.48     0  03:05        0.76
  WS02004411           JUNCTION     0.55     0.77     6.45     0  03:05        0.77
  WS02004412           JUNCTION     0.57     0.76     6.40     0  03:05        0.76
  WS02004413           JUNCTION     0.72     0.92     6.39     0  03:05        0.92
  WS02004405           JUNCTION     0.82     1.05     6.90     0  03:03        1.05
  WS02006109           JUNCTION     0.79     1.11     7.73     0  03:02        1.10
  WS02006110           JUNCTION     0.77     1.03     7.61     0  02:59        1.02
  WS02006111           JUNCTION     0.23     0.36     7.07     0  03:03        0.36
  WS02006112           JUNCTION     0.88     1.20     7.08     0  03:08        1.19
  WS02006113           JUNCTION     0.36     0.51     7.41     0  03:02        0.51
  WS02006115           JUNCTION     0.60     0.89     7.03     0  03:04        0.89
  WS02006116           JUNCTION     0.68     0.97     7.01     0  03:04        0.97
  WS02006230           JUNCTION     0.76     1.17     7.92     0  03:02        1.17
  WS02006231           JUNCTION     0.51     0.83     7.95     0  03:02        0.83
  WS02006232           JUNCTION     0.65     0.95     7.99     0  03:02        0.95
  WS02006234           JUNCTION     0.57     0.86     8.02     0  03:02        0.86
  WS02006235           JUNCTION     0.60     0.89     8.05     0  03:01        0.88
  WS02006238           JUNCTION     0.63     0.91     8.06     0  03:02        0.90
  WS02006240           JUNCTION     0.52     0.79     8.09     0  03:02        0.79
  WS02006242           JUNCTION     0.57     0.84     8.11     0  03:02        0.84
  WS02006243           JUNCTION     0.44     0.71     8.13     0  03:02        0.71
  WS02006245           JUNCTION     0.42     0.66     8.15     0  03:02        0.66
  WS02006247           JUNCTION     0.44     0.66     8.16     0  03:02        0.66
  WS02006248           JUNCTION     0.38     0.58     8.17     0  03:02        0.58
  WS02006249           JUNCTION     0.41     0.59     8.18     0  03:02        0.59
  WS02006239           JUNCTION     0.58     0.86     8.07     0  03:02        0.86
  WS02006251           JUNCTION     0.39     0.59     8.26     0  09:30        0.59
  WS02006252           JUNCTION     0.33     0.58     8.83     0  08:40        0.58
  WS02006253           JUNCTION     0.42     0.62     8.27     0  09:30        0.62
  WS02006256           JUNCTION     1.10     2.35     9.28     0  00:00        1.22
  WS02004138           JUNCTION     0.14     0.17     7.42     0  09:50        0.17
  WS02004407           JUNCTION     0.23     0.33     6.64     0  03:04        0.33
  WS02006228           JUNCTION     0.79     1.18     7.83     0  03:02        1.17
  WS02006229           JUNCTION     0.77     1.19     7.88     0  03:02        1.19
  WS02006280           JUNCTION     0.07     0.19     8.46     0  03:02        0.19
  WS02006284           JUNCTION     0.37     0.55     8.95     0  03:02        0.55
  WS02006287           JUNCTION     0.10     0.28     9.24     0  03:01        0.28
  WSF200               JUNCTION     0.24     0.35     5.58     0  03:06        0.35
  HS02004901           JUNCTION     0.13     0.28    10.10     0  03:01        0.28
  HS02004881           JUNCTION     0.01     0.04     9.07     0  03:01        0.04
  HS02004876           JUNCTION     0.04     0.12     9.15     0  03:01        0.12
  HS02004870           JUNCTION     0.02     0.06     9.35     0  03:01        0.06
  HS02004862           JUNCTION     0.02     0.07     9.46     0  03:01        0.07
  HS02004856           JUNCTION     0.08     0.13     9.55     0  03:01        0.13
  HS02004852           JUNCTION     0.01     0.05     9.56     0  03:01        0.05
  HS02004848           JUNCTION     0.01     0.05     9.65     0  03:01        0.05
  HS02004842           JUNCTION     0.33     0.38     9.65     0  03:01        0.38
  HS02004837           JUNCTION     0.03     0.07     9.65     0  03:01        0.07
  HS02004830           JUNCTION     0.04     0.08     9.55     0  03:01        0.08
  HS02004824           JUNCTION     0.02     0.06     9.46     0  03:01        0.06
  HS02004817           JUNCTION     0.44     0.60     9.44     0  03:01        0.60
  HS02004807           JUNCTION     0.13     0.27     9.44     0  03:01        0.27
  HS02004802           JUNCTION     0.17     0.30     9.43     0  03:01        0.30
  HS02004799           JUNCTION     0.12     0.33     9.54     0  03:01        0.33
  HS02004792           JUNCTION     0.03     0.14     9.66     0  03:01        0.14
  HS02004788           JUNCTION     0.03     0.10    10.00     0  03:01        0.10
  HS02004785           JUNCTION     0.05     0.17    10.07     0  03:01        0.17
  HS02004777           JUNCTION     0.15     0.30    10.10     0  03:01        0.30
  HS02004770           JUNCTION     0.12     0.27    10.10     0  03:01        0.27
  HS02004480           JUNCTION     0.08     0.26     9.50     0  03:01        0.26
  HS02004479           JUNCTION     0.12     0.30     9.50     0  03:01        0.30
  HS02004478           JUNCTION     0.06     0.18     9.41     0  03:01        0.18
  YS02001745           JUNCTION     0.71     0.88     8.39     0  03:23        0.87
  YS02001748           JUNCTION     1.11     2.27     9.35     0  02:41        1.47
  YS02001751           JUNCTION     1.30     2.16     9.04     0  02:43        1.53
  YS02001754           JUNCTION     1.56     2.15     8.76     0  02:43        1.81
  YS02001762           JUNCTION     1.76     2.10     8.50     0  02:42        2.02
  YS02001765           JUNCTION     1.71     2.04     8.49     0  02:42        1.97
  YS02001767           JUNCTION     1.67     1.98     8.46     0  02:42        1.92
  YS02001770           JUNCTION     1.67     1.95     8.44     0  02:42        1.90
  YS02001774           JUNCTION     1.74     2.01     8.43     0  02:42        1.96
  YS02001779           JUNCTION     1.48     1.68     8.37     0  02:42        1.68
  YS02001882           JUNCTION     0.48     1.70     8.42     0  02:57        1.60
  YS02001884           JUNCTION     0.58     1.79     8.41     0  02:57        1.71
  YS02001759           JUNCTION     1.79     2.11     8.47     0  02:42        2.06
  YS02001887           JUNCTION     0.65     1.84     8.37     0  02:57        1.77
  YS02001890           JUNCTION     0.68     1.81     8.32     0  02:57        1.80
  YS02001898           JUNCTION     0.45     1.58     8.31     0  02:57        1.54
  YS02001901           JUNCTION     0.57     1.68     8.29     0  02:57        1.67
  YS02001904           JUNCTION     0.55     1.64     8.27     0  02:57        1.63
  YS02001907           JUNCTION     0.88     1.96     8.25     0  02:57        1.96
  YS02001910           JUNCTION     0.67     1.81     8.32     0  02:59        1.77
  YS02001915           JUNCTION     0.46     1.65     8.37     0  02:59        1.60
  YS02001918           JUNCTION     0.23     1.39     8.45     0  02:59        1.28
  YS02001619           JUNCTION     1.26     1.61     8.54     0  02:34        1.48
  YS02001629           JUNCTION     1.62     1.85     8.40     0  02:36        1.84
  YS02001641           JUNCTION     1.73     1.98     8.41     0  02:44        1.93
  YS02001644           JUNCTION     1.73     1.92     8.35     0  02:43        1.92
  YS02001652           JUNCTION     1.57     2.16     8.76     0  02:55        2.02
  YS02001655           JUNCTION     1.33     2.20     9.05     0  02:40        1.88
  YS02001920           JUNCTION     0.33     1.49     8.50     0  02:59        1.37
  YS02001923           JUNCTION     0.18     1.27     8.53     0  02:59        1.13
  YS02001926           JUNCTION     0.24     1.12     8.56     0  02:59        0.97
  YS02001929           JUNCTION     0.13     0.79     8.48     0  03:00        0.79
  YS02001658           JUNCTION     1.05     2.30     9.44     0  02:40        1.70
  YS02001661           JUNCTION     0.82     2.46     9.86     0  02:56        1.53
  YS02001664           JUNCTION     0.36     0.57     8.50     0  02:54        0.56
  YS02001622           JUNCTION     1.28     1.62     8.52     0  02:34        1.50
  YS02001633           JUNCTION     1.72     2.00     8.46     0  02:42        1.94
  YS02001649           JUNCTION     1.77     2.05     8.44     0  02:40        2.05
  YS02001757           JUNCTION     1.89     2.21     8.47     0  02:42        2.16
  YS02001895           JUNCTION     0.44     1.57     8.32     0  02:57        1.55
  YS02001625           JUNCTION     1.57     1.78     8.38     0  02:34        1.78
  YS02163301           JUNCTION     1.65     1.95     8.46     0  02:42        1.87
  YS02163601           JUNCTION     1.77     2.06     8.46     0  02:44        1.98
  YS02164001           JUNCTION     1.71     1.99     8.45     0  02:44        1.91
  YS02001647           JUNCTION     1.55     1.81     8.42     0  02:45        1.79
  YSB1154              JUNCTION     0.26     0.45     9.51     0  03:01        0.45
  YSB6556              JUNCTION     0.15     0.34     9.51     0  03:01        0.34
  YSB1174              JUNCTION     0.21     0.40     9.51     0  03:01        0.40
  YSB1171              JUNCTION     0.41     0.60     9.51     0  03:01        0.60
  YS02006553           JUNCTION     0.88     2.09     8.37     0  02:57        1.96
  YS02006561           JUNCTION     0.27     1.75     8.41     0  02:57        1.07
  YS02006556           JUNCTION     0.85     2.19     8.50     0  02:57        1.91
  YS02006558           JUNCTION     0.89     2.26     8.53     0  02:57        1.95
  YS02001783           JUNCTION     0.45     1.89     8.03     0  02:57        1.46
  YS02001784           JUNCTION     0.47     1.87     7.94     0  02:56        1.41
  YS02001786           JUNCTION     0.41     2.23     8.26     0  02:56        1.25
  YS02001788           JUNCTION     0.33     2.20     8.18     0  02:56        1.13
  YS02001790           JUNCTION     0.41     1.96     7.60     0  02:56        1.29
  YS02001791           JUNCTION     0.34     1.82     7.29     0  02:56        1.27
  YS02001793           JUNCTION     0.40     1.86     6.70     0  02:56        1.80
  WS02004139           JUNCTION     0.56     0.63     5.54     0  09:50        0.63
  WSC                  OUTFALL      0.30     0.38     1.05     0  03:09        0.38
  3                    OUTFALL      0.14     0.23     6.23     0  00:00        0.21
  4                    OUTFALL      0.01     0.09     7.09     0  03:02        0.08
  5                    OUTFALL      0.00     0.00     5.00     0  00:00        0.00
  JK-storage           STORAGE      1.36     5.80     6.60     0  02:57        5.80
  CC-storage           STORAGE      1.12     1.37     8.37     0  03:26        1.37
  XR-storage           STORAGE      7.56     7.72     5.72     0  02:15        7.72
  
  
  *******************
  Node Inflow Summary
  *******************
  
  -------------------------------------------------------------------------------------------------
                                  Maximum  Maximum                  Lateral       Total        Flow
                                  Lateral    Total  Time of Max      Inflow      Inflow     Balance
                                   Inflow   Inflow   Occurrence      Volume      Volume       Error
  Node                 Type           LPS      LPS  days hr:min    10^6 ltr    10^6 ltr     Percent
  -------------------------------------------------------------------------------------------------
  WS02001211           JUNCTION      7.35   286.59     0  09:50       0.264        6.97       0.462
  WS02001212           JUNCTION      0.00   282.95     0  09:51           0        6.93       0.242
  WS02001213           JUNCTION      0.00   282.90     0  09:51           0        6.92       0.302
  WS02003069           JUNCTION      0.32   878.84     0  03:07      0.0115        18.1       0.145
  WS02003072           JUNCTION      0.00   878.70     0  03:07           0          18       0.183
  WS02003073           JUNCTION      1.82   880.42     0  03:08      0.0656        18.1       0.206
  WS02003060           JUNCTION     16.53   878.76     0  03:06       0.595        18.1       0.136
  WS02003066           JUNCTION      0.00   666.51     0  03:06           0        10.6       0.036
  WS02003059           JUNCTION      0.00   284.40     0  09:52           0         6.9       0.514
  WS02003067           JUNCTION      0.00   666.40     0  03:06           0        10.6       0.078
  WS02004401           JUNCTION      0.00   668.57     0  03:03           0        10.8       0.177
  WS02004402           JUNCTION      0.00   667.77     0  03:03           0        10.8       0.169
  WS02004403           JUNCTION      0.00   667.46     0  03:04           0        10.8       0.155
  WS02004404           JUNCTION      0.16   667.17     0  03:04     0.00583        10.8       0.119
  WS02004406           JUNCTION      0.00   667.26     0  03:04           0        10.8       0.289
  WS02004409           JUNCTION      0.00   667.18     0  03:04           0        10.7       0.126
  WS02004410           JUNCTION      0.00   666.94     0  03:04           0        10.7       0.145
  WS02004411           JUNCTION      0.00   666.70     0  03:05           0        10.7       0.151
  WS02004412           JUNCTION      0.00   666.57     0  03:05           0        10.7       0.166
  WS02004413           JUNCTION      0.00   666.45     0  03:05           0        10.7       0.252
  WS02004405           JUNCTION      0.04   667.22     0  03:04     0.00137        10.8       0.180
  WS02006109           JUNCTION      1.23   659.88     0  03:02      0.0443        10.9       0.172
  WS02006110           JUNCTION      0.00   659.80     0  03:02           0        10.9       0.164
  WS02006111           JUNCTION      0.00   694.83     0  03:02           0        10.8       0.032
  WS02006112           JUNCTION     14.47   671.48     0  03:03       0.063        10.9       0.236
  WS02006113           JUNCTION      0.00   661.06     0  03:02           0        10.8       0.075
  WS02006115           JUNCTION      0.00   671.93     0  03:03           0        10.9       0.161
  WS02006116           JUNCTION      0.00   668.76     0  03:03           0        10.8       0.158
  WS02006230           JUNCTION     10.28   386.98     0  09:32        0.37         8.9       0.129
  WS02006231           JUNCTION      0.00   378.00     0  09:32           0        8.54       0.108
  WS02006232           JUNCTION      0.00   378.32     0  09:32           0        8.55       0.164
  WS02006234           JUNCTION      0.00   379.47     0  09:31           0        8.56       0.063
  WS02006235           JUNCTION      0.00   380.50     0  09:31           0         8.6       0.107
  WS02006238           JUNCTION      0.00   307.92     0  09:32           0         5.6       0.103
  WS02006240           JUNCTION      0.00   314.79     0  09:31           0        5.58       0.134
  WS02006242           JUNCTION      0.00   328.81     0  08:41           0        5.57       0.164
  WS02006243           JUNCTION      0.00   339.78     0  08:41           0        5.56      -0.094
  WS02006245           JUNCTION      0.00   345.44     0  08:41           0        5.57       0.136
  WS02006247           JUNCTION      0.00   350.44     0  08:41           0        5.57       0.061
  WS02006248           JUNCTION      0.00   354.59     0  08:40           0        5.57       0.002
  WS02006249           JUNCTION      0.00   390.45     0  09:30           0        5.75       0.110
  WS02006239           JUNCTION      0.00   310.06     0  09:31           0        5.58       0.117
  WS02006251           JUNCTION      0.08   399.94     0  08:40     0.00277        5.77       0.026
  WS02006252           JUNCTION      0.00   399.88     0  09:30           0        5.38       0.003
  WS02006253           JUNCTION      1.91    81.00     0  03:01     0.00814       0.385       0.116
  WS02006256           JUNCTION      0.00   600.00     0  00:00           0        11.2       0.017
  WS02004138           JUNCTION      0.00   284.96     0  09:50           0        6.73       0.057
  WS02004407           JUNCTION      0.00   667.34     0  03:04           0        10.7       0.058
  WS02006228           JUNCTION      0.00   658.69     0  03:02           0        10.8       0.126
  WS02006229           JUNCTION      0.00   657.54     0  03:02           0        10.9       0.097
  WS02006280           JUNCTION      0.00   375.54     0  03:02           0        1.97       0.003
  WS02006284           JUNCTION      0.10   375.54     0  03:02     0.00344        1.97       0.060
  WS02006287           JUNCTION      0.00   375.26     0  03:01           0        1.97       0.035
  WSF200               JUNCTION      0.00   666.56     0  03:06           0        10.6       0.032
  HS02004901           JUNCTION     17.47    17.47     0  03:01      0.0757       0.076       2.337
  HS02004881           JUNCTION      7.55    79.19     0  03:01      0.0331       0.359       0.085
  HS02004876           JUNCTION     14.15    72.10     0  03:01      0.0638       0.327       0.143
  HS02004870           JUNCTION     14.17    58.27     0  03:01      0.0627       0.263       0.035
  HS02004862           JUNCTION     13.95    44.46     0  03:01      0.0703         0.2       0.076
  HS02004856           JUNCTION     10.64    30.80     0  03:01      0.0472       0.131       1.094
  HS02004852           JUNCTION      0.00    20.44     0  03:01           0      0.0843       0.042
  HS02004848           JUNCTION     32.07    32.07     0  03:01       0.152       0.152       0.019
  HS02004842           JUNCTION      0.00    11.42     0  03:01           0      0.0807      19.199
  HS02004837           JUNCTION     30.75    41.91     0  03:01       0.338       0.406       0.200
  HS02004830           JUNCTION      0.15    41.84     0  03:01      0.0054       0.397       0.310
  HS02004824           JUNCTION     40.25    81.79     0  03:01         0.2       0.596       0.089
  HS02004817           JUNCTION      0.60    82.18     0  03:01      0.0216       0.617       2.774
  HS02004807           JUNCTION     26.15   107.25     0  03:01       0.115       0.715       0.598
  HS02004802           JUNCTION      0.00   106.49     0  03:01           0       0.712       0.564
  HS02004799           JUNCTION     21.02   227.51     0  03:01      0.0934        1.08       0.227
  HS02004792           JUNCTION     88.55   207.33     0  03:01       0.399       0.984       0.040
  HS02004788           JUNCTION     30.78   119.38     0  03:01        0.19       0.587       0.064
  HS02004785           JUNCTION      0.15    89.79     0  03:01      0.0054       0.398       0.107
  HS02004777           JUNCTION      0.03    90.24     0  03:01     0.00108       0.397       1.306
  HS02004770           JUNCTION     73.89    90.93     0  03:01       0.324       0.399       0.772
  HS02004480           JUNCTION      0.00   269.27     0  03:01           0        1.27       0.094
  HS02004479           JUNCTION      0.00    42.82     0  03:02           0       0.204       0.352
  HS02004478           JUNCTION      0.00   375.17     0  03:01           0        1.97       0.016
  YS02001745           JUNCTION    297.18   407.80     0  02:42         2.5        2.51       0.387
  YS02001748           JUNCTION      0.04   598.22     0  02:42     0.00162        2.51       0.913
  YS02001751           JUNCTION      0.01   308.90     0  03:01    0.000396        2.47       0.968
  YS02001754           JUNCTION      0.26   309.40     0  03:01     0.00936        2.46       1.018
  YS02001762           JUNCTION      0.00   334.90     0  02:54           0        1.92       1.102
  YS02001765           JUNCTION      0.00   334.93     0  02:54           0        1.92       1.274
  YS02001767           JUNCTION      0.54   335.00     0  02:55      0.0193        1.94       1.862
  YS02001770           JUNCTION    373.02   373.02     0  03:01        2.77        2.82       1.135
  YS02001774           JUNCTION      0.00   290.39     0  03:28           0       0.917       2.809
  YS02001779           JUNCTION      0.01   290.70     0  03:28     0.00018       0.883       1.745
  YS02001882           JUNCTION      0.00    16.42     0  02:30           0      0.0204       8.856
  YS02001884           JUNCTION      0.00    27.88     0  02:30           0      0.0573       9.270
  YS02001759           JUNCTION    359.84   661.39     0  02:55        2.54        4.38       0.524
  YS02001887           JUNCTION    453.35   453.42     0  03:01         2.9        2.94       0.241
  YS02001890           JUNCTION      0.00   453.44     0  03:01           0        2.89       0.270
  YS02001898           JUNCTION      0.00   453.49     0  03:01           0        2.88       0.075
  YS02001901           JUNCTION      0.00   453.46     0  03:01           0        2.88       0.193
  YS02001904           JUNCTION      0.00   453.52     0  03:01           0        2.87       0.177
  YS02001907           JUNCTION      0.00  1026.87     0  03:00           0        6.55       0.344
  YS02001910           JUNCTION      0.00   576.19     0  03:00           0        3.69       0.278
  YS02001915           JUNCTION    263.65   575.95     0  03:00        2.08        3.71       0.116
  YS02001918           JUNCTION      0.00   313.05     0  03:00           0        1.64       0.084
  YS02001619           JUNCTION    257.27   257.27     0  03:01        2.07        2.07       0.587
  YS02001629           JUNCTION      0.00   208.09     0  02:49           0        1.76       1.644
  YS02001641           JUNCTION      0.00   439.07     0  02:50           0        4.15       0.510
  YS02001644           JUNCTION    282.70  1000.97     0  03:24        2.41        8.58       0.308
  YS02001652           JUNCTION      0.00   374.15     0  03:00           0        2.12       1.107
  YS02001655           JUNCTION      0.15   373.94     0  03:00     0.00554        2.15       1.190
  YS02001920           JUNCTION      2.87   313.11     0  03:00       0.103        1.64       0.144
  YS02001923           JUNCTION      0.04   312.73     0  03:00     0.00136        1.53       0.025
  YS02001926           JUNCTION      0.05   241.07     0  03:01     0.00188        1.52       0.173
  YS02001929           JUNCTION    129.40   164.08     0  02:59        1.51        1.51       0.026
  YS02001658           JUNCTION      0.00   597.95     0  02:40           0        2.17       1.032
  YS02001661           JUNCTION      0.00   695.94     0  02:54           0        2.92      -0.113
  YS02001664           JUNCTION    327.80   361.93     0  02:54        2.17        2.92       0.174
  YS02001622           JUNCTION      0.00   257.29     0  03:01           0        2.06       1.557
  YS02001633           JUNCTION    287.40   439.68     0  02:49        2.49         4.2       0.766
  YS02001649           JUNCTION      0.00   933.63     0  02:50           0        5.33       0.703
  YS02001757           JUNCTION      0.00  1777.90     0  02:51           0          10       0.930
  YS02001895           JUNCTION      0.00   453.47     0  03:01           0        2.88       0.131
  YS02001625           JUNCTION      0.00   257.31     0  03:01           0        2.03       1.915
  YS02163301           JUNCTION      0.00   208.72     0  02:39           0        1.74       1.390
  YS02163601           JUNCTION      0.11   439.60     0  02:49     0.00396        4.17       0.726
  YS02164001           JUNCTION      0.00   439.47     0  02:49           0        4.15       0.484
  YS02001647           JUNCTION      0.00   666.75     0  02:50           0        4.24       0.670
  YSB1154              JUNCTION     25.19    25.19     0  03:01       0.113       0.114       1.271
  YSB6556              JUNCTION      0.00    24.91     0  03:01           0       0.115       1.079
  YSB1174              JUNCTION     19.06    19.06     0  03:01      0.0821      0.0828       1.563
  YSB1171              JUNCTION      0.00    43.19     0  03:01           0       0.203       3.195
  YS02006553           JUNCTION      0.00   697.80     0  02:56           0         6.4       0.224
  YS02006561           JUNCTION      0.00  1062.03     0  02:56           0        9.03       0.003
  YS02006556           JUNCTION      0.00   697.88     0  02:56           0         6.4       0.160
  YS02006558           JUNCTION    392.87  1062.27     0  02:56        2.68        9.06       0.053
  YS02001783           JUNCTION      0.00  1057.16     0  02:56           0        9.03       0.017
  YS02001784           JUNCTION      1.06  1058.17     0  02:56      0.0382        9.07       0.030
  YS02001786           JUNCTION      0.06  1058.05     0  02:56     0.00203        9.07       0.028
  YS02001788           JUNCTION      0.07  1047.00     0  02:56     0.00256        9.07       0.014
  YS02001790           JUNCTION      0.15  1042.77     0  02:55     0.00558        9.07       0.021
  YS02001791           JUNCTION      0.00  1088.26     0  02:54           0        9.07       0.006
  YS02001793           JUNCTION      0.00  1009.61     0  02:53           0        9.07       0.000
  WS02004139           JUNCTION      0.32   284.58     0  09:50      0.0116        6.73       0.490
  WSC                  OUTFALL       0.00   880.26     0  03:09           0          18       0.000
  3                    OUTFALL       0.00   597.65     0  00:00           0        8.15       0.000
  4                    OUTFALL       0.00    73.22     0  03:02           0       0.172       0.000
  5                    OUTFALL       0.00     0.00     0  00:00           0           0       0.000 ltr
  JK-storage           STORAGE       0.00   989.99     0  02:55           0        9.22     -23.480
  CC-storage           STORAGE       0.00  1777.70     0  02:51           0        8.85       0.693
  XR-storage           STORAGE     690.11   690.11     0  03:01        11.4          12      -0.001
  
  
  **********************
  Node Surcharge Summary
  **********************
  
  Surcharging occurs when water rises above the top of the highest conduit.
  ---------------------------------------------------------------------
                                               Max. Height   Min. Depth
                                   Hours       Above Crown    Below Rim
  Node                 Type      Surcharged         Meters       Meters
  ---------------------------------------------------------------------
  WS02004404           JUNCTION        0.77          0.060        2.720
  WS02004406           JUNCTION        0.45          0.032        2.418
  WS02004405           JUNCTION        0.61          0.047        2.753
  WS02006109           JUNCTION        1.71          0.293        1.527
  WS02006110           JUNCTION        1.14          0.115        1.735
  WS02006112           JUNCTION        1.26          0.199        1.481
  WS02006230           JUNCTION        0.68          0.095        1.475
  WS02006231           JUNCTION        0.93          0.121        1.409
  WS02006232           JUNCTION        1.69          0.253        1.227
  WS02006234           JUNCTION        1.11          0.142        1.098
  WS02006235           JUNCTION        1.26          0.176        1.114
  WS02006238           JUNCTION        1.35          0.192        1.238
  WS02006240           JUNCTION        0.96          0.082        1.308
  WS02006242           JUNCTION        1.09          0.109        0.711
  WS02006243           JUNCTION        0.02          0.001        0.769
  WS02006239           JUNCTION        1.09          0.118        1.172
  WS02006252           JUNCTION        0.38          0.185        0.915
  WS02006256           JUNCTION        0.01          1.050        0.000
  WS02006228           JUNCTION        1.68          0.349        1.851
  YS02001748           JUNCTION        7.22          1.190        0.000
  YS02001751           JUNCTION        7.37          1.158        0.042
  YS02001754           JUNCTION        7.56          1.098        0.052
  YS02001762           JUNCTION        7.80          1.101        0.049
  YS02001765           JUNCTION        7.78          1.043        0.057
  YS02001767           JUNCTION        7.75          0.975        0.055
  YS02001770           JUNCTION        7.72          0.920        0.000
  YS02001774           JUNCTION        7.79          1.008        0.042
  YS02001779           JUNCTION        7.55          0.680        0.000
  YS02001882           JUNCTION        0.72          0.704        0.126
  YS02001884           JUNCTION        0.76          0.729        0.141
  YS02001759           JUNCTION        7.83          1.108        0.102
  YS02001887           JUNCTION        0.86          0.786        0.164
  YS02001890           JUNCTION        0.90          0.760        0.000
  YS02001898           JUNCTION        0.66          0.546        0.194
  YS02001901           JUNCTION        0.82          0.684        0.186
  YS02001904           JUNCTION        0.79          0.643        0.207
  YS02001907           JUNCTION        1.49          0.950        0.000
  YS02001910           JUNCTION        0.95          0.812        0.288
  YS02001915           JUNCTION        0.70          0.648        0.352
  YS02001918           JUNCTION        0.41          0.388        0.422
  YS02001619           JUNCTION        7.38          0.610        0.000
  YS02001629           JUNCTION        7.39          0.470        0.000
  YS02001641           JUNCTION        7.79          0.977        0.123
  YS02001644           JUNCTION        7.79          0.920        0.000
  YS02001652           JUNCTION        7.58          1.130        0.000
  YS02001655           JUNCTION        7.41          1.200        0.000
  YS02001920           JUNCTION        0.45          0.488        0.652
  YS02001923           JUNCTION        0.01          0.063        0.757
  YS02001926           JUNCTION        0.01          0.117        0.783
  YS02001658           JUNCTION        7.25          1.300        0.000
  YS02001661           JUNCTION        0.23          1.390        0.000
  YS02001622           JUNCTION        7.42          0.620        0.000
  YS02001633           JUNCTION        7.77          0.983        0.077
  YS02001649           JUNCTION        7.81          1.050        0.000
  YS02001757           JUNCTION        7.91          1.210        0.000
  YS02001895           JUNCTION        0.68          0.569        0.181
  YS02001625           JUNCTION        7.60          0.780        0.000
  YS02163301           JUNCTION        7.74          0.946        0.084
  YS02163601           JUNCTION        7.81          1.058        0.022
  YS02164001           JUNCTION        7.77          0.990        0.110
  YS02001647           JUNCTION        7.58          0.813        0.087
  YS02006553           JUNCTION        1.54          1.088        0.102
  YS02006561           JUNCTION        0.52          0.949        0.201
  YS02006556           JUNCTION        1.19          1.153        0.197
  YS02006558           JUNCTION        1.15          1.165        0.235
  YS02001783           JUNCTION        1.10          1.094        0.506
  YS02001784           JUNCTION        1.11          1.071        0.419
  YS02001786           JUNCTION        0.94          1.430        0.000
  YS02001788           JUNCTION        0.94          1.400        0.080
  YS02001790           JUNCTION        1.13          1.157        0.000
  YS02001791           JUNCTION        1.18          1.015        0.905
  YS02001793           JUNCTION        1.29          0.865        1.735
  
  
  *********************
  Node Flooding Summary
  *********************
  
  Flooding refers to all water that overflows a node, whether it ponds or not.
  --------------------------------------------------------------------------
                                                             Total   Maximum
                                 Maximum   Time of Max       Flood    Ponded
                        Hours       Rate    Occurrence      Volume     Depth
  Node                 Flooded       LPS   days hr:min    10^6 ltr    Meters
  --------------------------------------------------------------------------
  WS02006256              0.01    406.11      0  00:00       0.001     0.000
  YS02001748              0.01    224.98      0  02:43       0.000     0.000
  YS02001770              0.01      6.17      0  02:43       0.000     0.000
  YS02001779              2.44    290.58      0  03:28       0.861     0.000
  YS02001890              0.01     14.84      0  02:57       0.000     0.000
  YS02001907              0.28    453.84      0  03:00       0.148     0.000
  YS02001619              0.01     25.39      0  02:34       0.000     0.000
  YS02001629              0.01     37.87      0  02:39       0.001     0.000
  YS02001644              5.22   1000.90      0  03:24       6.344     0.000
  YS02001652              0.01     23.11      0  03:08       0.000     0.000
  YS02001655              0.01     17.74      0  03:13       0.000     0.000
  YS02001658              0.01    236.29      0  02:40       0.000     0.000
  YS02001661              0.01    181.90      0  02:59       0.002     0.000
  YS02001622              0.01     46.43      0  02:40       0.000     0.000
  YS02001649              0.10     50.18      0  03:08       0.006     0.000
  YS02001757              0.01     18.05      0  02:43       0.000     0.000
  YS02001625              0.85    168.48      0  03:01       0.236     0.000
  YS02001786              0.01     36.84      0  02:56       0.000     0.000
  YS02001790              0.01     65.94      0  02:56       0.000     0.000
  JK-storage              0.94    365.51      0  03:00       0.863     0.000
  XR-storage              7.31    500.08      0  03:01       4.414     0.000
  
  
  **********************
  Storage Volume Summary
  **********************
  
  --------------------------------------------------------------------------------------------------
                         Average     Avg  Evap Exfil       Maximum     Max    Time of Max    Maximum
                          Volume    Pcnt  Pcnt  Pcnt        Volume    Pcnt     Occurrence    Outflow
  Storage Unit           1000 m3    Full  Loss  Loss       1000 m3    Full    days hr:min        LPS
  --------------------------------------------------------------------------------------------------
  JK-storage               0.068      23     0     0         0.291     100       0  02:57     600.00
  CC-storage               3.109      20     0     0         3.831      24       0  03:26     399.88
  XR-storage               0.908      98     0     0         0.926     100       0  02:15     284.96
  
  
  ***********************
  Outfall Loading Summary
  ***********************
  
  -----------------------------------------------------------
                         Flow       Avg       Max       Total
                         Freq      Flow      Flow      Volume
  Outfall Node           Pcnt       LPS       LPS    10^6 ltr
  -----------------------------------------------------------
  WSC                  100.00    567.53    880.26      18.021
  3                     91.60    329.09    597.65       8.149
  4                     19.19     33.99     73.22       0.172
  5                      0.00      0.00      0.00       0.000
  -----------------------------------------------------------
  System                52.70    930.60   1476.57      26.341
  
  
  ********************
  Link Flow Summary
  ********************
  
  -----------------------------------------------------------------------------
                                 Maximum  Time of Max   Maximum    Max/    Max/
                                  |Flow|   Occurrence   |Veloc|    Full    Full
  Link                 Type          LPS  days hr:min     m/sec    Flow   Depth
  -----------------------------------------------------------------------------
  WS02003066WSF200     CONDUIT    666.56     0  03:06      2.87    0.11    0.26
  WS02006287WS02006284 CONDUIT    375.44     0  03:02      1.98    0.17    0.29
  WS02006284WS02006280 CONDUIT    375.54     0  03:02      2.22    0.16    0.27
  WS02006280WS02006229 CONDUIT    375.57     0  03:02      3.58    0.08    0.19
  WS02006229WS02006228 CONDUIT    658.69     0  03:02      1.31    2.18    1.00
  WS02006256WS02006235 CONDUIT    177.52     0  00:01      2.73    1.88    1.00
  WS02006253WS02006251 CONDUIT     80.80     0  03:01      0.46    0.24    0.86
  WS02006252WS02006251 CONDUIT    399.86     0  08:40      3.18    1.47    1.00
  WS02006251WS02006249 CONDUIT    390.45     0  09:30      1.16    1.13    0.83
  WS02006249WS02006248 CONDUIT    354.59     0  08:40      1.17    1.94    0.82
  WS02006248WS02006247 CONDUIT    350.44     0  08:41      1.14    0.76    0.88
  WS02006247WS02006245 CONDUIT    345.44     0  08:41      1.12    2.74    0.94
  WS02006245WS02006243 CONDUIT    339.78     0  08:41      1.16    1.00    0.97
  WS02006243WS02006242 CONDUIT    328.81     0  08:41      1.02    0.70    1.00
  WS02006242WS02006240 CONDUIT    314.79     0  09:31      0.92    1.25    1.00
  WS02006240WS02006239 CONDUIT    310.06     0  09:31      0.92    0.98    1.00
  WS02006239WS02006238 CONDUIT    307.92     0  09:32      0.80    0.99    1.00
  WS02006238WS02006235 CONDUIT    307.58     0  09:32      1.32    0.69    1.00
  WS02006235WS02006234 CONDUIT    379.47     0  09:31      1.04    4.00    1.00
  WS02006234WS02006232 CONDUIT    378.32     0  09:32      1.17    0.77    1.00
  WS02006232WS02006231 CONDUIT    378.00     0  09:32      1.04    0.79    1.00
  WS02006231WS02006230 CONDUIT    376.71     0  09:32      1.37    5.71    1.00
  WS02006230WS02006229 CONDUIT    385.37     0  09:33      1.00    8.58    1.00
  WS02006228WS02006109 CONDUIT    658.65     0  03:02      1.31    2.88    1.00
  WS02006116WS02004401 CONDUIT    668.57     0  03:03      0.86    0.92    0.97
  WS02006115WS02006116 CONDUIT    668.76     0  03:03      0.90    0.86    0.90
  WS02006113WS02006111 CONDUIT    694.83     0  03:02      2.59    0.83    0.54
  WS02006112WS02006115 CONDUIT    671.93     0  03:03      0.88    0.40    0.94
  WS02006111WS02006112 CONDUIT    660.43     0  03:03      1.72    0.31    0.72
  WS02006110WS02006113 CONDUIT    661.06     0  03:02      1.50    0.60    0.82
  WS02006109WS02006110 CONDUIT    659.80     0  03:02      1.31    1.27    1.00
  WS02004411WS02004412 CONDUIT    666.57     0  03:05      1.03    0.95    0.77
  WS02004401WS02004402 CONDUIT    667.77     0  03:03      0.85    0.80    0.99
  WS02004413WS02003067 CONDUIT    666.40     0  03:06      1.25    0.29    0.64
  WS02004412WS02004413 CONDUIT    666.45     0  03:05      0.95    0.45    0.84
  WS02004410WS02004411 CONDUIT    666.70     0  03:05      1.03    0.91    0.76
  WS02004409WS02004410 CONDUIT    666.94     0  03:04      1.04    0.86    0.76
  WS02004407WS02004409 CONDUIT    667.18     0  03:04      1.53    0.24    0.54
  WS02004406WS02004407 CONDUIT    667.34     0  03:04      1.20    0.30    0.67
  WS02004405WS02004406 CONDUIT    667.26     0  03:04      0.85    1.32    1.00
  WS02004404WS02004405 CONDUIT    667.18     0  03:04      0.85    6.54    1.00
  WS02004403WS02004404 CONDUIT    667.01     0  03:04      0.85    0.48    1.00
  WS02004402WS02004403 CONDUIT    667.46     0  03:04      0.85    0.96    1.00
  WS02004139WS02001211 CONDUIT    279.25     0  09:50      0.69    0.35    0.51
  WS02004138WS02004139 CONDUIT    284.26     0  09:50      2.94    0.06    0.37
  WS02003067WS02003066 CONDUIT    666.51     0  03:06      1.36    0.21    0.45
  WS02001213WS02003059 CONDUIT    284.40     0  09:52      0.64    0.47    0.71
  WS02001212WS02001213 CONDUIT    282.90     0  09:51      1.10    0.44    0.39
  WS02001211WS02001212 CONDUIT    282.95     0  09:51      0.64    0.22    0.55
  WS02003072WS02003073 CONDUIT    878.60     0  03:08      1.69    1.90    0.47
  WS02003069WS02003072 CONDUIT    878.70     0  03:07      1.59    0.42    0.49
  WS02003060WS02003069 CONDUIT    878.52     0  03:07      1.84    0.34    0.44
  WS02003059WS02003060 CONDUIT    286.48     0  09:52      0.67    0.19    0.62
  HS02004901HS02004770 CONDUIT     17.71     0  03:01      0.07    0.07    0.39
  HS02004876HS02004881 CONDUIT     71.90     0  03:01      0.92    0.76    0.11
  HS02004870HS02004876 CONDUIT     58.03     0  03:01      0.63    0.04    0.13
  HS02004842HS02004848 CONDUIT     11.42     0  03:01      0.05    0.01    0.30
  HS02004837HS02004842 CONDUIT     11.94     0  03:02      0.41    0.01    0.32
  HS02004830HS02004837 CONDUIT     41.69     0  03:01      0.56    0.04    0.11
  HS02004824HS02004830 CONDUIT     41.67     0  03:01      0.58    0.05    0.10
  HS02004817HS02004824 CONDUIT     81.58     0  03:01      0.25    0.04    0.47
  HS02004770HS02004777 CONDUIT     90.21     0  03:01      0.32    0.16    0.41
  HS02004799HS02004480 CONDUIT    226.97     0  03:01      0.78    0.29    0.42
  HS02004792HS02004799 CONDUIT    206.60     0  03:01      0.88    0.13    0.33
  HS02004788HS02004792 CONDUIT    118.94     0  03:01      1.01    0.08    0.17
  HS02004785HS02004788 CONDUIT     89.52     0  03:02      0.66    0.67    0.19
  HS02004777HS02004785 CONDUIT     89.64     0  03:01      0.38    0.11    0.33
  HS02004480HS02004478 CONDUIT    269.12     0  03:01      1.20    1.13    0.32
  HS02004479HS02004480 CONDUIT     44.17     0  03:02      0.23    0.04    0.40
  HS02004862HS02004870 CONDUIT     44.23     0  03:01      0.64    0.05    0.10
  HS02004848HS02004852 CONDUIT     20.44     0  03:01      0.44    0.02    0.07
  HS02004856HS02004862 CONDUIT     30.56     0  03:01      0.47    0.03    0.09
  HS02004852HS02004856 CONDUIT     20.26     0  03:01      0.24    0.02    0.12
  HS02004802HS02004478 CONDUIT    106.59     0  03:02      0.45    0.09    0.35
  HS02004478WS02006287 CONDUIT    375.26     0  03:01      1.68    0.11    0.25
  HS02004817HS02004807 CONDUIT     82.18     0  03:01      0.19    0.05    0.62
  HS02004807HS02004802 CONDUIT    106.49     0  03:01      0.38    0.20    0.40
  YS02001759YS02001757 CONDUIT    661.65     0  02:55      0.84    0.47    1.00
  YS02001762YS02001759 CONDUIT    335.05     0  02:54      0.43    0.39    1.00
  YS02001765YS02001762 CONDUIT    334.90     0  02:54      0.43    0.31    1.00
  YS02001770YS02001767 CONDUIT    334.46     0  02:55      0.43    1.32    1.00
  YS02001774YS02001770 CONDUIT    290.39     0  03:28      0.37    0.19    1.00
  YS02001779YS02001774 CONDUIT    290.70     0  03:28      0.37    0.15    1.00
  YS02001649YS02001757 CONDUIT    933.71     0  02:50      1.19    0.57    1.00
  YS02001767YS02001765 CONDUIT    334.93     0  02:54      0.43    0.42    1.00
  YS02006561YS02001783 CONDUIT   1057.16     0  02:56      2.27    0.55    1.00
  YS02001783YS02001784 CONDUIT   1057.11     0  02:56      2.10    1.46    1.00
  YS02001784YS02001785 CONDUIT   1058.00     0  02:56      2.12    2.46    1.00
  YS02001788YS02001790 CONDUIT   1042.62     0  02:55      2.59    0.77    1.00
  YS02001790YS02001791 CONDUIT   1088.26     0  02:54      3.22    1.18    1.00
  YS02001791YS02001793 CONDUIT   1009.61     0  02:53      6.26    0.43    1.00
  YS02001910YS02001907 CONDUIT    576.04     0  03:00      0.73    0.32    1.00
  YS02001786YS02001788 CONDUIT   1046.93     0  02:56      2.37    2.02    1.00
  YS02001915YS02001910 CONDUIT    576.19     0  03:00      0.73    0.29    1.00
  YS02001918YS02001915 CONDUIT    314.00     0  03:00      0.44    0.17    1.00
  YS02001923YS02001920 CONDUIT    310.24     0  03:00      0.68    0.14    1.00
  YS02001926YS02001923 CONDUIT    312.70     0  03:00      0.79    0.45    1.00
  YS02001929YS02001926 CONDUIT    241.01     0  03:01      0.85    0.11    0.88
  YS02001920YS02001918 CONDUIT    313.05     0  03:00      0.67    0.30    1.00
  YS02001629YS02163301 CONDUIT    208.72     0  02:39      0.27    0.26    1.00
  YS02001619YS02001622 CONDUIT    257.29     0  03:01      0.61    0.38    1.00
  YS02001622YS02001625 CONDUIT    257.31     0  03:01      0.33    0.14    1.00
  YS02001625YS02001629 CONDUIT    208.09     0  02:49      0.26    0.10    1.00
  YS02163301YS02001633 CONDUIT    208.87     0  02:39      0.27    0.20    1.00
  YS02163601YS02164001 CONDUIT    439.47     0  02:49      0.56    0.39    1.00
  YS02164001YS02001641 CONDUIT    439.07     0  02:50      0.56    0.60    1.00
  YS02001641YS02001644 CONDUIT    438.81     0  02:50      0.56    1.42    1.00
  YS02001647YS02001649 CONDUIT    666.74     0  02:49      0.85    0.35    1.00
  YS02006553YS02006556 CONDUIT    697.88     0  02:56      0.89    0.60    1.00
  YS02006556YS02006558 CONDUIT    698.23     0  02:56      0.89    0.55    1.00
  YSB6556YSB1171       CONDUIT     24.81     0  03:03      0.09    0.03    0.67
  YS02001907YS02006553 CONDUIT    697.80     0  02:56      0.78    0.82    1.00
  YS02006558YS02006561 CONDUIT   1062.03     0  02:56      3.76    2.35    1.00
  YS02001633YS02163601 CONDUIT    439.49     0  02:49      0.56    0.46    1.00
  YS02001644YS02001647 CONDUIT    666.75     0  02:50      0.85    0.39    1.00
  YS02001745YS02001748 CONDUIT    598.17     0  02:42      1.48    0.23    0.94
  YS02001748YS02001751 CONDUIT    308.89     0  03:01      1.05    0.16    1.00
  YS02001751YS02001754 CONDUIT    309.14     0  03:01      0.88    0.15    1.00
  YS02001754YS02001757 CONDUIT    309.21     0  03:01      0.39    0.12    1.00
  YS02001882YS02001884 CONDUIT     16.42     0  02:30      0.09    0.02    1.00
  YS02001884YS02001887 CONDUIT     27.88     0  02:30      0.05    0.04    1.00
  YS02001890YS02001895 CONDUIT    453.47     0  03:01      0.58    0.21    1.00
  YS02001895YS02001898 CONDUIT    453.49     0  03:01      0.58    0.79    1.00
  YS02001898YS02001901 CONDUIT    453.46     0  03:01      0.58    0.29    1.00
  YS02001901YS02001904 CONDUIT    453.52     0  03:01      0.58    0.70    1.00
  YS02001904YS02001907 CONDUIT    453.63     0  03:01      0.58    0.16    1.00
  YS02001887YS02001890 CONDUIT    453.44     0  03:01      0.58    0.78    1.00
  YS02001652YS02001649 CONDUIT    374.05     0  03:00      0.50    0.19    1.00
  YS02001655YS02001652 CONDUIT    374.15     0  03:00      0.93    0.18    1.00
  YS02001658YS02001655 CONDUIT    373.78     0  03:00      1.21    0.16    1.00
  YS02001661YS02001658 CONDUIT    597.95     0  02:40      1.56    0.23    1.00
  YS02001664YS02001661 CONDUIT    695.94     0  02:54      1.58    0.22    0.72
  YSB1154YSB6556       CONDUIT     24.91     0  03:01      0.19    0.04    0.56
  YSB1174YSB1171       CONDUIT     18.78     0  03:01      0.07    0.03    0.68
  YSB1171HS02004479    CONDUIT     42.82     0  03:02      0.54    0.03    0.53
  HS02004881HS02006253 CONDUIT     79.15     0  03:01      1.62    0.02    0.20
  YS02001793JiankangQianchi CONDUIT    989.99     0  02:55     16.39    0.08    1.00
  YS02001757CaochengTiaoxuchi CONDUIT   1777.70     0  02:51      2.38    0.78    1.00
  WSF200WS02003060     CONDUIT    666.79     0  03:06      1.89    0.15    0.35
  1                    CONDUIT    880.26     0  03:09      3.21    0.31    0.38
  2                    CONDUIT     73.22     0  03:02      4.44    0.18    0.28
  3                    CONDUIT    597.65     0  00:00     10.05    0.95    0.86
  4                    CONDUIT      0.00     0  00:00      0.00    0.00    0.00
  CC-Pump-1            PUMP       199.91     0  09:50              1.00
  CC-Pump-2            PUMP       200.00     0  01:59              1.00
  JK-Pump-1            PUMP       300.00     0  00:00              1.00
  JK-Pump-2            PUMP       300.00     0  00:00              1.00
  XR-Pump-1            PUMP        95.00     0  08:20              1.00
  XR-Pump-2            PUMP        95.00     0  00:00              1.00
  XR-Pump-3            PUMP        95.00     0  08:30              1.00
  XR-Pump-4            PUMP        95.00     0  00:00              1.00
  
  
  ***************************
  Flow Classification Summary
  ***************************
  
  -------------------------------------------------------------------------------------
                      Adjusted    ---------- Fraction of Time in Flow Class ---------- 
                       /Actual         Up    Down  Sub   Sup   Up    Down  Norm  Inlet 
  Conduit               Length    Dry  Dry   Dry   Crit  Crit  Crit  Crit  Ltd   Ctrl  
  -------------------------------------------------------------------------------------
  WS02003066WSF200        1.00   0.05  0.00  0.00  0.00  0.95  0.00  0.00  0.66  0.00
  WS02006287WS02006284    1.00   0.02  0.01  0.00  0.65  0.32  0.00  0.00  0.73  0.00
  WS02006284WS02006280    1.00   0.03  0.00  0.00  0.00  0.00  0.00  0.97  0.00  0.00
  WS02006280WS02006229    1.00   0.03  0.00  0.00  0.00  0.00  0.00  0.97  0.00  0.00
  WS02006229WS02006228    1.00   0.00  0.00  0.00  0.99  0.00  0.00  0.01  0.00  0.00
  WS02006256WS02006235    1.00   0.00  0.00  0.00  1.00  0.00  0.00  0.00  0.00  0.00
  WS02006253WS02006251    1.00   0.02  0.01  0.00  0.97  0.00  0.00  0.00  0.00  0.00
  WS02006252WS02006251    1.00   0.05  0.00  0.00  0.00  0.00  0.95  0.00  0.00  0.00
  WS02006251WS02006249    1.00   0.00  0.00  0.00  1.00  0.00  0.00  0.00  0.21  0.00
  WS02006249WS02006248    1.00   0.00  0.01  0.00  0.93  0.00  0.06  0.00  0.00  0.00
  WS02006248WS02006247    1.00   0.01  0.00  0.00  0.98  0.00  0.00  0.01  0.13  0.00
  WS02006247WS02006245    1.00   0.01  0.00  0.00  0.97  0.00  0.00  0.02  0.00  0.00
  WS02006245WS02006243    1.00   0.01  0.00  0.00  0.96  0.00  0.00  0.03  0.03  0.00
  WS02006243WS02006242    1.00   0.01  0.00  0.00  0.99  0.00  0.00  0.00  0.17  0.00
  WS02006242WS02006240    1.00   0.00  0.00  0.00  1.00  0.00  0.00  0.00  0.00  0.00
  WS02006240WS02006239    1.00   0.00  0.00  0.00  0.97  0.00  0.00  0.02  0.01  0.00
  WS02006239WS02006238    1.00   0.00  0.00  0.00  1.00  0.00  0.00  0.00  0.00  0.00
  WS02006238WS02006235    1.00   0.00  0.00  0.00  1.00  0.00  0.00  0.00  0.00  0.00
  WS02006235WS02006234    1.00   0.00  0.00  0.00  0.97  0.00  0.03  0.00  0.00  0.00
  WS02006234WS02006232    1.00   0.00  0.00  0.00  1.00  0.00  0.00  0.00  0.00  0.00
  WS02006232WS02006231    1.00   0.00  0.00  0.00  0.99  0.00  0.00  0.00  0.00  0.00
  WS02006231WS02006230    1.00   0.00  0.00  0.00  0.57  0.00  0.42  0.00  0.00  0.00
  WS02006230WS02006229    1.00   0.00  0.00  0.00  0.99  0.00  0.00  0.01  0.01  0.00
  WS02006228WS02006109    1.00   0.00  0.00  0.00  1.00  0.00  0.00  0.00  0.00  0.00
  WS02006116WS02004401    1.00   0.01  0.00  0.00  0.99  0.00  0.00  0.00  0.00  0.00
  WS02006115WS02006116    1.00   0.01  0.00  0.00  0.98  0.00  0.00  0.01  0.00  0.00
  WS02006113WS02006111    1.00   0.01  0.00  0.00  0.00  0.99  0.00  0.00  0.12  0.00
  WS02006112WS02006115    1.00   0.01  0.00  0.00  0.99  0.00  0.00  0.00  0.00  0.00
  WS02006111WS02006112    1.00   0.01  0.00  0.00  0.99  0.00  0.00  0.00  0.93  0.00
  WS02006110WS02006113    1.00   0.01  0.00  0.00  0.99  0.00  0.00  0.00  0.00  0.00
  WS02006109WS02006110    1.00   0.00  0.01  0.00  0.99  0.00  0.00  0.00  0.00  0.00
  WS02004411WS02004412    1.00   0.03  0.00  0.00  0.97  0.00  0.00  0.00  0.00  0.00
  WS02004401WS02004402    1.00   0.01  0.00  0.00  0.99  0.00  0.00  0.00  0.00  0.00
  WS02004413WS02003067    1.00   0.03  0.01  0.00  0.00  0.00  0.96  0.00  0.00  0.00
  WS02004412WS02004413    1.00   0.03  0.00  0.00  0.97  0.00  0.00  0.00  0.01  0.00
  WS02004410WS02004411    1.00   0.03  0.00  0.00  0.97  0.00  0.00  0.00  0.00  0.00
  WS02004409WS02004410    1.00   0.03  0.00  0.00  0.97  0.00  0.00  0.00  0.00  0.00
  WS02004407WS02004409    1.00   0.03  0.00  0.00  0.97  0.00  0.00  0.00  0.84  0.00
  WS02004406WS02004407    1.00   0.00  0.03  0.00  0.97  0.00  0.00  0.00  0.00  0.00
  WS02004405WS02004406    1.00   0.00  0.00  0.00  1.00  0.00  0.00  0.00  0.01  0.00
  WS02004404WS02004405    1.00   0.00  0.00  0.00  1.00  0.00  0.00  0.00  0.00  0.00
  WS02004403WS02004404    1.00   0.00  0.01  0.00  0.99  0.00  0.00  0.00  0.02  0.00
  WS02004402WS02004403    1.00   0.01  0.00  0.00  0.99  0.00  0.00  0.00  0.00  0.00
  WS02004139WS02001211    1.00   0.00  0.00  0.00  1.00  0.00  0.00  0.00  0.00  0.00
  WS02004138WS02004139    1.00   0.00  0.00  0.00  0.99  0.01  0.00  0.00  1.00  0.00
  WS02003067WS02003066    1.00   0.04  0.00  0.00  0.95  0.00  0.00  0.00  0.00  0.00
  WS02001213WS02003059    1.00   0.00  0.00  0.00  0.99  0.00  0.00  0.00  0.00  0.00
  WS02001212WS02001213    1.00   0.00  0.00  0.00  0.86  0.00  0.13  0.00  0.00  0.00
  WS02001211WS02001212    1.00   0.00  0.00  0.00  1.00  0.00  0.00  0.00  0.00  0.00
  WS02003072WS02003073    1.00   0.00  0.00  0.00  0.00  0.00  0.00  1.00  0.00  0.00
  WS02003069WS02003072    1.00   0.00  0.00  0.00  0.99  0.01  0.00  0.00  0.22  0.00
  WS02003060WS02003069    1.00   0.00  0.00  0.00  0.99  0.01  0.00  0.00  0.19  0.00
  WS02003059WS02003060    1.00   0.00  0.00  0.00  1.00  0.00  0.00  0.00  0.01  0.00
  HS02004901HS02004770    1.00   0.03  0.00  0.00  0.97  0.00  0.00  0.00  0.00  0.00
  HS02004876HS02004881    1.00   0.01  0.00  0.00  0.92  0.07  0.00  0.00  0.00  0.00
  HS02004870HS02004876    1.00   0.01  0.00  0.00  0.99  0.00  0.00  0.00  0.96  0.00
  HS02004842HS02004848    1.00   0.00  0.03  0.00  0.97  0.00  0.00  0.00  0.67  0.00
  HS02004837HS02004842    1.00   0.00  0.00  0.00  0.99  0.01  0.00  0.00  0.08  0.00
  HS02004830HS02004837    1.00   0.00  0.00  0.00  1.00  0.00  0.00  0.00  0.99  0.00
  HS02004824HS02004830    1.00   0.00  0.00  0.00  1.00  0.00  0.00  0.00  0.00  0.00
  HS02004817HS02004824    1.00   0.00  0.00  0.00  1.00  0.00  0.00  0.00  1.00  0.00
  HS02004770HS02004777    1.00   0.00  0.03  0.00  0.97  0.00  0.00  0.00  0.03  0.00
  HS02004799HS02004480    1.00   0.00  0.01  0.00  0.97  0.00  0.02  0.00  0.00  0.00
  HS02004792HS02004799    1.00   0.00  0.00  0.00  0.99  0.01  0.00  0.00  0.99  0.00
  HS02004788HS02004792    1.00   0.00  0.00  0.00  0.99  0.01  0.00  0.00  0.98  0.00
  HS02004785HS02004788    1.00   0.00  0.00  0.00  1.00  0.00  0.00  0.00  0.00  0.00
  HS02004777HS02004785    1.00   0.00  0.00  0.00  1.00  0.00  0.00  0.00  0.11  0.00
  HS02004480HS02004478    1.00   0.03  0.00  0.00  0.71  0.00  0.00  0.26  0.00  0.00
  HS02004479HS02004480    1.00   0.01  0.00  0.00  0.99  0.00  0.00  0.00  0.10  0.00
  HS02004862HS02004870    1.00   0.00  0.00  0.00  1.00  0.00  0.00  0.00  0.04  0.00
  HS02004848HS02004852    1.00   0.03  0.00  0.00  0.97  0.00  0.00  0.00  0.70  0.00
  HS02004856HS02004862    1.00   0.00  0.03  0.00  0.97  0.00  0.00  0.00  0.85  0.00
  HS02004852HS02004856    1.00   0.03  0.00  0.00  0.97  0.00  0.00  0.00  0.89  0.00
  HS02004802HS02004478    1.00   0.03  0.00  0.00  0.97  0.00  0.00  0.00  0.02  0.00
  HS02004478WS02006287    1.00   0.03  0.00  0.00  0.77  0.20  0.00  0.00  0.73  0.00
  HS02004817HS02004807    1.00   0.00  0.03  0.00  0.97  0.00  0.00  0.00  0.01  0.00
  HS02004807HS02004802    1.00   0.03  0.00  0.00  0.97  0.00  0.00  0.00  0.00  0.00
  YS02001759YS02001757    1.00   0.00  0.00  0.00  1.00  0.00  0.00  0.00  0.13  0.00
  YS02001762YS02001759    1.00   0.00  0.00  0.00  1.00  0.00  0.00  0.00  0.03  0.00
  YS02001765YS02001762    1.00   0.00  0.00  0.00  1.00  0.00  0.00  0.00  0.13  0.00
  YS02001770YS02001767    1.00   0.00  0.00  0.00  1.00  0.00  0.00  0.00  0.00  0.00
  YS02001774YS02001770    1.00   0.00  0.02  0.00  0.97  0.00  0.00  0.00  0.03  0.00
  YS02001779YS02001774    1.00   0.00  0.00  0.00  1.00  0.00  0.00  0.00  0.16  0.00
  YS02001649YS02001757    1.00   0.00  0.00  0.00  1.00  0.00  0.00  0.00  0.13  0.00
  YS02001767YS02001765    1.00   0.00  0.00  0.00  1.00  0.00  0.00  0.00  0.00  0.00
  YS02006561YS02001783    1.00   0.04  0.00  0.00  0.21  0.75  0.00  0.00  0.60  0.00
  YS02001783YS02001784    1.00   0.00  0.04  0.00  0.96  0.00  0.00  0.00  0.00  0.00
  YS02001784YS02001785    1.00   0.00  0.00  0.00  1.00  0.00  0.00  0.00  0.15  0.00
  YS02001788YS02001790    1.00   0.00  0.00  0.00  0.21  0.79  0.00  0.00  0.59  0.00
  YS02001790YS02001791    1.00   0.00  0.00  0.00  0.19  0.81  0.00  0.00  0.51  0.00
  YS02001791YS02001793    1.00   0.00  0.00  0.00  0.19  0.81  0.00  0.00  0.01  0.00
  YS02001910YS02001907    1.00   0.00  0.00  0.00  0.99  0.00  0.00  0.01  0.10  0.00
  YS02001786YS02001788    1.00   0.00  0.00  0.00  0.22  0.78  0.00  0.00  0.00  0.00
  YS02001915YS02001910    1.00   0.00  0.00  0.00  1.00  0.00  0.00  0.00  0.14  0.00
  YS02001918YS02001915    1.00   0.00  0.01  0.00  0.99  0.00  0.00  0.00  0.67  0.00
  YS02001923YS02001920    1.00   0.00  0.00  0.00  1.00  0.00  0.00  0.00  0.89  0.00
  YS02001926YS02001923    1.00   0.00  0.02  0.00  0.11  0.00  0.87  0.00  0.00  0.00
  YS02001929YS02001926    1.00   0.00  0.03  0.00  0.97  0.00  0.00  0.00  0.84  0.00
  YS02001920YS02001918    1.00   0.00  0.01  0.00  0.99  0.00  0.00  0.00  0.00  0.00
  YS02001629YS02163301    1.00   0.03  0.00  0.00  0.97  0.00  0.00  0.00  0.00  0.00
  YS02001619YS02001622    1.00   0.03  0.00  0.00  0.97  0.00  0.00  0.00  0.00  0.00
  YS02001622YS02001625    1.00   0.03  0.00  0.00  0.97  0.00  0.00  0.00  0.06  0.00
  YS02001625YS02001629    1.00   0.03  0.01  0.00  0.95  0.00  0.01  0.00  0.00  0.00
  YS02163301YS02001633    1.00   0.00  0.03  0.00  0.97  0.00  0.00  0.00  0.00  0.00
  YS02163601YS02164001    1.00   0.00  0.02  0.00  0.98  0.00  0.00  0.00  0.00  0.00
  YS02164001YS02001641    1.00   0.01  0.01  0.00  0.98  0.00  0.00  0.00  0.05  0.00
  YS02001641YS02001644    1.00   0.00  0.01  0.00  0.99  0.00  0.00  0.00  0.00  0.00
  YS02001647YS02001649    1.00   0.00  0.03  0.00  0.97  0.00  0.00  0.00  0.01  0.00
  YS02006553YS02006556    1.00   0.01  0.00  0.00  0.99  0.00  0.00  0.00  0.02  0.00
  YS02006556YS02006558    1.00   0.00  0.00  0.00  1.00  0.00  0.00  0.00  0.00  0.00
  YSB6556YSB1171          1.00   0.01  0.01  0.00  0.97  0.00  0.00  0.00  0.00  0.00
  YS02001907YS02006553    1.00   0.00  0.01  0.00  0.99  0.00  0.00  0.00  0.00  0.00
  YS02006558YS02006561    1.00   0.04  0.00  0.00  0.12  0.85  0.00  0.00  0.58  0.00
  YS02001633YS02163601    1.00   0.00  0.01  0.00  0.99  0.00  0.00  0.00  0.13  0.00
  YS02001644YS02001647    1.00   0.00  0.03  0.00  0.97  0.00  0.00  0.00  0.00  0.00
  YS02001745YS02001748    1.00   0.00  0.00  0.00  0.92  0.01  0.00  0.07  0.04  0.00
  YS02001748YS02001751    1.00   0.00  0.00  0.00  0.98  0.02  0.00  0.00  0.12  0.00
  YS02001751YS02001754    1.00   0.00  0.00  0.00  0.96  0.00  0.00  0.04  0.02  0.00
  YS02001754YS02001757    1.00   0.00  0.00  0.00  0.99  0.01  0.00  0.00  0.16  0.00
  YS02001882YS02001884    1.00   0.03  0.00  0.00  0.97  0.00  0.00  0.00  0.00  0.00
  YS02001884YS02001887    1.00   0.02  0.01  0.00  0.98  0.00  0.00  0.00  0.00  0.00
  YS02001890YS02001895    1.00   0.00  0.03  0.00  0.97  0.00  0.00  0.00  0.00  0.00
  YS02001895YS02001898    1.00   0.03  0.00  0.00  0.96  0.00  0.01  0.00  0.00  0.00
  YS02001898YS02001901    1.00   0.03  0.00  0.00  0.97  0.00  0.00  0.00  0.02  0.00
  YS02001901YS02001904    1.00   0.03  0.00  0.00  0.97  0.00  0.00  0.00  0.00  0.00
  YS02001904YS02001907    1.00   0.00  0.03  0.00  0.97  0.00  0.00  0.00  0.00  0.00
  YS02001887YS02001890    1.00   0.00  0.00  0.00  0.99  0.00  0.01  0.00  0.00  0.00
  YS02001652YS02001649    1.00   0.00  0.00  0.00  1.00  0.00  0.00  0.00  0.14  0.00
  YS02001655YS02001652    1.00   0.00  0.00  0.00  0.96  0.00  0.00  0.04  0.02  0.00
  YS02001658YS02001655    1.00   0.00  0.03  0.00  0.95  0.02  0.00  0.00  0.09  0.00
  YS02001661YS02001658    1.00   0.03  0.00  0.00  0.92  0.06  0.00  0.00  0.05  0.00
  YS02001664YS02001661    1.00   0.03  0.00  0.00  0.89  0.08  0.00  0.00  0.17  0.00
  YSB1154YSB6556          1.00   0.03  0.00  0.00  0.97  0.00  0.00  0.00  0.01  0.00
  YSB1174YSB1171          1.00   0.02  0.01  0.00  0.98  0.00  0.00  0.00  0.00  0.00
  YSB1171HS02004479       1.00   0.01  0.00  0.00  0.98  0.00  0.00  0.00  0.09  0.00
  HS02004881HS02006253    1.00   0.02  0.00  0.00  0.88  0.00  0.00  0.10  0.71  0.00
  YS02001793JiankangQianchi    1.00   0.00  0.00  0.00  0.31  0.69  0.00  0.00  0.11  0.00
  YS02001757CaochengTiaoxuchi    1.00   0.00  0.05  0.00  0.94  0.01  0.00  0.00  0.00  0.00
  WSF200WS02003060        1.00   0.00  0.05  0.00  0.56  0.39  0.00  0.00  0.10  0.00
  1                       1.00   0.00  0.00  0.00  0.00  1.00  0.00  0.00  0.53  0.00
  2                       1.00   0.81  0.00  0.00  0.00  0.19  0.00  0.00  0.02  0.00
  3                       1.00   0.08  0.00  0.00  0.00  0.92  0.00  0.00  0.01  0.00
  4                       1.00   1.00  0.00  0.00  0.00  0.00  0.00  0.00  0.00  0.00
  
  
  *************************
  Conduit Surcharge Summary
  *************************
  
  ----------------------------------------------------------------------------
                                                           Hours        Hours 
                         --------- Hours Full --------   Above Full   Capacity
  Conduit                Both Ends  Upstream  Dnstream   Normal Flow   Limited
  ----------------------------------------------------------------------------
  WS02006229WS02006228        1.68      1.77      1.68      6.88         1.68
  WS02006256WS02006235        8.02      8.02     10.00      5.99         0.01
  WS02006252WS02006251        0.14      0.14      0.38      0.32         0.01
  WS02006251WS02006249        0.01      0.01      0.01      0.12         0.01
  WS02006249WS02006248        0.01      0.01      0.01      6.78         0.01
  WS02006247WS02006245        0.01      0.01      0.01      7.11         0.01
  WS02006245WS02006243        0.01      0.01      0.02      0.01         0.01
  WS02006243WS02006242        0.17      0.17      1.09      0.01         0.01
  WS02006242WS02006240        0.96      0.96      1.26      0.36         0.01
  WS02006240WS02006239        1.00      1.00      1.09      0.01         0.01
  WS02006239WS02006238        1.26      1.26      1.35      0.01         0.01
  WS02006238WS02006235        1.29      1.29      1.56      0.01         0.01
  WS02006235WS02006234        1.11      1.11      1.26      7.98         0.01
  WS02006234WS02006232        1.20      1.20      1.69      0.01         0.01
  WS02006232WS02006231        0.93      0.93      1.69      0.01         0.01
  WS02006231WS02006230        0.68      0.68      0.97      8.12         0.01
  WS02006230WS02006229        2.87      6.70      2.87      8.29         2.87
  WS02006228WS02006109        1.71      2.18      1.71      7.29         1.71
  WS02006112WS02006115        0.01      0.01      1.26      0.01         0.01
  WS02006111WS02006112        0.01      0.01      6.90      0.01         0.01
  WS02006110WS02006113        0.01      0.01      1.96      0.01         0.01
  WS02006109WS02006110        1.14      1.14      2.18      1.14         0.01
  WS02004406WS02004407        0.01      0.01      0.45      0.01         0.01
  WS02004405WS02004406        0.45      0.61      0.45      1.20         0.45
  WS02004404WS02004405        0.61      0.77      0.61      8.17         0.61
  WS02004403WS02004404        0.01      0.01      0.77      0.01         0.01
  WS02003072WS02003073        0.01      0.01      0.01      6.91         0.01
  HS02004480HS02004478        0.01      0.01      0.01      0.25         0.01
  YS02001759YS02001757        7.83      7.83      7.91      0.01         0.01
  YS02001762YS02001759        7.80      7.80      7.83      0.01         0.01
  YS02001765YS02001762        7.78      7.78      7.80      0.01         0.01
  YS02001770YS02001767        7.75      7.75      7.75      0.32         0.77
  YS02001774YS02001770        7.72      7.72      7.79      0.01         0.01
  YS02001779YS02001774        7.55      7.55      7.79      0.01         0.01
  YS02001649YS02001757        7.81      7.81      7.91      0.01         0.01
  YS02001767YS02001765        7.75      7.75      7.78      0.01         0.01
  YS02006561YS02001783        0.52      0.52      1.10      0.01         0.01
  YS02001783YS02001784        1.07      1.10      1.11      1.16         0.89
  YS02001784YS02001785        0.94      1.11      0.94      2.07         0.94
  YS02001788YS02001790        0.94      0.94      1.13      0.01         0.01
  YS02001790YS02001791        1.13      1.13      1.18      0.49         0.38
  YS02001791YS02001793        1.18      1.18      1.33      0.01         0.01
  YS02001910YS02001907        0.95      0.95      1.49      0.01         0.01
  YS02001786YS02001788        0.94      0.94      0.94      1.72         0.94
  YS02001915YS02001910        0.70      0.70      0.95      0.01         0.01
  YS02001918YS02001915        0.41      0.41      0.70      0.01         0.01
  YS02001923YS02001920        0.18      0.18      0.45      0.01         0.01
  YS02001926YS02001923        0.01      0.01      0.01      0.01         0.01
  YS02001929YS02001926        0.01      0.01      0.01      0.01         0.01
  YS02001920YS02001918        0.41      0.41      0.45      0.01         0.01
  YS02001629YS02163301        7.72      7.72      7.74      0.01         0.01
  YS02001619YS02001622        7.38      7.38      7.42      0.01         0.01
  YS02001622YS02001625        7.42      7.42      7.60      0.01         0.01
  YS02001625YS02001629        7.39      7.39      7.60      0.01         0.01
  YS02163301YS02001633        7.74      7.74      7.77      0.01         0.01
  YS02163601YS02164001        7.77      7.77      7.81      0.01         0.01
  YS02164001YS02001641        7.77      7.77      7.79      0.01         0.02
  YS02001641YS02001644        7.79      7.79      7.79      1.21         1.23
  YS02001647YS02001649        7.58      7.58      7.81      0.01         0.01
  YS02006553YS02006556        1.19      1.19      1.54      0.01         0.01
  YS02006556YS02006558        1.37      1.37      1.61      0.01         0.01
  YS02001907YS02006553        2.09      2.09      2.30      0.01         0.01
  YS02006558YS02006561        0.69      1.15      0.69      1.94         0.69
  YS02001633YS02163601        7.77      7.77      7.81      0.01         0.01
  YS02001644YS02001647        7.58      7.58      7.79      0.01         0.01
  YS02001745YS02001748        0.01      0.01      7.22      0.01         0.01
  YS02001748YS02001751        7.27      7.27      7.37      0.01         0.01
  YS02001751YS02001754        7.37      7.37      7.56      0.01         0.01
  YS02001754YS02001757        7.58      7.58      7.91      0.01         0.01
  YS02001882YS02001884        0.72      0.72      0.76      0.01         0.01
  YS02001884YS02001887        0.83      0.83      0.86      0.01         0.01
  YS02001890YS02001895        0.68      0.68      0.98      0.01         0.01
  YS02001895YS02001898        0.66      0.66      0.68      0.01         0.01
  YS02001898YS02001901        0.68      0.68      0.82      0.01         0.01
  YS02001901YS02001904        0.79      0.79      0.82      0.01         0.01
  YS02001904YS02001907        0.79      0.79      1.56      0.01         0.01
  YS02001887YS02001890        0.90      0.90      0.94      0.01         0.01
  YS02001652YS02001649        7.59      7.59      7.81      0.01         0.01
  YS02001655YS02001652        7.41      7.41      7.58      0.01         0.01
  YS02001658YS02001655        7.25      7.25      7.41      0.01         0.01
  YS02001661YS02001658        0.21      0.21      7.25      0.01         0.01
  YS02001664YS02001661        0.01      0.01      1.21      0.01         0.01
  YS02001793JiankangQianchi        1.29      1.29      1.99      0.01         0.01
  YS02001757CaochengTiaoxuchi        7.07      7.07      7.91      0.01         0.01
  3                           0.01      0.01      0.01      0.01         0.01
  
  
  ***************
  Pumping Summary
  ***************
  
  ---------------------------------------------------------------------------------------------------------
                                                  Min       Avg       Max     Total     Power    % Time Off
                        Percent   Number of      Flow      Flow      Flow    Volume     Usage    Pump Curve
  Pump                 Utilized   Start-Ups       LPS       LPS       LPS  10^6 ltr     Kw-hr    Low   High
  ---------------------------------------------------------------------------------------------------------
  CC-Pump-1               10.00           2      0.00    103.46    199.91     0.360      0.40    0.0    0.0
  CC-Pump-2               74.39           2      0.00    191.90    200.00     5.021      5.63    0.0    8.3
  JK-Pump-1               96.67           2      0.00    206.14    300.00     5.618     83.26    0.0    0.0
  JK-Pump-2               95.01           3      0.00    206.84    300.00     5.565     82.30    0.0    0.0
  XR-Pump-1               13.33           3      0.00     63.03     95.00     0.313      1.45    0.0    0.0
  XR-Pump-2               91.67           2      0.00     92.97     95.00     3.050     18.32    0.0    0.0
  XR-Pump-3               14.99           2      0.00     56.64     95.00     0.313      1.46    0.0    0.0
  XR-Pump-4               96.67           4      0.00     89.02     95.00     3.050     18.33    0.0    0.0
  

  Analysis begun on:  Fri Dec 17 20:46:50 2021
  Analysis ended on:  Fri Dec 17 20:46:54 2021
  Total elapsed time: 00:00:04