
  EPA STORM WATER MANAGEMENT MODEL - VERSION 5.1 (Build 5.3.0.dev0)
  --------------------------------------------------------------

  WARNING 04: minimum elevation drop used for Conduit WS02004404WS02004405
  WARNING 03: negative offset ignored for Link YS02001904YS02001907
  
  *********************************************************
  NOTE: The summary statistics displayed in this report are
  based on results found at every computational time step,  
  not just on results from each reporting time step.
  *********************************************************
  
  ****************
  Analysis Options
  ****************
  Flow Units ............... LPS
  Process Models:
    Rainfall/Runoff ........ YES
    RDII ................... NO
    Snowmelt ............... NO
    Groundwater ............ NO
    Flow Routing ........... YES
    Ponding Allowed ........ NO
    Water Quality .......... NO
  Infiltration Method ...... HORTON
  Flow Routing Method ...... DYNWAVE
  Surcharge Method ......... EXTRAN
  Starting Date ............ 08/28/2015 08:00:00
  Ending Date .............. 08/28/2015 18:00:00
  Antecedent Dry Days ...... 8.0
  Report Time Step ......... 00:01:00
  Wet Time Step ............ 00:01:00
  Dry Time Step ............ 00:01:00
  Routing Time Step ........ 5.00 sec
  Variable Time Step ....... YES
  Maximum Trials ........... 8
  Number of Threads ........ 4
  Head Tolerance ........... 0.001500 m
  
  
  **************************        Volume         Depth
  Runoff Quantity Continuity     hectare-m            mm
  **************************     ---------       -------
  Total Precipitation ......         5.556        12.164
  Evaporation Loss .........         0.000         0.000
  Infiltration Loss ........         1.434         3.139
  Surface Runoff ...........         3.246         7.107
  Final Storage ............         0.877         1.919
  Continuity Error (%) .....        -0.009
  
  
  **************************        Volume        Volume
  Flow Routing Continuity        hectare-m      10^6 ltr
  **************************     ---------     ---------
  Dry Weather Inflow .......         0.787         7.870
  Wet Weather Inflow .......         3.245        32.453
  Groundwater Inflow .......         0.000         0.000
  RDII Inflow ..............         0.000         0.000
  External Inflow ..........         0.131         1.307
  External Outflow .........         1.943        19.428
  Flooding Loss ............         1.740        17.397
  Evaporation Loss .........         0.000         0.000
  Exfiltration Loss ........         0.000         0.000
  Initial Stored Volume ....         0.076         0.761
  Final Stored Volume ......         0.575         5.748
  Continuity Error (%) .....        -0.430
  
  
  *************************
  Highest Continuity Errors
  *************************
  Node HS02004842 (16.11%)
  Node YS02001884 (9.51%)
  Node YSB1171 (3.10%)
  Node YS02001774 (2.72%)
  Node HS02004817 (2.70%)
  
  
  ***************************
  Time-Step Critical Elements
  ***************************
  Link WS02006252WS02006251 (86.51%)
  Link 3 (4.47%)
  Link WS02006238WS02006235 (1.84%)
  Link WS02006280WS02006229 (1.46%)
  Link 2 (1.07%)
  
  
  ********************************
  Highest Flow Instability Indexes
  ********************************
  Link WS02006113WS02006111 (50)
  Link YS02163601YS02164001 (33)
  Link YS02163301YS02001633 (32)
  Link YS02001619YS02001622 (32)
  Link YS02001629YS02163301 (32)
  
  
  *************************
  Routing Time Step Summary
  *************************
  Minimum Time Step           :     0.28 sec
  Average Time Step           :     0.83 sec
  Maximum Time Step           :     5.00 sec
  Percent in Steady State     :    -0.00
  Average Iterations per Step :     4.13
  Percent Not Converging      :    17.53
  
  
  ***************************
  Subcatchment Runoff Summary
  ***************************
  
  ------------------------------------------------------------------------------------------------------------------------------
                            Total      Total      Total      Total     Imperv       Perv      Total       Total     Peak  Runoff
                           Precip      Runon       Evap      Infil     Runoff     Runoff     Runoff      Runoff   Runoff   Coeff
  Subcatchment                 mm         mm         mm         mm         mm         mm         mm    10^6 ltr      LPS
  ------------------------------------------------------------------------------------------------------------------------------
  sub0                      12.16       0.00       0.00       0.85      10.05       0.00      10.05        0.01     1.91   0.826
  sub1                      12.16       0.00       0.00       1.34       9.59       0.00       9.59        0.06    14.15   0.788
  sub2                      12.16       0.00       0.00       4.50       6.78       0.00       6.78        0.06    13.75   0.557
  sub3                      12.16       0.00       0.00       4.50       6.75       0.00       6.75        0.15    32.07   0.555
  sub4                      12.16       0.00       0.00       1.34       9.49       0.00       9.49        0.20    40.20   0.780
  sub5                      12.16       0.00       0.00       0.85      10.02       0.00      10.02        0.11    25.19   0.824
  sub7                      12.16       0.00       0.00       1.09       9.82       0.00       9.82        0.03     7.55   0.808
  sub8                      12.16       0.00       0.00       1.09       9.82       0.00       9.82        0.06    14.17   0.807
  sub9                      12.16       0.00       0.00       1.09       9.82       0.00       9.82        0.05    10.64   0.807
  sub10                     12.16       0.00       0.00       0.97       9.92       0.00       9.92        0.11    24.40   0.815
  sub11                     12.16       0.00       0.00       0.97       9.93       0.00       9.93        0.12    26.15   0.816
  sub12                     12.16       0.00       0.00       1.58       9.40       0.00       9.40        0.08    19.06   0.773
  sub14                     12.16       0.00       0.00       1.09       9.82       0.00       9.82        0.09    21.02   0.807
  sub15                     12.16       0.00       0.00       3.65       7.55       0.00       7.55        0.13    29.11   0.621
  sub16                     12.16       0.00       0.00       4.01       7.24       0.00       7.24        0.08    17.47   0.595
  sub17                     12.16       0.00       0.00       3.89       7.34       0.00       7.34        0.06    14.47   0.604
  sub22                     12.16       0.00       0.00       5.23       6.15       0.00       6.15        0.39    88.27   0.506
  sub23                     12.16       0.00       0.00       4.50       6.80       0.00       6.80        0.32    73.89   0.559
  sub60                     12.16       0.00       0.00       1.46       8.26       0.00       8.26        2.50   297.17   0.679
  sub61                     12.16       0.00       0.00       2.07       8.23       0.00       8.23        2.54   359.80   0.677
  sub62                     12.16       0.00       0.00       0.97       9.00       0.00       9.00        2.77   372.87   0.740
  sub63                     12.16       0.00       0.00       3.53       7.16       0.00       7.16        2.17   327.80   0.589
  sub64                     12.16       0.00       0.00       1.82       7.94       0.00       7.94        2.41   282.66   0.653
  sub65                     12.16       0.00       0.00       1.58       8.08       0.00       8.08        2.49   287.20   0.665
  sub66                     12.16       0.00       0.00       3.53       6.77       0.00       6.77        2.07   257.27   0.556
  sub67                     12.16       0.00       0.00       0.97       9.36       0.00       9.36        2.89   452.90   0.769
  sub68                     12.16       0.00       0.00       1.70       8.63       0.00       8.63        2.65   391.99   0.709
  sub69                     12.16       0.00       0.00       1.82       8.82       0.00       8.82        2.06   355.79   0.725
  sub70                     12.16       9.00       0.00       7.10      12.09       0.10      12.19        2.79   335.00   0.576
  sub71                     12.16       0.00       0.00       0.97       8.83       0.00       8.83        2.08   263.63   0.726
  sub72                     12.16       0.00       0.00       0.85       7.42       0.00       7.42        1.51   129.40   0.610
  sub73                     12.16      11.86       0.00       8.09      13.55       0.08      13.63        3.20   300.52   0.567
  sub74                     12.16       0.00       0.00       9.12       2.62       0.00       2.62        1.05   189.59   0.215
  
  
  ******************
  Node Depth Summary
  ******************
  
  ---------------------------------------------------------------------------------
                                 Average  Maximum  Maximum  Time of Max    Reported
                                   Depth    Depth      HGL   Occurrence   Max Depth
  Node                 Type       Meters   Meters   Meters  days hr:min      Meters
  ---------------------------------------------------------------------------------
  WS02001211           JUNCTION     0.68     0.75     5.59     0  08:41        0.75
  WS02001212           JUNCTION     0.40     0.46     5.53     0  03:09        0.46
  WS02001213           JUNCTION     0.63     0.73     5.49     0  03:07        0.73
  WS02003069           JUNCTION     0.44     0.58     5.17     0  03:06        0.58
  WS02003072           JUNCTION     0.50     0.64     5.01     0  03:07        0.64
  WS02003073           JUNCTION     0.30     0.39     4.46     0  03:08        0.39
  WS02003060           JUNCTION     0.39     0.52     5.45     0  03:05        0.52
  WS02003066           JUNCTION     0.22     0.32     5.87     0  03:05        0.32
  WS02003059           JUNCTION     0.69     0.79     5.48     0  03:08        0.79
  WS02003067           JUNCTION     0.56     0.74     6.06     0  03:05        0.74
  WS02004401           JUNCTION     0.65     0.94     6.94     0  03:02        0.94
  WS02004402           JUNCTION     0.68     0.96     6.92     0  03:03        0.96
  WS02004403           JUNCTION     0.70     0.97     6.90     0  03:03        0.97
  WS02004404           JUNCTION     0.78     1.04     6.89     0  03:03        1.03
  WS02004406           JUNCTION     0.78     1.01     6.84     0  03:03        1.01
  WS02004409           JUNCTION     0.46     0.73     6.50     0  03:03        0.73
  WS02004410           JUNCTION     0.48     0.74     6.46     0  03:04        0.74
  WS02004411           JUNCTION     0.50     0.75     6.43     0  03:04        0.75
  WS02004412           JUNCTION     0.52     0.75     6.39     0  03:04        0.75
  WS02004413           JUNCTION     0.68     0.90     6.37     0  03:04        0.90
  WS02004405           JUNCTION     0.77     1.02     6.87     0  03:03        1.02
  WS02006109           JUNCTION     0.72     1.07     7.69     0  03:02        1.06
  WS02006110           JUNCTION     0.72     0.99     7.57     0  03:02        0.98
  WS02006111           JUNCTION     0.21     0.32     7.03     0  03:02        0.32
  WS02006112           JUNCTION     0.81     1.18     7.07     0  03:07        1.17
  WS02006113           JUNCTION     0.32     0.50     7.39     0  03:03        0.50
  WS02006115           JUNCTION     0.53     0.85     6.99     0  03:02        0.85
  WS02006116           JUNCTION     0.62     0.93     6.97     0  03:02        0.93
  WS02006230           JUNCTION     0.67     1.12     7.86     0  03:02        1.12
  WS02006231           JUNCTION     0.44     0.76     7.89     0  03:02        0.76
  WS02006232           JUNCTION     0.57     0.87     7.91     0  03:02        0.87
  WS02006234           JUNCTION     0.48     0.78     7.94     0  03:02        0.78
  WS02006235           JUNCTION     0.50     0.79     7.96     0  03:02        0.79
  WS02006238           JUNCTION     0.53     0.82     7.96     0  03:02        0.82
  WS02006240           JUNCTION     0.45     0.72     8.02     0  03:02        0.72
  WS02006242           JUNCTION     0.52     0.78     8.05     0  03:02        0.78
  WS02006243           JUNCTION     0.40     0.66     8.08     0  03:02        0.66
  WS02006245           JUNCTION     0.40     0.62     8.10     0  03:02        0.62
  WS02006247           JUNCTION     0.43     0.63     8.13     0  08:56        0.63
  WS02006248           JUNCTION     0.37     0.57     8.16     0  08:57        0.57
  WS02006249           JUNCTION     0.41     0.59     8.19     0  08:57        0.59
  WS02006239           JUNCTION     0.49     0.78     7.99     0  03:02        0.78
  WS02006251           JUNCTION     0.40     0.61     8.28     0  08:57        0.61
  WS02006252           JUNCTION     0.35     0.59     8.83     0  08:56        0.59
  WS02006253           JUNCTION     0.43     0.64     8.28     0  08:58        0.64
  WS02006256           JUNCTION     0.77     1.20     8.13     0  08:10        1.20
  WS02004138           JUNCTION     0.16     0.19     7.44     0  08:40        0.19
  WS02004407           JUNCTION     0.21     0.32     6.64     0  03:03        0.32
  WS02006228           JUNCTION     0.71     1.13     7.78     0  03:01        1.12
  WS02006229           JUNCTION     0.69     1.14     7.83     0  03:02        1.14
  WS02006280           JUNCTION     0.06     0.19     8.46     0  03:02        0.19
  WS02006284           JUNCTION     0.37     0.55     8.95     0  03:02        0.55
  WS02006287           JUNCTION     0.09     0.28     9.24     0  03:01        0.28
  WSF200               JUNCTION     0.20     0.34     5.58     0  03:05        0.34
  HS02004901           JUNCTION     0.12     0.28    10.10     0  03:01        0.28
  HS02004881           JUNCTION     0.01     0.04     9.07     0  03:01        0.04
  HS02004876           JUNCTION     0.04     0.12     9.15     0  03:01        0.12
  HS02004870           JUNCTION     0.01     0.06     9.35     0  03:01        0.06
  HS02004862           JUNCTION     0.02     0.07     9.46     0  03:01        0.07
  HS02004856           JUNCTION     0.08     0.13     9.55     0  03:01        0.13
  HS02004852           JUNCTION     0.01     0.05     9.56     0  03:01        0.05
  HS02004848           JUNCTION     0.01     0.05     9.65     0  03:01        0.05
  HS02004842           JUNCTION     0.34     0.38     9.65     0  03:01        0.38
  HS02004837           JUNCTION     0.03     0.07     9.65     0  03:01        0.07
  HS02004830           JUNCTION     0.04     0.08     9.55     0  03:01        0.08
  HS02004824           JUNCTION     0.02     0.06     9.46     0  03:01        0.06
  HS02004817           JUNCTION     0.44     0.60     9.44     0  03:01        0.60
  HS02004807           JUNCTION     0.12     0.27     9.44     0  03:01        0.27
  HS02004802           JUNCTION     0.16     0.30     9.43     0  03:01        0.30
  HS02004799           JUNCTION     0.11     0.33     9.54     0  03:01        0.33
  HS02004792           JUNCTION     0.03     0.14     9.66     0  03:01        0.14
  HS02004788           JUNCTION     0.02     0.10    10.00     0  03:01        0.10
  HS02004785           JUNCTION     0.04     0.17    10.07     0  03:01        0.17
  HS02004777           JUNCTION     0.14     0.30    10.10     0  03:01        0.30
  HS02004770           JUNCTION     0.11     0.27    10.10     0  03:01        0.27
  HS02004480           JUNCTION     0.08     0.26     9.50     0  03:01        0.26
  HS02004479           JUNCTION     0.11     0.30     9.50     0  03:01        0.30
  HS02004478           JUNCTION     0.06     0.18     9.41     0  03:01        0.18
  YS02001745           JUNCTION     0.71     0.88     8.39     0  03:23        0.87
  YS02001748           JUNCTION     1.12     2.22     9.30     0  02:43        1.31
  YS02001751           JUNCTION     1.31     2.09     8.97     0  02:43        1.52
  YS02001754           JUNCTION     1.57     2.05     8.66     0  02:43        1.80
  YS02001762           JUNCTION     1.77     2.03     8.43     0  03:09        2.02
  YS02001765           JUNCTION     1.73     1.98     8.43     0  03:16        1.96
  YS02001767           JUNCTION     1.69     1.93     8.42     0  03:21        1.92
  YS02001770           JUNCTION     1.68     1.91     8.41     0  03:35        1.90
  YS02001774           JUNCTION     1.75     1.98     8.40     0  03:08        1.96
  YS02001779           JUNCTION     1.50     1.68     8.37     0  02:42        1.68
  YS02001882           JUNCTION     0.46     1.62     8.34     0  02:52        1.61
  YS02001884           JUNCTION     0.56     1.72     8.34     0  02:52        1.70
  YS02001759           JUNCTION     1.81     2.07     8.43     0  03:16        2.05
  YS02001887           JUNCTION     0.64     1.80     8.34     0  02:52        1.78
  YS02001890           JUNCTION     0.67     1.81     8.32     0  02:52        1.80
  YS02001898           JUNCTION     0.43     1.56     8.29     0  02:52        1.55
  YS02001901           JUNCTION     0.56     1.67     8.28     0  02:52        1.66
  YS02001904           JUNCTION     0.53     1.64     8.27     0  02:53        1.63
  YS02001907           JUNCTION     0.87     1.96     8.25     0  02:52        1.96
  YS02001910           JUNCTION     0.66     1.78     8.29     0  02:53        1.76
  YS02001915           JUNCTION     0.45     1.58     8.30     0  02:53        1.58
  YS02001918           JUNCTION     0.23     1.26     8.32     0  02:53        1.25
  YS02001619           JUNCTION     1.27     1.61     8.54     0  02:34        1.47
  YS02001629           JUNCTION     1.64     1.85     8.40     0  02:39        1.84
  YS02001641           JUNCTION     1.74     1.96     8.39     0  02:44        1.93
  YS02001644           JUNCTION     1.74     1.92     8.35     0  02:43        1.92
  YS02001652           JUNCTION     1.58     2.16     8.76     0  03:05        2.01
  YS02001655           JUNCTION     1.34     2.19     9.04     0  03:05        1.92
  YS02001920           JUNCTION     0.32     1.33     8.34     0  02:53        1.31
  YS02001923           JUNCTION     0.18     1.09     8.35     0  02:53        1.07
  YS02001926           JUNCTION     0.24     0.90     8.34     0  02:53        0.89
  YS02001929           JUNCTION     0.13     0.68     8.37     0  02:53        0.63
  YS02001658           JUNCTION     1.06     2.23     9.38     0  02:57        1.70
  YS02001661           JUNCTION     0.82     2.46     9.86     0  03:08        1.34
  YS02001664           JUNCTION     0.35     0.57     8.50     0  02:53        0.57
  YS02001622           JUNCTION     1.29     1.62     8.52     0  02:34        1.49
  YS02001633           JUNCTION     1.73     2.00     8.46     0  02:41        1.94
  YS02001649           JUNCTION     1.78     2.05     8.44     0  02:54        2.05
  YS02001757           JUNCTION     1.91     2.17     8.43     0  03:27        2.16
  YS02001895           JUNCTION     0.43     1.56     8.31     0  02:52        1.56
  YS02001625           JUNCTION     1.59     1.78     8.38     0  02:39        1.78
  YS02163301           JUNCTION     1.67     1.94     8.45     0  02:41        1.87
  YS02163601           JUNCTION     1.78     2.02     8.42     0  02:45        1.98
  YS02164001           JUNCTION     1.72     1.95     8.41     0  02:44        1.91
  YS02001647           JUNCTION     1.57     1.81     8.42     0  02:57        1.79
  YSB1154              JUNCTION     0.26     0.45     9.51     0  03:01        0.45
  YSB6556              JUNCTION     0.15     0.34     9.51     0  03:01        0.34
  YSB1174              JUNCTION     0.21     0.40     9.51     0  03:01        0.40
  YSB1171              JUNCTION     0.41     0.60     9.51     0  03:01        0.60
  YS02006553           JUNCTION     0.87     1.96     8.25     0  02:57        1.96
  YS02006561           JUNCTION     0.26     1.08     7.74     0  02:52        1.07
  YS02006556           JUNCTION     0.84     1.92     8.23     0  02:55        1.91
  YS02006558           JUNCTION     0.88     1.96     8.22     0  03:00        1.95
  YS02001783           JUNCTION     0.56     1.47     7.61     0  02:59        1.46
  YS02001784           JUNCTION     0.60     1.42     7.49     0  02:52        1.40
  YS02001786           JUNCTION     0.58     1.26     7.29     0  03:03        1.25
  YS02001788           JUNCTION     0.58     1.13     7.11     0  03:05        1.12
  YS02001790           JUNCTION     0.80     1.72     7.37     0  02:05        1.29
  YS02001791           JUNCTION     0.89     1.54     7.01     0  02:04        1.27
  YS02001793           JUNCTION     1.35     1.87     6.70     0  02:05        1.80
  WS02004139           JUNCTION     0.62     0.69     5.60     0  08:40        0.69
  WSC                  OUTFALL      0.30     0.39     1.06     0  03:08        0.39
  3                    OUTFALL      0.01     0.20     6.20     0  08:10        0.20
  4                    OUTFALL      0.01     0.09     7.09     0  08:57        0.09
  5                    OUTFALL      0.00     0.00     5.00     0  00:00        0.00
  JK-storage           STORAGE      4.63     5.80     6.60     0  02:06        5.80
  CC-storage           STORAGE      1.13     1.37     8.37     0  03:26        1.37
  XR-storage           STORAGE      6.68     7.72     5.72     0  03:07        7.72
  
  
  *******************
  Node Inflow Summary
  *******************
  
  -------------------------------------------------------------------------------------------------
                                  Maximum  Maximum                  Lateral       Total        Flow
                                  Lateral    Total  Time of Max      Inflow      Inflow     Balance
                                   Inflow   Inflow   Occurrence      Volume      Volume       Error
  Node                 Type           LPS      LPS  days hr:min    10^6 ltr    10^6 ltr     Percent
  -------------------------------------------------------------------------------------------------
  WS02001211           JUNCTION      7.35   374.39     0  08:40       0.264        9.69       0.358
  WS02001212           JUNCTION      0.00   365.35     0  08:41           0        9.66       0.204
  WS02001213           JUNCTION      0.00   362.26     0  08:41           0        9.64       0.249
  WS02003069           JUNCTION      0.32   941.89     0  03:06      0.0115        18.9       0.167
  WS02003072           JUNCTION      0.00   941.65     0  03:06           0        18.8       0.202
  WS02003073           JUNCTION      1.82   943.43     0  03:07      0.0656        18.9       0.226
  WS02003060           JUNCTION     16.53   942.07     0  03:07       0.595        18.9       0.158
  WS02003066           JUNCTION      0.00   635.01     0  03:05           0        8.72       0.056
  WS02003059           JUNCTION      0.00   359.82     0  08:42           0        9.62       0.386
  WS02003067           JUNCTION      0.00   634.80     0  03:05           0        8.73       0.115
  WS02004401           JUNCTION      0.00   641.33     0  03:02           0        8.98       0.258
  WS02004402           JUNCTION      0.00   639.84     0  03:03           0        8.96       0.241
  WS02004403           JUNCTION      0.00   638.18     0  03:03           0        8.94       0.218
  WS02004404           JUNCTION      0.16   637.16     0  03:03     0.00583        8.92       0.161
  WS02004406           JUNCTION      0.00   637.54     0  03:03           0        8.89       0.392
  WS02004409           JUNCTION      0.00   637.33     0  03:03           0        8.85       0.207
  WS02004410           JUNCTION      0.00   636.43     0  03:03           0        8.83       0.233
  WS02004411           JUNCTION      0.00   635.83     0  03:04           0        8.81       0.236
  WS02004412           JUNCTION      0.00   635.38     0  03:04           0        8.79       0.252
  WS02004413           JUNCTION      0.00   635.12     0  03:04           0        8.76       0.371
  WS02004405           JUNCTION      0.04   637.31     0  03:03     0.00137        8.91       0.244
  WS02006109           JUNCTION      1.23   626.90     0  03:02      0.0443        9.05       0.244
  WS02006110           JUNCTION      0.00   626.82     0  03:02           0        9.03       0.247
  WS02006111           JUNCTION      0.00   658.42     0  03:03           0           9       0.055
  WS02006112           JUNCTION     14.47   646.80     0  03:02       0.063        9.05       0.318
  WS02006113           JUNCTION      0.00   628.16     0  03:02           0        9.01       0.124
  WS02006115           JUNCTION      0.00   647.00     0  03:02           0        9.03       0.265
  WS02006116           JUNCTION      0.00   643.69     0  03:02           0           9       0.227
  WS02006230           JUNCTION     10.28   392.45     0  08:56        0.37        7.08       0.185
  WS02006231           JUNCTION      0.00   383.50     0  08:55           0        6.73       0.204
  WS02006232           JUNCTION      0.00   383.57     0  08:55           0        6.74       0.223
  WS02006234           JUNCTION      0.00   384.43     0  08:55           0        6.75       0.182
  WS02006235           JUNCTION      0.00   385.00     0  08:55           0        6.77       0.134
  WS02006238           JUNCTION      0.00   336.59     0  09:40           0        6.21       0.110
  WS02006240           JUNCTION      0.00   337.22     0  09:37           0        6.23       0.253
  WS02006242           JUNCTION      0.00   339.27     0  09:32           0        6.25       0.290
  WS02006243           JUNCTION      0.00   344.49     0  09:31           0        6.26       0.134
  WS02006245           JUNCTION      0.00   347.45     0  09:31           0        6.27       0.205
  WS02006247           JUNCTION      0.00   350.93     0  09:31           0        6.28       0.161
  WS02006248           JUNCTION      0.00   355.83     0  09:31           0        6.29       0.109
  WS02006249           JUNCTION      0.00   401.18     0  08:58           0        6.45       0.236
  WS02006239           JUNCTION      0.00   336.75     0  09:40           0        6.22       0.172
  WS02006251           JUNCTION      0.08   401.57     0  08:51     0.00277        6.48       0.210
  WS02006252           JUNCTION      0.00   400.00     0  08:50           0         6.1       0.009
  WS02006253           JUNCTION      1.91    81.00     0  03:01     0.00814       0.383       2.104
  WS02006256           JUNCTION      0.00   599.88     0  08:10           0        1.03       0.193
  WS02004138           JUNCTION      0.00   379.91     0  08:40           0        9.46       0.057
  WS02004407           JUNCTION      0.00   638.00     0  03:03           0        8.85       0.092
  WS02006228           JUNCTION      0.00   625.63     0  03:02           0        9.02       0.181
  WS02006229           JUNCTION      0.00   624.65     0  03:02           0        9.04       0.140
  WS02006280           JUNCTION      0.00   375.55     0  03:02           0        1.97       0.003
  WS02006284           JUNCTION      0.10   375.54     0  03:02     0.00344        1.97       0.060
  WS02006287           JUNCTION      0.00   375.27     0  03:01           0        1.97       0.035
  WSF200               JUNCTION      0.00   635.12     0  03:05           0        8.72       0.058
  HS02004901           JUNCTION     17.47    17.47     0  03:01      0.0757       0.076       2.337
  HS02004881           JUNCTION      7.55    79.19     0  03:01      0.0331       0.359       0.085
  HS02004876           JUNCTION     14.15    72.10     0  03:01      0.0638       0.327       0.143
  HS02004870           JUNCTION     14.17    58.27     0  03:01      0.0627       0.263       0.035
  HS02004862           JUNCTION     13.95    44.46     0  03:01      0.0703         0.2       0.076
  HS02004856           JUNCTION     10.64    30.79     0  03:01      0.0472       0.131       1.095
  HS02004852           JUNCTION      0.00    20.44     0  03:01           0      0.0843       0.042
  HS02004848           JUNCTION     32.07    32.07     0  03:01       0.152       0.152       0.018
  HS02004842           JUNCTION      0.00    11.42     0  03:01           0      0.0807      19.202
  HS02004837           JUNCTION     30.75    41.91     0  03:01       0.338       0.406       0.199
  HS02004830           JUNCTION      0.15    41.84     0  03:01      0.0054       0.397       0.310
  HS02004824           JUNCTION     40.25    81.79     0  03:01         0.2       0.596       0.089
  HS02004817           JUNCTION      0.60    82.18     0  03:01      0.0216       0.617       2.774
  HS02004807           JUNCTION     26.15   107.24     0  03:01       0.115       0.715       0.597
  HS02004802           JUNCTION      0.00   106.49     0  03:01           0       0.712       0.563
  HS02004799           JUNCTION     21.02   227.51     0  03:01      0.0934        1.08       0.227
  HS02004792           JUNCTION     88.55   207.33     0  03:01       0.399       0.984       0.040
  HS02004788           JUNCTION     30.78   119.37     0  03:01        0.19       0.587       0.064
  HS02004785           JUNCTION      0.15    89.79     0  03:01      0.0054       0.398       0.107
  HS02004777           JUNCTION      0.03    90.24     0  03:01     0.00108       0.397       1.306
  HS02004770           JUNCTION     73.89    90.93     0  03:01       0.324       0.399       0.771
  HS02004480           JUNCTION      0.00   269.27     0  03:01           0        1.27       0.094
  HS02004479           JUNCTION      0.00    42.82     0  03:02           0       0.204       0.352
  HS02004478           JUNCTION      0.00   375.17     0  03:01           0        1.97       0.016
  YS02001745           JUNCTION    297.18   371.07     0  02:42         2.5        2.51       0.286
  YS02001748           JUNCTION      0.04   573.61     0  02:42     0.00162         2.5       0.830
  YS02001751           JUNCTION      0.01   307.58     0  03:01    0.000396        2.48       0.957
  YS02001754           JUNCTION      0.26   307.50     0  03:01     0.00936        2.46       1.017
  YS02001762           JUNCTION      0.00   335.90     0  02:55           0        1.92       1.101
  YS02001765           JUNCTION      0.00   336.00     0  02:55           0        1.92       1.268
  YS02001767           JUNCTION      0.54   336.09     0  02:55      0.0193        1.94       1.861
  YS02001770           JUNCTION    373.02   373.02     0  03:01        2.77        2.82       1.119
  YS02001774           JUNCTION      0.00   291.23     0  03:29           0       0.918       2.795
  YS02001779           JUNCTION      0.01   291.74     0  03:29     0.00018       0.885       1.770
  YS02001882           JUNCTION      0.00    15.12     0  02:45           0      0.0149      12.273
  YS02001884           JUNCTION      0.00    20.90     0  02:43           0      0.0508      10.505
  YS02001759           JUNCTION    359.84   662.66     0  02:55        2.54        4.38       0.524
  YS02001887           JUNCTION    453.35   453.42     0  03:01         2.9        2.93       0.242
  YS02001890           JUNCTION      0.00   453.56     0  03:01           0        2.89       0.269
  YS02001898           JUNCTION      0.00   453.40     0  03:00           0        2.88       0.074
  YS02001901           JUNCTION      0.00   453.42     0  03:01           0        2.88       0.194
  YS02001904           JUNCTION      0.00   453.38     0  03:01           0        2.88       0.177
  YS02001907           JUNCTION      0.00   862.16     0  02:58           0        6.55       0.339
  YS02001910           JUNCTION      0.00   430.17     0  02:54           0        3.69       0.276
  YS02001915           JUNCTION    263.65   429.95     0  02:54        2.08        3.71       0.118
  YS02001918           JUNCTION      0.00   196.97     0  02:54           0        1.63       0.089
  YS02001619           JUNCTION    257.27   257.27     0  03:01        2.07        2.07       0.583
  YS02001629           JUNCTION      0.00   207.95     0  02:49           0        1.76       1.634
  YS02001641           JUNCTION      0.00   438.97     0  02:49           0        4.15       0.505
  YS02001644           JUNCTION    282.70  1001.01     0  03:24        2.41        8.47       0.308
  YS02001652           JUNCTION      0.00   373.61     0  03:01           0        2.14       1.085
  YS02001655           JUNCTION      0.15   373.48     0  03:01     0.00554        2.16       1.181
  YS02001920           JUNCTION      2.87   196.85     0  02:54       0.103        1.62       0.147
  YS02001923           JUNCTION      0.04   207.66     0  02:54     0.00136        1.52       0.036
  YS02001926           JUNCTION      0.05   175.53     0  02:54     0.00188        1.51       0.163
  YS02001929           JUNCTION    129.40   129.40     0  03:01        1.51        1.51       0.026
  YS02001658           JUNCTION      0.00   579.48     0  02:40           0        2.18       0.968
  YS02001661           JUNCTION      0.00   695.18     0  02:53           0        2.94      -0.468
  YS02001664           JUNCTION    327.80   364.33     0  02:53        2.17        2.94       0.105
  YS02001622           JUNCTION      0.00   257.60     0  03:01           0        2.06       1.558
  YS02001633           JUNCTION    287.40   439.09     0  02:49        2.49         4.2       0.767
  YS02001649           JUNCTION      0.00   931.87     0  02:50           0        5.32       0.699
  YS02001757           JUNCTION      0.00  1777.19     0  02:51           0        10.1       0.924
  YS02001895           JUNCTION      0.00   453.44     0  03:00           0        2.88       0.128
  YS02001625           JUNCTION      0.00   257.29     0  03:01           0        2.03       1.917
  YS02163301           JUNCTION      0.00   208.20     0  02:40           0        1.74       1.392
  YS02163601           JUNCTION      0.11   438.96     0  02:49     0.00396        4.17       0.723
  YS02164001           JUNCTION      0.00   438.88     0  02:49           0        4.15       0.484
  YS02001647           JUNCTION      0.00   666.59     0  02:49           0        4.22       0.673
  YSB1154              JUNCTION     25.19    25.19     0  03:01       0.113       0.114       1.271
  YSB6556              JUNCTION      0.00    24.91     0  03:01           0       0.115       1.079
  YSB1174              JUNCTION     19.06    19.06     0  03:01      0.0821      0.0828       1.563
  YSB1171              JUNCTION      0.00    43.19     0  03:01           0       0.203       3.194
  YS02006553           JUNCTION      0.00   666.76     0  03:17           0        6.33       0.225
  YS02006561           JUNCTION      0.00   964.11     0  03:01           0        8.97       0.002
  YS02006556           JUNCTION      0.00   666.73     0  03:17           0        6.34       0.163
  YS02006558           JUNCTION    392.87   964.38     0  03:00        2.68        8.99       0.054
  YS02001783           JUNCTION      0.00   964.10     0  03:00           0        8.97       0.018
  YS02001784           JUNCTION      1.06   965.18     0  03:00      0.0382           9       0.029
  YS02001786           JUNCTION      0.06   965.11     0  03:00     0.00203           9       0.027
  YS02001788           JUNCTION      0.07   965.30     0  03:00     0.00256           9       0.015
  YS02001790           JUNCTION      0.15   965.39     0  03:00     0.00558        9.01       0.018
  YS02001791           JUNCTION      0.00   965.39     0  03:00           0           9       0.008
  YS02001793           JUNCTION      0.00   965.47     0  03:00           0           9       0.006
  WS02004139           JUNCTION      0.32   378.83     0  08:40      0.0116        9.47       0.402
  WSC                  OUTFALL       0.00   943.49     0  03:08           0        18.8       0.000
  3                    OUTFALL       0.00   478.78     0  08:10           0       0.464       0.000
  4                    OUTFALL       0.00    85.75     0  08:57           0       0.142       0.000
  5                    OUTFALL       0.00     0.00     0  00:00           0           0       0.000 ltr
  JK-storage           STORAGE       0.00   965.49     0  03:00           0        9.15      -1.411
  CC-storage           STORAGE       0.00  1776.93     0  02:51           0        9.02       0.624
  XR-storage           STORAGE     690.11   690.11     0  03:01        11.4          12      -0.001
  
  
  **********************
  Node Surcharge Summary
  **********************
  
  Surcharging occurs when water rises above the top of the highest conduit.
  ---------------------------------------------------------------------
                                               Max. Height   Min. Depth
                                   Hours       Above Crown    Below Rim
  Node                 Type      Surcharged         Meters       Meters
  ---------------------------------------------------------------------
  WS02004404           JUNCTION        0.35          0.036        2.744
  WS02004406           JUNCTION        0.15          0.012        2.438
  WS02004405           JUNCTION        0.25          0.024        2.776
  WS02006109           JUNCTION        1.40          0.250        1.570
  WS02006110           JUNCTION        0.75          0.078        1.772
  WS02006112           JUNCTION        0.97          0.182        1.498
  WS02006230           JUNCTION        0.22          0.037        1.533
  WS02006231           JUNCTION        0.32          0.055        1.475
  WS02006232           JUNCTION        1.23          0.172        1.308
  WS02006234           JUNCTION        0.38          0.061        1.179
  WS02006235           JUNCTION        0.48          0.083        1.207
  WS02006238           JUNCTION        0.72          0.099        1.331
  WS02006240           JUNCTION        0.15          0.014        1.376
  WS02006242           JUNCTION        0.49          0.050        0.770
  WS02006239           JUNCTION        0.32          0.042        1.248
  WS02006252           JUNCTION        0.84          0.192        0.908
  WS02006228           JUNCTION        1.27          0.301        1.899
  YS02001748           JUNCTION        6.77          1.141        0.049
  YS02001751           JUNCTION        7.40          1.091        0.109
  YS02001754           JUNCTION        7.57          1.000        0.150
  YS02001762           JUNCTION        7.80          1.030        0.120
  YS02001765           JUNCTION        7.77          0.976        0.124
  YS02001767           JUNCTION        7.75          0.932        0.098
  YS02001770           JUNCTION        7.72          0.880        0.040
  YS02001774           JUNCTION        7.79          0.976        0.074
  YS02001779           JUNCTION        7.56          0.680        0.000
  YS02001882           JUNCTION        0.80          0.621        0.209
  YS02001884           JUNCTION        0.84          0.659        0.211
  YS02001759           JUNCTION        7.83          1.066        0.144
  YS02001887           JUNCTION        0.93          0.747        0.203
  YS02001890           JUNCTION        0.96          0.760        0.000
  YS02001898           JUNCTION        0.76          0.527        0.213
  YS02001901           JUNCTION        0.89          0.672        0.198
  YS02001904           JUNCTION        0.87          0.635        0.215
  YS02001907           JUNCTION        1.50          0.950        0.000
  YS02001910           JUNCTION        1.01          0.780        0.320
  YS02001915           JUNCTION        0.79          0.584        0.416
  YS02001918           JUNCTION        0.53          0.258        0.552
  YS02001619           JUNCTION        7.39          0.610        0.000
  YS02001629           JUNCTION        7.40          0.470        0.000
  YS02001641           JUNCTION        7.79          0.956        0.144
  YS02001644           JUNCTION        7.79          0.920        0.000
  YS02001652           JUNCTION        7.58          1.130        0.000
  YS02001655           JUNCTION        7.42          1.193        0.007
  YS02001920           JUNCTION        0.57          0.334        0.806
  YS02001658           JUNCTION        6.85          1.234        0.066
  YS02001661           JUNCTION        0.24          1.390        0.000
  YS02001622           JUNCTION        7.42          0.620        0.000
  YS02001633           JUNCTION        7.77          0.984        0.076
  YS02001649           JUNCTION        7.81          1.050        0.000
  YS02001757           JUNCTION        7.90          1.171        0.039
  YS02001895           JUNCTION        0.77          0.564        0.186
  YS02001625           JUNCTION        7.60          0.780        0.000
  YS02163301           JUNCTION        7.74          0.938        0.092
  YS02163601           JUNCTION        7.81          1.019        0.061
  YS02164001           JUNCTION        7.77          0.950        0.150
  YS02001647           JUNCTION        7.59          0.806        0.094
  YS02006553           JUNCTION        1.57          0.965        0.225
  YS02006561           JUNCTION        0.66          0.279        0.871
  YS02006556           JUNCTION        1.24          0.878        0.472
  YS02006558           JUNCTION        1.20          0.857        0.543
  YS02001783           JUNCTION        1.46          0.670        0.930
  YS02001784           JUNCTION        1.53          0.617        0.873
  YS02001786           JUNCTION        1.46          0.462        0.968
  YS02001788           JUNCTION        1.44          0.332        1.148
  YS02001790           JUNCTION        5.99          0.923        0.234
  YS02001791           JUNCTION        6.04          0.737        1.183
  YS02001793           JUNCTION        6.13          0.868        1.732
  
  
  *********************
  Node Flooding Summary
  *********************
  
  Flooding refers to all water that overflows a node, whether it ponds or not.
  --------------------------------------------------------------------------
                                                             Total   Maximum
                                 Maximum   Time of Max       Flood    Ponded
                        Hours       Rate    Occurrence      Volume     Depth
  Node                 Flooded       LPS   days hr:min    10^6 ltr    Meters
  --------------------------------------------------------------------------
  YS02001779              2.44    291.59      0  03:29       0.863     0.000
  YS02001890              0.01      0.30      0  02:52       0.000     0.000
  YS02001907              0.38    277.15      0  02:58       0.212     0.000
  YS02001619              0.01     11.94      0  02:41       0.000     0.000
  YS02001629              0.01     33.74      0  02:41       0.001     0.000
  YS02001644              4.78   1000.79      0  03:24       6.152     0.000
  YS02001652              0.01     10.63      0  03:05       0.000     0.000
  YS02001661              0.01    139.10      0  03:11       0.000     0.000
  YS02001622              0.01     31.43      0  02:40       0.000     0.000
  YS02001649              0.09     44.92      0  03:07       0.005     0.000
  YS02001625              0.84    168.31      0  03:01       0.236     0.000
  JK-storage              5.92    965.44      0  03:00       8.257     0.000
  XR-storage              4.20    363.02      0  03:07       1.671     0.000
  
  
  **********************
  Storage Volume Summary
  **********************
  
  --------------------------------------------------------------------------------------------------
                         Average     Avg  Evap Exfil       Maximum     Max    Time of Max    Maximum
                          Volume    Pcnt  Pcnt  Pcnt        Volume    Pcnt     Occurrence    Outflow
  Storage Unit           1000 m3    Full  Loss  Loss       1000 m3    Full    days hr:min        LPS
  --------------------------------------------------------------------------------------------------
  JK-storage               0.233      80     0     0         0.291     100       0  02:06     599.88
  CC-storage               3.159      20     0     0         3.831      24       0  03:26     400.00
  XR-storage               0.802      87     0     0         0.926     100       0  03:07     379.91
  
  
  ***********************
  Outfall Loading Summary
  ***********************
  
  -----------------------------------------------------------
                         Flow       Avg       Max       Total
                         Freq      Flow      Flow      Volume
  Outfall Node           Pcnt       LPS       LPS    10^6 ltr
  -----------------------------------------------------------
  WSC                  100.00    573.58    943.49      18.821
  3                     17.09    102.37    478.78       0.464
  4                     13.71     26.49     85.75       0.142
  5                      0.00      0.00      0.00       0.000
  -----------------------------------------------------------
  System                32.70    702.43    970.82      19.428
  
  
  ********************
  Link Flow Summary
  ********************
  
  -----------------------------------------------------------------------------
                                 Maximum  Time of Max   Maximum    Max/    Max/
                                  |Flow|   Occurrence   |Veloc|    Full    Full
  Link                 Type          LPS  days hr:min     m/sec    Flow   Depth
  -----------------------------------------------------------------------------
  WS02003066WSF200     CONDUIT    635.12     0  03:05      2.79    0.11    0.26
  WS02006287WS02006284 CONDUIT    375.44     0  03:02      1.98    0.17    0.29
  WS02006284WS02006280 CONDUIT    375.55     0  03:02      2.22    0.16    0.27
  WS02006280WS02006229 CONDUIT    375.58     0  03:02      3.58    0.08    0.19
  WS02006229WS02006228 CONDUIT    625.63     0  03:02      1.24    2.07    1.00
  WS02006256WS02006235 CONDUIT    125.81     0  09:24      1.78    1.33    1.00
  WS02006253WS02006251 CONDUIT     80.71     0  03:01      0.46    0.24    0.89
  WS02006252WS02006251 CONDUIT    400.67     0  08:51      3.19    1.47    1.00
  WS02006251WS02006249 CONDUIT    401.18     0  08:58      1.17    1.16    0.86
  WS02006249WS02006248 CONDUIT    355.83     0  09:31      1.16    1.95    0.82
  WS02006248WS02006247 CONDUIT    350.93     0  09:31      1.13    0.76    0.85
  WS02006247WS02006245 CONDUIT    347.45     0  09:31      1.09    2.76    0.88
  WS02006245WS02006243 CONDUIT    344.49     0  09:31      1.11    1.02    0.90
  WS02006243WS02006242 CONDUIT    339.27     0  09:32      1.01    0.72    0.97
  WS02006242WS02006240 CONDUIT    337.22     0  09:37      0.96    1.34    1.00
  WS02006240WS02006239 CONDUIT    336.75     0  09:40      1.00    1.06    1.00
  WS02006239WS02006238 CONDUIT    336.59     0  09:40      0.93    1.08    1.00
  WS02006238WS02006235 CONDUIT    336.48     0  09:40      0.92    0.75    1.00
  WS02006235WS02006234 CONDUIT    384.43     0  08:55      1.03    4.06    1.00
  WS02006234WS02006232 CONDUIT    383.57     0  08:55      1.00    0.78    1.00
  WS02006232WS02006231 CONDUIT    383.50     0  08:55      1.05    0.80    1.00
  WS02006231WS02006230 CONDUIT    382.17     0  08:56      1.32    5.80    1.00
  WS02006230WS02006229 CONDUIT    390.76     0  08:56      1.02    8.70    1.00
  WS02006228WS02006109 CONDUIT    625.67     0  03:02      1.24    2.73    1.00
  WS02006116WS02004401 CONDUIT    641.33     0  03:02      0.84    0.88    0.93
  WS02006115WS02006116 CONDUIT    643.69     0  03:02      0.90    0.83    0.86
  WS02006113WS02006111 CONDUIT    658.42     0  03:03      2.59    0.79    0.51
  WS02006112WS02006115 CONDUIT    647.00     0  03:02      0.86    0.38    0.92
  WS02006111WS02006112 CONDUIT    634.76     0  03:02      1.72    0.30    0.69
  WS02006110WS02006113 CONDUIT    628.16     0  03:02      1.44    0.57    0.81
  WS02006109WS02006110 CONDUIT    626.82     0  03:02      1.25    1.21    1.00
  WS02004411WS02004412 CONDUIT    635.38     0  03:04      1.01    0.90    0.75
  WS02004401WS02004402 CONDUIT    639.84     0  03:03      0.83    0.77    0.95
  WS02004413WS02003067 CONDUIT    634.80     0  03:05      1.22    0.27    0.63
  WS02004412WS02004413 CONDUIT    635.12     0  03:04      0.92    0.43    0.83
  WS02004410WS02004411 CONDUIT    635.83     0  03:04      1.01    0.87    0.75
  WS02004409WS02004410 CONDUIT    636.43     0  03:03      1.02    0.82    0.74
  WS02004407WS02004409 CONDUIT    637.33     0  03:03      1.51    0.23    0.53
  WS02004406WS02004407 CONDUIT    638.00     0  03:03      1.16    0.29    0.66
  WS02004405WS02004406 CONDUIT    637.54     0  03:03      0.81    1.26    1.00
  WS02004404WS02004405 CONDUIT    637.28     0  03:03      0.81    6.24    1.00
  WS02004403WS02004404 CONDUIT    637.00     0  03:03      0.81    0.46    0.99
  WS02004402WS02004403 CONDUIT    638.18     0  03:03      0.82    0.92    0.97
  WS02004139WS02001211 CONDUIT    367.04     0  08:40      0.81    0.46    0.56
  WS02004138WS02004139 CONDUIT    378.51     0  08:40      3.34    0.08    0.42
  WS02003067WS02003066 CONDUIT    635.01     0  03:05      1.32    0.20    0.44
  WS02001213WS02003059 CONDUIT    359.82     0  08:42      0.78    0.59    0.75
  WS02001212WS02001213 CONDUIT    362.26     0  08:41      1.19    0.56    0.44
  WS02001211WS02001212 CONDUIT    365.35     0  08:41      0.74    0.28    0.60
  WS02003072WS02003073 CONDUIT    941.61     0  03:07      1.73    2.03    0.49
  WS02003069WS02003072 CONDUIT    941.65     0  03:06      1.62    0.45    0.51
  WS02003060WS02003069 CONDUIT    941.57     0  03:06      1.87    0.37    0.46
  WS02003059WS02003060 CONDUIT    357.74     0  08:42      0.82    0.23    0.65
  HS02004901HS02004770 CONDUIT     17.70     0  03:01      0.07    0.07    0.39
  HS02004876HS02004881 CONDUIT     71.90     0  03:01      0.92    0.76    0.11
  HS02004870HS02004876 CONDUIT     58.03     0  03:01      0.63    0.04    0.13
  HS02004842HS02004848 CONDUIT     11.42     0  03:01      0.05    0.01    0.30
  HS02004837HS02004842 CONDUIT     11.94     0  03:02      0.42    0.01    0.32
  HS02004830HS02004837 CONDUIT     41.69     0  03:01      0.56    0.04    0.11
  HS02004824HS02004830 CONDUIT     41.67     0  03:01      0.58    0.05    0.10
  HS02004817HS02004824 CONDUIT     81.58     0  03:01      0.25    0.04    0.47
  HS02004770HS02004777 CONDUIT     90.21     0  03:01      0.32    0.16    0.41
  HS02004799HS02004480 CONDUIT    226.97     0  03:01      0.78    0.29    0.42
  HS02004792HS02004799 CONDUIT    206.60     0  03:01      0.88    0.13    0.33
  HS02004788HS02004792 CONDUIT    118.94     0  03:01      1.01    0.08    0.17
  HS02004785HS02004788 CONDUIT     89.52     0  03:02      0.66    0.67    0.19
  HS02004777HS02004785 CONDUIT     89.64     0  03:01      0.38    0.11    0.33
  HS02004480HS02004478 CONDUIT    269.12     0  03:01      1.20    1.13    0.32
  HS02004479HS02004480 CONDUIT     44.17     0  03:02      0.23    0.04    0.40
  HS02004862HS02004870 CONDUIT     44.23     0  03:01      0.64    0.05    0.10
  HS02004848HS02004852 CONDUIT     20.44     0  03:01      0.44    0.02    0.07
  HS02004856HS02004862 CONDUIT     30.57     0  03:01      0.47    0.03    0.09
  HS02004852HS02004856 CONDUIT     20.26     0  03:01      0.24    0.02    0.12
  HS02004802HS02004478 CONDUIT    106.59     0  03:02      0.45    0.09    0.35
  HS02004478WS02006287 CONDUIT    375.27     0  03:01      1.68    0.11    0.25
  HS02004817HS02004807 CONDUIT     82.18     0  03:01      0.19    0.05    0.62
  HS02004807HS02004802 CONDUIT    106.49     0  03:01      0.38    0.20    0.40
  YS02001759YS02001757 CONDUIT    662.61     0  02:55      0.84    0.47    1.00
  YS02001762YS02001759 CONDUIT    336.03     0  02:55      0.43    0.39    1.00
  YS02001765YS02001762 CONDUIT    335.90     0  02:55      0.43    0.31    1.00
  YS02001770YS02001767 CONDUIT    335.56     0  02:55      0.43    1.33    1.00
  YS02001774YS02001770 CONDUIT    291.23     0  03:29      0.37    0.19    1.00
  YS02001779YS02001774 CONDUIT    291.73     0  03:29      0.37    0.15    1.00
  YS02001649YS02001757 CONDUIT    931.88     0  02:50      1.19    0.57    1.00
  YS02001767YS02001765 CONDUIT    336.00     0  02:55      0.43    0.42    1.00
  YS02006561YS02001783 CONDUIT    964.10     0  03:00      1.92    0.50    1.00
  YS02001783YS02001784 CONDUIT    964.12     0  03:00      1.92    1.33    1.00
  YS02001784YS02001785 CONDUIT    965.06     0  03:00      1.92    2.25    1.00
  YS02001788YS02001790 CONDUIT    965.23     0  03:00      1.92    0.71    1.00
  YS02001790YS02001791 CONDUIT    965.39     0  03:00      2.00    1.05    1.00
  YS02001791YS02001793 CONDUIT    965.47     0  03:00      3.54    0.41    1.00
  YS02001910YS02001907 CONDUIT    430.00     0  02:54      0.55    0.24    1.00
  YS02001786YS02001788 CONDUIT    965.23     0  03:00      1.92    1.86    1.00
  YS02001915YS02001910 CONDUIT    430.17     0  02:54      0.55    0.21    1.00
  YS02001918YS02001915 CONDUIT    197.12     0  02:54      0.44    0.11    1.00
  YS02001923YS02001920 CONDUIT    193.98     0  02:54      0.68    0.09    1.00
  YS02001926YS02001923 CONDUIT    207.63     0  02:54      0.79    0.30    0.89
  YS02001929YS02001926 CONDUIT    175.48     0  02:54      0.84    0.08    0.79
  YS02001920YS02001918 CONDUIT    196.97     0  02:54      0.67    0.19    1.00
  YS02001629YS02163301 CONDUIT    208.20     0  02:40      0.27    0.26    1.00
  YS02001619YS02001622 CONDUIT    257.60     0  03:01      0.61    0.38    1.00
  YS02001622YS02001625 CONDUIT    257.29     0  03:01      0.33    0.14    1.00
  YS02001625YS02001629 CONDUIT    207.95     0  02:49      0.26    0.10    1.00
  YS02163301YS02001633 CONDUIT    208.27     0  02:40      0.27    0.20    1.00
  YS02163601YS02164001 CONDUIT    438.88     0  02:49      0.56    0.39    1.00
  YS02164001YS02001641 CONDUIT    438.97     0  02:49      0.56    0.60    1.00
  YS02001641YS02001644 CONDUIT    438.67     0  02:49      0.56    1.42    1.00
  YS02001647YS02001649 CONDUIT    666.77     0  02:49      0.85    0.35    1.00
  YS02006553YS02006556 CONDUIT    666.73     0  03:17      0.85    0.57    1.00
  YS02006556YS02006558 CONDUIT    666.98     0  03:17      0.85    0.53    1.00
  YSB6556YSB1171       CONDUIT     24.81     0  03:03      0.09    0.03    0.67
  YS02001907YS02006553 CONDUIT    666.76     0  03:17      0.74    0.78    1.00
  YS02006558YS02006561 CONDUIT    964.11     0  03:01      3.41    2.13    1.00
  YS02001633YS02163601 CONDUIT    438.85     0  02:49      0.56    0.46    1.00
  YS02001644YS02001647 CONDUIT    666.59     0  02:49      0.85    0.39    1.00
  YS02001745YS02001748 CONDUIT    573.57     0  02:42      1.48    0.22    0.94
  YS02001748YS02001751 CONDUIT    307.57     0  03:01      1.05    0.16    1.00
  YS02001751YS02001754 CONDUIT    307.24     0  03:01      0.88    0.15    1.00
  YS02001754YS02001757 CONDUIT    307.62     0  03:01      0.39    0.12    1.00
  YS02001882YS02001884 CONDUIT     15.12     0  02:45      0.09    0.02    1.00
  YS02001884YS02001887 CONDUIT     20.90     0  02:43      0.05    0.03    1.00
  YS02001890YS02001895 CONDUIT    453.44     0  03:00      0.58    0.21    1.00
  YS02001895YS02001898 CONDUIT    453.40     0  03:00      0.58    0.79    1.00
  YS02001898YS02001901 CONDUIT    453.42     0  03:01      0.58    0.29    1.00
  YS02001901YS02001904 CONDUIT    453.38     0  03:01      0.58    0.70    1.00
  YS02001904YS02001907 CONDUIT    453.39     0  03:01      0.58    0.16    1.00
  YS02001887YS02001890 CONDUIT    453.56     0  03:01      0.58    0.78    1.00
  YS02001652YS02001649 CONDUIT    373.96     0  03:01      0.50    0.19    1.00
  YS02001655YS02001652 CONDUIT    373.61     0  03:01      0.93    0.18    1.00
  YS02001658YS02001655 CONDUIT    373.33     0  03:01      1.21    0.16    1.00
  YS02001661YS02001658 CONDUIT    579.48     0  02:40      1.56    0.23    1.00
  YS02001664YS02001661 CONDUIT    695.18     0  02:53      1.58    0.22    0.71
  YSB1154YSB6556       CONDUIT     24.91     0  03:01      0.18    0.04    0.56
  YSB1174YSB1171       CONDUIT     18.78     0  03:01      0.07    0.03    0.68
  YSB1171HS02004479    CONDUIT     42.82     0  03:02      0.54    0.03    0.53
  HS02004881HS02006253 CONDUIT     79.15     0  03:01      1.62    0.02    0.21
  YS02001793JiankangQianchi CONDUIT    965.49     0  03:00      8.89    0.08    1.00
  YS02001757CaochengTiaoxuchi CONDUIT   1776.93     0  02:51      2.39    0.78    1.00
  WSF200WS02003060     CONDUIT    635.32     0  03:05      1.75    0.14    0.36
  1                    CONDUIT    943.49     0  03:08      3.28    0.33    0.39
  2                    CONDUIT     85.75     0  08:57      4.64    0.21    0.31
  3                    CONDUIT    478.78     0  08:10      9.72    0.76    0.66
  4                    CONDUIT      0.00     0  00:00      0.00    0.00    0.00
  CC-Pump-1            PUMP       200.00     0  01:59              1.00
  CC-Pump-2            PUMP       200.00     0  08:40              1.00
  JK-Pump-1            PUMP       300.00     0  08:10              1.00
  JK-Pump-2            PUMP       299.94     0  08:10              1.00
  XR-Pump-1            PUMP        95.00     0  00:00              1.00
  XR-Pump-2            PUMP        95.00     0  00:00              1.00
  XR-Pump-3            PUMP        95.00     0  00:00              1.00
  XR-Pump-4            PUMP        95.00     0  08:30              1.00
  
  
  ***************************
  Flow Classification Summary
  ***************************
  
  -------------------------------------------------------------------------------------
                      Adjusted    ---------- Fraction of Time in Flow Class ---------- 
                       /Actual         Up    Down  Sub   Sup   Up    Down  Norm  Inlet 
  Conduit               Length    Dry  Dry   Dry   Crit  Crit  Crit  Crit  Ltd   Ctrl  
  -------------------------------------------------------------------------------------
  WS02003066WSF200        1.00   0.05  0.00  0.00  0.00  0.95  0.00  0.00  0.68  0.00
  WS02006287WS02006284    1.00   0.01  0.01  0.00  0.70  0.28  0.00  0.00  0.73  0.00
  WS02006284WS02006280    1.00   0.02  0.00  0.00  0.00  0.00  0.00  0.98  0.00  0.00
  WS02006280WS02006229    1.00   0.02  0.00  0.00  0.00  0.00  0.00  0.98  0.00  0.00
  WS02006229WS02006228    1.00   0.00  0.00  0.00  1.00  0.00  0.00  0.00  0.00  0.00
  WS02006256WS02006235    1.00   0.03  0.00  0.00  0.97  0.00  0.00  0.00  0.01  0.00
  WS02006253WS02006251    1.00   0.01  0.01  0.00  0.98  0.00  0.00  0.00  0.00  0.00
  WS02006252WS02006251    1.00   0.04  0.00  0.00  0.00  0.00  0.96  0.00  0.00  0.00
  WS02006251WS02006249    1.00   0.00  0.00  0.00  1.00  0.00  0.00  0.00  0.19  0.00
  WS02006249WS02006248    1.00   0.00  0.00  0.00  0.95  0.00  0.05  0.00  0.00  0.00
  WS02006248WS02006247    1.00   0.00  0.00  0.00  0.99  0.00  0.00  0.01  0.10  0.00
  WS02006247WS02006245    1.00   0.00  0.00  0.00  0.98  0.00  0.00  0.01  0.00  0.00
  WS02006245WS02006243    1.00   0.00  0.00  0.00  0.97  0.00  0.00  0.03  0.00  0.00
  WS02006243WS02006242    1.00   0.01  0.00  0.00  0.98  0.00  0.00  0.02  0.04  0.00
  WS02006242WS02006240    1.00   0.01  0.02  0.00  0.97  0.00  0.00  0.00  0.00  0.00
  WS02006240WS02006239    1.00   0.02  0.00  0.00  0.96  0.00  0.00  0.01  0.00  0.00
  WS02006239WS02006238    1.00   0.02  0.00  0.00  0.97  0.00  0.00  0.00  0.00  0.00
  WS02006238WS02006235    1.00   0.02  0.00  0.00  0.97  0.00  0.00  0.00  0.00  0.00
  WS02006235WS02006234    1.00   0.03  0.00  0.00  0.96  0.00  0.01  0.00  0.00  0.00
  WS02006234WS02006232    1.00   0.03  0.00  0.00  0.97  0.00  0.00  0.00  0.01  0.00
  WS02006232WS02006231    1.00   0.03  0.00  0.00  0.97  0.00  0.00  0.00  0.01  0.00
  WS02006231WS02006230    1.00   0.03  0.00  0.00  0.29  0.00  0.67  0.00  0.00  0.00
  WS02006230WS02006229    1.00   0.00  0.00  0.00  1.00  0.00  0.00  0.00  0.00  0.00
  WS02006228WS02006109    1.00   0.00  0.00  0.00  1.00  0.00  0.00  0.00  0.00  0.00
  WS02006116WS02004401    1.00   0.01  0.00  0.00  0.99  0.00  0.00  0.00  0.00  0.00
  WS02006115WS02006116    1.00   0.01  0.00  0.00  0.97  0.00  0.00  0.02  0.00  0.00
  WS02006113WS02006111    1.00   0.01  0.00  0.00  0.00  0.99  0.00  0.00  0.15  0.00
  WS02006112WS02006115    1.00   0.01  0.01  0.00  0.98  0.00  0.00  0.00  0.00  0.00
  WS02006111WS02006112    1.00   0.01  0.00  0.00  0.99  0.00  0.00  0.00  0.92  0.00
  WS02006110WS02006113    1.00   0.00  0.01  0.00  0.99  0.00  0.00  0.00  0.00  0.00
  WS02006109WS02006110    1.00   0.00  0.00  0.00  1.00  0.00  0.00  0.00  0.00  0.00
  WS02004411WS02004412    1.00   0.03  0.00  0.00  0.97  0.00  0.00  0.00  0.00  0.00
  WS02004401WS02004402    1.00   0.01  0.00  0.00  0.99  0.00  0.00  0.00  0.03  0.00
  WS02004413WS02003067    1.00   0.04  0.01  0.00  0.00  0.00  0.96  0.00  0.00  0.00
  WS02004412WS02004413    1.00   0.04  0.00  0.00  0.96  0.00  0.00  0.00  0.00  0.00
  WS02004410WS02004411    1.00   0.03  0.00  0.00  0.97  0.00  0.00  0.00  0.00  0.00
  WS02004409WS02004410    1.00   0.03  0.00  0.00  0.97  0.00  0.00  0.00  0.00  0.00
  WS02004407WS02004409    1.00   0.03  0.00  0.00  0.96  0.00  0.00  0.00  0.82  0.00
  WS02004406WS02004407    1.00   0.00  0.03  0.00  0.97  0.00  0.00  0.00  0.00  0.00
  WS02004405WS02004406    1.00   0.00  0.00  0.00  1.00  0.00  0.00  0.00  0.03  0.00
  WS02004404WS02004405    1.00   0.00  0.00  0.00  1.00  0.00  0.00  0.00  0.00  0.00
  WS02004403WS02004404    1.00   0.00  0.02  0.00  0.98  0.00  0.00  0.00  0.03  0.00
  WS02004402WS02004403    1.00   0.02  0.00  0.00  0.98  0.00  0.00  0.00  0.00  0.00
  WS02004139WS02001211    1.00   0.00  0.00  0.00  1.00  0.00  0.00  0.00  0.00  0.00
  WS02004138WS02004139    1.00   0.00  0.00  0.00  1.00  0.00  0.00  0.00  1.00  0.00
  WS02003067WS02003066    1.00   0.04  0.00  0.00  0.95  0.00  0.00  0.00  0.00  0.00
  WS02001213WS02003059    1.00   0.00  0.00  0.00  1.00  0.00  0.00  0.00  0.00  0.00
  WS02001212WS02001213    1.00   0.00  0.00  0.00  0.91  0.00  0.09  0.00  0.00  0.00
  WS02001211WS02001212    1.00   0.00  0.00  0.00  1.00  0.00  0.00  0.00  0.00  0.00
  WS02003072WS02003073    1.00   0.00  0.00  0.00  0.00  0.00  0.00  1.00  0.00  0.00
  WS02003069WS02003072    1.00   0.00  0.00  0.00  1.00  0.00  0.00  0.00  0.20  0.00
  WS02003060WS02003069    1.00   0.00  0.00  0.00  1.00  0.00  0.00  0.00  0.01  0.00
  WS02003059WS02003060    1.00   0.00  0.00  0.00  1.00  0.00  0.00  0.00  0.01  0.00
  HS02004901HS02004770    1.00   0.02  0.00  0.00  0.98  0.00  0.00  0.00  0.00  0.00
  HS02004876HS02004881    1.00   0.00  0.00  0.00  0.93  0.06  0.00  0.00  0.00  0.00
  HS02004870HS02004876    1.00   0.00  0.00  0.00  1.00  0.00  0.00  0.00  0.96  0.00
  HS02004842HS02004848    1.00   0.00  0.02  0.00  0.98  0.00  0.00  0.00  0.67  0.00
  HS02004837HS02004842    1.00   0.00  0.00  0.00  1.00  0.00  0.00  0.00  0.08  0.00
  HS02004830HS02004837    1.00   0.00  0.00  0.00  1.00  0.00  0.00  0.00  0.99  0.00
  HS02004824HS02004830    1.00   0.00  0.00  0.00  1.00  0.00  0.00  0.00  0.00  0.00
  HS02004817HS02004824    1.00   0.00  0.00  0.00  1.00  0.00  0.00  0.00  1.00  0.00
  HS02004770HS02004777    1.00   0.00  0.02  0.00  0.98  0.00  0.00  0.00  0.03  0.00
  HS02004799HS02004480    1.00   0.00  0.00  0.00  0.98  0.00  0.02  0.00  0.00  0.00
  HS02004792HS02004799    1.00   0.00  0.00  0.00  1.00  0.00  0.00  0.00  0.99  0.00
  HS02004788HS02004792    1.00   0.00  0.00  0.00  1.00  0.00  0.00  0.00  0.98  0.00
  HS02004785HS02004788    1.00   0.00  0.00  0.00  1.00  0.00  0.00  0.00  0.00  0.00
  HS02004777HS02004785    1.00   0.00  0.00  0.00  1.00  0.00  0.00  0.00  0.11  0.00
  HS02004480HS02004478    1.00   0.02  0.00  0.00  0.75  0.00  0.00  0.23  0.00  0.00
  HS02004479HS02004480    1.00   0.00  0.00  0.00  1.00  0.00  0.00  0.00  0.10  0.00
  HS02004862HS02004870    1.00   0.00  0.00  0.00  1.00  0.00  0.00  0.00  0.04  0.00
  HS02004848HS02004852    1.00   0.02  0.00  0.00  0.98  0.00  0.00  0.00  0.70  0.00
  HS02004856HS02004862    1.00   0.00  0.03  0.00  0.97  0.00  0.00  0.00  0.85  0.00
  HS02004852HS02004856    1.00   0.02  0.00  0.00  0.98  0.00  0.00  0.00  0.89  0.00
  HS02004802HS02004478    1.00   0.02  0.00  0.00  0.98  0.00  0.00  0.00  0.02  0.00
  HS02004478WS02006287    1.00   0.02  0.00  0.00  0.80  0.17  0.00  0.00  0.73  0.00
  HS02004817HS02004807    1.00   0.00  0.02  0.00  0.98  0.00  0.00  0.00  0.01  0.00
  HS02004807HS02004802    1.00   0.02  0.00  0.00  0.98  0.00  0.00  0.00  0.00  0.00
  YS02001759YS02001757    1.00   0.00  0.00  0.00  1.00  0.00  0.00  0.00  0.13  0.00
  YS02001762YS02001759    1.00   0.00  0.00  0.00  1.00  0.00  0.00  0.00  0.03  0.00
  YS02001765YS02001762    1.00   0.00  0.00  0.00  1.00  0.00  0.00  0.00  0.13  0.00
  YS02001770YS02001767    1.00   0.00  0.00  0.00  1.00  0.00  0.00  0.00  0.00  0.00
  YS02001774YS02001770    1.00   0.00  0.02  0.00  0.98  0.00  0.00  0.00  0.03  0.00
  YS02001779YS02001774    1.00   0.00  0.00  0.00  1.00  0.00  0.00  0.00  0.16  0.00
  YS02001649YS02001757    1.00   0.00  0.00  0.00  1.00  0.00  0.00  0.00  0.13  0.00
  YS02001767YS02001765    1.00   0.00  0.00  0.00  1.00  0.00  0.00  0.00  0.00  0.00
  YS02006561YS02001783    1.00   0.03  0.00  0.00  0.74  0.23  0.00  0.00  0.68  0.00
  YS02001783YS02001784    1.00   0.00  0.03  0.00  0.97  0.00  0.00  0.00  0.00  0.00
  YS02001784YS02001785    1.00   0.00  0.00  0.00  1.00  0.00  0.00  0.00  0.15  0.00
  YS02001788YS02001790    1.00   0.00  0.00  0.00  0.78  0.22  0.00  0.00  0.36  0.00
  YS02001790YS02001791    1.00   0.00  0.00  0.00  0.76  0.24  0.00  0.00  0.06  0.00
  YS02001791YS02001793    1.00   0.00  0.00  0.00  0.77  0.23  0.00  0.00  0.01  0.00
  YS02001910YS02001907    1.00   0.00  0.00  0.00  1.00  0.00  0.00  0.00  0.10  0.00
  YS02001786YS02001788    1.00   0.00  0.00  0.00  0.77  0.23  0.00  0.00  0.00  0.00
  YS02001915YS02001910    1.00   0.00  0.00  0.00  1.00  0.00  0.00  0.00  0.14  0.00
  YS02001918YS02001915    1.00   0.00  0.00  0.00  1.00  0.00  0.00  0.00  0.67  0.00
  YS02001923YS02001920    1.00   0.00  0.00  0.00  1.00  0.00  0.00  0.00  0.88  0.00
  YS02001926YS02001923    1.00   0.00  0.01  0.00  0.11  0.00  0.88  0.00  0.00  0.00
  YS02001929YS02001926    1.00   0.00  0.02  0.00  0.98  0.00  0.00  0.00  0.83  0.00
  YS02001920YS02001918    1.00   0.00  0.00  0.00  1.00  0.00  0.00  0.00  0.00  0.00
  YS02001629YS02163301    1.00   0.02  0.00  0.00  0.98  0.00  0.00  0.00  0.00  0.00
  YS02001619YS02001622    1.00   0.02  0.00  0.00  0.98  0.00  0.00  0.00  0.00  0.00
  YS02001622YS02001625    1.00   0.02  0.00  0.00  0.98  0.00  0.00  0.00  0.06  0.00
  YS02001625YS02001629    1.00   0.02  0.01  0.00  0.96  0.00  0.01  0.00  0.00  0.00
  YS02163301YS02001633    1.00   0.00  0.02  0.00  0.98  0.00  0.00  0.00  0.00  0.00
  YS02163601YS02164001    1.00   0.00  0.01  0.00  0.99  0.00  0.00  0.00  0.00  0.00
  YS02164001YS02001641    1.00   0.00  0.01  0.00  0.99  0.00  0.00  0.00  0.05  0.00
  YS02001641YS02001644    1.00   0.00  0.00  0.00  1.00  0.00  0.00  0.00  0.00  0.00
  YS02001647YS02001649    1.00   0.00  0.03  0.00  0.97  0.00  0.00  0.00  0.01  0.00
  YS02006553YS02006556    1.00   0.00  0.00  0.00  1.00  0.00  0.00  0.00  0.02  0.00
  YS02006556YS02006558    1.00   0.00  0.00  0.00  1.00  0.00  0.00  0.00  0.00  0.00
  YSB6556YSB1171          1.00   0.01  0.01  0.00  0.98  0.00  0.00  0.00  0.00  0.00
  YS02001907YS02006553    1.00   0.00  0.00  0.00  1.00  0.00  0.00  0.00  0.00  0.00
  YS02006558YS02006561    1.00   0.03  0.00  0.00  0.14  0.83  0.00  0.00  0.59  0.00
  YS02001633YS02163601    1.00   0.00  0.00  0.00  1.00  0.00  0.00  0.00  0.13  0.00
  YS02001644YS02001647    1.00   0.00  0.03  0.00  0.97  0.00  0.00  0.00  0.00  0.00
  YS02001745YS02001748    1.00   0.00  0.00  0.00  0.93  0.01  0.00  0.06  0.04  0.00
  YS02001748YS02001751    1.00   0.00  0.00  0.00  0.98  0.02  0.00  0.00  0.12  0.00
  YS02001751YS02001754    1.00   0.00  0.00  0.00  0.97  0.00  0.00  0.03  0.02  0.00
  YS02001754YS02001757    1.00   0.00  0.00  0.00  1.00  0.00  0.00  0.00  0.16  0.00
  YS02001882YS02001884    1.00   0.02  0.00  0.00  0.98  0.00  0.00  0.00  0.00  0.00
  YS02001884YS02001887    1.00   0.01  0.01  0.00  0.98  0.00  0.00  0.00  0.00  0.00
  YS02001890YS02001895    1.00   0.00  0.02  0.00  0.98  0.00  0.00  0.00  0.00  0.00
  YS02001895YS02001898    1.00   0.02  0.00  0.00  0.97  0.00  0.01  0.00  0.00  0.00
  YS02001898YS02001901    1.00   0.02  0.00  0.00  0.98  0.00  0.00  0.00  0.02  0.00
  YS02001901YS02001904    1.00   0.02  0.00  0.00  0.98  0.00  0.00  0.00  0.00  0.00
  YS02001904YS02001907    1.00   0.00  0.02  0.00  0.98  0.00  0.00  0.00  0.00  0.00
  YS02001887YS02001890    1.00   0.00  0.00  0.00  1.00  0.00  0.00  0.00  0.00  0.00
  YS02001652YS02001649    1.00   0.00  0.00  0.00  1.00  0.00  0.00  0.00  0.14  0.00
  YS02001655YS02001652    1.00   0.00  0.00  0.00  0.97  0.00  0.00  0.03  0.02  0.00
  YS02001658YS02001655    1.00   0.00  0.02  0.00  0.96  0.02  0.00  0.00  0.09  0.00
  YS02001661YS02001658    1.00   0.02  0.00  0.00  0.93  0.05  0.00  0.00  0.05  0.00
  YS02001664YS02001661    1.00   0.02  0.00  0.00  0.91  0.07  0.00  0.00  0.17  0.00
  YSB1154YSB6556          1.00   0.02  0.00  0.00  0.98  0.00  0.00  0.00  0.01  0.00
  YSB1174YSB1171          1.00   0.01  0.01  0.00  0.99  0.00  0.00  0.00  0.00  0.00
  YSB1171HS02004479       1.00   0.01  0.00  0.00  0.99  0.00  0.00  0.00  0.09  0.00
  HS02004881HS02006253    1.00   0.01  0.00  0.00  0.94  0.00  0.00  0.05  0.78  0.00
  YS02001793JiankangQianchi    1.00   0.00  0.00  0.00  0.86  0.14  0.00  0.00  0.26  0.00
  YS02001757CaochengTiaoxuchi    1.00   0.00  0.04  0.00  0.95  0.01  0.00  0.00  0.00  0.00
  WSF200WS02003060        1.00   0.00  0.05  0.00  0.84  0.11  0.00  0.00  0.50  0.00
  1                       1.00   0.00  0.00  0.00  0.00  1.00  0.00  0.00  0.52  0.00
  2                       1.00   0.86  0.00  0.00  0.00  0.14  0.00  0.00  0.02  0.00
  3                       1.00   0.83  0.00  0.00  0.00  0.17  0.00  0.00  0.03  0.00
  4                       1.00   1.00  0.00  0.00  0.00  0.00  0.00  0.00  0.00  0.00
  
  
  *************************
  Conduit Surcharge Summary
  *************************
  
  ----------------------------------------------------------------------------
                                                           Hours        Hours 
                         --------- Hours Full --------   Above Full   Capacity
  Conduit                Both Ends  Upstream  Dnstream   Normal Flow   Limited
  ----------------------------------------------------------------------------
  WS02006229WS02006228        1.27      1.44      1.27      2.95         1.27
  WS02006256WS02006235        7.98      7.98      8.22      0.74         0.01
  WS02006252WS02006251        0.52      0.52      0.84      0.76         0.01
  WS02006251WS02006249        0.01      0.01      0.01      0.49         0.01
  WS02006249WS02006248        0.01      0.01      0.01      7.70         0.01
  WS02006247WS02006245        0.01      0.01      0.01      7.76         0.01
  WS02006245WS02006243        0.01      0.01      0.01      0.10         0.01
  WS02006243WS02006242        0.01      0.01      0.49      0.01         0.01
  WS02006242WS02006240        0.15      0.15      0.76      1.32         0.01
  WS02006240WS02006239        0.22      0.22      0.32      0.22         0.01
  WS02006239WS02006238        0.65      0.65      0.72      0.33         0.10
  WS02006238WS02006235        0.65      0.65      0.98      0.01         0.01
  WS02006235WS02006234        0.38      0.38      0.48      7.98         0.01
  WS02006234WS02006232        0.47      0.47      1.23      0.01         0.01
  WS02006232WS02006231        0.32      0.32      1.23      0.01         0.01
  WS02006231WS02006230        0.22      0.22      0.36      7.96         0.01
  WS02006230WS02006229        1.95      2.63      1.95      7.96         1.95
  WS02006228WS02006109        1.40      1.71      1.40      4.72         1.40
  WS02006112WS02006115        0.01      0.01      0.97      0.01         0.01
  WS02006111WS02006112        0.01      0.01      3.16      0.01         0.01
  WS02006110WS02006113        0.01      0.01      1.61      0.01         0.01
  WS02006109WS02006110        0.75      0.75      1.71      0.76         0.01
  WS02004406WS02004407        0.01      0.01      0.15      0.01         0.01
  WS02004405WS02004406        0.15      0.25      0.15      0.90         0.15
  WS02004404WS02004405        0.25      0.35      0.25      8.10         0.25
  WS02004403WS02004404        0.01      0.01      0.35      0.01         0.01
  WS02003072WS02003073        0.01      0.01      0.01      7.27         0.01
  HS02004480HS02004478        0.01      0.01      0.01      0.25         0.01
  YS02001759YS02001757        7.83      7.83      7.90      0.01         0.01
  YS02001762YS02001759        7.80      7.80      7.83      0.01         0.01
  YS02001765YS02001762        7.77      7.77      7.80      0.01         0.01
  YS02001770YS02001767        7.75      7.75      7.75      0.32         0.82
  YS02001774YS02001770        7.72      7.72      7.79      0.01         0.01
  YS02001779YS02001774        7.56      7.56      7.79      0.01         0.01
  YS02001649YS02001757        7.81      7.81      7.90      0.01         0.01
  YS02001767YS02001765        7.75      7.75      7.77      0.01         0.01
  YS02006561YS02001783        0.66      0.66      1.46      0.01         0.01
  YS02001783YS02001784        1.46      1.46      1.53      1.05         1.02
  YS02001784YS02001785        1.46      1.53      1.46      2.08         1.46
  YS02001788YS02001790        1.44      1.44      5.99      0.01         0.01
  YS02001790YS02001791        5.99      5.99      6.04      0.49         0.50
  YS02001791YS02001793        6.04      6.04      6.16      0.01         0.01
  YS02001910YS02001907        1.01      1.01      1.50      0.01         0.01
  YS02001786YS02001788        1.44      1.46      1.44      1.69         1.44
  YS02001915YS02001910        0.79      0.79      1.01      0.01         0.01
  YS02001918YS02001915        0.53      0.53      0.79      0.01         0.01
  YS02001923YS02001920        0.31      0.31      0.57      0.01         0.01
  YS02001920YS02001918        0.53      0.53      0.57      0.01         0.01
  YS02001629YS02163301        7.72      7.72      7.74      0.01         0.01
  YS02001619YS02001622        7.39      7.39      7.42      0.01         0.01
  YS02001622YS02001625        7.42      7.42      7.60      0.01         0.01
  YS02001625YS02001629        7.40      7.40      7.60      0.01         0.01
  YS02163301YS02001633        7.74      7.74      7.77      0.01         0.01
  YS02163601YS02164001        7.77      7.77      7.81      0.01         0.01
  YS02164001YS02001641        7.77      7.77      7.79      0.01         0.02
  YS02001641YS02001644        7.79      7.79      7.79      1.21         1.38
  YS02001647YS02001649        7.59      7.59      7.81      0.01         0.01
  YS02006553YS02006556        1.24      1.24      1.57      0.01         0.01
  YS02006556YS02006558        1.38      1.38      1.64      0.01         0.01
  YS02001907YS02006553        2.09      2.09      2.30      0.01         0.01
  YS02006558YS02006561        0.90      1.20      0.90      1.94         0.90
  YS02001633YS02163601        7.77      7.77      7.81      0.01         0.01
  YS02001644YS02001647        7.59      7.59      7.79      0.01         0.01
  YS02001745YS02001748        0.01      0.01      6.76      0.01         0.01
  YS02001748YS02001751        7.06      7.06      7.40      0.01         0.01
  YS02001751YS02001754        7.40      7.40      7.57      0.01         0.01
  YS02001754YS02001757        7.58      7.58      7.90      0.01         0.01
  YS02001882YS02001884        0.80      0.80      0.84      0.01         0.01
  YS02001884YS02001887        0.90      0.90      0.93      0.01         0.01
  YS02001890YS02001895        0.77      0.77      1.03      0.01         0.01
  YS02001895YS02001898        0.76      0.76      0.77      0.01         0.01
  YS02001898YS02001901        0.78      0.78      0.89      0.01         0.01
  YS02001901YS02001904        0.87      0.87      0.89      0.01         0.01
  YS02001904YS02001907        0.87      0.87      1.60      0.01         0.01
  YS02001887YS02001890        0.96      0.96      0.99      0.01         0.01
  YS02001652YS02001649        7.59      7.59      7.81      0.01         0.01
  YS02001655YS02001652        7.42      7.42      7.58      0.01         0.01
  YS02001658YS02001655        6.85      6.85      7.42      0.01         0.01
  YS02001661YS02001658        0.22      0.22      6.85      0.01         0.01
  YS02001664YS02001661        0.01      0.01      1.22      0.01         0.01
  YS02001793JiankangQianchi        6.13      6.13      8.33      0.01         0.01
  YS02001757CaochengTiaoxuchi        7.07      7.07      7.90      0.01         0.01
  
  
  ***************
  Pumping Summary
  ***************
  
  ---------------------------------------------------------------------------------------------------------
                                                  Min       Avg       Max     Total     Power    % Time Off
                        Percent   Number of      Flow      Flow      Flow    Volume     Usage    Pump Curve
  Pump                 Utilized   Start-Ups       LPS       LPS       LPS  10^6 ltr     Kw-hr    Low   High
  ---------------------------------------------------------------------------------------------------------
  CC-Pump-1               79.38           3      0.00    181.99    200.00     5.201      6.10    0.0    7.7
  CC-Pump-2               16.66           3      0.00    147.85    200.00     0.900      1.31    0.0    0.0
  JK-Pump-1               15.00           3      0.00    128.24    300.00     0.614      9.23    0.0    0.0
  JK-Pump-2               13.34           3      0.00     93.31    299.94     0.414      5.95    0.0    0.0
  XR-Pump-1               95.00           3      0.00     89.68     95.00     3.078     29.34    0.0    0.0
  XR-Pump-2               95.00           4      0.00     89.79     95.00     3.078     29.52    0.0    0.0
  XR-Pump-3               95.00           4      0.00     89.45     95.00     3.078     29.46    0.0    0.0
  XR-Pump-4               10.00           1      0.00     67.21     95.00     0.228      1.10    0.0    0.0
  

  Analysis begun on:  Fri Dec 17 20:52:21 2021
  Analysis ended on:  Fri Dec 17 20:52:25 2021
  Total elapsed time: 00:00:04